<ShowPlanXML xmlns="http://schemas.microsoft.com/sqlserver/2004/07/showplan" Version="1.5" Build="13.0.1601.5"><BatchSequence><Batch><Statements><StmtSimple StatementText="(@_compList [Ice].[QueryParamTableType] READONLY,@EndDate date,@Plant nvarchar(max) ,@StartDate date,@CurrentUserID nvarchar(max) ,@CurrentCompany nvarchar(max) )&#xD;&#xA;declare @AvailCompLst table(Company nchar(8) primary key);&#xD;&#xA;insert into @AvailCompLst values(N'')" StatementId="1" StatementCompId="2" StatementType="INSERT" RetrievedFromCache="true" StatementSubTreeCost="0.0100022" StatementEstRows="1" SecurityPolicyApplied="false" StatementOptmLevel="TRIVIAL" QueryHash="0x75AD6CC0517FD836" QueryPlanHash="0x770F3F104E0D14F0" CardinalityEstimationModelVersion="130"><StatementSetOptions QUOTED_IDENTIFIER="true" ARITHABORT="false" CONCAT_NULL_YIELDS_NULL="true" ANSI_NULLS="true" ANSI_PADDING="true" ANSI_WARNINGS="true" NUMERIC_ROUNDABORT="false" /><QueryPlan NonParallelPlanReason="CouldNotGenerateValidParallelPlan" CachedPlanSize="8" CompileTime="0" CompileCPU="0" CompileMemory="856"><MemoryGrantInfo SerialRequiredMemory="0" SerialDesiredMemory="0" /><OptimizerHardwareDependentProperties EstimatedAvailableMemoryGrant="1279785" EstimatedPagesCached="319946" EstimatedAvailableDegreeOfParallelism="2" /><RelOp NodeId="0" PhysicalOp="Clustered Index Insert" LogicalOp="Insert" EstimateRows="1" EstimateIO="0.01" EstimateCPU="1e-006" AvgRowSize="9" EstimatedTotalSubtreeCost="0.0100022" Parallel="0" EstimateRebinds="0" EstimateRewinds="0" EstimatedExecutionMode="Row"><OutputList /><ScalarInsert DMLRequestSort="0"><DefinedValues><DefinedValue><ColumnReference Column="Expr1002" /><ScalarOperator ScalarString="N'        '"><Const ConstValue="N'        '" /></ScalarOperator></DefinedValue></DefinedValues><Object Table="[@AvailCompLst]" Index="[PK__#BF86AAA__DC890D0C675AC72E]" Storage="RowStore" /><SetPredicate><ScalarOperator ScalarString="[Company] = [Expr1002]"><ScalarExpressionList><ScalarOperator><MultipleAssign><Assign><ColumnReference Column="Company" /><ScalarOperator><Identifier><ColumnReference Column="Expr1002" /></Identifier></ScalarOperator></Assign></MultipleAssign></ScalarOperator></ScalarExpressionList></ScalarOperator></SetPredicate></ScalarInsert></RelOp></QueryPlan></StmtSimple><StmtSimple StatementText=";&#xD;&#xA;insert into @AvailCompLst(Company) select ParamValue from @_compList" StatementId="2" StatementCompId="3" StatementType="INSERT" RetrievedFromCache="true" StatementSubTreeCost="0.0140249" StatementEstRows="1" SecurityPolicyApplied="false" StatementOptmLevel="TRIVIAL" QueryHash="0xD22A0CF385CB77C4" QueryPlanHash="0x395D6291144094D3" CardinalityEstimationModelVersion="130"><StatementSetOptions QUOTED_IDENTIFIER="true" ARITHABORT="false" CONCAT_NULL_YIELDS_NULL="true" ANSI_NULLS="true" ANSI_PADDING="true" ANSI_WARNINGS="true" NUMERIC_ROUNDABORT="false" /><QueryPlan NonParallelPlanReason="CouldNotGenerateValidParallelPlan" CachedPlanSize="16" CompileTime="0" CompileCPU="0" CompileMemory="864"><MemoryGrantInfo SerialRequiredMemory="0" SerialDesiredMemory="0" /><OptimizerHardwareDependentProperties EstimatedAvailableMemoryGrant="1279785" EstimatedPagesCached="319946" EstimatedAvailableDegreeOfParallelism="2" /><RelOp NodeId="0" PhysicalOp="Clustered Index Insert" LogicalOp="Insert" EstimateRows="1" EstimateIO="0.01" EstimateCPU="1e-006" AvgRowSize="9" EstimatedTotalSubtreeCost="0.0140249" Parallel="0" EstimateRebinds="0" EstimateRewinds="0" EstimatedExecutionMode="Row"><OutputList /><Update DMLRequestSort="0"><Object Table="[@AvailCompLst]" Index="[PK__#BF86AAA__DC890D0C675AC72E]" Storage="RowStore" /><SetPredicate><ScalarOperator ScalarString="[Company] = RaiseIfNullInsert([Expr1005])"><ScalarExpressionList><ScalarOperator><MultipleAssign><Assign><ColumnReference Column="Company" /><ScalarOperator><Intrinsic FunctionName="RaiseIfNullInsert"><ScalarOperator><Identifier><ColumnReference Column="Expr1005" /></Identifier></ScalarOperator></Intrinsic></ScalarOperator></Assign></MultipleAssign></ScalarOperator></ScalarExpressionList></ScalarOperator></SetPredicate><RelOp NodeId="1" PhysicalOp="Compute Scalar" LogicalOp="Compute Scalar" EstimateRows="1" EstimateIO="0" EstimateCPU="1e-007" AvgRowSize="23" EstimatedTotalSubtreeCost="0.00402394" Parallel="0" EstimateRebinds="0" EstimateRewinds="0" EstimatedExecutionMode="Row"><OutputList><ColumnReference Column="Expr1005" /></OutputList><ComputeScalar><DefinedValues><DefinedValue><ColumnReference Column="Expr1005" /><ScalarOperator ScalarString="CONVERT_IMPLICIT(nchar(8),[ParamValue],0)"><Convert DataType="nchar" Length="16" Style="0" Implicit="1"><ScalarOperator><Identifier><ColumnReference Column="ParamValue" /></Identifier></ScalarOperator></Convert></ScalarOperator></DefinedValue></DefinedValues><RelOp NodeId="2" PhysicalOp="Table Scan" LogicalOp="Table Scan" EstimateRows="1" EstimateIO="0.00394424" EstimateCPU="7.96e-005" AvgRowSize="61" EstimatedTotalSubtreeCost="0.00402384" TableCardinality="1" Parallel="0" EstimateRebinds="0" EstimateRewinds="0" EstimatedExecutionMode="Row"><OutputList><ColumnReference Column="ParamValue" /></OutputList><TableScan Ordered="0" ForcedIndex="0" ForceScan="0" NoExpandHint="0" Storage="RowStore"><DefinedValues><DefinedValue><ColumnReference Column="ParamValue" /></DefinedValue></DefinedValues><Object Table="[@_compList]" Storage="RowStore" /></TableScan></RelOp></ComputeScalar></RelOp></Update></RelOp></QueryPlan></StmtSimple><StmtSimple StatementText="; &#xD;&#xA;--baqd9ce35022-5b3a-4170-b191-1488e55fa833;&#xD;&#xA;SET DATEFORMAT mdy;&#xD;&#xA;&#xD;&#xA; " StatementId="3" StatementCompId="4" StatementType="SET CMD" RetrievedFromCache="true" /><StmtSimple StatementText="with [Operation]  as &#xD;&#xA;(select distinct [OpMaster].[Company] [OpMaster_Company],[OpMaster].[OpCode] [OpMaster_OpCode],[OpMaster].[OpDesc] [OpMaster_OpDesc],[OpMasDtl].[Plant] [OpMasDtl_Plant]&#xD;&#xA;from ( [Erp].[OpMaster] inner join @AvailCompLst [AvailCLst_OpMaster] on [Erp].[OpMaster].[Company] is null  Or [Erp].[OpMaster].[Company] = [AvailCLst_OpMaster].[Company])&#xD;&#xA;inner join [Erp].[OpMasDtl] on [Erp].[OpMaster].[Company] = [Erp].[OpMasDtl].[Company] And [Erp].[OpMaster].[OpCode] = [Erp].[OpMasDtl].[OpCode]&#xD;&#xA;group by [OpMaster].[Company],[OpMaster].[OpCode],[OpMaster].[OpDesc],[OpMasDtl].[Plant]&#xD;&#xA;)&#xD;&#xA; ,[SubQuery1]  as &#xD;&#xA;((select [PartMtl].[Company] [PartMtl_Company],[PartMtl].[PartNum] [PartMtl_PartNum],[PartMtl].[RevisionNum] [PartMtl_RevisionNum],[PartMtl].[MtlSeq] [PartMtl_MtlSeq],[PartMtl].[MtlPartNum] [PartMtl_MtlPartNum],[PartMtl].[QtyPer] [PartMtl_QtyPer],[PartMtl].[RelatedOperation] [PartMtl_RelatedOperation],[PartMtl].[PullAsAsm] [PartMtl_PullAsAsm],[PartMtl].[ViewAsAsm] [PartMtl_ViewAsAsm],[PartMtl].[PlanAsAsm] [PartMtl_PlanAsAsm],1 [Calculated_Hierarchy],cast ( substring( N'........',1 ,((1) + 1) ) + [PartMtl].[MtlPartNum]&#xD;&#xA;as nvarchar(50)) [Calculated_Ind1],[PartMtl].[PartNum] [Calculated_Parent],[PartMtl].[UOMCode] [PartMtl_UOMCode],[PartOpr].[OpCode] [PartOpr_OpCode]&#xD;&#xA;from ( [Erp].[PartMtl] inner join @AvailCompLst [AvailCLst_PartMtl] on [Erp].[PartMtl].[Company] is null  Or [Erp].[PartMtl].[Company] = [AvailCLst_PartMtl].[Company])&#xD;&#xA;inner join [Erp].[PartOpr] on [Erp].[PartMtl].[Company] = [Erp].[PartOpr].[Company] And [Erp].[PartMtl].[PartNum] = [Erp].[PartOpr].[PartNum] And [Erp].[PartMtl].[RevisionNum] = [Erp].[PartOpr].[RevisionNum] And [Erp].[PartMtl].[AltMethod] = [Erp].[PartOpr].[AltMethod]&#xD;&#xA;union all&#xD;&#xA;select [PartMtl1].[Company] [PartMtl1_Company],[PartMtl1].[PartNum] [PartMtl1_PartNum],[PartMtl1].[RevisionNum] [PartMtl1_RevisionNum],[PartMtl1].[MtlSeq] [PartMtl1_MtlSeq],[PartMtl1].[MtlPartNum] [PartMtl1_MtlPartNum],[PartMtl1].[QtyPer] [PartMtl1_QtyPer],[PartMtl1].[RelatedOperation] [PartMtl1_RelatedOperation],[PartMtl1].[PullAsAsm] [PartMtl1_PullAsAsm],[PartMtl1].[ViewAsAsm] [PartMtl1_ViewAsAsm],[PartMtl1].[PlanAsAsm] [PartMtl1_PlanAsAsm],[SubQuery1].[Calculated_Hierarchy] + 1 [Calculated_Hierarchy2],cast ( substring( N'........',1 ,(([SubQuery1].[Calculated_Hierarchy] + 1) + 1) ) + [PartMtl1].[MtlPartNum]&#xD;&#xA;as nvarchar(50)) [Calculated_Ind2],[SubQuery1].[Calculated_Parent] [Calculated_Parent],[PartMtl1].[UOMCode] [PartMtl1_UOMCode],[PartOpr1].[OpCode] [PartOpr1_OpCode]&#xD;&#xA;from ( [Erp].[PartMtl] [PartMtl1] inner join @AvailCompLst [AvailCLst_PartMtl1] on [PartMtl1].[Company] is null  Or [PartMtl1].[Company] = [AvailCLst_PartMtl1].[Company])&#xD;&#xA;inner join [SubQuery1]  [SubQuery1] on [SubQuery1].[PartMtl_MtlPartNum] = [PartMtl1].[PartNum] And [SubQuery1].[PartMtl_Company] = [PartMtl1].[Company]&#xD;&#xA;inner join [Erp].[PartOpr] [PartOpr1] on [PartMtl1].[Company] = [PartOpr1].[Company] And [PartMtl1].[PartNum] = [PartOpr1].[PartNum] And [PartMtl1].[RevisionNum] = [PartOpr1].[RevisionNum] And [PartMtl1].[AltMethod] = [PartOpr1].[AltMethod]&#xD;&#xA;))&#xD;&#xA; ,[BOM]  as &#xD;&#xA;(select distinct [SubQuery11].[PartMtl_Company] [PartMtl_Company],[SubQuery11].[Calculated_Parent] [Calculated_Parent],[SubQuery11].[PartMtl_PartNum] [PartMtl_PartNum],[SubQuery11].[PartMtl_RevisionNum] [PartMtl_RevisionNum],[SubQuery11].[PartMtl_MtlSeq] [PartMtl_MtlSeq],[SubQuery11].[PartMtl_MtlPartNum] [PartMtl_MtlPartNum],[SubQuery11].[PartMtl_QtyPer] [PartMtl_QtyPer],[SubQuery11].[PartMtl_RelatedOperation] [PartMtl_RelatedOperation],[SubQuery11].[PartMtl_PullAsAsm] [PartMtl_PullAsAsm],[SubQuery11].[PartMtl_ViewAsAsm] [PartMtl_ViewAsAsm],[SubQuery11].[PartMtl_PlanAsAsm] [PartMtl_PlanAsAsm],[SubQuery11].[Calculated_Hierarchy] [Calculated_Hierarchy],[SubQuery11].[Calculated_Ind1] [Calculated_Ind1],[SubQuery11].[PartMtl_UOMCode] [PartMtl_UOMCode],[SubQuery11].[PartOpr_OpCode] [PartOpr_OpCode]&#xD;&#xA;from [SubQuery1]  [SubQuery11]&#xD;&#xA;)&#xD;&#xA; ,[Data]  as &#xD;&#xA;(select distinct [BOM]" StatementId="4" StatementCompId="5" StatementType="SELECT" RetrievedFromCache="true" StatementSubTreeCost="32.6209" StatementEstRows="1" SecurityPolicyApplied="false" StatementOptmLevel="FULL" QueryHash="0xA72090DB06B1B90B" QueryPlanHash="0xA84ECA864894ECD" StatementOptmEarlyAbortReason="TimeOut" CardinalityEstimationModelVersion="130"><StatementSetOptions QUOTED_IDENTIFIER="true" ARITHABORT="false" CONCAT_NULL_YIELDS_NULL="true" ANSI_NULLS="true" ANSI_PADDING="true" ANSI_WARNINGS="true" NUMERIC_ROUNDABORT="false" /><QueryPlan CachedPlanSize="1360" CompileTime="497" CompileCPU="497" CompileMemory="52720"><MemoryGrantInfo SerialRequiredMemory="11904" SerialDesiredMemory="19056" /><OptimizerHardwareDependentProperties EstimatedAvailableMemoryGrant="1279785" EstimatedPagesCached="319946" EstimatedAvailableDegreeOfParallelism="2" /><RelOp NodeId="0" PhysicalOp="Compute Scalar" LogicalOp="Compute Scalar" EstimateRows="1" EstimateIO="0" EstimateCPU="1e-007" AvgRowSize="4252" EstimatedTotalSubtreeCost="32.6209" Parallel="0" EstimateRebinds="0" EstimateRewinds="0" EstimatedExecutionMode="Row"><OutputList><ColumnReference Column="Recr1028" /><ColumnReference Column="Recr1041" /><ColumnReference Database="[ERPSASS-Live]" Schema="[Erp]" Table="[Part]" Alias="[Part2]" Column="PartDescription" /><ColumnReference Column="Expr1056" /><ColumnReference Column="Expr1057" /><ColumnReference Column="Expr1240" /><ColumnReference Column="Expr1241" /><ColumnReference Column="Expr1242" /><ColumnReference Column="Expr1243" /><ColumnReference Column="Expr1244" /><ColumnReference Column="Expr1245" /></OutputList><ComputeScalar><DefinedValues><DefinedValue><ColumnReference Column="Expr1245" /><ScalarOperator ScalarString="isnull([Expr1240],(0.000000000))+isnull([Expr1241],(0.00000000))+isnull([Expr1242],(0.00000000))-isnull([Expr1243],(0.00000000))-isnull([Expr1244],(0.00000000))"><Arithmetic Operation="SUB"><ScalarOperator><Arithmetic Operation="SUB"><ScalarOperator><Arithmetic Operation="ADD"><ScalarOperator><Arithmetic Operation="ADD"><ScalarOperator><Intrinsic FunctionName="isnull"><ScalarOperator><Identifier><ColumnReference Column="Expr1240" /></Identifier></ScalarOperator><ScalarOperator><Const ConstValue="(0.000000000)" /></ScalarOperator></Intrinsic></ScalarOperator><ScalarOperator><Intrinsic FunctionName="isnull"><ScalarOperator><Identifier><ColumnReference Column="Expr1241" /></Identifier></ScalarOperator><ScalarOperator><Const ConstValue="(0.00000000)" /></ScalarOperator></Intrinsic></ScalarOperator></Arithmetic></ScalarOperator><ScalarOperator><Intrinsic FunctionName="isnull"><ScalarOperator><Identifier><ColumnReference Column="Expr1242" /></Identifier></ScalarOperator><ScalarOperator><Const ConstValue="(0.00000000)" /></ScalarOperator></Intrinsic></ScalarOperator></Arithmetic></ScalarOperator><ScalarOperator><Intrinsic FunctionName="isnull"><ScalarOperator><Identifier><ColumnReference Column="Expr1243" /></Identifier></ScalarOperator><ScalarOperator><Const ConstValue="(0.00000000)" /></ScalarOperator></Intrinsic></ScalarOperator></Arithmetic></ScalarOperator><ScalarOperator><Intrinsic FunctionName="isnull"><ScalarOperator><Identifier><ColumnReference Column="Expr1244" /></Identifier></ScalarOperator><ScalarOperator><Const ConstValue="(0.00000000)" /></ScalarOperator></Intrinsic></ScalarOperator></Arithmetic></ScalarOperator></DefinedValue></DefinedValues><RelOp NodeId="1" PhysicalOp="Compute Scalar" LogicalOp="Compute Scalar" EstimateRows="1" EstimateIO="0" EstimateCPU="0" AvgRowSize="4235" EstimatedTotalSubtreeCost="32.6209" Parallel="0" EstimateRebinds="0" EstimateRewinds="0" EstimatedExecutionMode="Row"><OutputList><ColumnReference Column="Recr1028" /><ColumnReference Column="Recr1041" /><ColumnReference Database="[ERPSASS-Live]" Schema="[Erp]" Table="[Part]" Alias="[Part2]" Column="PartDescription" /><ColumnReference Column="Expr1056" /><ColumnReference Column="Expr1057" /><ColumnReference Column="Expr1240" /><ColumnReference Column="Expr1241" /><ColumnReference Column="Expr1242" /><ColumnReference Column="Expr1243" /><ColumnReference Column="Expr1244" /></OutputList><ComputeScalar><DefinedValues><DefinedValue><ColumnReference Column="Expr1240" /><ScalarOperator ScalarString="CASE WHEN [Expr1279]=(0) THEN NULL ELSE [Expr1280] END"><IF><Condition><ScalarOperator><Compare CompareOp="EQ"><ScalarOperator><Identifier><ColumnReference Column="Expr1279" /></Identifier></ScalarOperator><ScalarOperator><Const ConstValue="(0)" /></ScalarOperator></Compare></ScalarOperator></Condition><Then><ScalarOperator><Const ConstValue="NULL" /></ScalarOperator></Then><Else><ScalarOperator><Identifier><ColumnReference Column="Expr1280" /></Identifier></ScalarOperator></Else></IF></ScalarOperator></DefinedValue><DefinedValue><ColumnReference Column="Expr1241" /><ScalarOperator ScalarString="CASE WHEN [Expr1281]=(0) THEN NULL ELSE [Expr1282] END"><IF><Condition><ScalarOperator><Compare CompareOp="EQ"><ScalarOperator><Identifier><ColumnReference Column="Expr1281" /></Identifier></ScalarOperator><ScalarOperator><Const ConstValue="(0)" /></ScalarOperator></Compare></ScalarOperator></Condition><Then><ScalarOperator><Const ConstValue="NULL" /></ScalarOperator></Then><Else><ScalarOperator><Identifier><ColumnReference Column="Expr1282" /></Identifier></ScalarOperator></Else></IF></ScalarOperator></DefinedValue><DefinedValue><ColumnReference Column="Expr1242" /><ScalarOperator ScalarString="CASE WHEN [Expr1283]=(0) THEN NULL ELSE [Expr1284] END"><IF><Condition><ScalarOperator><Compare CompareOp="EQ"><ScalarOperator><Identifier><ColumnReference Column="Expr1283" /></Identifier></ScalarOperator><ScalarOperator><Const ConstValue="(0)" /></ScalarOperator></Compare></ScalarOperator></Condition><Then><ScalarOperator><Const ConstValue="NULL" /></ScalarOperator></Then><Else><ScalarOperator><Identifier><ColumnReference Column="Expr1284" /></Identifier></ScalarOperator></Else></IF></ScalarOperator></DefinedValue><DefinedValue><ColumnReference Column="Expr1243" /><ScalarOperator ScalarString="CASE WHEN [Expr1285]=(0) THEN NULL ELSE [Expr1286] END"><IF><Condition><ScalarOperator><Compare CompareOp="EQ"><ScalarOperator><Identifier><ColumnReference Column="Expr1285" /></Identifier></ScalarOperator><ScalarOperator><Const ConstValue="(0)" /></ScalarOperator></Compare></ScalarOperator></Condition><Then><ScalarOperator><Const ConstValue="NULL" /></ScalarOperator></Then><Else><ScalarOperator><Identifier><ColumnReference Column="Expr1286" /></Identifier></ScalarOperator></Else></IF></ScalarOperator></DefinedValue><DefinedValue><ColumnReference Column="Expr1244" /><ScalarOperator ScalarString="CASE WHEN [Expr1287]=(0) THEN NULL ELSE [Expr1288] END"><IF><Condition><ScalarOperator><Compare CompareOp="EQ"><ScalarOperator><Identifier><ColumnReference Column="Expr1287" /></Identifier></ScalarOperator><ScalarOperator><Const ConstValue="(0)" /></ScalarOperator></Compare></ScalarOperator></Condition><Then><ScalarOperator><Const ConstValue="NULL" /></ScalarOperator></Then><Else><ScalarOperator><Identifier><ColumnReference Column="Expr1288" /></Identifier></ScalarOperator></Else></IF></ScalarOperator></DefinedValue></DefinedValues><RelOp NodeId="2" PhysicalOp="Stream Aggregate" LogicalOp="Aggregate" EstimateRows="1" EstimateIO="0" EstimateCPU="1.1e-006" AvgRowSize="4235" EstimatedTotalSubtreeCost="32.6209" Parallel="0" EstimateRebinds="0" EstimateRewinds="0" EstimatedExecutionMode="Row"><OutputList><ColumnReference Column="Recr1028" /><ColumnReference Column="Recr1041" /><ColumnReference Database="[ERPSASS-Live]" Schema="[Erp]" Table="[Part]" Alias="[Part2]" Column="PartDescription" /><ColumnReference Column="Expr1056" /><ColumnReference Column="Expr1057" /><ColumnReference Column="Expr1279" /><ColumnReference Column="Expr1280" /><ColumnReference Column="Expr1281" /><ColumnReference Column="Expr1282" /><ColumnReference Column="Expr1283" /><ColumnReference Column="Expr1284" /><ColumnReference Column="Expr1285" /><ColumnReference Column="Expr1286" /><ColumnReference Column="Expr1287" /><ColumnReference Column="Expr1288" /></OutputList><StreamAggregate><DefinedValues><DefinedValue><ColumnReference Column="Expr1279" /><ScalarOperator ScalarString="COUNT_BIG([Expr1211])"><Aggregate Distinct="0" AggType="COUNT_BIG"><ScalarOperator><Identifier><ColumnReference Column="Expr1211" /></Identifier></ScalarOperator></Aggregate></ScalarOperator></DefinedValue><DefinedValue><ColumnReference Column="Expr1280" /><ScalarOperator ScalarString="SUM([Expr1211])"><Aggregate Distinct="0" AggType="SUM"><ScalarOperator><Identifier><ColumnReference Column="Expr1211" /></Identifier></ScalarOperator></Aggregate></ScalarOperator></DefinedValue><DefinedValue><ColumnReference Column="Expr1281" /><ScalarOperator ScalarString="COUNT_BIG([Expr1131])"><Aggregate Distinct="0" AggType="COUNT_BIG"><ScalarOperator><Identifier><ColumnReference Column="Expr1131" /></Identifier></ScalarOperator></Aggregate></ScalarOperator></DefinedValue><DefinedValue><ColumnReference Column="Expr1282" /><ScalarOperator ScalarString="SUM([Expr1131])"><Aggregate Distinct="0" AggType="SUM"><ScalarOperator><Identifier><ColumnReference Column="Expr1131" /></Identifier></ScalarOperator></Aggregate></ScalarOperator></DefinedValue><DefinedValue><ColumnReference Column="Expr1283" /><ScalarOperator ScalarString="COUNT_BIG([Expr1238])"><Aggregate Distinct="0" AggType="COUNT_BIG"><ScalarOperator><Identifier><ColumnReference Column="Expr1238" /></Identifier></ScalarOperator></Aggregate></ScalarOperator></DefinedValue><DefinedValue><ColumnReference Column="Expr1284" /><ScalarOperator ScalarString="SUM([Expr1238])"><Aggregate Distinct="0" AggType="SUM"><ScalarOperator><Identifier><ColumnReference Column="Expr1238" /></Identifier></ScalarOperator></Aggregate></ScalarOperator></DefinedValue><DefinedValue><ColumnReference Column="Expr1285" /><ScalarOperator ScalarString="COUNT_BIG([Expr1204])"><Aggregate Distinct="0" AggType="COUNT_BIG"><ScalarOperator><Identifier><ColumnReference Column="Expr1204" /></Identifier></ScalarOperator></Aggregate></ScalarOperator></DefinedValue><DefinedValue><ColumnReference Column="Expr1286" /><ScalarOperator ScalarString="SUM([Expr1204])"><Aggregate Distinct="0" AggType="SUM"><ScalarOperator><Identifier><ColumnReference Column="Expr1204" /></Identifier></ScalarOperator></Aggregate></ScalarOperator></DefinedValue><DefinedValue><ColumnReference Column="Expr1287" /><ScalarOperator ScalarString="COUNT_BIG([Expr1227])"><Aggregate Distinct="0" AggType="COUNT_BIG"><ScalarOperator><Identifier><ColumnReference Column="Expr1227" /></Identifier></ScalarOperator></Aggregate></ScalarOperator></DefinedValue><DefinedValue><ColumnReference Column="Expr1288" /><ScalarOperator ScalarString="SUM([Expr1227])"><Aggregate Distinct="0" AggType="SUM"><ScalarOperator><Identifier><ColumnReference Column="Expr1227" /></Identifier></ScalarOperator></Aggregate></ScalarOperator></DefinedValue><DefinedValue><ColumnReference Column="Expr1057" /><ScalarOperator ScalarString="ANY([Expr1057])"><Aggregate Distinct="0" AggType="ANY"><ScalarOperator><Identifier><ColumnReference Column="Expr1057" /></Identifier></ScalarOperator></Aggregate></ScalarOperator></DefinedValue></DefinedValues><GroupBy><ColumnReference Column="Recr1041" /><ColumnReference Column="Expr1056" /><ColumnReference Column="Recr1028" /><ColumnReference Database="[ERPSASS-Live]" Schema="[Erp]" Table="[Part]" Alias="[Part2]" Column="PartDescription" /></GroupBy><RelOp NodeId="3" PhysicalOp="Sort" LogicalOp="Distinct Sort" EstimateRows="1" EstimateIO="0.0112613" EstimateCPU="0.000104231" AvgRowSize="4231" EstimatedTotalSubtreeCost="32.6209" Parallel="0" EstimateRebinds="0" EstimateRewinds="0" EstimatedExecutionMode="Row"><OutputList><ColumnReference Column="Recr1028" /><ColumnReference Column="Recr1041" /><ColumnReference Database="[ERPSASS-Live]" Schema="[Erp]" Table="[Part]" Alias="[Part2]" Column="PartDescription" /><ColumnReference Column="Expr1056" /><ColumnReference Column="Expr1057" /><ColumnReference Column="Expr1131" /><ColumnReference Column="Expr1204" /><ColumnReference Column="Expr1211" /><ColumnReference Column="Expr1227" /><ColumnReference Column="Expr1238" /></OutputList><MemoryFractions Input="0.00447427" Output="0.192394" /><Sort Distinct="1"><OrderBy><OrderByColumn Ascending="1"><ColumnReference Column="Recr1041" /></OrderByColumn><OrderByColumn Ascending="1"><ColumnReference Column="Expr1056" /></OrderByColumn><OrderByColumn Ascending="1"><ColumnReference Column="Recr1028" /></OrderByColumn><OrderByColumn Ascending="1"><ColumnReference Database="[ERPSASS-Live]" Schema="[Erp]" Table="[Part]" Alias="[Part2]" Column="PartDescription" /></OrderByColumn><OrderByColumn Ascending="1"><ColumnReference Column="Expr1211" /></OrderByColumn><OrderByColumn Ascending="1"><ColumnReference Column="Expr1131" /></OrderByColumn><OrderByColumn Ascending="1"><ColumnReference Column="Expr1204" /></OrderByColumn><OrderByColumn Ascending="1"><ColumnReference Column="Expr1227" /></OrderByColumn><OrderByColumn Ascending="1"><ColumnReference Column="Expr1238" /></OrderByColumn></OrderBy><RelOp NodeId="4" PhysicalOp="Nested Loops" LogicalOp="Left Outer Join" EstimateRows="1" EstimateIO="0" EstimateCPU="4.18e-006" AvgRowSize="4299" EstimatedTotalSubtreeCost="32.6095" Parallel="0" EstimateRebinds="0" EstimateRewinds="0" EstimatedExecutionMode="Row"><OutputList><ColumnReference Column="Recr1028" /><ColumnReference Column="Recr1041" /><ColumnReference Database="[ERPSASS-Live]" Schema="[Erp]" Table="[Part]" Alias="[Part2]" Column="PartDescription" /><ColumnReference Column="Expr1056" /><ColumnReference Column="Expr1057" /><ColumnReference Column="Expr1131" /><ColumnReference Column="Expr1204" /><ColumnReference Column="Expr1211" /><ColumnReference Column="Expr1227" /><ColumnReference Column="Expr1238" /></OutputList><NestedLoops Optimized="0"><OuterReferences><ColumnReference Column="Recr1028" /><ColumnReference Column="Recr1041" /></OuterReferences><RelOp NodeId="5" PhysicalOp="Nested Loops" LogicalOp="Left Outer Join" EstimateRows="1" EstimateIO="0" EstimateCPU="4.18e-006" AvgRowSize="4265" EstimatedTotalSubtreeCost="32.3354" Parallel="0" EstimateRebinds="0" EstimateRewinds="0" EstimatedExecutionMode="Row"><OutputList><ColumnReference Column="Recr1028" /><ColumnReference Column="Recr1041" /><ColumnReference Database="[ERPSASS-Live]" Schema="[Erp]" Table="[Part]" Alias="[Part2]" Column="PartDescription" /><ColumnReference Column="Expr1056" /><ColumnReference Column="Expr1057" /><ColumnReference Column="Expr1131" /><ColumnReference Column="Expr1204" /><ColumnReference Column="Expr1211" /><ColumnReference Column="Expr1227" /></OutputList><NestedLoops Optimized="0"><OuterReferences><ColumnReference Column="Recr1028" /><ColumnReference Column="Recr1041" /></OuterReferences><RelOp NodeId="6" PhysicalOp="Nested Loops" LogicalOp="Left Outer Join" EstimateRows="1" EstimateIO="0" EstimateCPU="4.18e-006" AvgRowSize="4231" EstimatedTotalSubtreeCost="32.2926" Parallel="0" EstimateRebinds="0" EstimateRewinds="0" EstimatedExecutionMode="Row"><OutputList><ColumnReference Column="Recr1028" /><ColumnReference Column="Recr1041" /><ColumnReference Database="[ERPSASS-Live]" Schema="[Erp]" Table="[Part]" Alias="[Part2]" Column="PartDescription" /><ColumnReference Column="Expr1056" /><ColumnReference Column="Expr1057" /><ColumnReference Column="Expr1131" /><ColumnReference Column="Expr1204" /><ColumnReference Column="Expr1211" /></OutputList><NestedLoops Optimized="0"><OuterReferences><ColumnReference Column="Recr1028" /><ColumnReference Column="Recr1041" /></OuterReferences><RelOp NodeId="7" PhysicalOp="Nested Loops" LogicalOp="Left Outer Join" EstimateRows="1" EstimateIO="0" EstimateCPU="4.18e-006" AvgRowSize="4218" EstimatedTotalSubtreeCost="32.2415" Parallel="0" EstimateRebinds="0" EstimateRewinds="0" EstimatedExecutionMode="Row"><OutputList><ColumnReference Column="Recr1028" /><ColumnReference Column="Recr1041" /><ColumnReference Database="[ERPSASS-Live]" Schema="[Erp]" Table="[Part]" Alias="[Part2]" Column="PartDescription" /><ColumnReference Column="Expr1056" /><ColumnReference Column="Expr1057" /><ColumnReference Column="Expr1131" /><ColumnReference Column="Expr1204" /></OutputList><NestedLoops Optimized="0"><OuterReferences><ColumnReference Column="Recr1028" /><ColumnReference Column="Recr1037" /><ColumnReference Column="Recr1039" /></OuterReferences><RelOp NodeId="8" PhysicalOp="Nested Loops" LogicalOp="Left Outer Join" EstimateRows="1" EstimateIO="0" EstimateCPU="4.18e-006" AvgRowSize="4240" EstimatedTotalSubtreeCost="22.5584" Parallel="0" EstimateRebinds="0" EstimateRewinds="0" EstimatedExecutionMode="Row"><OutputList><ColumnReference Column="Recr1028" /><ColumnReference Column="Recr1037" /><ColumnReference Column="Recr1039" /><ColumnReference Column="Recr1041" /><ColumnReference Database="[ERPSASS-Live]" Schema="[Erp]" Table="[Part]" Alias="[Part2]" Column="PartDescription" /><ColumnReference Column="Expr1056" /><ColumnReference Column="Expr1057" /><ColumnReference Column="Expr1131" /></OutputList><NestedLoops Optimized="0"><OuterReferences><ColumnReference Column="Recr1031" /><ColumnReference Column="Recr1039" /></OuterReferences><RelOp NodeId="9" PhysicalOp="Stream Aggregate" LogicalOp="Aggregate" EstimateRows="1" EstimateIO="0" EstimateCPU="1e-006" AvgRowSize="4257" EstimatedTotalSubtreeCost="19.8441" Parallel="0" EstimateRebinds="0" EstimateRewinds="0" EstimatedExecutionMode="Row"><OutputList><ColumnReference Column="Recr1028" /><ColumnReference Column="Recr1031" /><ColumnReference Column="Recr1037" /><ColumnReference Column="Recr1039" /><ColumnReference Column="Recr1041" /><ColumnReference Database="[ERPSASS-Live]" Schema="[Erp]" Table="[Part]" Alias="[Part2]" Column="PartDescription" /><ColumnReference Column="Expr1056" /><ColumnReference Column="Expr1057" /></OutputList><StreamAggregate><DefinedValues><DefinedValue><ColumnReference Column="Expr1057" /><ScalarOperator ScalarString="ANY([Expr1057])"><Aggregate Distinct="0" AggType="ANY"><ScalarOperator><Identifier><ColumnReference Column="Expr1057" /></Identifier></ScalarOperator></Aggregate></ScalarOperator></DefinedValue></DefinedValues><GroupBy><ColumnReference Column="Recr1039" /><ColumnReference Database="[ERPSASS-Live]" Schema="[Erp]" Table="[Part]" Column="PartDescription" /><ColumnReference Column="Expr1058" /><ColumnReference Column="Recr1037" /><ColumnReference Column="Expr1059" /><ColumnReference Column="Recr1028" /><ColumnReference Database="[ERPSASS-Live]" Schema="[Erp]" Table="[Part]" Alias="[Part2]" Column="PartDescription" /><ColumnReference Column="Recr1041" /><ColumnReference Column="Expr1056" /><ColumnReference Column="Recr1031" /><ColumnReference Database="[ERPSASS-Live]" Schema="[Erp]" Table="[Part]" Alias="[Part1]" Column="PartDescription" /></GroupBy><RelOp NodeId="10" PhysicalOp="Compute Scalar" LogicalOp="Compute Scalar" EstimateRows="1" EstimateIO="0" EstimateCPU="1e-007" AvgRowSize="8388" EstimatedTotalSubtreeCost="19.8441" Parallel="0" EstimateRebinds="0" EstimateRewinds="0" EstimatedExecutionMode="Row"><OutputList><ColumnReference Column="Recr1028" /><ColumnReference Column="Recr1031" /><ColumnReference Column="Recr1037" /><ColumnReference Column="Recr1039" /><ColumnReference Column="Recr1041" /><ColumnReference Database="[ERPSASS-Live]" Schema="[Erp]" Table="[Part]" Alias="[Part1]" Column="PartDescription" /><ColumnReference Database="[ERPSASS-Live]" Schema="[Erp]" Table="[Part]" Alias="[Part2]" Column="PartDescription" /><ColumnReference Database="[ERPSASS-Live]" Schema="[Erp]" Table="[Part]" Column="PartDescription" /><ColumnReference Column="Expr1056" /><ColumnReference Column="Expr1057" /><ColumnReference Column="Expr1058" /><ColumnReference Column="Expr1059" /></OutputList><ComputeScalar><DefinedValues><DefinedValue><ColumnReference Column="Expr1058" /><ScalarOperator ScalarString="[Recr1037]+(1)"><Arithmetic Operation="ADD"><ScalarOperator><Identifier><ColumnReference Column="Recr1037" /></Identifier></ScalarOperator><ScalarOperator><Const ConstValue="(1)" /></ScalarOperator></Arithmetic></ScalarOperator></DefinedValue><DefinedValue><ColumnReference Column="Expr1059" /><ScalarOperator ScalarString="[Recr1037]-(1)"><Arithmetic Operation="SUB"><ScalarOperator><Identifier><ColumnReference Column="Recr1037" /></Identifier></ScalarOperator><ScalarOperator><Const ConstValue="(1)" /></ScalarOperator></Arithmetic></ScalarOperator></DefinedValue></DefinedValues><RelOp NodeId="11" PhysicalOp="Sort" LogicalOp="Distinct Sort" EstimateRows="1" EstimateIO="0.0112613" EstimateCPU="0.000145818" AvgRowSize="8380" EstimatedTotalSubtreeCost="19.8441" Parallel="0" EstimateRebinds="0" EstimateRewinds="0" EstimatedExecutionMode="Row"><OutputList><ColumnReference Column="Recr1028" /><ColumnReference Column="Recr1031" /><ColumnReference Column="Recr1037" /><ColumnReference Column="Recr1039" /><ColumnReference Column="Recr1041" /><ColumnReference Database="[ERPSASS-Live]" Schema="[Erp]" Table="[Part]" Alias="[Part1]" Column="PartDescription" /><ColumnReference Database="[ERPSASS-Live]" Schema="[Erp]" Table="[Part]" Alias="[Part2]" Column="PartDescription" /><ColumnReference Database="[ERPSASS-Live]" Schema="[Erp]" Table="[Part]" Column="PartDescription" /><ColumnReference Column="Expr1056" /><ColumnReference Column="Expr1057" /></OutputList><MemoryFractions Input="0.120246" Output="0.0223714" /><Sort Distinct="1"><OrderBy><OrderByColumn Ascending="1"><ColumnReference Column="Recr1039" /></OrderByColumn><OrderByColumn Ascending="1"><ColumnReference Database="[ERPSASS-Live]" Schema="[Erp]" Table="[Part]" Column="PartDescription" /></OrderByColumn><OrderByColumn Ascending="1"><ColumnReference Column="Recr1037" /></OrderByColumn><OrderByColumn Ascending="1"><ColumnReference Column="Recr1028" /></OrderByColumn><OrderByColumn Ascending="1"><ColumnReference Database="[ERPSASS-Live]" Schema="[Erp]" Table="[Part]" Alias="[Part2]" Column="PartDescription" /></OrderByColumn><OrderByColumn Ascending="1"><ColumnReference Column="Recr1041" /></OrderByColumn><OrderByColumn Ascending="1"><ColumnReference Column="Expr1056" /></OrderByColumn><OrderByColumn Ascending="1"><ColumnReference Column="Recr1031" /></OrderByColumn><OrderByColumn Ascending="1"><ColumnReference Database="[ERPSASS-Live]" Schema="[Erp]" Table="[Part]" Alias="[Part1]" Column="PartDescription" /></OrderByColumn><OrderByColumn Ascending="1"><ColumnReference Column="Recr1034" /></OrderByColumn><OrderByColumn Ascending="1"><ColumnReference Column="Recr1036" /></OrderByColumn></OrderBy><RelOp NodeId="12" PhysicalOp="Nested Loops" LogicalOp="Left Outer Join" EstimateRows="7.99952" EstimateIO="0" EstimateCPU="1.67193e-005" AvgRowSize="8421" EstimatedTotalSubtreeCost="19.8327" Parallel="0" EstimateRebinds="0" EstimateRewinds="0" EstimatedExecutionMode="Row"><OutputList><ColumnReference Column="Recr1028" /><ColumnReference Column="Recr1031" /><ColumnReference Column="Recr1034" /><ColumnReference Column="Recr1036" /><ColumnReference Column="Recr1037" /><ColumnReference Column="Recr1039" /><ColumnReference Column="Recr1041" /><ColumnReference Database="[ERPSASS-Live]" Schema="[Erp]" Table="[Part]" Alias="[Part1]" Column="PartDescription" /><ColumnReference Database="[ERPSASS-Live]" Schema="[Erp]" Table="[Part]" Alias="[Part2]" Column="PartDescription" /><ColumnReference Database="[ERPSASS-Live]" Schema="[Erp]" Table="[Part]" Column="PartDescription" /><ColumnReference Column="Expr1056" /><ColumnReference Column="Expr1057" /></OutputList><NestedLoops Optimized="0"><OuterReferences><ColumnReference Column="Recr1027" /><ColumnReference Column="Recr1039" /></OuterReferences><RelOp NodeId="13" PhysicalOp="Nested Loops" LogicalOp="Left Outer Join" EstimateRows="3.99984" EstimateIO="0" EstimateCPU="8.35983e-006" AvgRowSize="4405" EstimatedTotalSubtreeCost="19.8251" Parallel="0" EstimateRebinds="0" EstimateRewinds="0" EstimatedExecutionMode="Row"><OutputList><ColumnReference Column="Recr1027" /><ColumnReference Column="Recr1028" /><ColumnReference Column="Recr1031" /><ColumnReference Column="Recr1034" /><ColumnReference Column="Recr1036" /><ColumnReference Column="Recr1037" /><ColumnReference Column="Recr1039" /><ColumnReference Column="Recr1041" /><ColumnReference Database="[ERPSASS-Live]" Schema="[Erp]" Table="[Part]" Alias="[Part1]" Column="PartDescription" /><ColumnReference Database="[ERPSASS-Live]" Schema="[Erp]" Table="[Part]" Alias="[Part2]" Column="PartDescription" /><ColumnReference Column="Expr1056" /><ColumnReference Column="Expr1057" /></OutputList><NestedLoops Optimized="0"><OuterReferences><ColumnReference Column="Recr1027" /><ColumnReference Column="Recr1028" /></OuterReferences><RelOp NodeId="14" PhysicalOp="Nested Loops" LogicalOp="Left Outer Join" EstimateRows="1.99996" EstimateIO="0" EstimateCPU="4.18e-006" AvgRowSize="379" EstimatedTotalSubtreeCost="19.8182" Parallel="0" EstimateRebinds="0" EstimateRewinds="0" EstimatedExecutionMode="Row"><OutputList><ColumnReference Column="Recr1027" /><ColumnReference Column="Recr1028" /><ColumnReference Column="Recr1031" /><ColumnReference Column="Recr1034" /><ColumnReference Column="Recr1036" /><ColumnReference Column="Recr1037" /><ColumnReference Column="Recr1039" /><ColumnReference Column="Recr1041" /><ColumnReference Database="[ERPSASS-Live]" Schema="[Erp]" Table="[Part]" Alias="[Part1]" Column="PartDescription" /><ColumnReference Column="Expr1056" /><ColumnReference Column="Expr1057" /></OutputList><NestedLoops Optimized="0"><OuterReferences><ColumnReference Column="Recr1027" /><ColumnReference Column="Recr1031" /></OuterReferences><RelOp NodeId="15" PhysicalOp="Stream Aggregate" LogicalOp="Aggregate" EstimateRows="1" EstimateIO="0" EstimateCPU="1e-006" AvgRowSize="283" EstimatedTotalSubtreeCost="19.8117" Parallel="0" EstimateRebinds="0" EstimateRewinds="0" EstimatedExecutionMode="Row"><OutputList><ColumnReference Column="Recr1027" /><ColumnReference Column="Recr1028" /><ColumnReference Column="Recr1031" /><ColumnReference Column="Recr1034" /><ColumnReference Column="Recr1036" /><ColumnReference Column="Recr1037" /><ColumnReference Column="Recr1039" /><ColumnReference Column="Recr1041" /><ColumnReference Column="Expr1056" /><ColumnReference Column="Expr1057" /></OutputList><StreamAggregate><DefinedValues><DefinedValue><ColumnReference Column="Recr1027" /><ScalarOperator ScalarString="ANY([Recr1027])"><Aggregate Distinct="0" AggType="ANY"><ScalarOperator><Identifier><ColumnReference Column="Recr1027" /></Identifier></ScalarOperator></Aggregate></ScalarOperator></DefinedValue><DefinedValue><ColumnReference Column="Recr1041" /><ScalarOperator ScalarString="ANY([Recr1041])"><Aggregate Distinct="0" AggType="ANY"><ScalarOperator><Identifier><ColumnReference Column="Recr1041" /></Identifier></ScalarOperator></Aggregate></ScalarOperator></DefinedValue><DefinedValue><ColumnReference Column="Expr1056" /><ScalarOperator ScalarString="ANY([Expr1056])"><Aggregate Distinct="0" AggType="ANY"><ScalarOperator><Identifier><ColumnReference Column="Expr1056" /></Identifier></ScalarOperator></Aggregate></ScalarOperator></DefinedValue><DefinedValue><ColumnReference Column="Expr1057" /><ScalarOperator ScalarString="ANY([Expr1057])"><Aggregate Distinct="0" AggType="ANY"><ScalarOperator><Identifier><ColumnReference Column="Expr1057" /></Identifier></ScalarOperator></Aggregate></ScalarOperator></DefinedValue></DefinedValues><GroupBy><ColumnReference Database="[ERPSASS-Live]" Schema="[Erp]" Table="[OpMaster]" Column="Company" /><ColumnReference Database="[ERPSASS-Live]" Schema="[Erp]" Table="[OpMaster]" Column="OpCode" /><ColumnReference Column="Recr1039" /><ColumnReference Column="Recr1028" /><ColumnReference Column="Recr1029" /><ColumnReference Column="Recr1030" /><ColumnReference Column="Recr1031" /><ColumnReference Column="Recr1032" /><ColumnReference Column="Recr1033" /><ColumnReference Column="Recr1034" /><ColumnReference Column="Recr1036" /><ColumnReference Column="Recr1037" /><ColumnReference Column="Recr1038" /><ColumnReference Column="Recr1040" /></GroupBy><RelOp NodeId="16" PhysicalOp="Nested Loops" LogicalOp="Inner Join" EstimateRows="1" EstimateIO="0" EstimateCPU="0.000585313" AvgRowSize="400" EstimatedTotalSubtreeCost="19.8117" Parallel="0" EstimateRebinds="0" EstimateRewinds="0" EstimatedExecutionMode="Row"><OutputList><ColumnReference Column="Recr1027" /><ColumnReference Column="Recr1028" /><ColumnReference Column="Recr1029" /><ColumnReference Column="Recr1030" /><ColumnReference Column="Recr1031" /><ColumnReference Column="Recr1032" /><ColumnReference Column="Recr1033" /><ColumnReference Column="Recr1034" /><ColumnReference Column="Recr1036" /><ColumnReference Column="Recr1037" /><ColumnReference Column="Recr1038" /><ColumnReference Column="Recr1039" /><ColumnReference Column="Recr1040" /><ColumnReference Column="Recr1041" /><ColumnReference Database="[ERPSASS-Live]" Schema="[Erp]" Table="[OpMaster]" Column="Company" /><ColumnReference Database="[ERPSASS-Live]" Schema="[Erp]" Table="[OpMaster]" Column="OpCode" /><ColumnReference Column="Expr1056" /><ColumnReference Column="Expr1057" /></OutputList><NestedLoops Optimized="0"><Predicate><ScalarOperator ScalarString="[Recr1027]=[ERPSASS-Live].[Erp].[OpMaster].[Company] AND [Recr1041]=[ERPSASS-Live].[Erp].[OpMaster].[OpCode]"><Logical Operation="AND"><ScalarOperator><Compare CompareOp="EQ"><ScalarOperator><Identifier><ColumnReference Column="Recr1027" /></Identifier></ScalarOperator><ScalarOperator><Identifier><ColumnReference Database="[ERPSASS-Live]" Schema="[Erp]" Table="[OpMaster]" Column="Company" /></Identifier></ScalarOperator></Compare></ScalarOperator><ScalarOperator><Compare CompareOp="EQ"><ScalarOperator><Identifier><ColumnReference Column="Recr1041" /></Identifier></ScalarOperator><ScalarOperator><Identifier><ColumnReference Database="[ERPSASS-Live]" Schema="[Erp]" Table="[OpMaster]" Column="OpCode" /></Identifier></ScalarOperator></Compare></ScalarOperator></Logical></ScalarOperator></Predicate><RelOp NodeId="17" PhysicalOp="Compute Scalar" LogicalOp="Compute Scalar" EstimateRows="1" EstimateIO="0" EstimateCPU="1e-007" AvgRowSize="126" EstimatedTotalSubtreeCost="0.0876086" Parallel="0" EstimateRebinds="0" EstimateRewinds="0" EstimatedExecutionMode="Row"><OutputList><ColumnReference Database="[ERPSASS-Live]" Schema="[Erp]" Table="[OpMaster]" Column="Company" /><ColumnReference Database="[ERPSASS-Live]" Schema="[Erp]" Table="[OpMaster]" Column="OpCode" /><ColumnReference Column="Expr1056" /><ColumnReference Column="Expr1057" /></OutputList><ComputeScalar><DefinedValues><DefinedValue><ColumnReference Column="Expr1056" /><ScalarOperator ScalarString="[ERPSASS-Live].[Erp].[OpMaster].[OpDesc]"><Identifier><ColumnReference Database="[ERPSASS-Live]" Schema="[Erp]" Table="[OpMaster]" Column="OpDesc" /></Identifier></ScalarOperator></DefinedValue><DefinedValue><ColumnReference Column="Expr1057" /><ScalarOperator ScalarString="[ERPSASS-Live].[Erp].[OpMasDtl].[Plant]"><Identifier><ColumnReference Database="[ERPSASS-Live]" Schema="[Erp]" Table="[OpMasDtl]" Column="Plant" /></Identifier></ScalarOperator></DefinedValue></DefinedValues><RelOp NodeId="18" PhysicalOp="Stream Aggregate" LogicalOp="Aggregate" EstimateRows="1" EstimateIO="0" EstimateCPU="2.67647e-005" AvgRowSize="86" EstimatedTotalSubtreeCost="0.0876085" Parallel="0" EstimateRebinds="0" EstimateRewinds="0" EstimatedExecutionMode="Row"><OutputList><ColumnReference Database="[ERPSASS-Live]" Schema="[Erp]" Table="[OpMaster]" Column="Company" /><ColumnReference Database="[ERPSASS-Live]" Schema="[Erp]" Table="[OpMaster]" Column="OpCode" /><ColumnReference Database="[ERPSASS-Live]" Schema="[Erp]" Table="[OpMaster]" Column="OpDesc" /><ColumnReference Database="[ERPSASS-Live]" Schema="[Erp]" Table="[OpMasDtl]" Column="Plant" /></OutputList><StreamAggregate><DefinedValues><DefinedValue><ColumnReference Database="[ERPSASS-Live]" Schema="[Erp]" Table="[OpMaster]" Column="OpDesc" /><ScalarOperator ScalarString="ANY([ERPSASS-Live].[Erp].[OpMaster].[OpDesc])"><Aggregate Distinct="0" AggType="ANY"><ScalarOperator><Identifier><ColumnReference Database="[ERPSASS-Live]" Schema="[Erp]" Table="[OpMaster]" Column="OpDesc" /></Identifier></ScalarOperator></Aggregate></ScalarOperator></DefinedValue><DefinedValue><ColumnReference Database="[ERPSASS-Live]" Schema="[Erp]" Table="[OpMasDtl]" Column="Plant" /><ScalarOperator ScalarString="ANY([ERPSASS-Live].[Erp].[OpMasDtl].[Plant])"><Aggregate Distinct="0" AggType="ANY"><ScalarOperator><Identifier><ColumnReference Database="[ERPSASS-Live]" Schema="[Erp]" Table="[OpMasDtl]" Column="Plant" /></Identifier></ScalarOperator></Aggregate></ScalarOperator></DefinedValue></DefinedValues><GroupBy><ColumnReference Database="[ERPSASS-Live]" Schema="[Erp]" Table="[OpMaster]" Column="Company" /><ColumnReference Database="[ERPSASS-Live]" Schema="[Erp]" Table="[OpMaster]" Column="OpCode" /></GroupBy><RelOp NodeId="19" PhysicalOp="Nested Loops" LogicalOp="Inner Join" EstimateRows="52.5294" EstimateIO="0" EstimateCPU="0.000219573" AvgRowSize="86" EstimatedTotalSubtreeCost="0.0875817" Parallel="0" EstimateRebinds="0" EstimateRewinds="0" EstimatedExecutionMode="Row"><OutputList><ColumnReference Database="[ERPSASS-Live]" Schema="[Erp]" Table="[OpMaster]" Column="Company" /><ColumnReference Database="[ERPSASS-Live]" Schema="[Erp]" Table="[OpMaster]" Column="OpCode" /><ColumnReference Database="[ERPSASS-Live]" Schema="[Erp]" Table="[OpMaster]" Column="OpDesc" /><ColumnReference Database="[ERPSASS-Live]" Schema="[Erp]" Table="[OpMasDtl]" Column="Plant" /></OutputList><NestedLoops Optimized="0" WithOrderedPrefetch="1"><OuterReferences><ColumnReference Database="[ERPSASS-Live]" Schema="[Erp]" Table="[OpMasDtl]" Column="Company" /><ColumnReference Database="[ERPSASS-Live]" Schema="[Erp]" Table="[OpMasDtl]" Column="OpCode" /><ColumnReference Column="Expr1258" /></OuterReferences><RelOp NodeId="21" PhysicalOp="Nested Loops" LogicalOp="Inner Join" EstimateRows="52.5294" EstimateIO="0" EstimateCPU="0.000219573" AvgRowSize="61" EstimatedTotalSubtreeCost="0.0759322" Parallel="0" EstimateRebinds="0" EstimateRewinds="0" EstimatedExecutionMode="Row"><OutputList><ColumnReference Table="@AvailCompLst" Alias="[AvailCLst_OpMaster]" Column="Company" /><ColumnReference Database="[ERPSASS-Live]" Schema="[Erp]" Table="[OpMasDtl]" Column="Company" /><ColumnReference Database="[ERPSASS-Live]" Schema="[Erp]" Table="[OpMasDtl]" Column="OpCode" /><ColumnReference Database="[ERPSASS-Live]" Schema="[Erp]" Table="[OpMasDtl]" Column="Plant" /></OutputList><NestedLoops Optimized="0"><OuterReferences><ColumnReference Table="@AvailCompLst" Alias="[AvailCLst_OpMaster]" Column="Company" /></OuterReferences><RelOp NodeId="22" PhysicalOp="Clustered Index Scan" LogicalOp="Clustered Index Scan" EstimateRows="1" EstimateIO="0.003125" EstimateCPU="0.0001581" AvgRowSize="23" EstimatedTotalSubtreeCost="0.0032831" TableCardinality="0" Parallel="0" EstimateRebinds="0" EstimateRewinds="0" EstimatedExecutionMode="Row"><OutputList><ColumnReference Table="@AvailCompLst" Alias="[AvailCLst_OpMaster]" Column="Company" /></OutputList><IndexScan Ordered="1" ScanDirection="FORWARD" ForcedIndex="0" ForceSeek="0" ForceScan="0" NoExpandHint="0" Storage="RowStore"><DefinedValues><DefinedValue><ColumnReference Table="@AvailCompLst" Alias="[AvailCLst_OpMaster]" Column="Company" /></DefinedValue></DefinedValues><Object Table="[@AvailCompLst]" Index="[PK__#BF86AAA__DC890D0C675AC72E]" Alias="[AvailCLst_OpMaster]" TableReferenceId="1" Storage="RowStore" /></IndexScan></RelOp><RelOp NodeId="23" PhysicalOp="Filter" LogicalOp="Filter" EstimateRows="52.5294" EstimateIO="0" EstimateCPU="0.00097872" AvgRowSize="45" EstimatedTotalSubtreeCost="0.0724295" Parallel="0" EstimateRebinds="0" EstimateRewinds="0" EstimatedExecutionMode="Row"><OutputList><ColumnReference Database="[ERPSASS-Live]" Schema="[Erp]" Table="[OpMasDtl]" Column="Company" /><ColumnReference Database="[ERPSASS-Live]" Schema="[Erp]" Table="[OpMasDtl]" Column="OpCode" /><ColumnReference Database="[ERPSASS-Live]" Schema="[Erp]" Table="[OpMasDtl]" Column="Plant" /></OutputList><Filter StartupExpression="0"><RelOp NodeId="24" PhysicalOp="Clustered Index Seek" LogicalOp="Clustered Index Seek" EstimateRows="2039" EstimateIO="0.0690509" EstimateCPU="0.0023999" AvgRowSize="49" EstimatedTotalSubtreeCost="0.0714508" TableCardinality="2039" Parallel="0" EstimateRebinds="0" EstimateRewinds="0" EstimatedExecutionMode="Row"><OutputList><ColumnReference Database="[ERPSASS-Live]" Schema="[Erp]" Table="[OpMasDtl]" Column="Company" /><ColumnReference Database="[ERPSASS-Live]" Schema="[Erp]" Table="[OpMasDtl]" Column="OpCode" /><ColumnReference Database="[ERPSASS-Live]" Schema="[Erp]" Table="[OpMasDtl]" Column="OpDtlSeq" /><ColumnReference Database="[ERPSASS-Live]" Schema="[Erp]" Table="[OpMasDtl]" Column="Plant" /></OutputList><IndexScan Ordered="1" ScanDirection="FORWARD" ForcedIndex="0" ForceSeek="0" ForceScan="0" NoExpandHint="0" Storage="RowStore"><DefinedValues><DefinedValue><ColumnReference Database="[ERPSASS-Live]" Schema="[Erp]" Table="[OpMasDtl]" Column="Company" /></DefinedValue><DefinedValue><ColumnReference Database="[ERPSASS-Live]" Schema="[Erp]" Table="[OpMasDtl]" Column="OpCode" /></DefinedValue><DefinedValue><ColumnReference Database="[ERPSASS-Live]" Schema="[Erp]" Table="[OpMasDtl]" Column="OpDtlSeq" /></DefinedValue><DefinedValue><ColumnReference Database="[ERPSASS-Live]" Schema="[Erp]" Table="[OpMasDtl]" Column="Plant" /></DefinedValue></DefinedValues><Object Database="[ERPSASS-Live]" Schema="[Erp]" Table="[OpMasDtl]" Index="[PK_OpMasDtl]" TableReferenceId="1" IndexKind="Clustered" Storage="RowStore" /><SeekPredicates><SeekPredicateNew><SeekKeys><Prefix ScanType="EQ"><RangeColumns><ColumnReference Database="[ERPSASS-Live]" Schema="[Erp]" Table="[OpMasDtl]" Column="Company" /></RangeColumns><RangeExpressions><ScalarOperator ScalarString="@AvailCompLst.[Company] as [AvailCLst_OpMaster].[Company]"><Identifier><ColumnReference Table="@AvailCompLst" Alias="[AvailCLst_OpMaster]" Column="Company" /></Identifier></ScalarOperator></RangeExpressions></Prefix></SeekKeys></SeekPredicateNew></SeekPredicates></IndexScan></RelOp><Predicate><ScalarOperator ScalarString="[ERPSASS-Live].[Erp].[OpMasDtl].[Plant]=[@Plant]"><Compare CompareOp="EQ"><ScalarOperator><Identifier><ColumnReference Database="[ERPSASS-Live]" Schema="[Erp]" Table="[OpMasDtl]" Column="Plant" /></Identifier></ScalarOperator><ScalarOperator><Identifier><ColumnReference Column="@Plant" /></Identifier></ScalarOperator></Compare></ScalarOperator></Predicate></Filter></RelOp></NestedLoops></RelOp><RelOp NodeId="26" PhysicalOp="Clustered Index Seek" LogicalOp="Clustered Index Seek" EstimateRows="1" EstimateIO="0.003125" EstimateCPU="0.0001581" AvgRowSize="74" EstimatedTotalSubtreeCost="0.0114299" TableCardinality="833" Parallel="0" EstimateRebinds="0" EstimateRewinds="51.5294" EstimatedExecutionMode="Row"><OutputList><ColumnReference Database="[ERPSASS-Live]" Schema="[Erp]" Table="[OpMaster]" Column="Company" /><ColumnReference Database="[ERPSASS-Live]" Schema="[Erp]" Table="[OpMaster]" Column="OpCode" /><ColumnReference Database="[ERPSASS-Live]" Schema="[Erp]" Table="[OpMaster]" Column="OpDesc" /></OutputList><IndexScan Ordered="1" ScanDirection="FORWARD" ForcedIndex="0" ForceSeek="0" ForceScan="0" NoExpandHint="0" Storage="RowStore"><DefinedValues><DefinedValue><ColumnReference Database="[ERPSASS-Live]" Schema="[Erp]" Table="[OpMaster]" Column="Company" /></DefinedValue><DefinedValue><ColumnReference Database="[ERPSASS-Live]" Schema="[Erp]" Table="[OpMaster]" Column="OpCode" /></DefinedValue><DefinedValue><ColumnReference Database="[ERPSASS-Live]" Schema="[Erp]" Table="[OpMaster]" Column="OpDesc" /></DefinedValue></DefinedValues><Object Database="[ERPSASS-Live]" Schema="[Erp]" Table="[OpMaster]" Index="[PK_OpMaster]" TableReferenceId="1" IndexKind="Clustered" Storage="RowStore" /><SeekPredicates><SeekPredicateNew><SeekKeys><Prefix ScanType="EQ"><RangeColumns><ColumnReference Database="[ERPSASS-Live]" Schema="[Erp]" Table="[OpMaster]" Column="Company" /><ColumnReference Database="[ERPSASS-Live]" Schema="[Erp]" Table="[OpMaster]" Column="OpCode" /></RangeColumns><RangeExpressions><ScalarOperator ScalarString="[ERPSASS-Live].[Erp].[OpMasDtl].[Company]"><Identifier><ColumnReference Database="[ERPSASS-Live]" Schema="[Erp]" Table="[OpMasDtl]" Column="Company" /></Identifier></ScalarOperator><ScalarOperator ScalarString="[ERPSASS-Live].[Erp].[OpMasDtl].[OpCode]"><Identifier><ColumnReference Database="[ERPSASS-Live]" Schema="[Erp]" Table="[OpMasDtl]" Column="OpCode" /></Identifier></ScalarOperator></RangeExpressions></Prefix></SeekKeys></SeekPredicateNew></SeekPredicates></IndexScan></RelOp></NestedLoops></RelOp></StreamAggregate></RelOp></ComputeScalar></RelOp><RelOp NodeId="37" PhysicalOp="Sort" LogicalOp="Sort" EstimateRows="140.027" EstimateIO="0.0112613" EstimateCPU="0.00165768" AvgRowSize="282" EstimatedTotalSubtreeCost="19.7234" Parallel="0" EstimateRebinds="0" EstimateRewinds="0" EstimatedExecutionMode="Row"><OutputList><ColumnReference Column="Recr1027" /><ColumnReference Column="Recr1028" /><ColumnReference Column="Recr1029" /><ColumnReference Column="Recr1030" /><ColumnReference Column="Recr1031" /><ColumnReference Column="Recr1032" /><ColumnReference Column="Recr1033" /><ColumnReference Column="Recr1034" /><ColumnReference Column="Recr1036" /><ColumnReference Column="Recr1037" /><ColumnReference Column="Recr1038" /><ColumnReference Column="Recr1039" /><ColumnReference Column="Recr1040" /><ColumnReference Column="Recr1041" /></OutputList><MemoryFractions Input="0.0721477" Output="0.0721477" /><Sort Distinct="0"><OrderBy><OrderByColumn Ascending="1"><ColumnReference Column="Recr1039" /></OrderByColumn><OrderByColumn Ascending="1"><ColumnReference Column="Recr1028" /></OrderByColumn><OrderByColumn Ascending="1"><ColumnReference Column="Recr1029" /></OrderByColumn><OrderByColumn Ascending="1"><ColumnReference Column="Recr1030" /></OrderByColumn><OrderByColumn Ascending="1"><ColumnReference Column="Recr1031" /></OrderByColumn><OrderByColumn Ascending="1"><ColumnReference Column="Recr1032" /></OrderByColumn><OrderByColumn Ascending="1"><ColumnReference Column="Recr1033" /></OrderByColumn><OrderByColumn Ascending="1"><ColumnReference Column="Recr1034" /></OrderByColumn><OrderByColumn Ascending="1"><ColumnReference Column="Recr1036" /></OrderByColumn><OrderByColumn Ascending="1"><ColumnReference Column="Recr1037" /></OrderByColumn><OrderByColumn Ascending="1"><ColumnReference Column="Recr1038" /></OrderByColumn><OrderByColumn Ascending="1"><ColumnReference Column="Recr1040" /></OrderByColumn></OrderBy><RelOp NodeId="38" PhysicalOp="Table Spool" LogicalOp="Lazy Spool" EstimateRows="140.027" EstimateIO="0.01" EstimateCPU="0.000126605" AvgRowSize="282" EstimatedTotalSubtreeCost="19.7104" Parallel="0" EstimateRebinds="0" EstimateRewinds="0" EstimatedExecutionMode="Row"><OutputList><ColumnReference Column="Recr1027" /><ColumnReference Column="Recr1028" /><ColumnReference Column="Recr1029" /><ColumnReference Column="Recr1030" /><ColumnReference Column="Recr1031" /><ColumnReference Column="Recr1032" /><ColumnReference Column="Recr1033" /><ColumnReference Column="Recr1034" /><ColumnReference Column="Recr1036" /><ColumnReference Column="Recr1037" /><ColumnReference Column="Recr1038" /><ColumnReference Column="Recr1039" /><ColumnReference Column="Recr1040" /><ColumnReference Column="Recr1041" /></OutputList><Spool><RelOp NodeId="39" PhysicalOp="Filter" LogicalOp="Filter" EstimateRows="140.027" EstimateIO="0" EstimateCPU="0.00941162" AvgRowSize="282" EstimatedTotalSubtreeCost="19.7003" Parallel="0" EstimateRebinds="0" EstimateRewinds="0" EstimatedExecutionMode="Row"><OutputList><ColumnReference Column="Recr1027" /><ColumnReference Column="Recr1028" /><ColumnReference Column="Recr1029" /><ColumnReference Column="Recr1030" /><ColumnReference Column="Recr1031" /><ColumnReference Column="Recr1032" /><ColumnReference Column="Recr1033" /><ColumnReference Column="Recr1034" /><ColumnReference Column="Recr1036" /><ColumnReference Column="Recr1037" /><ColumnReference Column="Recr1038" /><ColumnReference Column="Recr1039" /><ColumnReference Column="Recr1040" /><ColumnReference Column="Recr1041" /></OutputList><Filter StartupExpression="0"><RelOp NodeId="40" PhysicalOp="Index Spool" LogicalOp="Lazy Spool" EstimateRows="19607.6" EstimateIO="0" EstimateCPU="9.80245e-005" AvgRowSize="282" EstimatedTotalSubtreeCost="19.6909" Parallel="0" EstimateRebinds="0" EstimateRewinds="0" EstimatedExecutionMode="Row"><OutputList><ColumnReference Column="Expr1263" /><ColumnReference Column="Recr1027" /><ColumnReference Column="Recr1028" /><ColumnReference Column="Recr1029" /><ColumnReference Column="Recr1030" /><ColumnReference Column="Recr1031" /><ColumnReference Column="Recr1032" /><ColumnReference Column="Recr1033" /><ColumnReference Column="Recr1034" /><ColumnReference Column="Recr1035" /><ColumnReference Column="Recr1036" /><ColumnReference Column="Recr1037" /><ColumnReference Column="Recr1038" /><ColumnReference Column="Recr1039" /><ColumnReference Column="Recr1040" /><ColumnReference Column="Recr1041" /></OutputList><Spool Stack="1"><RelOp NodeId="41" PhysicalOp="Concatenation" LogicalOp="Concatenation" EstimateRows="19607.6" EstimateIO="0" EstimateCPU="1.96049e-005" AvgRowSize="282" EstimatedTotalSubtreeCost="19.6899" Parallel="0" EstimateRebinds="0" EstimateRewinds="0" EstimatedExecutionMode="Row"><OutputList><ColumnReference Column="Expr1263" /><ColumnReference Column="Recr1027" /><ColumnReference Column="Recr1028" /><ColumnReference Column="Recr1029" /><ColumnReference Column="Recr1030" /><ColumnReference Column="Recr1031" /><ColumnReference Column="Recr1032" /><ColumnReference Column="Recr1033" /><ColumnReference Column="Recr1034" /><ColumnReference Column="Recr1035" /><ColumnReference Column="Recr1036" /><ColumnReference Column="Recr1037" /><ColumnReference Column="Recr1038" /><ColumnReference Column="Recr1039" /><ColumnReference Column="Recr1040" /><ColumnReference Column="Recr1041" /></OutputList><Concat><DefinedValues><DefinedValue><ColumnReference Column="Expr1263" /><ColumnReference Column="Expr1260" /><ColumnReference Column="Expr1262" /></DefinedValue><DefinedValue><ColumnReference Column="Recr1027" /><ColumnReference Database="[ERPSASS-Live]" Schema="[Erp]" Table="[PartMtl]" Column="Company" /><ColumnReference Database="[ERPSASS-Live]" Schema="[Erp]" Table="[PartMtl]" Alias="[PartMtl1]" Column="Company" /></DefinedValue><DefinedValue><ColumnReference Column="Recr1028" /><ColumnReference Database="[ERPSASS-Live]" Schema="[Erp]" Table="[PartMtl]" Column="PartNum" /><ColumnReference Database="[ERPSASS-Live]" Schema="[Erp]" Table="[PartMtl]" Alias="[PartMtl1]" Column="PartNum" /></DefinedValue><DefinedValue><ColumnReference Column="Recr1029" /><ColumnReference Database="[ERPSASS-Live]" Schema="[Erp]" Table="[PartMtl]" Column="RevisionNum" /><ColumnReference Database="[ERPSASS-Live]" Schema="[Erp]" Table="[PartMtl]" Alias="[PartMtl1]" Column="RevisionNum" /></DefinedValue><DefinedValue><ColumnReference Column="Recr1030" /><ColumnReference Database="[ERPSASS-Live]" Schema="[Erp]" Table="[PartMtl]" Column="MtlSeq" /><ColumnReference Database="[ERPSASS-Live]" Schema="[Erp]" Table="[PartMtl]" Alias="[PartMtl1]" Column="MtlSeq" /></DefinedValue><DefinedValue><ColumnReference Column="Recr1031" /><ColumnReference Database="[ERPSASS-Live]" Schema="[Erp]" Table="[PartMtl]" Column="MtlPartNum" /><ColumnReference Database="[ERPSASS-Live]" Schema="[Erp]" Table="[PartMtl]" Alias="[PartMtl1]" Column="MtlPartNum" /></DefinedValue><DefinedValue><ColumnReference Column="Recr1032" /><ColumnReference Database="[ERPSASS-Live]" Schema="[Erp]" Table="[PartMtl]" Column="QtyPer" /><ColumnReference Database="[ERPSASS-Live]" Schema="[Erp]" Table="[PartMtl]" Alias="[PartMtl1]" Column="QtyPer" /></DefinedValue><DefinedValue><ColumnReference Column="Recr1033" /><ColumnReference Database="[ERPSASS-Live]" Schema="[Erp]" Table="[PartMtl]" Column="RelatedOperation" /><ColumnReference Database="[ERPSASS-Live]" Schema="[Erp]" Table="[PartMtl]" Alias="[PartMtl1]" Column="RelatedOperation" /></DefinedValue><DefinedValue><ColumnReference Column="Recr1034" /><ColumnReference Database="[ERPSASS-Live]" Schema="[Erp]" Table="[PartMtl]" Column="PullAsAsm" /><ColumnReference Database="[ERPSASS-Live]" Schema="[Erp]" Table="[PartMtl]" Alias="[PartMtl1]" Column="PullAsAsm" /></DefinedValue><DefinedValue><ColumnReference Column="Recr1035" /><ColumnReference Database="[ERPSASS-Live]" Schema="[Erp]" Table="[PartMtl]" Column="ViewAsAsm" /><ColumnReference Database="[ERPSASS-Live]" Schema="[Erp]" Table="[PartMtl]" Alias="[PartMtl1]" Column="ViewAsAsm" /></DefinedValue><DefinedValue><ColumnReference Column="Recr1036" /><ColumnReference Database="[ERPSASS-Live]" Schema="[Erp]" Table="[PartMtl]" Column="PlanAsAsm" /><ColumnReference Database="[ERPSASS-Live]" Schema="[Erp]" Table="[PartMtl]" Alias="[PartMtl1]" Column="PlanAsAsm" /></DefinedValue><DefinedValue><ColumnReference Column="Recr1037" /><ColumnReference Column="Expr1005" /><ColumnReference Column="Expr1025" /></DefinedValue><DefinedValue><ColumnReference Column="Recr1038" /><ColumnReference Column="Expr1006" /><ColumnReference Column="Expr1026" /></DefinedValue><DefinedValue><ColumnReference Column="Recr1039" /><ColumnReference Database="[ERPSASS-Live]" Schema="[Erp]" Table="[PartMtl]" Column="PartNum" /><ColumnReference Column="Recr1021" /></DefinedValue><DefinedValue><ColumnReference Column="Recr1040" /><ColumnReference Database="[ERPSASS-Live]" Schema="[Erp]" Table="[PartMtl]" Column="UOMCode" /><ColumnReference Database="[ERPSASS-Live]" Schema="[Erp]" Table="[PartMtl]" Alias="[PartMtl1]" Column="UOMCode" /></DefinedValue><DefinedValue><ColumnReference Column="Recr1041" /><ColumnReference Database="[ERPSASS-Live]" Schema="[Erp]" Table="[PartOpr]" Column="OpCode" /><ColumnReference Database="[ERPSASS-Live]" Schema="[Erp]" Table="[PartOpr]" Alias="[PartOpr1]" Column="OpCode" /></DefinedValue></DefinedValues><RelOp NodeId="42" PhysicalOp="Compute Scalar" LogicalOp="Compute Scalar" EstimateRows="1" EstimateIO="0" EstimateCPU="0.000196049" AvgRowSize="282" EstimatedTotalSubtreeCost="0.000196049" Parallel="0" EstimateRebinds="19607.6" EstimateRewinds="0" EstimatedExecutionMode="Row"><OutputList><ColumnReference Column="Expr1260" /><ColumnReference Database="[ERPSASS-Live]" Schema="[Erp]" Table="[PartMtl]" Column="Company" /><ColumnReference Database="[ERPSASS-Live]" Schema="[Erp]" Table="[PartMtl]" Column="PartNum" /><ColumnReference Database="[ERPSASS-Live]" Schema="[Erp]" Table="[PartMtl]" Column="RevisionNum" /><ColumnReference Database="[ERPSASS-Live]" Schema="[Erp]" Table="[PartMtl]" Column="MtlSeq" /><ColumnReference Database="[ERPSASS-Live]" Schema="[Erp]" Table="[PartMtl]" Column="MtlPartNum" /><ColumnReference Database="[ERPSASS-Live]" Schema="[Erp]" Table="[PartMtl]" Column="QtyPer" /><ColumnReference Database="[ERPSASS-Live]" Schema="[Erp]" Table="[PartMtl]" Column="RelatedOperation" /><ColumnReference Database="[ERPSASS-Live]" Schema="[Erp]" Table="[PartMtl]" Column="PullAsAsm" /><ColumnReference Database="[ERPSASS-Live]" Schema="[Erp]" Table="[PartMtl]" Column="ViewAsAsm" /><ColumnReference Database="[ERPSASS-Live]" Schema="[Erp]" Table="[PartMtl]" Column="PlanAsAsm" /><ColumnReference Column="Expr1005" /><ColumnReference Column="Expr1006" /><ColumnReference Database="[ERPSASS-Live]" Schema="[Erp]" Table="[PartMtl]" Column="PartNum" /><ColumnReference Database="[ERPSASS-Live]" Schema="[Erp]" Table="[PartMtl]" Column="UOMCode" /><ColumnReference Database="[ERPSASS-Live]" Schema="[Erp]" Table="[PartOpr]" Column="OpCode" /></OutputList><ComputeScalar><DefinedValues><DefinedValue><ColumnReference Column="Expr1260" /><ScalarOperator ScalarString="(0)"><Const ConstValue="(0)" /></ScalarOperator></DefinedValue></DefinedValues><RelOp NodeId="43" PhysicalOp="Compute Scalar" LogicalOp="Compute Scalar" EstimateRows="19603.6" EstimateIO="0" EstimateCPU="0.00196036" AvgRowSize="219" EstimatedTotalSubtreeCost="1.56626" Parallel="0" EstimateRebinds="0" EstimateRewinds="0" EstimatedExecutionMode="Row"><OutputList><ColumnReference Database="[ERPSASS-Live]" Schema="[Erp]" Table="[PartMtl]" Column="Company" /><ColumnReference Database="[ERPSASS-Live]" Schema="[Erp]" Table="[PartMtl]" Column="PartNum" /><ColumnReference Database="[ERPSASS-Live]" Schema="[Erp]" Table="[PartMtl]" Column="RevisionNum" /><ColumnReference Database="[ERPSASS-Live]" Schema="[Erp]" Table="[PartMtl]" Column="MtlSeq" /><ColumnReference Database="[ERPSASS-Live]" Schema="[Erp]" Table="[PartMtl]" Column="MtlPartNum" /><ColumnReference Database="[ERPSASS-Live]" Schema="[Erp]" Table="[PartMtl]" Column="QtyPer" /><ColumnReference Database="[ERPSASS-Live]" Schema="[Erp]" Table="[PartMtl]" Column="RelatedOperation" /><ColumnReference Database="[ERPSASS-Live]" Schema="[Erp]" Table="[PartMtl]" Column="PullAsAsm" /><ColumnReference Database="[ERPSASS-Live]" Schema="[Erp]" Table="[PartMtl]" Column="ViewAsAsm" /><ColumnReference Database="[ERPSASS-Live]" Schema="[Erp]" Table="[PartMtl]" Column="UOMCode" /><ColumnReference Database="[ERPSASS-Live]" Schema="[Erp]" Table="[PartMtl]" Column="PlanAsAsm" /><ColumnReference Database="[ERPSASS-Live]" Schema="[Erp]" Table="[PartOpr]" Column="OpCode" /><ColumnReference Column="Expr1005" /><ColumnReference Column="Expr1006" /></OutputList><ComputeScalar><DefinedValues><DefinedValue><ColumnReference Column="Expr1005" /><ScalarOperator ScalarString="(1)"><Const ConstValue="(1)" /></ScalarOperator></DefinedValue></DefinedValues><RelOp NodeId="44" PhysicalOp="Compute Scalar" LogicalOp="Compute Scalar" EstimateRows="19603.6" EstimateIO="0" EstimateCPU="0.00196036" AvgRowSize="215" EstimatedTotalSubtreeCost="1.5643" Parallel="0" EstimateRebinds="0" EstimateRewinds="0" EstimatedExecutionMode="Row"><OutputList><ColumnReference Database="[ERPSASS-Live]" Schema="[Erp]" Table="[PartMtl]" Column="Company" /><ColumnReference Database="[ERPSASS-Live]" Schema="[Erp]" Table="[PartMtl]" Column="PartNum" /><ColumnReference Database="[ERPSASS-Live]" Schema="[Erp]" Table="[PartMtl]" Column="RevisionNum" /><ColumnReference Database="[ERPSASS-Live]" Schema="[Erp]" Table="[PartMtl]" Column="MtlSeq" /><ColumnReference Database="[ERPSASS-Live]" Schema="[Erp]" Table="[PartMtl]" Column="MtlPartNum" /><ColumnReference Database="[ERPSASS-Live]" Schema="[Erp]" Table="[PartMtl]" Column="QtyPer" /><ColumnReference Database="[ERPSASS-Live]" Schema="[Erp]" Table="[PartMtl]" Column="RelatedOperation" /><ColumnReference Database="[ERPSASS-Live]" Schema="[Erp]" Table="[PartMtl]" Column="PullAsAsm" /><ColumnReference Database="[ERPSASS-Live]" Schema="[Erp]" Table="[PartMtl]" Column="ViewAsAsm" /><ColumnReference Database="[ERPSASS-Live]" Schema="[Erp]" Table="[PartMtl]" Column="UOMCode" /><ColumnReference Database="[ERPSASS-Live]" Schema="[Erp]" Table="[PartMtl]" Column="PlanAsAsm" /><ColumnReference Database="[ERPSASS-Live]" Schema="[Erp]" Table="[PartOpr]" Column="OpCode" /><ColumnReference Column="Expr1006" /></OutputList><ComputeScalar><DefinedValues><DefinedValue><ColumnReference Column="Expr1006" /><ScalarOperator ScalarString="CONVERT(nvarchar(50),N'..'+[ERPSASS-Live].[Erp].[PartMtl].[MtlPartNum],0)"><Convert DataType="nvarchar" Length="100" Style="0" Implicit="0"><ScalarOperator><Arithmetic Operation="ADD"><ScalarOperator><Const ConstValue="N'..'" /></ScalarOperator><ScalarOperator><Identifier><ColumnReference Database="[ERPSASS-Live]" Schema="[Erp]" Table="[PartMtl]" Column="MtlPartNum" /></Identifier></ScalarOperator></Arithmetic></ScalarOperator></Convert></ScalarOperator></DefinedValue></DefinedValues><RelOp NodeId="45" PhysicalOp="Nested Loops" LogicalOp="Inner Join" EstimateRows="19603.6" EstimateIO="0" EstimateCPU="0.0819429" AvgRowSize="163" EstimatedTotalSubtreeCost="1.56234" Parallel="0" EstimateRebinds="0" EstimateRewinds="0" EstimatedExecutionMode="Row"><OutputList><ColumnReference Database="[ERPSASS-Live]" Schema="[Erp]" Table="[PartMtl]" Column="Company" /><ColumnReference Database="[ERPSASS-Live]" Schema="[Erp]" Table="[PartMtl]" Column="PartNum" /><ColumnReference Database="[ERPSASS-Live]" Schema="[Erp]" Table="[PartMtl]" Column="RevisionNum" /><ColumnReference Database="[ERPSASS-Live]" Schema="[Erp]" Table="[PartMtl]" Column="MtlSeq" /><ColumnReference Database="[ERPSASS-Live]" Schema="[Erp]" Table="[PartMtl]" Column="MtlPartNum" /><ColumnReference Database="[ERPSASS-Live]" Schema="[Erp]" Table="[PartMtl]" Column="QtyPer" /><ColumnReference Database="[ERPSASS-Live]" Schema="[Erp]" Table="[PartMtl]" Column="RelatedOperation" /><ColumnReference Database="[ERPSASS-Live]" Schema="[Erp]" Table="[PartMtl]" Column="PullAsAsm" /><ColumnReference Database="[ERPSASS-Live]" Schema="[Erp]" Table="[PartMtl]" Column="ViewAsAsm" /><ColumnReference Database="[ERPSASS-Live]" Schema="[Erp]" Table="[PartMtl]" Column="UOMCode" /><ColumnReference Database="[ERPSASS-Live]" Schema="[Erp]" Table="[PartMtl]" Column="PlanAsAsm" /><ColumnReference Database="[ERPSASS-Live]" Schema="[Erp]" Table="[PartOpr]" Column="OpCode" /></OutputList><NestedLoops Optimized="0" WithUnorderedPrefetch="1"><OuterReferences><ColumnReference Database="[ERPSASS-Live]" Schema="[Erp]" Table="[PartOpr]" Column="Company" /><ColumnReference Database="[ERPSASS-Live]" Schema="[Erp]" Table="[PartOpr]" Column="PartNum" /><ColumnReference Database="[ERPSASS-Live]" Schema="[Erp]" Table="[PartOpr]" Column="RevisionNum" /><ColumnReference Database="[ERPSASS-Live]" Schema="[Erp]" Table="[PartOpr]" Column="AltMethod" /><ColumnReference Column="Expr1259" /></OuterReferences><RelOp NodeId="47" PhysicalOp="Nested Loops" LogicalOp="Inner Join" EstimateRows="8090" EstimateIO="0" EstimateCPU="0.0338162" AvgRowSize="109" EstimatedTotalSubtreeCost="0.185577" Parallel="0" EstimateRebinds="0" EstimateRewinds="0" EstimatedExecutionMode="Row"><OutputList><ColumnReference Database="[ERPSASS-Live]" Schema="[Erp]" Table="[PartOpr]" Column="Company" /><ColumnReference Database="[ERPSASS-Live]" Schema="[Erp]" Table="[PartOpr]" Column="PartNum" /><ColumnReference Database="[ERPSASS-Live]" Schema="[Erp]" Table="[PartOpr]" Column="RevisionNum" /><ColumnReference Database="[ERPSASS-Live]" Schema="[Erp]" Table="[PartOpr]" Column="OpCode" /><ColumnReference Database="[ERPSASS-Live]" Schema="[Erp]" Table="[PartOpr]" Column="AltMethod" /></OutputList><NestedLoops Optimized="0"><OuterReferences><ColumnReference Table="@AvailCompLst" Alias="[AvailCLst_PartMtl]" Column="Company" /></OuterReferences><RelOp NodeId="48" PhysicalOp="Clustered Index Scan" LogicalOp="Clustered Index Scan" EstimateRows="1" EstimateIO="0.003125" EstimateCPU="0.0001581" AvgRowSize="23" EstimatedTotalSubtreeCost="0.0032831" TableCardinality="0" Parallel="0" EstimateRebinds="0" EstimateRewinds="0" EstimatedExecutionMode="Row"><OutputList><ColumnReference Table="@AvailCompLst" Alias="[AvailCLst_PartMtl]" Column="Company" /></OutputList><IndexScan Ordered="0" ForcedIndex="0" ForceScan="0" NoExpandHint="0" Storage="RowStore"><DefinedValues><DefinedValue><ColumnReference Table="@AvailCompLst" Alias="[AvailCLst_PartMtl]" Column="Company" /></DefinedValue></DefinedValues><Object Table="[@AvailCompLst]" Index="[PK__#BF86AAA__DC890D0C675AC72E]" Alias="[AvailCLst_PartMtl]" TableReferenceId="1" Storage="RowStore" /></IndexScan></RelOp><RelOp NodeId="49" PhysicalOp="Index Seek" LogicalOp="Index Seek" EstimateRows="8090" EstimateIO="0.139421" EstimateCPU="0.009056" AvgRowSize="109" EstimatedTotalSubtreeCost="0.148477" TableCardinality="8090" Parallel="0" EstimateRebinds="0" EstimateRewinds="0" EstimatedExecutionMode="Row"><OutputList><ColumnReference Database="[ERPSASS-Live]" Schema="[Erp]" Table="[PartOpr]" Column="Company" /><ColumnReference Database="[ERPSASS-Live]" Schema="[Erp]" Table="[PartOpr]" Column="PartNum" /><ColumnReference Database="[ERPSASS-Live]" Schema="[Erp]" Table="[PartOpr]" Column="RevisionNum" /><ColumnReference Database="[ERPSASS-Live]" Schema="[Erp]" Table="[PartOpr]" Column="OpCode" /><ColumnReference Database="[ERPSASS-Live]" Schema="[Erp]" Table="[PartOpr]" Column="AltMethod" /></OutputList><IndexScan Ordered="1" ScanDirection="FORWARD" ForcedIndex="0" ForceSeek="0" ForceScan="0" NoExpandHint="0" Storage="RowStore"><DefinedValues><DefinedValue><ColumnReference Database="[ERPSASS-Live]" Schema="[Erp]" Table="[PartOpr]" Column="Company" /></DefinedValue><DefinedValue><ColumnReference Database="[ERPSASS-Live]" Schema="[Erp]" Table="[PartOpr]" Column="PartNum" /></DefinedValue><DefinedValue><ColumnReference Database="[ERPSASS-Live]" Schema="[Erp]" Table="[PartOpr]" Column="RevisionNum" /></DefinedValue><DefinedValue><ColumnReference Database="[ERPSASS-Live]" Schema="[Erp]" Table="[PartOpr]" Column="OpCode" /></DefinedValue><DefinedValue><ColumnReference Database="[ERPSASS-Live]" Schema="[Erp]" Table="[PartOpr]" Column="AltMethod" /></DefinedValue></DefinedValues><Object Database="[ERPSASS-Live]" Schema="[Erp]" Table="[PartOpr]" Index="[IX_PartOpr_XOperation]" TableReferenceId="1" IndexKind="NonClustered" Storage="RowStore" /><SeekPredicates><SeekPredicateNew><SeekKeys><Prefix ScanType="EQ"><RangeColumns><ColumnReference Database="[ERPSASS-Live]" Schema="[Erp]" Table="[PartOpr]" Column="Company" /></RangeColumns><RangeExpressions><ScalarOperator ScalarString="@AvailCompLst.[Company] as [AvailCLst_PartMtl].[Company]"><Identifier><ColumnReference Table="@AvailCompLst" Alias="[AvailCLst_PartMtl]" Column="Company" /></Identifier></ScalarOperator></RangeExpressions></Prefix></SeekKeys></SeekPredicateNew></SeekPredicates></IndexScan></RelOp></NestedLoops></RelOp><RelOp NodeId="50" PhysicalOp="Clustered Index Seek" LogicalOp="Clustered Index Seek" EstimateRows="2.42319" EstimateIO="0.003125" EstimateCPU="0.000159666" AvgRowSize="153" EstimatedTotalSubtreeCost="1.29482" TableCardinality="18060" Parallel="0" EstimateRebinds="0" EstimateRewinds="8089" EstimatedExecutionMode="Row"><OutputList><ColumnReference Database="[ERPSASS-Live]" Schema="[Erp]" Table="[PartMtl]" Column="Company" /><ColumnReference Database="[ERPSASS-Live]" Schema="[Erp]" Table="[PartMtl]" Column="PartNum" /><ColumnReference Database="[ERPSASS-Live]" Schema="[Erp]" Table="[PartMtl]" Column="RevisionNum" /><ColumnReference Database="[ERPSASS-Live]" Schema="[Erp]" Table="[PartMtl]" Column="MtlSeq" /><ColumnReference Database="[ERPSASS-Live]" Schema="[Erp]" Table="[PartMtl]" Column="MtlPartNum" /><ColumnReference Database="[ERPSASS-Live]" Schema="[Erp]" Table="[PartMtl]" Column="QtyPer" /><ColumnReference Database="[ERPSASS-Live]" Schema="[Erp]" Table="[PartMtl]" Column="RelatedOperation" /><ColumnReference Database="[ERPSASS-Live]" Schema="[Erp]" Table="[PartMtl]" Column="PullAsAsm" /><ColumnReference Database="[ERPSASS-Live]" Schema="[Erp]" Table="[PartMtl]" Column="ViewAsAsm" /><ColumnReference Database="[ERPSASS-Live]" Schema="[Erp]" Table="[PartMtl]" Column="UOMCode" /><ColumnReference Database="[ERPSASS-Live]" Schema="[Erp]" Table="[PartMtl]" Column="PlanAsAsm" /></OutputList><IndexScan Ordered="1" ScanDirection="FORWARD" ForcedIndex="0" ForceSeek="0" ForceScan="0" NoExpandHint="0" Storage="RowStore"><DefinedValues><DefinedValue><ColumnReference Database="[ERPSASS-Live]" Schema="[Erp]" Table="[PartMtl]" Column="Company" /></DefinedValue><DefinedValue><ColumnReference Database="[ERPSASS-Live]" Schema="[Erp]" Table="[PartMtl]" Column="PartNum" /></DefinedValue><DefinedValue><ColumnReference Database="[ERPSASS-Live]" Schema="[Erp]" Table="[PartMtl]" Column="RevisionNum" /></DefinedValue><DefinedValue><ColumnReference Database="[ERPSASS-Live]" Schema="[Erp]" Table="[PartMtl]" Column="MtlSeq" /></DefinedValue><DefinedValue><ColumnReference Database="[ERPSASS-Live]" Schema="[Erp]" Table="[PartMtl]" Column="MtlPartNum" /></DefinedValue><DefinedValue><ColumnReference Database="[ERPSASS-Live]" Schema="[Erp]" Table="[PartMtl]" Column="QtyPer" /></DefinedValue><DefinedValue><ColumnReference Database="[ERPSASS-Live]" Schema="[Erp]" Table="[PartMtl]" Column="RelatedOperation" /></DefinedValue><DefinedValue><ColumnReference Database="[ERPSASS-Live]" Schema="[Erp]" Table="[PartMtl]" Column="PullAsAsm" /></DefinedValue><DefinedValue><ColumnReference Database="[ERPSASS-Live]" Schema="[Erp]" Table="[PartMtl]" Column="ViewAsAsm" /></DefinedValue><DefinedValue><ColumnReference Database="[ERPSASS-Live]" Schema="[Erp]" Table="[PartMtl]" Column="UOMCode" /></DefinedValue><DefinedValue><ColumnReference Database="[ERPSASS-Live]" Schema="[Erp]" Table="[PartMtl]" Column="PlanAsAsm" /></DefinedValue></DefinedValues><Object Database="[ERPSASS-Live]" Schema="[Erp]" Table="[PartMtl]" Index="[IX_PartMtl]" TableReferenceId="1" IndexKind="Clustered" Storage="RowStore" /><SeekPredicates><SeekPredicateNew><SeekKeys><Prefix ScanType="EQ"><RangeColumns><ColumnReference Database="[ERPSASS-Live]" Schema="[Erp]" Table="[PartMtl]" Column="Company" /><ColumnReference Database="[ERPSASS-Live]" Schema="[Erp]" Table="[PartMtl]" Column="PartNum" /><ColumnReference Database="[ERPSASS-Live]" Schema="[Erp]" Table="[PartMtl]" Column="RevisionNum" /><ColumnReference Database="[ERPSASS-Live]" Schema="[Erp]" Table="[PartMtl]" Column="AltMethod" /></RangeColumns><RangeExpressions><ScalarOperator ScalarString="[ERPSASS-Live].[Erp].[PartOpr].[Company]"><Identifier><ColumnReference Database="[ERPSASS-Live]" Schema="[Erp]" Table="[PartOpr]" Column="Company" /></Identifier></ScalarOperator><ScalarOperator ScalarString="[ERPSASS-Live].[Erp].[PartOpr].[PartNum]"><Identifier><ColumnReference Database="[ERPSASS-Live]" Schema="[Erp]" Table="[PartOpr]" Column="PartNum" /></Identifier></ScalarOperator><ScalarOperator ScalarString="[ERPSASS-Live].[Erp].[PartOpr].[RevisionNum]"><Identifier><ColumnReference Database="[ERPSASS-Live]" Schema="[Erp]" Table="[PartOpr]" Column="RevisionNum" /></Identifier></ScalarOperator><ScalarOperator ScalarString="[ERPSASS-Live].[Erp].[PartOpr].[AltMethod]"><Identifier><ColumnReference Database="[ERPSASS-Live]" Schema="[Erp]" Table="[PartOpr]" Column="AltMethod" /></Identifier></ScalarOperator></RangeExpressions></Prefix></SeekKeys></SeekPredicateNew></SeekPredicates></IndexScan></RelOp></NestedLoops></RelOp></ComputeScalar></RelOp></ComputeScalar></RelOp></ComputeScalar></RelOp><RelOp NodeId="60" PhysicalOp="Assert" LogicalOp="Assert" EstimateRows="1.0002" EstimateIO="0" EstimateCPU="0.00164681" AvgRowSize="282" EstimatedTotalSubtreeCost="18.1236" Parallel="0" EstimateRebinds="19607.6" EstimateRewinds="0" EstimatedExecutionMode="Row"><OutputList><ColumnReference Column="Expr1262" /><ColumnReference Database="[ERPSASS-Live]" Schema="[Erp]" Table="[PartMtl]" Alias="[PartMtl1]" Column="Company" /><ColumnReference Database="[ERPSASS-Live]" Schema="[Erp]" Table="[PartMtl]" Alias="[PartMtl1]" Column="PartNum" /><ColumnReference Database="[ERPSASS-Live]" Schema="[Erp]" Table="[PartMtl]" Alias="[PartMtl1]" Column="RevisionNum" /><ColumnReference Database="[ERPSASS-Live]" Schema="[Erp]" Table="[PartMtl]" Alias="[PartMtl1]" Column="MtlSeq" /><ColumnReference Database="[ERPSASS-Live]" Schema="[Erp]" Table="[PartMtl]" Alias="[PartMtl1]" Column="MtlPartNum" /><ColumnReference Database="[ERPSASS-Live]" Schema="[Erp]" Table="[PartMtl]" Alias="[PartMtl1]" Column="QtyPer" /><ColumnReference Database="[ERPSASS-Live]" Schema="[Erp]" Table="[PartMtl]" Alias="[PartMtl1]" Column="RelatedOperation" /><ColumnReference Database="[ERPSASS-Live]" Schema="[Erp]" Table="[PartMtl]" Alias="[PartMtl1]" Column="PullAsAsm" /><ColumnReference Database="[ERPSASS-Live]" Schema="[Erp]" Table="[PartMtl]" Alias="[PartMtl1]" Column="ViewAsAsm" /><ColumnReference Database="[ERPSASS-Live]" Schema="[Erp]" Table="[PartMtl]" Alias="[PartMtl1]" Column="PlanAsAsm" /><ColumnReference Column="Expr1025" /><ColumnReference Column="Expr1026" /><ColumnReference Column="Recr1021" /><ColumnReference Database="[ERPSASS-Live]" Schema="[Erp]" Table="[PartMtl]" Alias="[PartMtl1]" Column="UOMCode" /><ColumnReference Database="[ERPSASS-Live]" Schema="[Erp]" Table="[PartOpr]" Alias="[PartOpr1]" Column="OpCode" /></OutputList><Assert StartupExpression="0"><RelOp NodeId="61" PhysicalOp="Nested Loops" LogicalOp="Inner Join" EstimateRows="1.0002" EstimateIO="0" EstimateCPU="0.00164681" AvgRowSize="282" EstimatedTotalSubtreeCost="18.1236" Parallel="0" EstimateRebinds="19607.6" EstimateRewinds="0" EstimatedExecutionMode="Row"><OutputList><ColumnReference Column="Expr1262" /><ColumnReference Database="[ERPSASS-Live]" Schema="[Erp]" Table="[PartMtl]" Alias="[PartMtl1]" Column="Company" /><ColumnReference Database="[ERPSASS-Live]" Schema="[Erp]" Table="[PartMtl]" Alias="[PartMtl1]" Column="PartNum" /><ColumnReference Database="[ERPSASS-Live]" Schema="[Erp]" Table="[PartMtl]" Alias="[PartMtl1]" Column="RevisionNum" /><ColumnReference Database="[ERPSASS-Live]" Schema="[Erp]" Table="[PartMtl]" Alias="[PartMtl1]" Column="MtlSeq" /><ColumnReference Database="[ERPSASS-Live]" Schema="[Erp]" Table="[PartMtl]" Alias="[PartMtl1]" Column="MtlPartNum" /><ColumnReference Database="[ERPSASS-Live]" Schema="[Erp]" Table="[PartMtl]" Alias="[PartMtl1]" Column="QtyPer" /><ColumnReference Database="[ERPSASS-Live]" Schema="[Erp]" Table="[PartMtl]" Alias="[PartMtl1]" Column="RelatedOperation" /><ColumnReference Database="[ERPSASS-Live]" Schema="[Erp]" Table="[PartMtl]" Alias="[PartMtl1]" Column="PullAsAsm" /><ColumnReference Database="[ERPSASS-Live]" Schema="[Erp]" Table="[PartMtl]" Alias="[PartMtl1]" Column="ViewAsAsm" /><ColumnReference Database="[ERPSASS-Live]" Schema="[Erp]" Table="[PartMtl]" Alias="[PartMtl1]" Column="PlanAsAsm" /><ColumnReference Column="Expr1025" /><ColumnReference Column="Expr1026" /><ColumnReference Column="Recr1021" /><ColumnReference Database="[ERPSASS-Live]" Schema="[Erp]" Table="[PartMtl]" Alias="[PartMtl1]" Column="UOMCode" /><ColumnReference Database="[ERPSASS-Live]" Schema="[Erp]" Table="[PartOpr]" Alias="[PartOpr1]" Column="OpCode" /></OutputList><NestedLoops Optimized="0"><OuterReferences><ColumnReference Column="Expr1262" /><ColumnReference Column="Recr1009" /><ColumnReference Column="Recr1010" /><ColumnReference Column="Recr1011" /><ColumnReference Column="Recr1012" /><ColumnReference Column="Recr1013" /><ColumnReference Column="Recr1014" /><ColumnReference Column="Recr1015" /><ColumnReference Column="Recr1016" /><ColumnReference Column="Recr1017" /><ColumnReference Column="Recr1018" /><ColumnReference Column="Recr1019" /><ColumnReference Column="Recr1020" /><ColumnReference Column="Recr1021" /><ColumnReference Column="Recr1022" /><ColumnReference Column="Recr1023" /></OuterReferences><RelOp NodeId="62" PhysicalOp="Compute Scalar" LogicalOp="Compute Scalar" EstimateRows="1" EstimateIO="0" EstimateCPU="0.000196049" AvgRowSize="282" EstimatedTotalSubtreeCost="0.000196049" Parallel="0" EstimateRebinds="19607.6" EstimateRewinds="0" EstimatedExecutionMode="Row"><OutputList><ColumnReference Column="Expr1262" /><ColumnReference Column="Recr1009" /><ColumnReference Column="Recr1010" /><ColumnReference Column="Recr1011" /><ColumnReference Column="Recr1012" /><ColumnReference Column="Recr1013" /><ColumnReference Column="Recr1014" /><ColumnReference Column="Recr1015" /><ColumnReference Column="Recr1016" /><ColumnReference Column="Recr1017" /><ColumnReference Column="Recr1018" /><ColumnReference Column="Recr1019" /><ColumnReference Column="Recr1020" /><ColumnReference Column="Recr1021" /><ColumnReference Column="Recr1022" /><ColumnReference Column="Recr1023" /></OutputList><ComputeScalar><DefinedValues><DefinedValue><ColumnReference Column="Expr1262" /><ScalarOperator ScalarString="[Expr1261]+(1)"><Arithmetic Operation="ADD"><ScalarOperator><Identifier><ColumnReference Column="Expr1261" /></Identifier></ScalarOperator><ScalarOperator><Const ConstValue="(1)" /></ScalarOperator></Arithmetic></ScalarOperator></DefinedValue></DefinedValues><RelOp NodeId="63" PhysicalOp="Table Spool" LogicalOp="Lazy Spool" EstimateRows="1" EstimateIO="0" EstimateCPU="0.000196049" AvgRowSize="282" EstimatedTotalSubtreeCost="0.000196049" Parallel="0" EstimateRebinds="19607.6" EstimateRewinds="0" EstimatedExecutionMode="Row"><OutputList><ColumnReference Column="Expr1261" /><ColumnReference Column="Recr1009" /><ColumnReference Column="Recr1010" /><ColumnReference Column="Recr1011" /><ColumnReference Column="Recr1012" /><ColumnReference Column="Recr1013" /><ColumnReference Column="Recr1014" /><ColumnReference Column="Recr1015" /><ColumnReference Column="Recr1016" /><ColumnReference Column="Recr1017" /><ColumnReference Column="Recr1018" /><ColumnReference Column="Recr1019" /><ColumnReference Column="Recr1020" /><ColumnReference Column="Recr1021" /><ColumnReference Column="Recr1022" /><ColumnReference Column="Recr1023" /></OutputList><Spool PrimaryNodeId="40" Stack="1" /></RelOp></ComputeScalar></RelOp><RelOp NodeId="67" PhysicalOp="Compute Scalar" LogicalOp="Compute Scalar" EstimateRows="1.32758" EstimateIO="0" EstimateCPU="1.32758e-007" AvgRowSize="230" EstimatedTotalSubtreeCost="18.1218" Parallel="0" EstimateRebinds="19606.6" EstimateRewinds="0" EstimatedExecutionMode="Row"><OutputList><ColumnReference Database="[ERPSASS-Live]" Schema="[Erp]" Table="[PartMtl]" Alias="[PartMtl1]" Column="Company" /><ColumnReference Database="[ERPSASS-Live]" Schema="[Erp]" Table="[PartMtl]" Alias="[PartMtl1]" Column="PartNum" /><ColumnReference Database="[ERPSASS-Live]" Schema="[Erp]" Table="[PartMtl]" Alias="[PartMtl1]" Column="RevisionNum" /><ColumnReference Database="[ERPSASS-Live]" Schema="[Erp]" Table="[PartMtl]" Alias="[PartMtl1]" Column="MtlSeq" /><ColumnReference Database="[ERPSASS-Live]" Schema="[Erp]" Table="[PartMtl]" Alias="[PartMtl1]" Column="MtlPartNum" /><ColumnReference Database="[ERPSASS-Live]" Schema="[Erp]" Table="[PartMtl]" Alias="[PartMtl1]" Column="QtyPer" /><ColumnReference Database="[ERPSASS-Live]" Schema="[Erp]" Table="[PartMtl]" Alias="[PartMtl1]" Column="RelatedOperation" /><ColumnReference Database="[ERPSASS-Live]" Schema="[Erp]" Table="[PartMtl]" Alias="[PartMtl1]" Column="PullAsAsm" /><ColumnReference Database="[ERPSASS-Live]" Schema="[Erp]" Table="[PartMtl]" Alias="[PartMtl1]" Column="ViewAsAsm" /><ColumnReference Database="[ERPSASS-Live]" Schema="[Erp]" Table="[PartMtl]" Alias="[PartMtl1]" Column="UOMCode" /><ColumnReference Database="[ERPSASS-Live]" Schema="[Erp]" Table="[PartMtl]" Alias="[PartMtl1]" Column="PlanAsAsm" /><ColumnReference Database="[ERPSASS-Live]" Schema="[Erp]" Table="[PartOpr]" Alias="[PartOpr1]" Column="OpCode" /><ColumnReference Column="Expr1025" /><ColumnReference Column="Expr1026" /></OutputList><ComputeScalar><DefinedValues><DefinedValue><ColumnReference Column="Expr1025" /><ScalarOperator ScalarString="[Recr1019]+(1)"><Arithmetic Operation="ADD"><ScalarOperator><Identifier><ColumnReference Column="Recr1019" /></Identifier></ScalarOperator><ScalarOperator><Const ConstValue="(1)" /></ScalarOperator></Arithmetic></ScalarOperator></DefinedValue><DefinedValue><ColumnReference Column="Expr1026" /><ScalarOperator ScalarString="CONVERT(nvarchar(50),substring(N'........',(1),[Recr1019]+(1)+(1))+[ERPSASS-Live].[Erp].[PartMtl].[MtlPartNum] as [PartMtl1].[MtlPartNum],0)"><Convert DataType="nvarchar" Length="100" Style="0" Implicit="0"><ScalarOperator><Arithmetic Operation="ADD"><ScalarOperator><Intrinsic FunctionName="substring"><ScalarOperator><Const ConstValue="N'........'" /></ScalarOperator><ScalarOperator><Const ConstValue="(1)" /></ScalarOperator><ScalarOperator><Arithmetic Operation="ADD"><ScalarOperator><Arithmetic Operation="ADD"><ScalarOperator><Identifier><ColumnReference Column="Recr1019" /></Identifier></ScalarOperator><ScalarOperator><Const ConstValue="(1)" /></ScalarOperator></Arithmetic></ScalarOperator><ScalarOperator><Const ConstValue="(1)" /></ScalarOperator></Arithmetic></ScalarOperator></Intrinsic></ScalarOperator><ScalarOperator><Identifier><ColumnReference Database="[ERPSASS-Live]" Schema="[Erp]" Table="[PartMtl]" Alias="[PartMtl1]" Column="MtlPartNum" /></Identifier></ScalarOperator></Arithmetic></ScalarOperator></Convert></ScalarOperator></DefinedValue></DefinedValues><RelOp NodeId="68" PhysicalOp="Nested Loops" LogicalOp="Inner Join" EstimateRows="1.32758" EstimateIO="0" EstimateCPU="5.54927e-006" AvgRowSize="174" EstimatedTotalSubtreeCost="18.1192" Parallel="0" EstimateRebinds="19606.6" EstimateRewinds="0" EstimatedExecutionMode="Row"><OutputList><ColumnReference Database="[ERPSASS-Live]" Schema="[Erp]" Table="[PartMtl]" Alias="[PartMtl1]" Column="Company" /><ColumnReference Database="[ERPSASS-Live]" Schema="[Erp]" Table="[PartMtl]" Alias="[PartMtl1]" Column="PartNum" /><ColumnReference Database="[ERPSASS-Live]" Schema="[Erp]" Table="[PartMtl]" Alias="[PartMtl1]" Column="RevisionNum" /><ColumnReference Database="[ERPSASS-Live]" Schema="[Erp]" Table="[PartMtl]" Alias="[PartMtl1]" Column="MtlSeq" /><ColumnReference Database="[ERPSASS-Live]" Schema="[Erp]" Table="[PartMtl]" Alias="[PartMtl1]" Column="MtlPartNum" /><ColumnReference Database="[ERPSASS-Live]" Schema="[Erp]" Table="[PartMtl]" Alias="[PartMtl1]" Column="QtyPer" /><ColumnReference Database="[ERPSASS-Live]" Schema="[Erp]" Table="[PartMtl]" Alias="[PartMtl1]" Column="RelatedOperation" /><ColumnReference Database="[ERPSASS-Live]" Schema="[Erp]" Table="[PartMtl]" Alias="[PartMtl1]" Column="PullAsAsm" /><ColumnReference Database="[ERPSASS-Live]" Schema="[Erp]" Table="[PartMtl]" Alias="[PartMtl1]" Column="ViewAsAsm" /><ColumnReference Database="[ERPSASS-Live]" Schema="[Erp]" Table="[PartMtl]" Alias="[PartMtl1]" Column="UOMCode" /><ColumnReference Database="[ERPSASS-Live]" Schema="[Erp]" Table="[PartMtl]" Alias="[PartMtl1]" Column="PlanAsAsm" /><ColumnReference Database="[ERPSASS-Live]" Schema="[Erp]" Table="[PartOpr]" Alias="[PartOpr1]" Column="OpCode" /></OutputList><NestedLoops Optimized="0"><RelOp NodeId="69" PhysicalOp="Clustered Index Seek" LogicalOp="Clustered Index Seek" EstimateRows="1" EstimateIO="0.003125" EstimateCPU="0.0001581" AvgRowSize="9" EstimatedTotalSubtreeCost="3.10308" TableCardinality="0" Parallel="0" EstimateRebinds="19606.6" EstimateRewinds="0" EstimatedExecutionMode="Row"><OutputList /><IndexScan Ordered="1" ScanDirection="FORWARD" ForcedIndex="0" ForceSeek="0" ForceScan="0" NoExpandHint="0" Storage="RowStore"><DefinedValues /><Object Table="[@AvailCompLst]" Index="[PK__#BF86AAA__DC890D0C675AC72E]" Alias="[AvailCLst_PartMtl1]" TableReferenceId="1" Storage="RowStore" /><SeekPredicates><SeekPredicateNew><SeekKeys><Prefix ScanType="EQ"><RangeColumns><ColumnReference Table="@AvailCompLst" Alias="[AvailCLst_PartMtl1]" Column="Company" /></RangeColumns><RangeExpressions><ScalarOperator ScalarString="[Recr1009]"><Identifier><ColumnReference Column="Recr1009" /></Identifier></ScalarOperator></RangeExpressions></Prefix></SeekKeys></SeekPredicateNew></SeekPredicates></IndexScan></RelOp><RelOp NodeId="70" PhysicalOp="Nested Loops" LogicalOp="Inner Join" EstimateRows="1.32758" EstimateIO="0" EstimateCPU="5.54927e-006" AvgRowSize="174" EstimatedTotalSubtreeCost="14.9073" Parallel="0" EstimateRebinds="19606.6" EstimateRewinds="0" EstimatedExecutionMode="Row"><OutputList><ColumnReference Database="[ERPSASS-Live]" Schema="[Erp]" Table="[PartMtl]" Alias="[PartMtl1]" Column="Company" /><ColumnReference Database="[ERPSASS-Live]" Schema="[Erp]" Table="[PartMtl]" Alias="[PartMtl1]" Column="PartNum" /><ColumnReference Database="[ERPSASS-Live]" Schema="[Erp]" Table="[PartMtl]" Alias="[PartMtl1]" Column="RevisionNum" /><ColumnReference Database="[ERPSASS-Live]" Schema="[Erp]" Table="[PartMtl]" Alias="[PartMtl1]" Column="MtlSeq" /><ColumnReference Database="[ERPSASS-Live]" Schema="[Erp]" Table="[PartMtl]" Alias="[PartMtl1]" Column="MtlPartNum" /><ColumnReference Database="[ERPSASS-Live]" Schema="[Erp]" Table="[PartMtl]" Alias="[PartMtl1]" Column="QtyPer" /><ColumnReference Database="[ERPSASS-Live]" Schema="[Erp]" Table="[PartMtl]" Alias="[PartMtl1]" Column="RelatedOperation" /><ColumnReference Database="[ERPSASS-Live]" Schema="[Erp]" Table="[PartMtl]" Alias="[PartMtl1]" Column="PullAsAsm" /><ColumnReference Database="[ERPSASS-Live]" Schema="[Erp]" Table="[PartMtl]" Alias="[PartMtl1]" Column="ViewAsAsm" /><ColumnReference Database="[ERPSASS-Live]" Schema="[Erp]" Table="[PartMtl]" Alias="[PartMtl1]" Column="UOMCode" /><ColumnReference Database="[ERPSASS-Live]" Schema="[Erp]" Table="[PartMtl]" Alias="[PartMtl1]" Column="PlanAsAsm" /><ColumnReference Database="[ERPSASS-Live]" Schema="[Erp]" Table="[PartOpr]" Alias="[PartOpr1]" Column="OpCode" /></OutputList><NestedLoops Optimized="0"><OuterReferences><ColumnReference Database="[ERPSASS-Live]" Schema="[Erp]" Table="[PartOpr]" Alias="[PartOpr1]" Column="RevisionNum" /><ColumnReference Database="[ERPSASS-Live]" Schema="[Erp]" Table="[PartOpr]" Alias="[PartOpr1]" Column="AltMethod" /></OuterReferences><RelOp NodeId="71" PhysicalOp="Index Spool" LogicalOp="Eager Spool" EstimateRows="1.16806" EstimateIO="0.756368" EstimateCPU="0.00834828" AvgRowSize="37" EstimatedTotalSubtreeCost="6.32102" Parallel="0" EstimateRebinds="19606.6" EstimateRewinds="0" EstimatedExecutionMode="Row"><OutputList><ColumnReference Database="[ERPSASS-Live]" Schema="[Erp]" Table="[PartOpr]" Alias="[PartOpr1]" Column="RevisionNum" /><ColumnReference Database="[ERPSASS-Live]" Schema="[Erp]" Table="[PartOpr]" Alias="[PartOpr1]" Column="OpCode" /><ColumnReference Database="[ERPSASS-Live]" Schema="[Erp]" Table="[PartOpr]" Alias="[PartOpr1]" Column="AltMethod" /></OutputList><Spool><SeekPredicateNew><SeekKeys><Prefix ScanType="EQ"><RangeColumns><ColumnReference Database="[ERPSASS-Live]" Schema="[Erp]" Table="[PartOpr]" Alias="[PartOpr1]" Column="Company" /><ColumnReference Database="[ERPSASS-Live]" Schema="[Erp]" Table="[PartOpr]" Alias="[PartOpr1]" Column="PartNum" /></RangeColumns><RangeExpressions><ScalarOperator ScalarString="[Recr1009]"><Identifier><ColumnReference Column="Recr1009" /></Identifier></ScalarOperator><ScalarOperator ScalarString="[Recr1013]"><Identifier><ColumnReference Column="Recr1013" /></Identifier></ScalarOperator></RangeExpressions></Prefix></SeekKeys></SeekPredicateNew><RelOp NodeId="72" PhysicalOp="Index Scan" LogicalOp="Index Scan" EstimateRows="8090" EstimateIO="0.139421" EstimateCPU="0.009056" AvgRowSize="101" EstimatedTotalSubtreeCost="0.148477" TableCardinality="8090" Parallel="0" EstimateRebinds="0" EstimateRewinds="0" EstimatedExecutionMode="Row"><OutputList><ColumnReference Database="[ERPSASS-Live]" Schema="[Erp]" Table="[PartOpr]" Alias="[PartOpr1]" Column="Company" /><ColumnReference Database="[ERPSASS-Live]" Schema="[Erp]" Table="[PartOpr]" Alias="[PartOpr1]" Column="PartNum" /><ColumnReference Database="[ERPSASS-Live]" Schema="[Erp]" Table="[PartOpr]" Alias="[PartOpr1]" Column="RevisionNum" /><ColumnReference Database="[ERPSASS-Live]" Schema="[Erp]" Table="[PartOpr]" Alias="[PartOpr1]" Column="OpCode" /><ColumnReference Database="[ERPSASS-Live]" Schema="[Erp]" Table="[PartOpr]" Alias="[PartOpr1]" Column="AltMethod" /></OutputList><IndexScan Ordered="0" ForcedIndex="0" ForceSeek="0" ForceScan="0" NoExpandHint="0" Storage="RowStore"><DefinedValues><DefinedValue><ColumnReference Database="[ERPSASS-Live]" Schema="[Erp]" Table="[PartOpr]" Alias="[PartOpr1]" Column="Company" /></DefinedValue><DefinedValue><ColumnReference Database="[ERPSASS-Live]" Schema="[Erp]" Table="[PartOpr]" Alias="[PartOpr1]" Column="PartNum" /></DefinedValue><DefinedValue><ColumnReference Database="[ERPSASS-Live]" Schema="[Erp]" Table="[PartOpr]" Alias="[PartOpr1]" Column="RevisionNum" /></DefinedValue><DefinedValue><ColumnReference Database="[ERPSASS-Live]" Schema="[Erp]" Table="[PartOpr]" Alias="[PartOpr1]" Column="OpCode" /></DefinedValue><DefinedValue><ColumnReference Database="[ERPSASS-Live]" Schema="[Erp]" Table="[PartOpr]" Alias="[PartOpr1]" Column="AltMethod" /></DefinedValue></DefinedValues><Object Database="[ERPSASS-Live]" Schema="[Erp]" Table="[PartOpr]" Index="[IX_PartOpr_XOperation]" Alias="[PartOpr1]" TableReferenceId="1" IndexKind="NonClustered" Storage="RowStore" /></IndexScan></RelOp></Spool></RelOp><RelOp NodeId="73" PhysicalOp="Clustered Index Seek" LogicalOp="Clustered Index Seek" EstimateRows="1.13656" EstimateIO="0.003125" EstimateCPU="0.00015825" AvgRowSize="164" EstimatedTotalSubtreeCost="8.47749" TableCardinality="18060" Parallel="0" EstimateRebinds="19607.2" EstimateRewinds="3294.68" EstimatedExecutionMode="Row"><OutputList><ColumnReference Database="[ERPSASS-Live]" Schema="[Erp]" Table="[PartMtl]" Alias="[PartMtl1]" Column="Company" /><ColumnReference Database="[ERPSASS-Live]" Schema="[Erp]" Table="[PartMtl]" Alias="[PartMtl1]" Column="PartNum" /><ColumnReference Database="[ERPSASS-Live]" Schema="[Erp]" Table="[PartMtl]" Alias="[PartMtl1]" Column="RevisionNum" /><ColumnReference Database="[ERPSASS-Live]" Schema="[Erp]" Table="[PartMtl]" Alias="[PartMtl1]" Column="MtlSeq" /><ColumnReference Database="[ERPSASS-Live]" Schema="[Erp]" Table="[PartMtl]" Alias="[PartMtl1]" Column="MtlPartNum" /><ColumnReference Database="[ERPSASS-Live]" Schema="[Erp]" Table="[PartMtl]" Alias="[PartMtl1]" Column="QtyPer" /><ColumnReference Database="[ERPSASS-Live]" Schema="[Erp]" Table="[PartMtl]" Alias="[PartMtl1]" Column="RelatedOperation" /><ColumnReference Database="[ERPSASS-Live]" Schema="[Erp]" Table="[PartMtl]" Alias="[PartMtl1]" Column="PullAsAsm" /><ColumnReference Database="[ERPSASS-Live]" Schema="[Erp]" Table="[PartMtl]" Alias="[PartMtl1]" Column="ViewAsAsm" /><ColumnReference Database="[ERPSASS-Live]" Schema="[Erp]" Table="[PartMtl]" Alias="[PartMtl1]" Column="UOMCode" /><ColumnReference Database="[ERPSASS-Live]" Schema="[Erp]" Table="[PartMtl]" Alias="[PartMtl1]" Column="PlanAsAsm" /></OutputList><IndexScan Ordered="1" ScanDirection="FORWARD" ForcedIndex="0" ForceSeek="0" ForceScan="0" NoExpandHint="0" Storage="RowStore"><DefinedValues><DefinedValue><ColumnReference Database="[ERPSASS-Live]" Schema="[Erp]" Table="[PartMtl]" Alias="[PartMtl1]" Column="Company" /></DefinedValue><DefinedValue><ColumnReference Database="[ERPSASS-Live]" Schema="[Erp]" Table="[PartMtl]" Alias="[PartMtl1]" Column="PartNum" /></DefinedValue><DefinedValue><ColumnReference Database="[ERPSASS-Live]" Schema="[Erp]" Table="[PartMtl]" Alias="[PartMtl1]" Column="RevisionNum" /></DefinedValue><DefinedValue><ColumnReference Database="[ERPSASS-Live]" Schema="[Erp]" Table="[PartMtl]" Alias="[PartMtl1]" Column="MtlSeq" /></DefinedValue><DefinedValue><ColumnReference Database="[ERPSASS-Live]" Schema="[Erp]" Table="[PartMtl]" Alias="[PartMtl1]" Column="MtlPartNum" /></DefinedValue><DefinedValue><ColumnReference Database="[ERPSASS-Live]" Schema="[Erp]" Table="[PartMtl]" Alias="[PartMtl1]" Column="QtyPer" /></DefinedValue><DefinedValue><ColumnReference Database="[ERPSASS-Live]" Schema="[Erp]" Table="[PartMtl]" Alias="[PartMtl1]" Column="RelatedOperation" /></DefinedValue><DefinedValue><ColumnReference Database="[ERPSASS-Live]" Schema="[Erp]" Table="[PartMtl]" Alias="[PartMtl1]" Column="PullAsAsm" /></DefinedValue><DefinedValue><ColumnReference Database="[ERPSASS-Live]" Schema="[Erp]" Table="[PartMtl]" Alias="[PartMtl1]" Column="ViewAsAsm" /></DefinedValue><DefinedValue><ColumnReference Database="[ERPSASS-Live]" Schema="[Erp]" Table="[PartMtl]" Alias="[PartMtl1]" Column="UOMCode" /></DefinedValue><DefinedValue><ColumnReference Database="[ERPSASS-Live]" Schema="[Erp]" Table="[PartMtl]" Alias="[PartMtl1]" Column="PlanAsAsm" /></DefinedValue></DefinedValues><Object Database="[ERPSASS-Live]" Schema="[Erp]" Table="[PartMtl]" Index="[IX_PartMtl]" Alias="[PartMtl1]" TableReferenceId="1" IndexKind="Clustered" Storage="RowStore" /><SeekPredicates><SeekPredicateNew><SeekKeys><Prefix ScanType="EQ"><RangeColumns><ColumnReference Database="[ERPSASS-Live]" Schema="[Erp]" Table="[PartMtl]" Alias="[PartMtl1]" Column="Company" /><ColumnReference Database="[ERPSASS-Live]" Schema="[Erp]" Table="[PartMtl]" Alias="[PartMtl1]" Column="PartNum" /><ColumnReference Database="[ERPSASS-Live]" Schema="[Erp]" Table="[PartMtl]" Alias="[PartMtl1]" Column="RevisionNum" /><ColumnReference Database="[ERPSASS-Live]" Schema="[Erp]" Table="[PartMtl]" Alias="[PartMtl1]" Column="AltMethod" /></RangeColumns><RangeExpressions><ScalarOperator ScalarString="[Recr1009]"><Identifier><ColumnReference Column="Recr1009" /></Identifier></ScalarOperator><ScalarOperator ScalarString="[Recr1013]"><Identifier><ColumnReference Column="Recr1013" /></Identifier></ScalarOperator><ScalarOperator ScalarString="[ERPSASS-Live].[Erp].[PartOpr].[RevisionNum] as [PartOpr1].[RevisionNum]"><Identifier><ColumnReference Database="[ERPSASS-Live]" Schema="[Erp]" Table="[PartOpr]" Alias="[PartOpr1]" Column="RevisionNum" /></Identifier></ScalarOperator><ScalarOperator ScalarString="[ERPSASS-Live].[Erp].[PartOpr].[AltMethod] as [PartOpr1].[AltMethod]"><Identifier><ColumnReference Database="[ERPSASS-Live]" Schema="[Erp]" Table="[PartOpr]" Alias="[PartOpr1]" Column="AltMethod" /></Identifier></ScalarOperator></RangeExpressions></Prefix></SeekKeys></SeekPredicateNew></SeekPredicates></IndexScan></RelOp></NestedLoops></RelOp></NestedLoops></RelOp></ComputeScalar></RelOp></NestedLoops></RelOp><Predicate><ScalarOperator ScalarString="CASE WHEN [Expr1262]&gt;(100) THEN (0) ELSE NULL END"><IF><Condition><ScalarOperator><Compare CompareOp="GT"><ScalarOperator><Identifier><ColumnReference Column="Expr1262" /></Identifier></ScalarOperator><ScalarOperator><Const ConstValue="(100)" /></ScalarOperator></Compare></ScalarOperator></Condition><Then><ScalarOperator><Const ConstValue="(0)" /></ScalarOperator></Then><Else><ScalarOperator><Const ConstValue="NULL" /></ScalarOperator></Else></IF></ScalarOperator></Predicate></Assert></RelOp></Concat></RelOp></Spool></RelOp><Predicate><ScalarOperator ScalarString="[Recr1035]=(1)"><Compare CompareOp="EQ"><ScalarOperator><Identifier><ColumnReference Column="Recr1035" /></Identifier></ScalarOperator><ScalarOperator><Const ConstValue="(1)" /></ScalarOperator></Compare></ScalarOperator></Predicate></Filter></RelOp></Spool></RelOp></Sort></RelOp></NestedLoops></RelOp></StreamAggregate></RelOp><RelOp NodeId="91" PhysicalOp="Nested Loops" LogicalOp="Inner Join" EstimateRows="1" EstimateIO="0" EstimateCPU="4.18e-006" AvgRowSize="105" EstimatedTotalSubtreeCost="0.00657038" Parallel="0" EstimateRebinds="0" EstimateRewinds="0" EstimatedExecutionMode="Row"><OutputList><ColumnReference Database="[ERPSASS-Live]" Schema="[Erp]" Table="[Part]" Alias="[Part1]" Column="PartDescription" /></OutputList><NestedLoops Optimized="0"><RelOp NodeId="92" PhysicalOp="Clustered Index Seek" LogicalOp="Clustered Index Seek" EstimateRows="1" EstimateIO="0.003125" EstimateCPU="0.0001581" AvgRowSize="9" EstimatedTotalSubtreeCost="0.0032831" TableCardinality="0" Parallel="0" EstimateRebinds="0" EstimateRewinds="0" EstimatedExecutionMode="Row"><OutputList /><IndexScan Ordered="1" ScanDirection="FORWARD" ForcedIndex="0" ForceSeek="0" ForceScan="0" NoExpandHint="0" Storage="RowStore"><DefinedValues /><Object Table="[@AvailCompLst]" Index="[PK__#BF86AAA__DC890D0C675AC72E]" Alias="[AvailCLst_Part1]" TableReferenceId="1" Storage="RowStore" /><SeekPredicates><SeekPredicateNew><SeekKeys><Prefix ScanType="EQ"><RangeColumns><ColumnReference Table="@AvailCompLst" Alias="[AvailCLst_Part1]" Column="Company" /></RangeColumns><RangeExpressions><ScalarOperator ScalarString="[Recr1027]"><Identifier><ColumnReference Column="Recr1027" /></Identifier></ScalarOperator></RangeExpressions></Prefix></SeekKeys></SeekPredicateNew></SeekPredicates></IndexScan></RelOp><RelOp NodeId="93" PhysicalOp="Clustered Index Seek" LogicalOp="Clustered Index Seek" EstimateRows="1" EstimateIO="0.003125" EstimateCPU="0.0001581" AvgRowSize="105" EstimatedTotalSubtreeCost="0.0032831" TableCardinality="24814" Parallel="0" EstimateRebinds="0" EstimateRewinds="0" EstimatedExecutionMode="Row"><OutputList><ColumnReference Database="[ERPSASS-Live]" Schema="[Erp]" Table="[Part]" Alias="[Part1]" Column="PartDescription" /></OutputList><IndexScan Ordered="1" ScanDirection="FORWARD" ForcedIndex="0" ForceSeek="0" ForceScan="0" NoExpandHint="0" Storage="RowStore"><DefinedValues><DefinedValue><ColumnReference Database="[ERPSASS-Live]" Schema="[Erp]" Table="[Part]" Alias="[Part1]" Column="PartDescription" /></DefinedValue></DefinedValues><Object Database="[ERPSASS-Live]" Schema="[Erp]" Table="[Part]" Index="[PK_Part]" Alias="[Part1]" TableReferenceId="1" IndexKind="Clustered" Storage="RowStore" /><SeekPredicates><SeekPredicateNew><SeekKeys><Prefix ScanType="EQ"><RangeColumns><ColumnReference Database="[ERPSASS-Live]" Schema="[Erp]" Table="[Part]" Alias="[Part1]" Column="Company" /><ColumnReference Database="[ERPSASS-Live]" Schema="[Erp]" Table="[Part]" Alias="[Part1]" Column="PartNum" /></RangeColumns><RangeExpressions><ScalarOperator ScalarString="[Recr1027]"><Identifier><ColumnReference Column="Recr1027" /></Identifier></ScalarOperator><ScalarOperator ScalarString="[Recr1031]"><Identifier><ColumnReference Column="Recr1031" /></Identifier></ScalarOperator></RangeExpressions></Prefix></SeekKeys></SeekPredicateNew></SeekPredicates></IndexScan></RelOp></NestedLoops></RelOp></NestedLoops></RelOp><RelOp NodeId="94" PhysicalOp="Nested Loops" LogicalOp="Inner Join" EstimateRows="1" EstimateIO="0" EstimateCPU="4.18e-006" AvgRowSize="4035" EstimatedTotalSubtreeCost="0.00689075" Parallel="0" EstimateRebinds="0" EstimateRewinds="0.99996" EstimatedExecutionMode="Row"><OutputList><ColumnReference Database="[ERPSASS-Live]" Schema="[Erp]" Table="[Part]" Alias="[Part2]" Column="PartDescription" /></OutputList><NestedLoops Optimized="0"><RelOp NodeId="95" PhysicalOp="Clustered Index Seek" LogicalOp="Clustered Index Seek" EstimateRows="1" EstimateIO="0.003125" EstimateCPU="0.0001581" AvgRowSize="9" EstimatedTotalSubtreeCost="0.00344119" TableCardinality="0" Parallel="0" EstimateRebinds="0" EstimateRewinds="0.99996" EstimatedExecutionMode="Row"><OutputList /><IndexScan Ordered="1" ScanDirection="FORWARD" ForcedIndex="0" ForceSeek="0" ForceScan="0" NoExpandHint="0" Storage="RowStore"><DefinedValues /><Object Table="[@AvailCompLst]" Index="[PK__#BF86AAA__DC890D0C675AC72E]" Alias="[AvailCLst_Part2]" TableReferenceId="1" Storage="RowStore" /><SeekPredicates><SeekPredicateNew><SeekKeys><Prefix ScanType="EQ"><RangeColumns><ColumnReference Table="@AvailCompLst" Alias="[AvailCLst_Part2]" Column="Company" /></RangeColumns><RangeExpressions><ScalarOperator ScalarString="[Recr1027]"><Identifier><ColumnReference Column="Recr1027" /></Identifier></ScalarOperator></RangeExpressions></Prefix></SeekKeys></SeekPredicateNew></SeekPredicates></IndexScan></RelOp><RelOp NodeId="96" PhysicalOp="Clustered Index Seek" LogicalOp="Clustered Index Seek" EstimateRows="1" EstimateIO="0.003125" EstimateCPU="0.0001581" AvgRowSize="4035" EstimatedTotalSubtreeCost="0.00344119" TableCardinality="24814" Parallel="0" EstimateRebinds="0" EstimateRewinds="0.99996" EstimatedExecutionMode="Row"><OutputList><ColumnReference Database="[ERPSASS-Live]" Schema="[Erp]" Table="[Part]" Alias="[Part2]" Column="PartDescription" /></OutputList><IndexScan Ordered="1" ScanDirection="FORWARD" ForcedIndex="0" ForceSeek="0" ForceScan="0" NoExpandHint="0" Storage="RowStore"><DefinedValues><DefinedValue><ColumnReference Database="[ERPSASS-Live]" Schema="[Erp]" Table="[Part]" Alias="[Part2]" Column="PartDescription" /></DefinedValue></DefinedValues><Object Database="[ERPSASS-Live]" Schema="[Erp]" Table="[Part]" Index="[PK_Part]" Alias="[Part2]" TableReferenceId="1" IndexKind="Clustered" Storage="RowStore" /><SeekPredicates><SeekPredicateNew><SeekKeys><Prefix ScanType="EQ"><RangeColumns><ColumnReference Database="[ERPSASS-Live]" Schema="[Erp]" Table="[Part]" Alias="[Part2]" Column="Company" /><ColumnReference Database="[ERPSASS-Live]" Schema="[Erp]" Table="[Part]" Alias="[Part2]" Column="PartNum" /></RangeColumns><RangeExpressions><ScalarOperator ScalarString="[Recr1027]"><Identifier><ColumnReference Column="Recr1027" /></Identifier></ScalarOperator><ScalarOperator ScalarString="[Recr1028]"><Identifier><ColumnReference Column="Recr1028" /></Identifier></ScalarOperator></RangeExpressions></Prefix></SeekKeys></SeekPredicateNew></SeekPredicates></IndexScan></RelOp></NestedLoops></RelOp></NestedLoops></RelOp><RelOp NodeId="97" PhysicalOp="Nested Loops" LogicalOp="Inner Join" EstimateRows="1" EstimateIO="0" EstimateCPU="4.18e-006" AvgRowSize="4035" EstimatedTotalSubtreeCost="0.00753147" Parallel="0" EstimateRebinds="0" EstimateRewinds="2.99984" EstimatedExecutionMode="Row"><OutputList><ColumnReference Database="[ERPSASS-Live]" Schema="[Erp]" Table="[Part]" Column="PartDescription" /></OutputList><NestedLoops Optimized="0"><RelOp NodeId="98" PhysicalOp="Clustered Index Seek" LogicalOp="Clustered Index Seek" EstimateRows="1" EstimateIO="0.003125" EstimateCPU="0.0001581" AvgRowSize="9" EstimatedTotalSubtreeCost="0.00375737" TableCardinality="0" Parallel="0" EstimateRebinds="0" EstimateRewinds="2.99984" EstimatedExecutionMode="Row"><OutputList /><IndexScan Ordered="1" ScanDirection="FORWARD" ForcedIndex="0" ForceSeek="0" ForceScan="0" NoExpandHint="0" Storage="RowStore"><DefinedValues /><Object Table="[@AvailCompLst]" Index="[PK__#BF86AAA__DC890D0C675AC72E]" Alias="[AvailCLst_Part]" TableReferenceId="1" Storage="RowStore" /><SeekPredicates><SeekPredicateNew><SeekKeys><Prefix ScanType="EQ"><RangeColumns><ColumnReference Table="@AvailCompLst" Alias="[AvailCLst_Part]" Column="Company" /></RangeColumns><RangeExpressions><ScalarOperator ScalarString="[Recr1027]"><Identifier><ColumnReference Column="Recr1027" /></Identifier></ScalarOperator></RangeExpressions></Prefix></SeekKeys></SeekPredicateNew></SeekPredicates></IndexScan></RelOp><RelOp NodeId="99" PhysicalOp="Clustered Index Seek" LogicalOp="Clustered Index Seek" EstimateRows="1" EstimateIO="0.003125" EstimateCPU="0.0001581" AvgRowSize="4035" EstimatedTotalSubtreeCost="0.00375737" TableCardinality="24814" Parallel="0" EstimateRebinds="0" EstimateRewinds="2.99984" EstimatedExecutionMode="Row"><OutputList><ColumnReference Database="[ERPSASS-Live]" Schema="[Erp]" Table="[Part]" Column="PartDescription" /></OutputList><IndexScan Ordered="1" ScanDirection="FORWARD" ForcedIndex="0" ForceSeek="0" ForceScan="0" NoExpandHint="0" Storage="RowStore"><DefinedValues><DefinedValue><ColumnReference Database="[ERPSASS-Live]" Schema="[Erp]" Table="[Part]" Column="PartDescription" /></DefinedValue></DefinedValues><Object Database="[ERPSASS-Live]" Schema="[Erp]" Table="[Part]" Index="[PK_Part]" TableReferenceId="1" IndexKind="Clustered" Storage="RowStore" /><SeekPredicates><SeekPredicateNew><SeekKeys><Prefix ScanType="EQ"><RangeColumns><ColumnReference Database="[ERPSASS-Live]" Schema="[Erp]" Table="[Part]" Column="Company" /><ColumnReference Database="[ERPSASS-Live]" Schema="[Erp]" Table="[Part]" Column="PartNum" /></RangeColumns><RangeExpressions><ScalarOperator ScalarString="[Recr1027]"><Identifier><ColumnReference Column="Recr1027" /></Identifier></ScalarOperator><ScalarOperator ScalarString="[Recr1039]"><Identifier><ColumnReference Column="Recr1039" /></Identifier></ScalarOperator></RangeExpressions></Prefix></SeekKeys></SeekPredicateNew></SeekPredicates></IndexScan></RelOp></NestedLoops></RelOp></NestedLoops></RelOp></Sort></RelOp></ComputeScalar></RelOp></StreamAggregate></RelOp><RelOp NodeId="108" PhysicalOp="Compute Scalar" LogicalOp="Compute Scalar" EstimateRows="1" EstimateIO="0" EstimateCPU="1e-007" AvgRowSize="41" EstimatedTotalSubtreeCost="2.71435" Parallel="0" EstimateRebinds="0" EstimateRewinds="0" EstimatedExecutionMode="Row"><OutputList><ColumnReference Column="Expr1131" /></OutputList><ComputeScalar><DefinedValues><DefinedValue><ColumnReference Column="Expr1131" /><ScalarOperator ScalarString="[Expr1128]"><Identifier><ColumnReference Column="Expr1128" /></Identifier></ScalarOperator></DefinedValue></DefinedValues><RelOp NodeId="109" PhysicalOp="Stream Aggregate" LogicalOp="Aggregate" EstimateRows="1" EstimateIO="0" EstimateCPU="1e-006" AvgRowSize="24" EstimatedTotalSubtreeCost="2.71435" Parallel="0" EstimateRebinds="0" EstimateRewinds="0" EstimatedExecutionMode="Row"><OutputList><ColumnReference Column="Expr1128" /></OutputList><StreamAggregate><DefinedValues /><GroupBy><ColumnReference Database="[ERPSASS-Live]" Schema="[Erp]" Table="[Part]" Column="PartDescription" /><ColumnReference Column="Expr1118" /><ColumnReference Column="Recr1097" /><ColumnReference Column="Expr1119" /><ColumnReference Database="[ERPSASS-Live]" Schema="[Erp]" Table="[Part]" Alias="[Part2]" Column="PartDescription" /><ColumnReference Column="Recr1091" /><ColumnReference Database="[ERPSASS-Live]" Schema="[Erp]" Table="[Part]" Alias="[Part1]" Column="PartDescription" /><ColumnReference Column="Recr1101" /><ColumnReference Column="Expr1116" /><ColumnReference Column="Expr1117" /><ColumnReference Database="[ERPSASS-Live]" Schema="[Erp]" Table="[JobAsmbl]" Column="Description" /><ColumnReference Column="Expr1128" /></GroupBy><RelOp NodeId="110" PhysicalOp="Nested Loops" LogicalOp="Inner Join" EstimateRows="1" EstimateIO="0" EstimateCPU="4.18e-006" AvgRowSize="12315" EstimatedTotalSubtreeCost="2.71435" Parallel="0" EstimateRebinds="0" EstimateRewinds="0" EstimatedExecutionMode="Row"><OutputList><ColumnReference Column="Recr1091" /><ColumnReference Column="Recr1097" /><ColumnReference Column="Recr1101" /><ColumnReference Database="[ERPSASS-Live]" Schema="[Erp]" Table="[Part]" Alias="[Part1]" Column="PartDescription" /><ColumnReference Database="[ERPSASS-Live]" Schema="[Erp]" Table="[Part]" Alias="[Part2]" Column="PartDescription" /><ColumnReference Database="[ERPSASS-Live]" Schema="[Erp]" Table="[Part]" Column="PartDescription" /><ColumnReference Column="Expr1116" /><ColumnReference Column="Expr1117" /><ColumnReference Column="Expr1118" /><ColumnReference Column="Expr1119" /><ColumnReference Database="[ERPSASS-Live]" Schema="[Erp]" Table="[JobAsmbl]" Column="Description" /><ColumnReference Column="Expr1128" /></OutputList><NestedLoops Optimized="0"><Predicate><ScalarOperator ScalarString="[Recr1101]=[ERPSASS-Live].[Erp].[JobOper].[OpCode] as [JobOper4].[OpCode] AND [Expr1117]=[ERPSASS-Live].[Erp].[JobAsmbl].[Plant]"><Logical Operation="AND"><ScalarOperator><Compare CompareOp="EQ"><ScalarOperator><Identifier><ColumnReference Column="Recr1101" /></Identifier></ScalarOperator><ScalarOperator><Identifier><ColumnReference Database="[ERPSASS-Live]" Schema="[Erp]" Table="[JobOper]" Alias="[JobOper4]" Column="OpCode" /></Identifier></ScalarOperator></Compare></ScalarOperator><ScalarOperator><Compare CompareOp="EQ"><ScalarOperator><Identifier><ColumnReference Column="Expr1117" /></Identifier></ScalarOperator><ScalarOperator><Identifier><ColumnReference Database="[ERPSASS-Live]" Schema="[Erp]" Table="[JobAsmbl]" Column="Plant" /></Identifier></ScalarOperator></Compare></ScalarOperator></Logical></ScalarOperator></Predicate><RelOp NodeId="111" PhysicalOp="Stream Aggregate" LogicalOp="Aggregate" EstimateRows="1" EstimateIO="0" EstimateCPU="1e-006" AvgRowSize="12204" EstimatedTotalSubtreeCost="0.306936" Parallel="0" EstimateRebinds="0" EstimateRewinds="0" EstimatedExecutionMode="Row"><OutputList><ColumnReference Column="Recr1091" /><ColumnReference Column="Recr1097" /><ColumnReference Column="Recr1101" /><ColumnReference Database="[ERPSASS-Live]" Schema="[Erp]" Table="[Part]" Alias="[Part1]" Column="PartDescription" /><ColumnReference Database="[ERPSASS-Live]" Schema="[Erp]" Table="[Part]" Alias="[Part2]" Column="PartDescription" /><ColumnReference Database="[ERPSASS-Live]" Schema="[Erp]" Table="[Part]" Column="PartDescription" /><ColumnReference Column="Expr1116" /><ColumnReference Column="Expr1117" /><ColumnReference Column="Expr1118" /><ColumnReference Column="Expr1119" /></OutputList><StreamAggregate><DefinedValues /><GroupBy><ColumnReference Database="[ERPSASS-Live]" Schema="[Erp]" Table="[Part]" Column="PartDescription" /><ColumnReference Column="Expr1118" /><ColumnReference Column="Recr1097" /><ColumnReference Column="Expr1119" /><ColumnReference Database="[ERPSASS-Live]" Schema="[Erp]" Table="[Part]" Alias="[Part2]" Column="PartDescription" /><ColumnReference Column="Recr1091" /><ColumnReference Database="[ERPSASS-Live]" Schema="[Erp]" Table="[Part]" Alias="[Part1]" Column="PartDescription" /><ColumnReference Column="Recr1101" /><ColumnReference Column="Expr1116" /><ColumnReference Column="Expr1117" /></GroupBy><RelOp NodeId="112" PhysicalOp="Compute Scalar" LogicalOp="Compute Scalar" EstimateRows="1" EstimateIO="0" EstimateCPU="1e-007" AvgRowSize="12204" EstimatedTotalSubtreeCost="0.306935" Parallel="0" EstimateRebinds="0" EstimateRewinds="0" EstimatedExecutionMode="Row"><OutputList><ColumnReference Column="Recr1091" /><ColumnReference Column="Recr1097" /><ColumnReference Column="Recr1101" /><ColumnReference Database="[ERPSASS-Live]" Schema="[Erp]" Table="[Part]" Alias="[Part1]" Column="PartDescription" /><ColumnReference Database="[ERPSASS-Live]" Schema="[Erp]" Table="[Part]" Alias="[Part2]" Column="PartDescription" /><ColumnReference Database="[ERPSASS-Live]" Schema="[Erp]" Table="[Part]" Column="PartDescription" /><ColumnReference Column="Expr1116" /><ColumnReference Column="Expr1117" /><ColumnReference Column="Expr1118" /><ColumnReference Column="Expr1119" /></OutputList><ComputeScalar><DefinedValues><DefinedValue><ColumnReference Column="Expr1118" /><ScalarOperator ScalarString="[Recr1097]+(1)"><Arithmetic Operation="ADD"><ScalarOperator><Identifier><ColumnReference Column="Recr1097" /></Identifier></ScalarOperator><ScalarOperator><Const ConstValue="(1)" /></ScalarOperator></Arithmetic></ScalarOperator></DefinedValue><DefinedValue><ColumnReference Column="Expr1119" /><ScalarOperator ScalarString="[Recr1097]-(1)"><Arithmetic Operation="SUB"><ScalarOperator><Identifier><ColumnReference Column="Recr1097" /></Identifier></ScalarOperator><ScalarOperator><Const ConstValue="(1)" /></ScalarOperator></Arithmetic></ScalarOperator></DefinedValue></DefinedValues><RelOp NodeId="113" PhysicalOp="Sort" LogicalOp="Distinct Sort" EstimateRows="1" EstimateIO="0.0112613" EstimateCPU="0.000149634" AvgRowSize="12195" EstimatedTotalSubtreeCost="0.306935" Parallel="0" EstimateRebinds="0" EstimateRewinds="0" EstimatedExecutionMode="Row"><OutputList><ColumnReference Column="Recr1091" /><ColumnReference Column="Recr1097" /><ColumnReference Column="Recr1101" /><ColumnReference Database="[ERPSASS-Live]" Schema="[Erp]" Table="[Part]" Alias="[Part1]" Column="PartDescription" /><ColumnReference Database="[ERPSASS-Live]" Schema="[Erp]" Table="[Part]" Alias="[Part2]" Column="PartDescription" /><ColumnReference Database="[ERPSASS-Live]" Schema="[Erp]" Table="[Part]" Column="PartDescription" /><ColumnReference Column="Expr1116" /><ColumnReference Column="Expr1117" /></OutputList><MemoryFractions Input="0.0697987" Output="0.0697987" /><Sort Distinct="1"><OrderBy><OrderByColumn Ascending="1"><ColumnReference Database="[ERPSASS-Live]" Schema="[Erp]" Table="[Part]" Column="PartDescription" /></OrderByColumn><OrderByColumn Ascending="1"><ColumnReference Column="Recr1097" /></OrderByColumn><OrderByColumn Ascending="1"><ColumnReference Database="[ERPSASS-Live]" Schema="[Erp]" Table="[Part]" Alias="[Part2]" Column="PartDescription" /></OrderByColumn><OrderByColumn Ascending="1"><ColumnReference Column="Recr1091" /></OrderByColumn><OrderByColumn Ascending="1"><ColumnReference Database="[ERPSASS-Live]" Schema="[Erp]" Table="[Part]" Alias="[Part1]" Column="PartDescription" /></OrderByColumn><OrderByColumn Ascending="1"><ColumnReference Column="Recr1101" /></OrderByColumn><OrderByColumn Ascending="1"><ColumnReference Column="Expr1116" /></OrderByColumn><OrderByColumn Ascending="1"><ColumnReference Column="Expr1117" /></OrderByColumn><OrderByColumn Ascending="1"><ColumnReference Column="Recr1094" /></OrderByColumn><OrderByColumn Ascending="1"><ColumnReference Column="Recr1096" /></OrderByColumn></OrderBy><RelOp NodeId="114" PhysicalOp="Nested Loops" LogicalOp="Left Outer Join" EstimateRows="7.99952" EstimateIO="0" EstimateCPU="1.67193e-005" AvgRowSize="12239" EstimatedTotalSubtreeCost="0.295524" Parallel="0" EstimateRebinds="0" EstimateRewinds="0" EstimatedExecutionMode="Row"><OutputList><ColumnReference Column="Recr1091" /><ColumnReference Column="Recr1094" /><ColumnReference Column="Recr1096" /><ColumnReference Column="Recr1097" /><ColumnReference Column="Recr1101" /><ColumnReference Database="[ERPSASS-Live]" Schema="[Erp]" Table="[Part]" Alias="[Part1]" Column="PartDescription" /><ColumnReference Database="[ERPSASS-Live]" Schema="[Erp]" Table="[Part]" Alias="[Part2]" Column="PartDescription" /><ColumnReference Database="[ERPSASS-Live]" Schema="[Erp]" Table="[Part]" Column="PartDescription" /><ColumnReference Column="Expr1116" /><ColumnReference Column="Expr1117" /></OutputList><NestedLoops Optimized="0"><OuterReferences><ColumnReference Column="Recr1087" /><ColumnReference Column="Recr1099" /></OuterReferences><RelOp NodeId="115" PhysicalOp="Nested Loops" LogicalOp="Left Outer Join" EstimateRows="3.99984" EstimateIO="0" EstimateCPU="8.35983e-006" AvgRowSize="8275" EstimatedTotalSubtreeCost="0.287976" Parallel="0" EstimateRebinds="0" EstimateRewinds="0" EstimatedExecutionMode="Row"><OutputList><ColumnReference Column="Recr1087" /><ColumnReference Column="Recr1091" /><ColumnReference Column="Recr1094" /><ColumnReference Column="Recr1096" /><ColumnReference Column="Recr1097" /><ColumnReference Column="Recr1099" /><ColumnReference Column="Recr1101" /><ColumnReference Database="[ERPSASS-Live]" Schema="[Erp]" Table="[Part]" Alias="[Part1]" Column="PartDescription" /><ColumnReference Database="[ERPSASS-Live]" Schema="[Erp]" Table="[Part]" Alias="[Part2]" Column="PartDescription" /><ColumnReference Column="Expr1116" /><ColumnReference Column="Expr1117" /></OutputList><NestedLoops Optimized="0"><OuterReferences><ColumnReference Column="Recr1087" /><ColumnReference Column="Recr1088" /></OuterReferences><RelOp NodeId="116" PhysicalOp="Nested Loops" LogicalOp="Left Outer Join" EstimateRows="1.99996" EstimateIO="0" EstimateCPU="4.18e-006" AvgRowSize="4301" EstimatedTotalSubtreeCost="0.281077" Parallel="0" EstimateRebinds="0" EstimateRewinds="0" EstimatedExecutionMode="Row"><OutputList><ColumnReference Column="Recr1087" /><ColumnReference Column="Recr1088" /><ColumnReference Column="Recr1091" /><ColumnReference Column="Recr1094" /><ColumnReference Column="Recr1096" /><ColumnReference Column="Recr1097" /><ColumnReference Column="Recr1099" /><ColumnReference Column="Recr1101" /><ColumnReference Database="[ERPSASS-Live]" Schema="[Erp]" Table="[Part]" Alias="[Part1]" Column="PartDescription" /><ColumnReference Column="Expr1116" /><ColumnReference Column="Expr1117" /></OutputList><NestedLoops Optimized="0"><OuterReferences><ColumnReference Column="Recr1087" /><ColumnReference Column="Recr1091" /></OuterReferences><RelOp NodeId="117" PhysicalOp="Compute Scalar" LogicalOp="Compute Scalar" EstimateRows="1" EstimateIO="0" EstimateCPU="1e-007" AvgRowSize="275" EstimatedTotalSubtreeCost="0.274502" Parallel="0" EstimateRebinds="0" EstimateRewinds="0" EstimatedExecutionMode="Row"><OutputList><ColumnReference Column="Recr1087" /><ColumnReference Column="Recr1088" /><ColumnReference Column="Recr1091" /><ColumnReference Column="Recr1094" /><ColumnReference Column="Recr1096" /><ColumnReference Column="Recr1097" /><ColumnReference Column="Recr1099" /><ColumnReference Column="Recr1101" /><ColumnReference Column="Expr1116" /><ColumnReference Column="Expr1117" /></OutputList><ComputeScalar><DefinedValues><DefinedValue><ColumnReference Column="Expr1116" /><ScalarOperator ScalarString="[ERPSASS-Live].[Erp].[OpMaster].[OpDesc]"><Identifier><ColumnReference Database="[ERPSASS-Live]" Schema="[Erp]" Table="[OpMaster]" Column="OpDesc" /></Identifier></ScalarOperator></DefinedValue><DefinedValue><ColumnReference Column="Expr1117" /><ScalarOperator ScalarString="[ERPSASS-Live].[Erp].[OpMasDtl].[Plant]"><Identifier><ColumnReference Database="[ERPSASS-Live]" Schema="[Erp]" Table="[OpMasDtl]" Column="Plant" /></Identifier></ScalarOperator></DefinedValue></DefinedValues><RelOp NodeId="118" PhysicalOp="Sort" LogicalOp="Distinct Sort" EstimateRows="1" EstimateIO="0.0112613" EstimateCPU="0.000111299" AvgRowSize="233" EstimatedTotalSubtreeCost="0.274502" Parallel="0" EstimateRebinds="0" EstimateRewinds="0" EstimatedExecutionMode="Row"><OutputList><ColumnReference Column="Recr1087" /><ColumnReference Column="Recr1088" /><ColumnReference Column="Recr1091" /><ColumnReference Column="Recr1094" /><ColumnReference Column="Recr1096" /><ColumnReference Column="Recr1097" /><ColumnReference Column="Recr1099" /><ColumnReference Column="Recr1101" /><ColumnReference Database="[ERPSASS-Live]" Schema="[Erp]" Table="[OpMaster]" Column="OpDesc" /><ColumnReference Database="[ERPSASS-Live]" Schema="[Erp]" Table="[OpMasDtl]" Column="Plant" /></OutputList><MemoryFractions Input="0.00447427" Output="0.0107383" /><Sort Distinct="1"><OrderBy><OrderByColumn Ascending="1"><ColumnReference Column="Recr1087" /></OrderByColumn><OrderByColumn Ascending="1"><ColumnReference Column="Recr1089" /></OrderByColumn><OrderByColumn Ascending="1"><ColumnReference Column="Recr1090" /></OrderByColumn><OrderByColumn Ascending="1"><ColumnReference Column="Recr1091" /></OrderByColumn><OrderByColumn Ascending="1"><ColumnReference Column="Recr1092" /></OrderByColumn><OrderByColumn Ascending="1"><ColumnReference Column="Recr1093" /></OrderByColumn><OrderByColumn Ascending="1"><ColumnReference Column="Recr1094" /></OrderByColumn><OrderByColumn Ascending="1"><ColumnReference Column="Recr1096" /></OrderByColumn><OrderByColumn Ascending="1"><ColumnReference Column="Recr1097" /></OrderByColumn><OrderByColumn Ascending="1"><ColumnReference Column="Recr1098" /></OrderByColumn><OrderByColumn Ascending="1"><ColumnReference Column="Recr1100" /></OrderByColumn><OrderByColumn Ascending="1"><ColumnReference Column="Recr1101" /></OrderByColumn><OrderByColumn Ascending="1"><ColumnReference Database="[ERPSASS-Live]" Schema="[Erp]" Table="[OpMasDtl]" Column="Plant" /></OrderByColumn></OrderBy><RelOp NodeId="119" PhysicalOp="Hash Match" LogicalOp="Inner Join" EstimateRows="3.71542" EstimateIO="0" EstimateCPU="0.03137" AvgRowSize="324" EstimatedTotalSubtreeCost="0.26313" Parallel="0" EstimateRebinds="0" EstimateRewinds="0" EstimatedExecutionMode="Row"><OutputList><ColumnReference Column="Recr1087" /><ColumnReference Column="Recr1088" /><ColumnReference Column="Recr1089" /><ColumnReference Column="Recr1090" /><ColumnReference Column="Recr1091" /><ColumnReference Column="Recr1092" /><ColumnReference Column="Recr1093" /><ColumnReference Column="Recr1094" /><ColumnReference Column="Recr1096" /><ColumnReference Column="Recr1097" /><ColumnReference Column="Recr1098" /><ColumnReference Column="Recr1099" /><ColumnReference Column="Recr1100" /><ColumnReference Column="Recr1101" /><ColumnReference Database="[ERPSASS-Live]" Schema="[Erp]" Table="[OpMaster]" Column="OpDesc" /><ColumnReference Database="[ERPSASS-Live]" Schema="[Erp]" Table="[OpMasDtl]" Column="Plant" /></OutputList><MemoryFractions Input="0.00947493" Output="0.00894855" /><Hash><DefinedValues /><HashKeysBuild><ColumnReference Column="Recr1087" /><ColumnReference Column="Recr1101" /></HashKeysBuild><HashKeysProbe><ColumnReference Database="[ERPSASS-Live]" Schema="[Erp]" Table="[OpMaster]" Column="Company" /><ColumnReference Database="[ERPSASS-Live]" Schema="[Erp]" Table="[OpMaster]" Column="OpCode" /></HashKeysProbe><ProbeResidual><ScalarOperator ScalarString="[ERPSASS-Live].[Erp].[OpMaster].[Company]=[Recr1087] AND [ERPSASS-Live].[Erp].[OpMaster].[OpCode]=[Recr1101]"><Logical Operation="AND"><ScalarOperator><Compare CompareOp="EQ"><ScalarOperator><Identifier><ColumnReference Database="[ERPSASS-Live]" Schema="[Erp]" Table="[OpMaster]" Column="Company" /></Identifier></ScalarOperator><ScalarOperator><Identifier><ColumnReference Column="Recr1087" /></Identifier></ScalarOperator></Compare></ScalarOperator><ScalarOperator><Compare CompareOp="EQ"><ScalarOperator><Identifier><ColumnReference Database="[ERPSASS-Live]" Schema="[Erp]" Table="[OpMaster]" Column="OpCode" /></Identifier></ScalarOperator><ScalarOperator><Identifier><ColumnReference Column="Recr1101" /></Identifier></ScalarOperator></Compare></ScalarOperator></Logical></ScalarOperator></ProbeResidual><RelOp NodeId="120" PhysicalOp="Sort" LogicalOp="Distinct Sort" EstimateRows="1.51787" EstimateIO="0.0112613" EstimateCPU="0.000101708" AvgRowSize="282" EstimatedTotalSubtreeCost="0.0593178" Parallel="0" EstimateRebinds="0" EstimateRewinds="0" EstimatedExecutionMode="Row"><OutputList><ColumnReference Column="Recr1087" /><ColumnReference Column="Recr1088" /><ColumnReference Column="Recr1089" /><ColumnReference Column="Recr1090" /><ColumnReference Column="Recr1091" /><ColumnReference Column="Recr1092" /><ColumnReference Column="Recr1093" /><ColumnReference Column="Recr1094" /><ColumnReference Column="Recr1096" /><ColumnReference Column="Recr1097" /><ColumnReference Column="Recr1098" /><ColumnReference Column="Recr1099" /><ColumnReference Column="Recr1100" /><ColumnReference Column="Recr1101" /></OutputList><MemoryFractions Input="0.0805369" Output="0.071062" /><Sort Distinct="1"><OrderBy><OrderByColumn Ascending="1"><ColumnReference Column="Recr1087" /></OrderByColumn><OrderByColumn Ascending="1"><ColumnReference Column="Recr1089" /></OrderByColumn><OrderByColumn Ascending="1"><ColumnReference Column="Recr1090" /></OrderByColumn><OrderByColumn Ascending="1"><ColumnReference Column="Recr1091" /></OrderByColumn><OrderByColumn Ascending="1"><ColumnReference Column="Recr1092" /></OrderByColumn><OrderByColumn Ascending="1"><ColumnReference Column="Recr1093" /></OrderByColumn><OrderByColumn Ascending="1"><ColumnReference Column="Recr1094" /></OrderByColumn><OrderByColumn Ascending="1"><ColumnReference Column="Recr1096" /></OrderByColumn><OrderByColumn Ascending="1"><ColumnReference Column="Recr1097" /></OrderByColumn><OrderByColumn Ascending="1"><ColumnReference Column="Recr1098" /></OrderByColumn><OrderByColumn Ascending="1"><ColumnReference Column="Recr1100" /></OrderByColumn><OrderByColumn Ascending="1"><ColumnReference Column="Recr1101" /></OrderByColumn></OrderBy><RelOp NodeId="121" PhysicalOp="Filter" LogicalOp="Filter" EstimateRows="1.51803" EstimateIO="0" EstimateCPU="4.67307e-006" AvgRowSize="282" EstimatedTotalSubtreeCost="0.0479548" Parallel="0" EstimateRebinds="0" EstimateRewinds="0" EstimatedExecutionMode="Row"><OutputList><ColumnReference Column="Recr1087" /><ColumnReference Column="Recr1088" /><ColumnReference Column="Recr1089" /><ColumnReference Column="Recr1090" /><ColumnReference Column="Recr1091" /><ColumnReference Column="Recr1092" /><ColumnReference Column="Recr1093" /><ColumnReference Column="Recr1094" /><ColumnReference Column="Recr1096" /><ColumnReference Column="Recr1097" /><ColumnReference Column="Recr1098" /><ColumnReference Column="Recr1099" /><ColumnReference Column="Recr1100" /><ColumnReference Column="Recr1101" /></OutputList><Filter StartupExpression="0"><RelOp NodeId="122" PhysicalOp="Index Spool" LogicalOp="Lazy Spool" EstimateRows="5.31031" EstimateIO="0" EstimateCPU="1.32758e-008" AvgRowSize="282" EstimatedTotalSubtreeCost="0.0479502" Parallel="0" EstimateRebinds="0" EstimateRewinds="0" EstimatedExecutionMode="Row"><OutputList><ColumnReference Column="Expr1267" /><ColumnReference Column="Recr1087" /><ColumnReference Column="Recr1088" /><ColumnReference Column="Recr1089" /><ColumnReference Column="Recr1090" /><ColumnReference Column="Recr1091" /><ColumnReference Column="Recr1092" /><ColumnReference Column="Recr1093" /><ColumnReference Column="Recr1094" /><ColumnReference Column="Recr1095" /><ColumnReference Column="Recr1096" /><ColumnReference Column="Recr1097" /><ColumnReference Column="Recr1098" /><ColumnReference Column="Recr1099" /><ColumnReference Column="Recr1100" /><ColumnReference Column="Recr1101" /></OutputList><Spool Stack="1"><RelOp NodeId="123" PhysicalOp="Concatenation" LogicalOp="Concatenation" EstimateRows="5.31031" EstimateIO="0" EstimateCPU="2.65515e-009" AvgRowSize="282" EstimatedTotalSubtreeCost="0.0426444" Parallel="0" EstimateRebinds="0" EstimateRewinds="0" EstimatedExecutionMode="Row"><OutputList><ColumnReference Column="Expr1267" /><ColumnReference Column="Recr1087" /><ColumnReference Column="Recr1088" /><ColumnReference Column="Recr1089" /><ColumnReference Column="Recr1090" /><ColumnReference Column="Recr1091" /><ColumnReference Column="Recr1092" /><ColumnReference Column="Recr1093" /><ColumnReference Column="Recr1094" /><ColumnReference Column="Recr1095" /><ColumnReference Column="Recr1096" /><ColumnReference Column="Recr1097" /><ColumnReference Column="Recr1098" /><ColumnReference Column="Recr1099" /><ColumnReference Column="Recr1100" /><ColumnReference Column="Recr1101" /></OutputList><Concat><DefinedValues><DefinedValue><ColumnReference Column="Expr1267" /><ColumnReference Column="Expr1264" /><ColumnReference Column="Expr1266" /></DefinedValue><DefinedValue><ColumnReference Column="Recr1087" /><ColumnReference Database="[ERPSASS-Live]" Schema="[Erp]" Table="[PartMtl]" Column="Company" /><ColumnReference Database="[ERPSASS-Live]" Schema="[Erp]" Table="[PartMtl]" Alias="[PartMtl1]" Column="Company" /></DefinedValue><DefinedValue><ColumnReference Column="Recr1088" /><ColumnReference Database="[ERPSASS-Live]" Schema="[Erp]" Table="[PartMtl]" Column="PartNum" /><ColumnReference Database="[ERPSASS-Live]" Schema="[Erp]" Table="[PartMtl]" Alias="[PartMtl1]" Column="PartNum" /></DefinedValue><DefinedValue><ColumnReference Column="Recr1089" /><ColumnReference Database="[ERPSASS-Live]" Schema="[Erp]" Table="[PartMtl]" Column="RevisionNum" /><ColumnReference Database="[ERPSASS-Live]" Schema="[Erp]" Table="[PartMtl]" Alias="[PartMtl1]" Column="RevisionNum" /></DefinedValue><DefinedValue><ColumnReference Column="Recr1090" /><ColumnReference Database="[ERPSASS-Live]" Schema="[Erp]" Table="[PartMtl]" Column="MtlSeq" /><ColumnReference Database="[ERPSASS-Live]" Schema="[Erp]" Table="[PartMtl]" Alias="[PartMtl1]" Column="MtlSeq" /></DefinedValue><DefinedValue><ColumnReference Column="Recr1091" /><ColumnReference Database="[ERPSASS-Live]" Schema="[Erp]" Table="[PartMtl]" Column="MtlPartNum" /><ColumnReference Database="[ERPSASS-Live]" Schema="[Erp]" Table="[PartMtl]" Alias="[PartMtl1]" Column="MtlPartNum" /></DefinedValue><DefinedValue><ColumnReference Column="Recr1092" /><ColumnReference Database="[ERPSASS-Live]" Schema="[Erp]" Table="[PartMtl]" Column="QtyPer" /><ColumnReference Database="[ERPSASS-Live]" Schema="[Erp]" Table="[PartMtl]" Alias="[PartMtl1]" Column="QtyPer" /></DefinedValue><DefinedValue><ColumnReference Column="Recr1093" /><ColumnReference Database="[ERPSASS-Live]" Schema="[Erp]" Table="[PartMtl]" Column="RelatedOperation" /><ColumnReference Database="[ERPSASS-Live]" Schema="[Erp]" Table="[PartMtl]" Alias="[PartMtl1]" Column="RelatedOperation" /></DefinedValue><DefinedValue><ColumnReference Column="Recr1094" /><ColumnReference Database="[ERPSASS-Live]" Schema="[Erp]" Table="[PartMtl]" Column="PullAsAsm" /><ColumnReference Database="[ERPSASS-Live]" Schema="[Erp]" Table="[PartMtl]" Alias="[PartMtl1]" Column="PullAsAsm" /></DefinedValue><DefinedValue><ColumnReference Column="Recr1095" /><ColumnReference Database="[ERPSASS-Live]" Schema="[Erp]" Table="[PartMtl]" Column="ViewAsAsm" /><ColumnReference Database="[ERPSASS-Live]" Schema="[Erp]" Table="[PartMtl]" Alias="[PartMtl1]" Column="ViewAsAsm" /></DefinedValue><DefinedValue><ColumnReference Column="Recr1096" /><ColumnReference Database="[ERPSASS-Live]" Schema="[Erp]" Table="[PartMtl]" Column="PlanAsAsm" /><ColumnReference Database="[ERPSASS-Live]" Schema="[Erp]" Table="[PartMtl]" Alias="[PartMtl1]" Column="PlanAsAsm" /></DefinedValue><DefinedValue><ColumnReference Column="Recr1097" /><ColumnReference Column="Expr1065" /><ColumnReference Column="Expr1085" /></DefinedValue><DefinedValue><ColumnReference Column="Recr1098" /><ColumnReference Column="Expr1066" /><ColumnReference Column="Expr1086" /></DefinedValue><DefinedValue><ColumnReference Column="Recr1099" /><ColumnReference Database="[ERPSASS-Live]" Schema="[Erp]" Table="[PartMtl]" Column="PartNum" /><ColumnReference Column="Recr1081" /></DefinedValue><DefinedValue><ColumnReference Column="Recr1100" /><ColumnReference Database="[ERPSASS-Live]" Schema="[Erp]" Table="[PartMtl]" Column="UOMCode" /><ColumnReference Database="[ERPSASS-Live]" Schema="[Erp]" Table="[PartMtl]" Alias="[PartMtl1]" Column="UOMCode" /></DefinedValue><DefinedValue><ColumnReference Column="Recr1101" /><ColumnReference Database="[ERPSASS-Live]" Schema="[Erp]" Table="[PartOpr]" Column="OpCode" /><ColumnReference Database="[ERPSASS-Live]" Schema="[Erp]" Table="[PartOpr]" Alias="[PartOpr1]" Column="OpCode" /></DefinedValue></DefinedValues><RelOp NodeId="124" PhysicalOp="Compute Scalar" LogicalOp="Compute Scalar" EstimateRows="1" EstimateIO="0" EstimateCPU="2.65515e-008" AvgRowSize="282" EstimatedTotalSubtreeCost="2.65515e-008" Parallel="0" EstimateRebinds="5.31031" EstimateRewinds="0" EstimatedExecutionMode="Row"><OutputList><ColumnReference Column="Expr1264" /><ColumnReference Database="[ERPSASS-Live]" Schema="[Erp]" Table="[PartMtl]" Column="Company" /><ColumnReference Database="[ERPSASS-Live]" Schema="[Erp]" Table="[PartMtl]" Column="PartNum" /><ColumnReference Database="[ERPSASS-Live]" Schema="[Erp]" Table="[PartMtl]" Column="RevisionNum" /><ColumnReference Database="[ERPSASS-Live]" Schema="[Erp]" Table="[PartMtl]" Column="MtlSeq" /><ColumnReference Database="[ERPSASS-Live]" Schema="[Erp]" Table="[PartMtl]" Column="MtlPartNum" /><ColumnReference Database="[ERPSASS-Live]" Schema="[Erp]" Table="[PartMtl]" Column="QtyPer" /><ColumnReference Database="[ERPSASS-Live]" Schema="[Erp]" Table="[PartMtl]" Column="RelatedOperation" /><ColumnReference Database="[ERPSASS-Live]" Schema="[Erp]" Table="[PartMtl]" Column="PullAsAsm" /><ColumnReference Database="[ERPSASS-Live]" Schema="[Erp]" Table="[PartMtl]" Column="ViewAsAsm" /><ColumnReference Database="[ERPSASS-Live]" Schema="[Erp]" Table="[PartMtl]" Column="PlanAsAsm" /><ColumnReference Column="Expr1065" /><ColumnReference Column="Expr1066" /><ColumnReference Database="[ERPSASS-Live]" Schema="[Erp]" Table="[PartMtl]" Column="PartNum" /><ColumnReference Database="[ERPSASS-Live]" Schema="[Erp]" Table="[PartMtl]" Column="UOMCode" /><ColumnReference Database="[ERPSASS-Live]" Schema="[Erp]" Table="[PartOpr]" Column="OpCode" /></OutputList><ComputeScalar><DefinedValues><DefinedValue><ColumnReference Column="Expr1264" /><ScalarOperator ScalarString="(0)"><Const ConstValue="(0)" /></ScalarOperator></DefinedValue></DefinedValues><RelOp NodeId="125" PhysicalOp="Compute Scalar" LogicalOp="Compute Scalar" EstimateRows="1.32758" EstimateIO="0" EstimateCPU="1.32758e-007" AvgRowSize="230" EstimatedTotalSubtreeCost="0.00988693" Parallel="0" EstimateRebinds="0" EstimateRewinds="0" EstimatedExecutionMode="Row"><OutputList><ColumnReference Database="[ERPSASS-Live]" Schema="[Erp]" Table="[PartMtl]" Column="Company" /><ColumnReference Database="[ERPSASS-Live]" Schema="[Erp]" Table="[PartMtl]" Column="PartNum" /><ColumnReference Database="[ERPSASS-Live]" Schema="[Erp]" Table="[PartMtl]" Column="RevisionNum" /><ColumnReference Database="[ERPSASS-Live]" Schema="[Erp]" Table="[PartMtl]" Column="MtlSeq" /><ColumnReference Database="[ERPSASS-Live]" Schema="[Erp]" Table="[PartMtl]" Column="MtlPartNum" /><ColumnReference Database="[ERPSASS-Live]" Schema="[Erp]" Table="[PartMtl]" Column="QtyPer" /><ColumnReference Database="[ERPSASS-Live]" Schema="[Erp]" Table="[PartMtl]" Column="RelatedOperation" /><ColumnReference Database="[ERPSASS-Live]" Schema="[Erp]" Table="[PartMtl]" Column="PullAsAsm" /><ColumnReference Database="[ERPSASS-Live]" Schema="[Erp]" Table="[PartMtl]" Column="ViewAsAsm" /><ColumnReference Database="[ERPSASS-Live]" Schema="[Erp]" Table="[PartMtl]" Column="UOMCode" /><ColumnReference Database="[ERPSASS-Live]" Schema="[Erp]" Table="[PartMtl]" Column="PlanAsAsm" /><ColumnReference Database="[ERPSASS-Live]" Schema="[Erp]" Table="[PartOpr]" Column="OpCode" /><ColumnReference Column="Expr1065" /><ColumnReference Column="Expr1066" /></OutputList><ComputeScalar><DefinedValues><DefinedValue><ColumnReference Column="Expr1065" /><ScalarOperator ScalarString="(1)"><Const ConstValue="(1)" /></ScalarOperator></DefinedValue></DefinedValues><RelOp NodeId="126" PhysicalOp="Compute Scalar" LogicalOp="Compute Scalar" EstimateRows="1.32758" EstimateIO="0" EstimateCPU="1.32758e-007" AvgRowSize="226" EstimatedTotalSubtreeCost="0.0098868" Parallel="0" EstimateRebinds="0" EstimateRewinds="0" EstimatedExecutionMode="Row"><OutputList><ColumnReference Database="[ERPSASS-Live]" Schema="[Erp]" Table="[PartMtl]" Column="Company" /><ColumnReference Database="[ERPSASS-Live]" Schema="[Erp]" Table="[PartMtl]" Column="PartNum" /><ColumnReference Database="[ERPSASS-Live]" Schema="[Erp]" Table="[PartMtl]" Column="RevisionNum" /><ColumnReference Database="[ERPSASS-Live]" Schema="[Erp]" Table="[PartMtl]" Column="MtlSeq" /><ColumnReference Database="[ERPSASS-Live]" Schema="[Erp]" Table="[PartMtl]" Column="MtlPartNum" /><ColumnReference Database="[ERPSASS-Live]" Schema="[Erp]" Table="[PartMtl]" Column="QtyPer" /><ColumnReference Database="[ERPSASS-Live]" Schema="[Erp]" Table="[PartMtl]" Column="RelatedOperation" /><ColumnReference Database="[ERPSASS-Live]" Schema="[Erp]" Table="[PartMtl]" Column="PullAsAsm" /><ColumnReference Database="[ERPSASS-Live]" Schema="[Erp]" Table="[PartMtl]" Column="ViewAsAsm" /><ColumnReference Database="[ERPSASS-Live]" Schema="[Erp]" Table="[PartMtl]" Column="UOMCode" /><ColumnReference Database="[ERPSASS-Live]" Schema="[Erp]" Table="[PartMtl]" Column="PlanAsAsm" /><ColumnReference Database="[ERPSASS-Live]" Schema="[Erp]" Table="[PartOpr]" Column="OpCode" /><ColumnReference Column="Expr1066" /></OutputList><ComputeScalar><DefinedValues><DefinedValue><ColumnReference Column="Expr1066" /><ScalarOperator ScalarString="CONVERT(nvarchar(50),N'..'+[ERPSASS-Live].[Erp].[PartMtl].[MtlPartNum],0)"><Convert DataType="nvarchar" Length="100" Style="0" Implicit="0"><ScalarOperator><Arithmetic Operation="ADD"><ScalarOperator><Const ConstValue="N'..'" /></ScalarOperator><ScalarOperator><Identifier><ColumnReference Database="[ERPSASS-Live]" Schema="[Erp]" Table="[PartMtl]" Column="MtlPartNum" /></Identifier></ScalarOperator></Arithmetic></ScalarOperator></Convert></ScalarOperator></DefinedValue></DefinedValues><RelOp NodeId="127" PhysicalOp="Nested Loops" LogicalOp="Inner Join" EstimateRows="1.32758" EstimateIO="0" EstimateCPU="5.54927e-006" AvgRowSize="174" EstimatedTotalSubtreeCost="0.00988666" Parallel="0" EstimateRebinds="0" EstimateRewinds="0" EstimatedExecutionMode="Row"><OutputList><ColumnReference Database="[ERPSASS-Live]" Schema="[Erp]" Table="[PartMtl]" Column="Company" /><ColumnReference Database="[ERPSASS-Live]" Schema="[Erp]" Table="[PartMtl]" Column="PartNum" /><ColumnReference Database="[ERPSASS-Live]" Schema="[Erp]" Table="[PartMtl]" Column="RevisionNum" /><ColumnReference Database="[ERPSASS-Live]" Schema="[Erp]" Table="[PartMtl]" Column="MtlSeq" /><ColumnReference Database="[ERPSASS-Live]" Schema="[Erp]" Table="[PartMtl]" Column="MtlPartNum" /><ColumnReference Database="[ERPSASS-Live]" Schema="[Erp]" Table="[PartMtl]" Column="QtyPer" /><ColumnReference Database="[ERPSASS-Live]" Schema="[Erp]" Table="[PartMtl]" Column="RelatedOperation" /><ColumnReference Database="[ERPSASS-Live]" Schema="[Erp]" Table="[PartMtl]" Column="PullAsAsm" /><ColumnReference Database="[ERPSASS-Live]" Schema="[Erp]" Table="[PartMtl]" Column="ViewAsAsm" /><ColumnReference Database="[ERPSASS-Live]" Schema="[Erp]" Table="[PartMtl]" Column="UOMCode" /><ColumnReference Database="[ERPSASS-Live]" Schema="[Erp]" Table="[PartMtl]" Column="PlanAsAsm" /><ColumnReference Database="[ERPSASS-Live]" Schema="[Erp]" Table="[PartOpr]" Column="OpCode" /></OutputList><NestedLoops Optimized="0"><OuterReferences><ColumnReference Database="[ERPSASS-Live]" Schema="[Erp]" Table="[PartOpr]" Column="Company" /><ColumnReference Database="[ERPSASS-Live]" Schema="[Erp]" Table="[PartOpr]" Column="RevisionNum" /><ColumnReference Database="[ERPSASS-Live]" Schema="[Erp]" Table="[PartOpr]" Column="AltMethod" /></OuterReferences><RelOp NodeId="128" PhysicalOp="Nested Loops" LogicalOp="Inner Join" EstimateRows="1.16806" EstimateIO="0" EstimateCPU="4.8825e-006" AvgRowSize="57" EstimatedTotalSubtreeCost="0.00657127" Parallel="0" EstimateRebinds="0" EstimateRewinds="0" EstimatedExecutionMode="Row"><OutputList><ColumnReference Database="[ERPSASS-Live]" Schema="[Erp]" Table="[PartOpr]" Column="Company" /><ColumnReference Database="[ERPSASS-Live]" Schema="[Erp]" Table="[PartOpr]" Column="RevisionNum" /><ColumnReference Database="[ERPSASS-Live]" Schema="[Erp]" Table="[PartOpr]" Column="OpCode" /><ColumnReference Database="[ERPSASS-Live]" Schema="[Erp]" Table="[PartOpr]" Column="AltMethod" /></OutputList><NestedLoops Optimized="0"><OuterReferences><ColumnReference Table="@AvailCompLst" Alias="[AvailCLst_PartMtl]" Column="Company" /></OuterReferences><RelOp NodeId="129" PhysicalOp="Clustered Index Scan" LogicalOp="Clustered Index Scan" EstimateRows="1" EstimateIO="0.003125" EstimateCPU="0.0001581" AvgRowSize="23" EstimatedTotalSubtreeCost="0.0032831" TableCardinality="0" Parallel="0" EstimateRebinds="0" EstimateRewinds="0" EstimatedExecutionMode="Row"><OutputList><ColumnReference Table="@AvailCompLst" Alias="[AvailCLst_PartMtl]" Column="Company" /></OutputList><IndexScan Ordered="0" ForcedIndex="0" ForceScan="0" NoExpandHint="0" Storage="RowStore"><DefinedValues><DefinedValue><ColumnReference Table="@AvailCompLst" Alias="[AvailCLst_PartMtl]" Column="Company" /></DefinedValue></DefinedValues><Object Table="[@AvailCompLst]" Index="[PK__#BF86AAA__DC890D0C675AC72E]" Alias="[AvailCLst_PartMtl]" TableReferenceId="2" Storage="RowStore" /></IndexScan></RelOp><RelOp NodeId="130" PhysicalOp="Clustered Index Seek" LogicalOp="Clustered Index Seek" EstimateRows="1.16806" EstimateIO="0.003125" EstimateCPU="0.000158285" AvgRowSize="57" EstimatedTotalSubtreeCost="0.00328328" TableCardinality="8090" Parallel="0" EstimateRebinds="0" EstimateRewinds="0" EstimatedExecutionMode="Row"><OutputList><ColumnReference Database="[ERPSASS-Live]" Schema="[Erp]" Table="[PartOpr]" Column="Company" /><ColumnReference Database="[ERPSASS-Live]" Schema="[Erp]" Table="[PartOpr]" Column="RevisionNum" /><ColumnReference Database="[ERPSASS-Live]" Schema="[Erp]" Table="[PartOpr]" Column="OpCode" /><ColumnReference Database="[ERPSASS-Live]" Schema="[Erp]" Table="[PartOpr]" Column="AltMethod" /></OutputList><IndexScan Ordered="1" ScanDirection="FORWARD" ForcedIndex="0" ForceSeek="0" ForceScan="0" NoExpandHint="0" Storage="RowStore"><DefinedValues><DefinedValue><ColumnReference Database="[ERPSASS-Live]" Schema="[Erp]" Table="[PartOpr]" Column="Company" /></DefinedValue><DefinedValue><ColumnReference Database="[ERPSASS-Live]" Schema="[Erp]" Table="[PartOpr]" Column="RevisionNum" /></DefinedValue><DefinedValue><ColumnReference Database="[ERPSASS-Live]" Schema="[Erp]" Table="[PartOpr]" Column="OpCode" /></DefinedValue><DefinedValue><ColumnReference Database="[ERPSASS-Live]" Schema="[Erp]" Table="[PartOpr]" Column="AltMethod" /></DefinedValue></DefinedValues><Object Database="[ERPSASS-Live]" Schema="[Erp]" Table="[PartOpr]" Index="[PK_PartOpr]" TableReferenceId="2" IndexKind="Clustered" Storage="RowStore" /><SeekPredicates><SeekPredicateNew><SeekKeys><Prefix ScanType="EQ"><RangeColumns><ColumnReference Database="[ERPSASS-Live]" Schema="[Erp]" Table="[PartOpr]" Column="Company" /><ColumnReference Database="[ERPSASS-Live]" Schema="[Erp]" Table="[PartOpr]" Column="PartNum" /></RangeColumns><RangeExpressions><ScalarOperator ScalarString="@AvailCompLst.[Company] as [AvailCLst_PartMtl].[Company]"><Identifier><ColumnReference Table="@AvailCompLst" Alias="[AvailCLst_PartMtl]" Column="Company" /></Identifier></ScalarOperator><ScalarOperator ScalarString="[Recr1039]"><Identifier><ColumnReference Column="Recr1039" /></Identifier></ScalarOperator></RangeExpressions></Prefix></SeekKeys></SeekPredicateNew></SeekPredicates></IndexScan></RelOp></NestedLoops></RelOp><RelOp NodeId="131" PhysicalOp="Clustered Index Seek" LogicalOp="Clustered Index Seek" EstimateRows="1.13656" EstimateIO="0.003125" EstimateCPU="0.00015825" AvgRowSize="164" EstimatedTotalSubtreeCost="0.00330985" TableCardinality="18060" Parallel="0" EstimateRebinds="0" EstimateRewinds="0.168062" EstimatedExecutionMode="Row"><OutputList><ColumnReference Database="[ERPSASS-Live]" Schema="[Erp]" Table="[PartMtl]" Column="Company" /><ColumnReference Database="[ERPSASS-Live]" Schema="[Erp]" Table="[PartMtl]" Column="PartNum" /><ColumnReference Database="[ERPSASS-Live]" Schema="[Erp]" Table="[PartMtl]" Column="RevisionNum" /><ColumnReference Database="[ERPSASS-Live]" Schema="[Erp]" Table="[PartMtl]" Column="MtlSeq" /><ColumnReference Database="[ERPSASS-Live]" Schema="[Erp]" Table="[PartMtl]" Column="MtlPartNum" /><ColumnReference Database="[ERPSASS-Live]" Schema="[Erp]" Table="[PartMtl]" Column="QtyPer" /><ColumnReference Database="[ERPSASS-Live]" Schema="[Erp]" Table="[PartMtl]" Column="RelatedOperation" /><ColumnReference Database="[ERPSASS-Live]" Schema="[Erp]" Table="[PartMtl]" Column="PullAsAsm" /><ColumnReference Database="[ERPSASS-Live]" Schema="[Erp]" Table="[PartMtl]" Column="ViewAsAsm" /><ColumnReference Database="[ERPSASS-Live]" Schema="[Erp]" Table="[PartMtl]" Column="UOMCode" /><ColumnReference Database="[ERPSASS-Live]" Schema="[Erp]" Table="[PartMtl]" Column="PlanAsAsm" /></OutputList><IndexScan Ordered="1" ScanDirection="FORWARD" ForcedIndex="0" ForceSeek="0" ForceScan="0" NoExpandHint="0" Storage="RowStore"><DefinedValues><DefinedValue><ColumnReference Database="[ERPSASS-Live]" Schema="[Erp]" Table="[PartMtl]" Column="Company" /></DefinedValue><DefinedValue><ColumnReference Database="[ERPSASS-Live]" Schema="[Erp]" Table="[PartMtl]" Column="PartNum" /></DefinedValue><DefinedValue><ColumnReference Database="[ERPSASS-Live]" Schema="[Erp]" Table="[PartMtl]" Column="RevisionNum" /></DefinedValue><DefinedValue><ColumnReference Database="[ERPSASS-Live]" Schema="[Erp]" Table="[PartMtl]" Column="MtlSeq" /></DefinedValue><DefinedValue><ColumnReference Database="[ERPSASS-Live]" Schema="[Erp]" Table="[PartMtl]" Column="MtlPartNum" /></DefinedValue><DefinedValue><ColumnReference Database="[ERPSASS-Live]" Schema="[Erp]" Table="[PartMtl]" Column="QtyPer" /></DefinedValue><DefinedValue><ColumnReference Database="[ERPSASS-Live]" Schema="[Erp]" Table="[PartMtl]" Column="RelatedOperation" /></DefinedValue><DefinedValue><ColumnReference Database="[ERPSASS-Live]" Schema="[Erp]" Table="[PartMtl]" Column="PullAsAsm" /></DefinedValue><DefinedValue><ColumnReference Database="[ERPSASS-Live]" Schema="[Erp]" Table="[PartMtl]" Column="ViewAsAsm" /></DefinedValue><DefinedValue><ColumnReference Database="[ERPSASS-Live]" Schema="[Erp]" Table="[PartMtl]" Column="UOMCode" /></DefinedValue><DefinedValue><ColumnReference Database="[ERPSASS-Live]" Schema="[Erp]" Table="[PartMtl]" Column="PlanAsAsm" /></DefinedValue></DefinedValues><Object Database="[ERPSASS-Live]" Schema="[Erp]" Table="[PartMtl]" Index="[IX_PartMtl]" TableReferenceId="2" IndexKind="Clustered" Storage="RowStore" /><SeekPredicates><SeekPredicateNew><SeekKeys><Prefix ScanType="EQ"><RangeColumns><ColumnReference Database="[ERPSASS-Live]" Schema="[Erp]" Table="[PartMtl]" Column="Company" /><ColumnReference Database="[ERPSASS-Live]" Schema="[Erp]" Table="[PartMtl]" Column="PartNum" /><ColumnReference Database="[ERPSASS-Live]" Schema="[Erp]" Table="[PartMtl]" Column="RevisionNum" /><ColumnReference Database="[ERPSASS-Live]" Schema="[Erp]" Table="[PartMtl]" Column="AltMethod" /></RangeColumns><RangeExpressions><ScalarOperator ScalarString="[ERPSASS-Live].[Erp].[PartOpr].[Company]"><Identifier><ColumnReference Database="[ERPSASS-Live]" Schema="[Erp]" Table="[PartOpr]" Column="Company" /></Identifier></ScalarOperator><ScalarOperator ScalarString="[Recr1039]"><Identifier><ColumnReference Column="Recr1039" /></Identifier></ScalarOperator><ScalarOperator ScalarString="[ERPSASS-Live].[Erp].[PartOpr].[RevisionNum]"><Identifier><ColumnReference Database="[ERPSASS-Live]" Schema="[Erp]" Table="[PartOpr]" Column="RevisionNum" /></Identifier></ScalarOperator><ScalarOperator ScalarString="[ERPSASS-Live].[Erp].[PartOpr].[AltMethod]"><Identifier><ColumnReference Database="[ERPSASS-Live]" Schema="[Erp]" Table="[PartOpr]" Column="AltMethod" /></Identifier></ScalarOperator></RangeExpressions></Prefix></SeekKeys></SeekPredicateNew></SeekPredicates></IndexScan></RelOp></NestedLoops></RelOp></ComputeScalar></RelOp></ComputeScalar></RelOp></ComputeScalar></RelOp><RelOp NodeId="141" PhysicalOp="Assert" LogicalOp="Assert" EstimateRows="4" EstimateIO="0" EstimateCPU="2.23033e-007" AvgRowSize="282" EstimatedTotalSubtreeCost="0.0327574" Parallel="0" EstimateRebinds="5.31031" EstimateRewinds="0" EstimatedExecutionMode="Row"><OutputList><ColumnReference Column="Expr1266" /><ColumnReference Database="[ERPSASS-Live]" Schema="[Erp]" Table="[PartMtl]" Alias="[PartMtl1]" Column="Company" /><ColumnReference Database="[ERPSASS-Live]" Schema="[Erp]" Table="[PartMtl]" Alias="[PartMtl1]" Column="PartNum" /><ColumnReference Database="[ERPSASS-Live]" Schema="[Erp]" Table="[PartMtl]" Alias="[PartMtl1]" Column="RevisionNum" /><ColumnReference Database="[ERPSASS-Live]" Schema="[Erp]" Table="[PartMtl]" Alias="[PartMtl1]" Column="MtlSeq" /><ColumnReference Database="[ERPSASS-Live]" Schema="[Erp]" Table="[PartMtl]" Alias="[PartMtl1]" Column="MtlPartNum" /><ColumnReference Database="[ERPSASS-Live]" Schema="[Erp]" Table="[PartMtl]" Alias="[PartMtl1]" Column="QtyPer" /><ColumnReference Database="[ERPSASS-Live]" Schema="[Erp]" Table="[PartMtl]" Alias="[PartMtl1]" Column="RelatedOperation" /><ColumnReference Database="[ERPSASS-Live]" Schema="[Erp]" Table="[PartMtl]" Alias="[PartMtl1]" Column="PullAsAsm" /><ColumnReference Database="[ERPSASS-Live]" Schema="[Erp]" Table="[PartMtl]" Alias="[PartMtl1]" Column="ViewAsAsm" /><ColumnReference Database="[ERPSASS-Live]" Schema="[Erp]" Table="[PartMtl]" Alias="[PartMtl1]" Column="PlanAsAsm" /><ColumnReference Column="Expr1085" /><ColumnReference Column="Expr1086" /><ColumnReference Column="Recr1081" /><ColumnReference Database="[ERPSASS-Live]" Schema="[Erp]" Table="[PartMtl]" Alias="[PartMtl1]" Column="UOMCode" /><ColumnReference Database="[ERPSASS-Live]" Schema="[Erp]" Table="[PartOpr]" Alias="[PartOpr1]" Column="OpCode" /></OutputList><Assert StartupExpression="0"><RelOp NodeId="142" PhysicalOp="Nested Loops" LogicalOp="Inner Join" EstimateRows="4" EstimateIO="0" EstimateCPU="2.23033e-007" AvgRowSize="282" EstimatedTotalSubtreeCost="0.0327574" Parallel="0" EstimateRebinds="5.31031" EstimateRewinds="0" EstimatedExecutionMode="Row"><OutputList><ColumnReference Column="Expr1266" /><ColumnReference Database="[ERPSASS-Live]" Schema="[Erp]" Table="[PartMtl]" Alias="[PartMtl1]" Column="Company" /><ColumnReference Database="[ERPSASS-Live]" Schema="[Erp]" Table="[PartMtl]" Alias="[PartMtl1]" Column="PartNum" /><ColumnReference Database="[ERPSASS-Live]" Schema="[Erp]" Table="[PartMtl]" Alias="[PartMtl1]" Column="RevisionNum" /><ColumnReference Database="[ERPSASS-Live]" Schema="[Erp]" Table="[PartMtl]" Alias="[PartMtl1]" Column="MtlSeq" /><ColumnReference Database="[ERPSASS-Live]" Schema="[Erp]" Table="[PartMtl]" Alias="[PartMtl1]" Column="MtlPartNum" /><ColumnReference Database="[ERPSASS-Live]" Schema="[Erp]" Table="[PartMtl]" Alias="[PartMtl1]" Column="QtyPer" /><ColumnReference Database="[ERPSASS-Live]" Schema="[Erp]" Table="[PartMtl]" Alias="[PartMtl1]" Column="RelatedOperation" /><ColumnReference Database="[ERPSASS-Live]" Schema="[Erp]" Table="[PartMtl]" Alias="[PartMtl1]" Column="PullAsAsm" /><ColumnReference Database="[ERPSASS-Live]" Schema="[Erp]" Table="[PartMtl]" Alias="[PartMtl1]" Column="ViewAsAsm" /><ColumnReference Database="[ERPSASS-Live]" Schema="[Erp]" Table="[PartMtl]" Alias="[PartMtl1]" Column="PlanAsAsm" /><ColumnReference Column="Expr1085" /><ColumnReference Column="Expr1086" /><ColumnReference Column="Recr1081" /><ColumnReference Database="[ERPSASS-Live]" Schema="[Erp]" Table="[PartMtl]" Alias="[PartMtl1]" Column="UOMCode" /><ColumnReference Database="[ERPSASS-Live]" Schema="[Erp]" Table="[PartOpr]" Alias="[PartOpr1]" Column="OpCode" /></OutputList><NestedLoops Optimized="0"><OuterReferences><ColumnReference Column="Expr1266" /><ColumnReference Column="Recr1069" /><ColumnReference Column="Recr1070" /><ColumnReference Column="Recr1071" /><ColumnReference Column="Recr1072" /><ColumnReference Column="Recr1073" /><ColumnReference Column="Recr1074" /><ColumnReference Column="Recr1075" /><ColumnReference Column="Recr1076" /><ColumnReference Column="Recr1077" /><ColumnReference Column="Recr1078" /><ColumnReference Column="Recr1079" /><ColumnReference Column="Recr1080" /><ColumnReference Column="Recr1081" /><ColumnReference Column="Recr1082" /><ColumnReference Column="Recr1083" /></OuterReferences><RelOp NodeId="143" PhysicalOp="Compute Scalar" LogicalOp="Compute Scalar" EstimateRows="1" EstimateIO="0" EstimateCPU="2.65515e-008" AvgRowSize="282" EstimatedTotalSubtreeCost="2.65515e-008" Parallel="0" EstimateRebinds="5.31031" EstimateRewinds="0" EstimatedExecutionMode="Row"><OutputList><ColumnReference Column="Expr1266" /><ColumnReference Column="Recr1069" /><ColumnReference Column="Recr1070" /><ColumnReference Column="Recr1071" /><ColumnReference Column="Recr1072" /><ColumnReference Column="Recr1073" /><ColumnReference Column="Recr1074" /><ColumnReference Column="Recr1075" /><ColumnReference Column="Recr1076" /><ColumnReference Column="Recr1077" /><ColumnReference Column="Recr1078" /><ColumnReference Column="Recr1079" /><ColumnReference Column="Recr1080" /><ColumnReference Column="Recr1081" /><ColumnReference Column="Recr1082" /><ColumnReference Column="Recr1083" /></OutputList><ComputeScalar><DefinedValues><DefinedValue><ColumnReference Column="Expr1266" /><ScalarOperator ScalarString="[Expr1265]+(1)"><Arithmetic Operation="ADD"><ScalarOperator><Identifier><ColumnReference Column="Expr1265" /></Identifier></ScalarOperator><ScalarOperator><Const ConstValue="(1)" /></ScalarOperator></Arithmetic></ScalarOperator></DefinedValue></DefinedValues><RelOp NodeId="144" PhysicalOp="Table Spool" LogicalOp="Lazy Spool" EstimateRows="1" EstimateIO="0" EstimateCPU="2.65515e-008" AvgRowSize="282" EstimatedTotalSubtreeCost="2.65515e-008" Parallel="0" EstimateRebinds="5.31031" EstimateRewinds="0" EstimatedExecutionMode="Row"><OutputList><ColumnReference Column="Expr1265" /><ColumnReference Column="Recr1069" /><ColumnReference Column="Recr1070" /><ColumnReference Column="Recr1071" /><ColumnReference Column="Recr1072" /><ColumnReference Column="Recr1073" /><ColumnReference Column="Recr1074" /><ColumnReference Column="Recr1075" /><ColumnReference Column="Recr1076" /><ColumnReference Column="Recr1077" /><ColumnReference Column="Recr1078" /><ColumnReference Column="Recr1079" /><ColumnReference Column="Recr1080" /><ColumnReference Column="Recr1081" /><ColumnReference Column="Recr1082" /><ColumnReference Column="Recr1083" /></OutputList><Spool PrimaryNodeId="122" Stack="1" /></RelOp></ComputeScalar></RelOp><RelOp NodeId="148" PhysicalOp="Compute Scalar" LogicalOp="Compute Scalar" EstimateRows="1.32758" EstimateIO="0" EstimateCPU="1.32758e-007" AvgRowSize="230" EstimatedTotalSubtreeCost="0.0327572" Parallel="0" EstimateRebinds="4.31031" EstimateRewinds="0" EstimatedExecutionMode="Row"><OutputList><ColumnReference Database="[ERPSASS-Live]" Schema="[Erp]" Table="[PartMtl]" Alias="[PartMtl1]" Column="Company" /><ColumnReference Database="[ERPSASS-Live]" Schema="[Erp]" Table="[PartMtl]" Alias="[PartMtl1]" Column="PartNum" /><ColumnReference Database="[ERPSASS-Live]" Schema="[Erp]" Table="[PartMtl]" Alias="[PartMtl1]" Column="RevisionNum" /><ColumnReference Database="[ERPSASS-Live]" Schema="[Erp]" Table="[PartMtl]" Alias="[PartMtl1]" Column="MtlSeq" /><ColumnReference Database="[ERPSASS-Live]" Schema="[Erp]" Table="[PartMtl]" Alias="[PartMtl1]" Column="MtlPartNum" /><ColumnReference Database="[ERPSASS-Live]" Schema="[Erp]" Table="[PartMtl]" Alias="[PartMtl1]" Column="QtyPer" /><ColumnReference Database="[ERPSASS-Live]" Schema="[Erp]" Table="[PartMtl]" Alias="[PartMtl1]" Column="RelatedOperation" /><ColumnReference Database="[ERPSASS-Live]" Schema="[Erp]" Table="[PartMtl]" Alias="[PartMtl1]" Column="PullAsAsm" /><ColumnReference Database="[ERPSASS-Live]" Schema="[Erp]" Table="[PartMtl]" Alias="[PartMtl1]" Column="ViewAsAsm" /><ColumnReference Database="[ERPSASS-Live]" Schema="[Erp]" Table="[PartMtl]" Alias="[PartMtl1]" Column="UOMCode" /><ColumnReference Database="[ERPSASS-Live]" Schema="[Erp]" Table="[PartMtl]" Alias="[PartMtl1]" Column="PlanAsAsm" /><ColumnReference Database="[ERPSASS-Live]" Schema="[Erp]" Table="[PartOpr]" Alias="[PartOpr1]" Column="OpCode" /><ColumnReference Column="Expr1085" /><ColumnReference Column="Expr1086" /></OutputList><ComputeScalar><DefinedValues><DefinedValue><ColumnReference Column="Expr1085" /><ScalarOperator ScalarString="[Recr1079]+(1)"><Arithmetic Operation="ADD"><ScalarOperator><Identifier><ColumnReference Column="Recr1079" /></Identifier></ScalarOperator><ScalarOperator><Const ConstValue="(1)" /></ScalarOperator></Arithmetic></ScalarOperator></DefinedValue><DefinedValue><ColumnReference Column="Expr1086" /><ScalarOperator ScalarString="CONVERT(nvarchar(50),substring(N'........',(1),[Recr1079]+(1)+(1))+[ERPSASS-Live].[Erp].[PartMtl].[MtlPartNum] as [PartMtl1].[MtlPartNum],0)"><Convert DataType="nvarchar" Length="100" Style="0" Implicit="0"><ScalarOperator><Arithmetic Operation="ADD"><ScalarOperator><Intrinsic FunctionName="substring"><ScalarOperator><Const ConstValue="N'........'" /></ScalarOperator><ScalarOperator><Const ConstValue="(1)" /></ScalarOperator><ScalarOperator><Arithmetic Operation="ADD"><ScalarOperator><Arithmetic Operation="ADD"><ScalarOperator><Identifier><ColumnReference Column="Recr1079" /></Identifier></ScalarOperator><ScalarOperator><Const ConstValue="(1)" /></ScalarOperator></Arithmetic></ScalarOperator><ScalarOperator><Const ConstValue="(1)" /></ScalarOperator></Arithmetic></ScalarOperator></Intrinsic></ScalarOperator><ScalarOperator><Identifier><ColumnReference Database="[ERPSASS-Live]" Schema="[Erp]" Table="[PartMtl]" Alias="[PartMtl1]" Column="MtlPartNum" /></Identifier></ScalarOperator></Arithmetic></ScalarOperator></Convert></ScalarOperator></DefinedValue></DefinedValues><RelOp NodeId="149" PhysicalOp="Nested Loops" LogicalOp="Inner Join" EstimateRows="1.32758" EstimateIO="0" EstimateCPU="5.54927e-006" AvgRowSize="174" EstimatedTotalSubtreeCost="0.0327565" Parallel="0" EstimateRebinds="4.31031" EstimateRewinds="0" EstimatedExecutionMode="Row"><OutputList><ColumnReference Database="[ERPSASS-Live]" Schema="[Erp]" Table="[PartMtl]" Alias="[PartMtl1]" Column="Company" /><ColumnReference Database="[ERPSASS-Live]" Schema="[Erp]" Table="[PartMtl]" Alias="[PartMtl1]" Column="PartNum" /><ColumnReference Database="[ERPSASS-Live]" Schema="[Erp]" Table="[PartMtl]" Alias="[PartMtl1]" Column="RevisionNum" /><ColumnReference Database="[ERPSASS-Live]" Schema="[Erp]" Table="[PartMtl]" Alias="[PartMtl1]" Column="MtlSeq" /><ColumnReference Database="[ERPSASS-Live]" Schema="[Erp]" Table="[PartMtl]" Alias="[PartMtl1]" Column="MtlPartNum" /><ColumnReference Database="[ERPSASS-Live]" Schema="[Erp]" Table="[PartMtl]" Alias="[PartMtl1]" Column="QtyPer" /><ColumnReference Database="[ERPSASS-Live]" Schema="[Erp]" Table="[PartMtl]" Alias="[PartMtl1]" Column="RelatedOperation" /><ColumnReference Database="[ERPSASS-Live]" Schema="[Erp]" Table="[PartMtl]" Alias="[PartMtl1]" Column="PullAsAsm" /><ColumnReference Database="[ERPSASS-Live]" Schema="[Erp]" Table="[PartMtl]" Alias="[PartMtl1]" Column="ViewAsAsm" /><ColumnReference Database="[ERPSASS-Live]" Schema="[Erp]" Table="[PartMtl]" Alias="[PartMtl1]" Column="UOMCode" /><ColumnReference Database="[ERPSASS-Live]" Schema="[Erp]" Table="[PartMtl]" Alias="[PartMtl1]" Column="PlanAsAsm" /><ColumnReference Database="[ERPSASS-Live]" Schema="[Erp]" Table="[PartOpr]" Alias="[PartOpr1]" Column="OpCode" /></OutputList><NestedLoops Optimized="0"><RelOp NodeId="150" PhysicalOp="Clustered Index Seek" LogicalOp="Clustered Index Seek" EstimateRows="1" EstimateIO="0.003125" EstimateCPU="0.0001581" AvgRowSize="9" EstimatedTotalSubtreeCost="0.00396456" TableCardinality="0" Parallel="0" EstimateRebinds="4.31031" EstimateRewinds="0" EstimatedExecutionMode="Row"><OutputList /><IndexScan Ordered="1" ScanDirection="FORWARD" ForcedIndex="0" ForceSeek="0" ForceScan="0" NoExpandHint="0" Storage="RowStore"><DefinedValues /><Object Table="[@AvailCompLst]" Index="[PK__#BF86AAA__DC890D0C675AC72E]" Alias="[AvailCLst_PartMtl1]" TableReferenceId="2" Storage="RowStore" /><SeekPredicates><SeekPredicateNew><SeekKeys><Prefix ScanType="EQ"><RangeColumns><ColumnReference Table="@AvailCompLst" Alias="[AvailCLst_PartMtl1]" Column="Company" /></RangeColumns><RangeExpressions><ScalarOperator ScalarString="[Recr1069]"><Identifier><ColumnReference Column="Recr1069" /></Identifier></ScalarOperator></RangeExpressions></Prefix></SeekKeys></SeekPredicateNew></SeekPredicates></IndexScan></RelOp><RelOp NodeId="151" PhysicalOp="Nested Loops" LogicalOp="Inner Join" EstimateRows="1.32758" EstimateIO="0" EstimateCPU="5.54927e-006" AvgRowSize="174" EstimatedTotalSubtreeCost="0.0287624" Parallel="0" EstimateRebinds="4.31031" EstimateRewinds="0" EstimatedExecutionMode="Row"><OutputList><ColumnReference Database="[ERPSASS-Live]" Schema="[Erp]" Table="[PartMtl]" Alias="[PartMtl1]" Column="Company" /><ColumnReference Database="[ERPSASS-Live]" Schema="[Erp]" Table="[PartMtl]" Alias="[PartMtl1]" Column="PartNum" /><ColumnReference Database="[ERPSASS-Live]" Schema="[Erp]" Table="[PartMtl]" Alias="[PartMtl1]" Column="RevisionNum" /><ColumnReference Database="[ERPSASS-Live]" Schema="[Erp]" Table="[PartMtl]" Alias="[PartMtl1]" Column="MtlSeq" /><ColumnReference Database="[ERPSASS-Live]" Schema="[Erp]" Table="[PartMtl]" Alias="[PartMtl1]" Column="MtlPartNum" /><ColumnReference Database="[ERPSASS-Live]" Schema="[Erp]" Table="[PartMtl]" Alias="[PartMtl1]" Column="QtyPer" /><ColumnReference Database="[ERPSASS-Live]" Schema="[Erp]" Table="[PartMtl]" Alias="[PartMtl1]" Column="RelatedOperation" /><ColumnReference Database="[ERPSASS-Live]" Schema="[Erp]" Table="[PartMtl]" Alias="[PartMtl1]" Column="PullAsAsm" /><ColumnReference Database="[ERPSASS-Live]" Schema="[Erp]" Table="[PartMtl]" Alias="[PartMtl1]" Column="ViewAsAsm" /><ColumnReference Database="[ERPSASS-Live]" Schema="[Erp]" Table="[PartMtl]" Alias="[PartMtl1]" Column="UOMCode" /><ColumnReference Database="[ERPSASS-Live]" Schema="[Erp]" Table="[PartMtl]" Alias="[PartMtl1]" Column="PlanAsAsm" /><ColumnReference Database="[ERPSASS-Live]" Schema="[Erp]" Table="[PartOpr]" Alias="[PartOpr1]" Column="OpCode" /></OutputList><NestedLoops Optimized="0"><OuterReferences><ColumnReference Database="[ERPSASS-Live]" Schema="[Erp]" Table="[PartOpr]" Alias="[PartOpr1]" Column="RevisionNum" /><ColumnReference Database="[ERPSASS-Live]" Schema="[Erp]" Table="[PartOpr]" Alias="[PartOpr1]" Column="AltMethod" /></OuterReferences><RelOp NodeId="152" PhysicalOp="Clustered Index Seek" LogicalOp="Clustered Index Seek" EstimateRows="1.16806" EstimateIO="0.003125" EstimateCPU="0.000158285" AvgRowSize="47" EstimatedTotalSubtreeCost="0.0142955" TableCardinality="8090" Parallel="0" EstimateRebinds="4.31031" EstimateRewinds="0" EstimatedExecutionMode="Row"><OutputList><ColumnReference Database="[ERPSASS-Live]" Schema="[Erp]" Table="[PartOpr]" Alias="[PartOpr1]" Column="RevisionNum" /><ColumnReference Database="[ERPSASS-Live]" Schema="[Erp]" Table="[PartOpr]" Alias="[PartOpr1]" Column="OpCode" /><ColumnReference Database="[ERPSASS-Live]" Schema="[Erp]" Table="[PartOpr]" Alias="[PartOpr1]" Column="AltMethod" /></OutputList><IndexScan Ordered="1" ScanDirection="FORWARD" ForcedIndex="0" ForceSeek="0" ForceScan="0" NoExpandHint="0" Storage="RowStore"><DefinedValues><DefinedValue><ColumnReference Database="[ERPSASS-Live]" Schema="[Erp]" Table="[PartOpr]" Alias="[PartOpr1]" Column="RevisionNum" /></DefinedValue><DefinedValue><ColumnReference Database="[ERPSASS-Live]" Schema="[Erp]" Table="[PartOpr]" Alias="[PartOpr1]" Column="OpCode" /></DefinedValue><DefinedValue><ColumnReference Database="[ERPSASS-Live]" Schema="[Erp]" Table="[PartOpr]" Alias="[PartOpr1]" Column="AltMethod" /></DefinedValue></DefinedValues><Object Database="[ERPSASS-Live]" Schema="[Erp]" Table="[PartOpr]" Index="[PK_PartOpr]" Alias="[PartOpr1]" TableReferenceId="2" IndexKind="Clustered" Storage="RowStore" /><SeekPredicates><SeekPredicateNew><SeekKeys><Prefix ScanType="EQ"><RangeColumns><ColumnReference Database="[ERPSASS-Live]" Schema="[Erp]" Table="[PartOpr]" Alias="[PartOpr1]" Column="Company" /><ColumnReference Database="[ERPSASS-Live]" Schema="[Erp]" Table="[PartOpr]" Alias="[PartOpr1]" Column="PartNum" /></RangeColumns><RangeExpressions><ScalarOperator ScalarString="[Recr1069]"><Identifier><ColumnReference Column="Recr1069" /></Identifier></ScalarOperator><ScalarOperator ScalarString="[Recr1073]"><Identifier><ColumnReference Column="Recr1073" /></Identifier></ScalarOperator></RangeExpressions></Prefix></SeekKeys></SeekPredicateNew></SeekPredicates></IndexScan></RelOp><RelOp NodeId="153" PhysicalOp="Clustered Index Seek" LogicalOp="Clustered Index Seek" EstimateRows="1.13656" EstimateIO="0.003125" EstimateCPU="0.00015825" AvgRowSize="164" EstimatedTotalSubtreeCost="0.0144375" TableCardinality="18060" Parallel="0" EstimateRebinds="4.31047" EstimateRewinds="0.892298" EstimatedExecutionMode="Row"><OutputList><ColumnReference Database="[ERPSASS-Live]" Schema="[Erp]" Table="[PartMtl]" Alias="[PartMtl1]" Column="Company" /><ColumnReference Database="[ERPSASS-Live]" Schema="[Erp]" Table="[PartMtl]" Alias="[PartMtl1]" Column="PartNum" /><ColumnReference Database="[ERPSASS-Live]" Schema="[Erp]" Table="[PartMtl]" Alias="[PartMtl1]" Column="RevisionNum" /><ColumnReference Database="[ERPSASS-Live]" Schema="[Erp]" Table="[PartMtl]" Alias="[PartMtl1]" Column="MtlSeq" /><ColumnReference Database="[ERPSASS-Live]" Schema="[Erp]" Table="[PartMtl]" Alias="[PartMtl1]" Column="MtlPartNum" /><ColumnReference Database="[ERPSASS-Live]" Schema="[Erp]" Table="[PartMtl]" Alias="[PartMtl1]" Column="QtyPer" /><ColumnReference Database="[ERPSASS-Live]" Schema="[Erp]" Table="[PartMtl]" Alias="[PartMtl1]" Column="RelatedOperation" /><ColumnReference Database="[ERPSASS-Live]" Schema="[Erp]" Table="[PartMtl]" Alias="[PartMtl1]" Column="PullAsAsm" /><ColumnReference Database="[ERPSASS-Live]" Schema="[Erp]" Table="[PartMtl]" Alias="[PartMtl1]" Column="ViewAsAsm" /><ColumnReference Database="[ERPSASS-Live]" Schema="[Erp]" Table="[PartMtl]" Alias="[PartMtl1]" Column="UOMCode" /><ColumnReference Database="[ERPSASS-Live]" Schema="[Erp]" Table="[PartMtl]" Alias="[PartMtl1]" Column="PlanAsAsm" /></OutputList><IndexScan Ordered="1" ScanDirection="FORWARD" ForcedIndex="0" ForceSeek="0" ForceScan="0" NoExpandHint="0" Storage="RowStore"><DefinedValues><DefinedValue><ColumnReference Database="[ERPSASS-Live]" Schema="[Erp]" Table="[PartMtl]" Alias="[PartMtl1]" Column="Company" /></DefinedValue><DefinedValue><ColumnReference Database="[ERPSASS-Live]" Schema="[Erp]" Table="[PartMtl]" Alias="[PartMtl1]" Column="PartNum" /></DefinedValue><DefinedValue><ColumnReference Database="[ERPSASS-Live]" Schema="[Erp]" Table="[PartMtl]" Alias="[PartMtl1]" Column="RevisionNum" /></DefinedValue><DefinedValue><ColumnReference Database="[ERPSASS-Live]" Schema="[Erp]" Table="[PartMtl]" Alias="[PartMtl1]" Column="MtlSeq" /></DefinedValue><DefinedValue><ColumnReference Database="[ERPSASS-Live]" Schema="[Erp]" Table="[PartMtl]" Alias="[PartMtl1]" Column="MtlPartNum" /></DefinedValue><DefinedValue><ColumnReference Database="[ERPSASS-Live]" Schema="[Erp]" Table="[PartMtl]" Alias="[PartMtl1]" Column="QtyPer" /></DefinedValue><DefinedValue><ColumnReference Database="[ERPSASS-Live]" Schema="[Erp]" Table="[PartMtl]" Alias="[PartMtl1]" Column="RelatedOperation" /></DefinedValue><DefinedValue><ColumnReference Database="[ERPSASS-Live]" Schema="[Erp]" Table="[PartMtl]" Alias="[PartMtl1]" Column="PullAsAsm" /></DefinedValue><DefinedValue><ColumnReference Database="[ERPSASS-Live]" Schema="[Erp]" Table="[PartMtl]" Alias="[PartMtl1]" Column="ViewAsAsm" /></DefinedValue><DefinedValue><ColumnReference Database="[ERPSASS-Live]" Schema="[Erp]" Table="[PartMtl]" Alias="[PartMtl1]" Column="UOMCode" /></DefinedValue><DefinedValue><ColumnReference Database="[ERPSASS-Live]" Schema="[Erp]" Table="[PartMtl]" Alias="[PartMtl1]" Column="PlanAsAsm" /></DefinedValue></DefinedValues><Object Database="[ERPSASS-Live]" Schema="[Erp]" Table="[PartMtl]" Index="[IX_PartMtl]" Alias="[PartMtl1]" TableReferenceId="2" IndexKind="Clustered" Storage="RowStore" /><SeekPredicates><SeekPredicateNew><SeekKeys><Prefix ScanType="EQ"><RangeColumns><ColumnReference Database="[ERPSASS-Live]" Schema="[Erp]" Table="[PartMtl]" Alias="[PartMtl1]" Column="Company" /><ColumnReference Database="[ERPSASS-Live]" Schema="[Erp]" Table="[PartMtl]" Alias="[PartMtl1]" Column="PartNum" /><ColumnReference Database="[ERPSASS-Live]" Schema="[Erp]" Table="[PartMtl]" Alias="[PartMtl1]" Column="RevisionNum" /><ColumnReference Database="[ERPSASS-Live]" Schema="[Erp]" Table="[PartMtl]" Alias="[PartMtl1]" Column="AltMethod" /></RangeColumns><RangeExpressions><ScalarOperator ScalarString="[Recr1069]"><Identifier><ColumnReference Column="Recr1069" /></Identifier></ScalarOperator><ScalarOperator ScalarString="[Recr1073]"><Identifier><ColumnReference Column="Recr1073" /></Identifier></ScalarOperator><ScalarOperator ScalarString="[ERPSASS-Live].[Erp].[PartOpr].[RevisionNum] as [PartOpr1].[RevisionNum]"><Identifier><ColumnReference Database="[ERPSASS-Live]" Schema="[Erp]" Table="[PartOpr]" Alias="[PartOpr1]" Column="RevisionNum" /></Identifier></ScalarOperator><ScalarOperator ScalarString="[ERPSASS-Live].[Erp].[PartOpr].[AltMethod] as [PartOpr1].[AltMethod]"><Identifier><ColumnReference Database="[ERPSASS-Live]" Schema="[Erp]" Table="[PartOpr]" Alias="[PartOpr1]" Column="AltMethod" /></Identifier></ScalarOperator></RangeExpressions></Prefix></SeekKeys></SeekPredicateNew></SeekPredicates></IndexScan></RelOp></NestedLoops></RelOp></NestedLoops></RelOp></ComputeScalar></RelOp></NestedLoops></RelOp><Predicate><ScalarOperator ScalarString="CASE WHEN [Expr1266]&gt;(100) THEN (0) ELSE NULL END"><IF><Condition><ScalarOperator><Compare CompareOp="GT"><ScalarOperator><Identifier><ColumnReference Column="Expr1266" /></Identifier></ScalarOperator><ScalarOperator><Const ConstValue="(100)" /></ScalarOperator></Compare></ScalarOperator></Condition><Then><ScalarOperator><Const ConstValue="(0)" /></ScalarOperator></Then><Else><ScalarOperator><Const ConstValue="NULL" /></ScalarOperator></Else></IF></ScalarOperator></Predicate></Assert></RelOp></Concat></RelOp></Spool></RelOp><Predicate><ScalarOperator ScalarString="[Recr1031]=[Recr1088] AND [Recr1095]=(1)"><Logical Operation="AND"><ScalarOperator><Compare CompareOp="EQ"><ScalarOperator><Identifier><ColumnReference Column="Recr1031" /></Identifier></ScalarOperator><ScalarOperator><Identifier><ColumnReference Column="Recr1088" /></Identifier></ScalarOperator></Compare></ScalarOperator><ScalarOperator><Compare CompareOp="EQ"><ScalarOperator><Identifier><ColumnReference Column="Recr1095" /></Identifier></ScalarOperator><ScalarOperator><Const ConstValue="(1)" /></ScalarOperator></Compare></ScalarOperator></Logical></ScalarOperator></Predicate></Filter></RelOp></Sort></RelOp><RelOp NodeId="161" PhysicalOp="Hash Match" LogicalOp="Inner Join" EstimateRows="2039" EstimateIO="0" EstimateCPU="0.080384" AvgRowSize="71" EstimatedTotalSubtreeCost="0.172435" Parallel="0" EstimateRebinds="0" EstimateRewinds="0" EstimatedExecutionMode="Row"><OutputList><ColumnReference Database="[ERPSASS-Live]" Schema="[Erp]" Table="[OpMaster]" Column="Company" /><ColumnReference Database="[ERPSASS-Live]" Schema="[Erp]" Table="[OpMaster]" Column="OpCode" /><ColumnReference Database="[ERPSASS-Live]" Schema="[Erp]" Table="[OpMaster]" Column="OpDesc" /><ColumnReference Database="[ERPSASS-Live]" Schema="[Erp]" Table="[OpMasDtl]" Column="Plant" /></OutputList><MemoryFractions Input="0.071062" Output="0.0671141" /><Hash><DefinedValues /><HashKeysBuild><ColumnReference Table="@AvailCompLst" Alias="[AvailCLst_OpMaster]" Column="Company" /><ColumnReference Database="[ERPSASS-Live]" Schema="[Erp]" Table="[OpMaster]" Column="OpCode" /></HashKeysBuild><HashKeysProbe><ColumnReference Database="[ERPSASS-Live]" Schema="[Erp]" Table="[OpMasDtl]" Column="Company" /><ColumnReference Database="[ERPSASS-Live]" Schema="[Erp]" Table="[OpMasDtl]" Column="OpCode" /></HashKeysProbe><ProbeResidual><ScalarOperator ScalarString="[ERPSASS-Live].[Erp].[OpMasDtl].[Company]=@AvailCompLst.[Company] as [AvailCLst_OpMaster].[Company] AND [ERPSASS-Live].[Erp].[OpMaster].[OpCode]=[ERPSASS-Live].[Erp].[OpMasDtl].[OpCode]"><Logical Operation="AND"><ScalarOperator><Compare CompareOp="EQ"><ScalarOperator><Identifier><ColumnReference Database="[ERPSASS-Live]" Schema="[Erp]" Table="[OpMasDtl]" Column="Company" /></Identifier></ScalarOperator><ScalarOperator><Identifier><ColumnReference Table="@AvailCompLst" Alias="[AvailCLst_OpMaster]" Column="Company" /></Identifier></ScalarOperator></Compare></ScalarOperator><ScalarOperator><Compare CompareOp="EQ"><ScalarOperator><Identifier><ColumnReference Database="[ERPSASS-Live]" Schema="[Erp]" Table="[OpMaster]" Column="OpCode" /></Identifier></ScalarOperator><ScalarOperator><Identifier><ColumnReference Database="[ERPSASS-Live]" Schema="[Erp]" Table="[OpMasDtl]" Column="OpCode" /></Identifier></ScalarOperator></Compare></ScalarOperator></Logical></ScalarOperator></ProbeResidual><RelOp NodeId="162" PhysicalOp="Nested Loops" LogicalOp="Inner Join" EstimateRows="833" EstimateIO="0" EstimateCPU="0.00348194" AvgRowSize="77" EstimatedTotalSubtreeCost="0.020593" Parallel="0" EstimateRebinds="0" EstimateRewinds="0" EstimatedExecutionMode="Row"><OutputList><ColumnReference Database="[ERPSASS-Live]" Schema="[Erp]" Table="[OpMaster]" Column="Company" /><ColumnReference Database="[ERPSASS-Live]" Schema="[Erp]" Table="[OpMaster]" Column="OpCode" /><ColumnReference Database="[ERPSASS-Live]" Schema="[Erp]" Table="[OpMaster]" Column="OpDesc" /><ColumnReference Table="@AvailCompLst" Alias="[AvailCLst_OpMaster]" Column="Company" /></OutputList><NestedLoops Optimized="0"><OuterReferences><ColumnReference Table="@AvailCompLst" Alias="[AvailCLst_OpMaster]" Column="Company" /></OuterReferences><RelOp NodeId="163" PhysicalOp="Clustered Index Scan" LogicalOp="Clustered Index Scan" EstimateRows="1" EstimateIO="0.003125" EstimateCPU="0.0001581" AvgRowSize="23" EstimatedTotalSubtreeCost="0.0032831" TableCardinality="0" Parallel="0" EstimateRebinds="0" EstimateRewinds="0" EstimatedExecutionMode="Row"><OutputList><ColumnReference Table="@AvailCompLst" Alias="[AvailCLst_OpMaster]" Column="Company" /></OutputList><IndexScan Ordered="0" ForcedIndex="0" ForceScan="0" NoExpandHint="0" Storage="RowStore"><DefinedValues><DefinedValue><ColumnReference Table="@AvailCompLst" Alias="[AvailCLst_OpMaster]" Column="Company" /></DefinedValue></DefinedValues><Object Table="[@AvailCompLst]" Index="[PK__#BF86AAA__DC890D0C675AC72E]" Alias="[AvailCLst_OpMaster]" TableReferenceId="2" Storage="RowStore" /></IndexScan></RelOp><RelOp NodeId="164" PhysicalOp="Index Seek" LogicalOp="Index Seek" EstimateRows="833" EstimateIO="0.0127546" EstimateCPU="0.0010733" AvgRowSize="61" EstimatedTotalSubtreeCost="0.0138279" TableCardinality="833" Parallel="0" EstimateRebinds="0" EstimateRewinds="0" EstimatedExecutionMode="Row"><OutputList><ColumnReference Database="[ERPSASS-Live]" Schema="[Erp]" Table="[OpMaster]" Column="Company" /><ColumnReference Database="[ERPSASS-Live]" Schema="[Erp]" Table="[OpMaster]" Column="OpCode" /><ColumnReference Database="[ERPSASS-Live]" Schema="[Erp]" Table="[OpMaster]" Column="OpDesc" /></OutputList><IndexScan Ordered="1" ScanDirection="FORWARD" ForcedIndex="0" ForceSeek="0" ForceScan="0" NoExpandHint="0" Storage="RowStore"><DefinedValues><DefinedValue><ColumnReference Database="[ERPSASS-Live]" Schema="[Erp]" Table="[OpMaster]" Column="Company" /></DefinedValue><DefinedValue><ColumnReference Database="[ERPSASS-Live]" Schema="[Erp]" Table="[OpMaster]" Column="OpCode" /></DefinedValue><DefinedValue><ColumnReference Database="[ERPSASS-Live]" Schema="[Erp]" Table="[OpMaster]" Column="OpDesc" /></DefinedValue></DefinedValues><Object Database="[ERPSASS-Live]" Schema="[Erp]" Table="[OpMaster]" Index="[IX_OpMaster_OpDesc]" TableReferenceId="2" IndexKind="NonClustered" Storage="RowStore" /><SeekPredicates><SeekPredicateNew><SeekKeys><Prefix ScanType="EQ"><RangeColumns><ColumnReference Database="[ERPSASS-Live]" Schema="[Erp]" Table="[OpMaster]" Column="Company" /></RangeColumns><RangeExpressions><ScalarOperator ScalarString="@AvailCompLst.[Company] as [AvailCLst_OpMaster].[Company]"><Identifier><ColumnReference Table="@AvailCompLst" Alias="[AvailCLst_OpMaster]" Column="Company" /></Identifier></ScalarOperator></RangeExpressions></Prefix></SeekKeys></SeekPredicateNew></SeekPredicates></IndexScan></RelOp></NestedLoops></RelOp><RelOp NodeId="165" PhysicalOp="Clustered Index Scan" LogicalOp="Clustered Index Scan" EstimateRows="2039" EstimateIO="0.0690509" EstimateCPU="0.0023999" AvgRowSize="39" EstimatedTotalSubtreeCost="0.0714508" TableCardinality="2039" Parallel="0" EstimateRebinds="0" EstimateRewinds="0" EstimatedExecutionMode="Row"><OutputList><ColumnReference Database="[ERPSASS-Live]" Schema="[Erp]" Table="[OpMasDtl]" Column="Company" /><ColumnReference Database="[ERPSASS-Live]" Schema="[Erp]" Table="[OpMasDtl]" Column="OpCode" /><ColumnReference Database="[ERPSASS-Live]" Schema="[Erp]" Table="[OpMasDtl]" Column="Plant" /></OutputList><IndexScan Ordered="0" ForcedIndex="0" ForceScan="0" NoExpandHint="0" Storage="RowStore"><DefinedValues><DefinedValue><ColumnReference Database="[ERPSASS-Live]" Schema="[Erp]" Table="[OpMasDtl]" Column="Company" /></DefinedValue><DefinedValue><ColumnReference Database="[ERPSASS-Live]" Schema="[Erp]" Table="[OpMasDtl]" Column="OpCode" /></DefinedValue><DefinedValue><ColumnReference Database="[ERPSASS-Live]" Schema="[Erp]" Table="[OpMasDtl]" Column="Plant" /></DefinedValue></DefinedValues><Object Database="[ERPSASS-Live]" Schema="[Erp]" Table="[OpMasDtl]" Index="[PK_OpMasDtl]" TableReferenceId="2" IndexKind="Clustered" Storage="RowStore" /></IndexScan></RelOp></Hash></RelOp></Hash></RelOp></Sort></RelOp></ComputeScalar></RelOp><RelOp NodeId="173" PhysicalOp="Nested Loops" LogicalOp="Inner Join" EstimateRows="1" EstimateIO="0" EstimateCPU="4.18e-006" AvgRowSize="4035" EstimatedTotalSubtreeCost="0.00657038" Parallel="0" EstimateRebinds="0" EstimateRewinds="0" EstimatedExecutionMode="Row"><OutputList><ColumnReference Database="[ERPSASS-Live]" Schema="[Erp]" Table="[Part]" Alias="[Part1]" Column="PartDescription" /></OutputList><NestedLoops Optimized="0"><RelOp NodeId="174" PhysicalOp="Clustered Index Seek" LogicalOp="Clustered Index Seek" EstimateRows="1" EstimateIO="0.003125" EstimateCPU="0.0001581" AvgRowSize="9" EstimatedTotalSubtreeCost="0.0032831" TableCardinality="0" Parallel="0" EstimateRebinds="0" EstimateRewinds="0" EstimatedExecutionMode="Row"><OutputList /><IndexScan Ordered="1" ScanDirection="FORWARD" ForcedIndex="0" ForceSeek="0" ForceScan="0" NoExpandHint="0" Storage="RowStore"><DefinedValues /><Object Table="[@AvailCompLst]" Index="[PK__#BF86AAA__DC890D0C675AC72E]" Alias="[AvailCLst_Part1]" TableReferenceId="2" Storage="RowStore" /><SeekPredicates><SeekPredicateNew><SeekKeys><Prefix ScanType="EQ"><RangeColumns><ColumnReference Table="@AvailCompLst" Alias="[AvailCLst_Part1]" Column="Company" /></RangeColumns><RangeExpressions><ScalarOperator ScalarString="[Recr1087]"><Identifier><ColumnReference Column="Recr1087" /></Identifier></ScalarOperator></RangeExpressions></Prefix></SeekKeys></SeekPredicateNew></SeekPredicates></IndexScan></RelOp><RelOp NodeId="175" PhysicalOp="Clustered Index Seek" LogicalOp="Clustered Index Seek" EstimateRows="1" EstimateIO="0.003125" EstimateCPU="0.0001581" AvgRowSize="4035" EstimatedTotalSubtreeCost="0.0032831" TableCardinality="24814" Parallel="0" EstimateRebinds="0" EstimateRewinds="0" EstimatedExecutionMode="Row"><OutputList><ColumnReference Database="[ERPSASS-Live]" Schema="[Erp]" Table="[Part]" Alias="[Part1]" Column="PartDescription" /></OutputList><IndexScan Ordered="1" ScanDirection="FORWARD" ForcedIndex="0" ForceSeek="0" ForceScan="0" NoExpandHint="0" Storage="RowStore"><DefinedValues><DefinedValue><ColumnReference Database="[ERPSASS-Live]" Schema="[Erp]" Table="[Part]" Alias="[Part1]" Column="PartDescription" /></DefinedValue></DefinedValues><Object Database="[ERPSASS-Live]" Schema="[Erp]" Table="[Part]" Index="[PK_Part]" Alias="[Part1]" TableReferenceId="2" IndexKind="Clustered" Storage="RowStore" /><SeekPredicates><SeekPredicateNew><SeekKeys><Prefix ScanType="EQ"><RangeColumns><ColumnReference Database="[ERPSASS-Live]" Schema="[Erp]" Table="[Part]" Alias="[Part1]" Column="Company" /><ColumnReference Database="[ERPSASS-Live]" Schema="[Erp]" Table="[Part]" Alias="[Part1]" Column="PartNum" /></RangeColumns><RangeExpressions><ScalarOperator ScalarString="[Recr1087]"><Identifier><ColumnReference Column="Recr1087" /></Identifier></ScalarOperator><ScalarOperator ScalarString="[Recr1091]"><Identifier><ColumnReference Column="Recr1091" /></Identifier></ScalarOperator></RangeExpressions></Prefix></SeekKeys></SeekPredicateNew></SeekPredicates></IndexScan></RelOp></NestedLoops></RelOp></NestedLoops></RelOp><RelOp NodeId="176" PhysicalOp="Nested Loops" LogicalOp="Inner Join" EstimateRows="1" EstimateIO="0" EstimateCPU="4.18e-006" AvgRowSize="4035" EstimatedTotalSubtreeCost="0.00689075" Parallel="0" EstimateRebinds="0" EstimateRewinds="0.99996" EstimatedExecutionMode="Row"><OutputList><ColumnReference Database="[ERPSASS-Live]" Schema="[Erp]" Table="[Part]" Alias="[Part2]" Column="PartDescription" /></OutputList><NestedLoops Optimized="0"><RelOp NodeId="177" PhysicalOp="Clustered Index Seek" LogicalOp="Clustered Index Seek" EstimateRows="1" EstimateIO="0.003125" EstimateCPU="0.0001581" AvgRowSize="9" EstimatedTotalSubtreeCost="0.00344119" TableCardinality="0" Parallel="0" EstimateRebinds="0" EstimateRewinds="0.99996" EstimatedExecutionMode="Row"><OutputList /><IndexScan Ordered="1" ScanDirection="FORWARD" ForcedIndex="0" ForceSeek="0" ForceScan="0" NoExpandHint="0" Storage="RowStore"><DefinedValues /><Object Table="[@AvailCompLst]" Index="[PK__#BF86AAA__DC890D0C675AC72E]" Alias="[AvailCLst_Part2]" TableReferenceId="2" Storage="RowStore" /><SeekPredicates><SeekPredicateNew><SeekKeys><Prefix ScanType="EQ"><RangeColumns><ColumnReference Table="@AvailCompLst" Alias="[AvailCLst_Part2]" Column="Company" /></RangeColumns><RangeExpressions><ScalarOperator ScalarString="[Recr1087]"><Identifier><ColumnReference Column="Recr1087" /></Identifier></ScalarOperator></RangeExpressions></Prefix></SeekKeys></SeekPredicateNew></SeekPredicates></IndexScan></RelOp><RelOp NodeId="178" PhysicalOp="Clustered Index Seek" LogicalOp="Clustered Index Seek" EstimateRows="1" EstimateIO="0.003125" EstimateCPU="0.0001581" AvgRowSize="4035" EstimatedTotalSubtreeCost="0.00344119" TableCardinality="24814" Parallel="0" EstimateRebinds="0" EstimateRewinds="0.99996" EstimatedExecutionMode="Row"><OutputList><ColumnReference Database="[ERPSASS-Live]" Schema="[Erp]" Table="[Part]" Alias="[Part2]" Column="PartDescription" /></OutputList><IndexScan Ordered="1" ScanDirection="FORWARD" ForcedIndex="0" ForceSeek="0" ForceScan="0" NoExpandHint="0" Storage="RowStore"><DefinedValues><DefinedValue><ColumnReference Database="[ERPSASS-Live]" Schema="[Erp]" Table="[Part]" Alias="[Part2]" Column="PartDescription" /></DefinedValue></DefinedValues><Object Database="[ERPSASS-Live]" Schema="[Erp]" Table="[Part]" Index="[PK_Part]" Alias="[Part2]" TableReferenceId="2" IndexKind="Clustered" Storage="RowStore" /><SeekPredicates><SeekPredicateNew><SeekKeys><Prefix ScanType="EQ"><RangeColumns><ColumnReference Database="[ERPSASS-Live]" Schema="[Erp]" Table="[Part]" Alias="[Part2]" Column="Company" /><ColumnReference Database="[ERPSASS-Live]" Schema="[Erp]" Table="[Part]" Alias="[Part2]" Column="PartNum" /></RangeColumns><RangeExpressions><ScalarOperator ScalarString="[Recr1087]"><Identifier><ColumnReference Column="Recr1087" /></Identifier></ScalarOperator><ScalarOperator ScalarString="[Recr1088]"><Identifier><ColumnReference Column="Recr1088" /></Identifier></ScalarOperator></RangeExpressions></Prefix></SeekKeys></SeekPredicateNew></SeekPredicates></IndexScan></RelOp></NestedLoops></RelOp></NestedLoops></RelOp><RelOp NodeId="179" PhysicalOp="Nested Loops" LogicalOp="Inner Join" EstimateRows="1" EstimateIO="0" EstimateCPU="4.18e-006" AvgRowSize="4035" EstimatedTotalSubtreeCost="0.00753147" Parallel="0" EstimateRebinds="0" EstimateRewinds="2.99984" EstimatedExecutionMode="Row"><OutputList><ColumnReference Database="[ERPSASS-Live]" Schema="[Erp]" Table="[Part]" Column="PartDescription" /></OutputList><NestedLoops Optimized="0"><RelOp NodeId="180" PhysicalOp="Clustered Index Seek" LogicalOp="Clustered Index Seek" EstimateRows="1" EstimateIO="0.003125" EstimateCPU="0.0001581" AvgRowSize="9" EstimatedTotalSubtreeCost="0.00375737" TableCardinality="0" Parallel="0" EstimateRebinds="0" EstimateRewinds="2.99984" EstimatedExecutionMode="Row"><OutputList /><IndexScan Ordered="1" ScanDirection="FORWARD" ForcedIndex="0" ForceSeek="0" ForceScan="0" NoExpandHint="0" Storage="RowStore"><DefinedValues /><Object Table="[@AvailCompLst]" Index="[PK__#BF86AAA__DC890D0C675AC72E]" Alias="[AvailCLst_Part]" TableReferenceId="2" Storage="RowStore" /><SeekPredicates><SeekPredicateNew><SeekKeys><Prefix ScanType="EQ"><RangeColumns><ColumnReference Table="@AvailCompLst" Alias="[AvailCLst_Part]" Column="Company" /></RangeColumns><RangeExpressions><ScalarOperator ScalarString="[Recr1087]"><Identifier><ColumnReference Column="Recr1087" /></Identifier></ScalarOperator></RangeExpressions></Prefix></SeekKeys></SeekPredicateNew></SeekPredicates></IndexScan></RelOp><RelOp NodeId="181" PhysicalOp="Clustered Index Seek" LogicalOp="Clustered Index Seek" EstimateRows="1" EstimateIO="0.003125" EstimateCPU="0.0001581" AvgRowSize="4035" EstimatedTotalSubtreeCost="0.00375737" TableCardinality="24814" Parallel="0" EstimateRebinds="0" EstimateRewinds="2.99984" EstimatedExecutionMode="Row"><OutputList><ColumnReference Database="[ERPSASS-Live]" Schema="[Erp]" Table="[Part]" Column="PartDescription" /></OutputList><IndexScan Ordered="1" ScanDirection="FORWARD" ForcedIndex="0" ForceSeek="0" ForceScan="0" NoExpandHint="0" Storage="RowStore"><DefinedValues><DefinedValue><ColumnReference Database="[ERPSASS-Live]" Schema="[Erp]" Table="[Part]" Column="PartDescription" /></DefinedValue></DefinedValues><Object Database="[ERPSASS-Live]" Schema="[Erp]" Table="[Part]" Index="[PK_Part]" TableReferenceId="2" IndexKind="Clustered" Storage="RowStore" /><SeekPredicates><SeekPredicateNew><SeekKeys><Prefix ScanType="EQ"><RangeColumns><ColumnReference Database="[ERPSASS-Live]" Schema="[Erp]" Table="[Part]" Column="Company" /><ColumnReference Database="[ERPSASS-Live]" Schema="[Erp]" Table="[Part]" Column="PartNum" /></RangeColumns><RangeExpressions><ScalarOperator ScalarString="[Recr1087]"><Identifier><ColumnReference Column="Recr1087" /></Identifier></ScalarOperator><ScalarOperator ScalarString="[Recr1099]"><Identifier><ColumnReference Column="Recr1099" /></Identifier></ScalarOperator></RangeExpressions></Prefix></SeekKeys></SeekPredicateNew></SeekPredicates></IndexScan></RelOp></NestedLoops></RelOp></NestedLoops></RelOp></Sort></RelOp></ComputeScalar></RelOp></StreamAggregate></RelOp><RelOp NodeId="188" PhysicalOp="Sort" LogicalOp="Sort" EstimateRows="1" EstimateIO="0.0112613" EstimateCPU="0.000100144" AvgRowSize="144" EstimatedTotalSubtreeCost="2.40741" Parallel="0" EstimateRebinds="0" EstimateRewinds="0" EstimatedExecutionMode="Row"><OutputList><ColumnReference Database="[ERPSASS-Live]" Schema="[Erp]" Table="[JobOper]" Alias="[JobOper4]" Column="OpCode" /><ColumnReference Database="[ERPSASS-Live]" Schema="[Erp]" Table="[JobAsmbl]" Column="Description" /><ColumnReference Database="[ERPSASS-Live]" Schema="[Erp]" Table="[JobAsmbl]" Column="Plant" /><ColumnReference Column="Expr1128" /></OutputList><MemoryFractions Input="0.0107383" Output="0.0107383" /><Sort Distinct="0"><OrderBy><OrderByColumn Ascending="1"><ColumnReference Database="[ERPSASS-Live]" Schema="[Erp]" Table="[JobAsmbl]" Column="Description" /></OrderByColumn><OrderByColumn Ascending="1"><ColumnReference Column="Expr1128" /></OrderByColumn></OrderBy><RelOp NodeId="189" PhysicalOp="Table Spool" LogicalOp="Lazy Spool" EstimateRows="1" EstimateIO="0.01" EstimateCPU="0.00010058" AvgRowSize="144" EstimatedTotalSubtreeCost="2.39604" Parallel="0" EstimateRebinds="0" EstimateRewinds="0" EstimatedExecutionMode="Row"><OutputList><ColumnReference Database="[ERPSASS-Live]" Schema="[Erp]" Table="[JobOper]" Alias="[JobOper4]" Column="OpCode" /><ColumnReference Database="[ERPSASS-Live]" Schema="[Erp]" Table="[JobAsmbl]" Column="Description" /><ColumnReference Database="[ERPSASS-Live]" Schema="[Erp]" Table="[JobAsmbl]" Column="Plant" /><ColumnReference Column="Expr1128" /></OutputList><Spool><RelOp NodeId="190" PhysicalOp="Stream Aggregate" LogicalOp="Aggregate" EstimateRows="1" EstimateIO="0" EstimateCPU="1.1e-006" AvgRowSize="144" EstimatedTotalSubtreeCost="2.38594" Parallel="0" EstimateRebinds="0" EstimateRewinds="0" EstimatedExecutionMode="Row"><OutputList><ColumnReference Database="[ERPSASS-Live]" Schema="[Erp]" Table="[JobOper]" Alias="[JobOper4]" Column="OpCode" /><ColumnReference Database="[ERPSASS-Live]" Schema="[Erp]" Table="[JobAsmbl]" Column="Description" /><ColumnReference Database="[ERPSASS-Live]" Schema="[Erp]" Table="[JobAsmbl]" Column="Plant" /><ColumnReference Column="Expr1128" /></OutputList><StreamAggregate><DefinedValues><DefinedValue><ColumnReference Column="Expr1128" /><ScalarOperator ScalarString="SUM([Expr1247])"><Aggregate Distinct="0" AggType="SUM"><ScalarOperator><Identifier><ColumnReference Column="Expr1247" /></Identifier></ScalarOperator></Aggregate></ScalarOperator></DefinedValue></DefinedValues><GroupBy><ColumnReference Database="[ERPSASS-Live]" Schema="[Erp]" Table="[JobHead]" Alias="[JobHead4]" Column="PartNum" /><ColumnReference Database="[ERPSASS-Live]" Schema="[Erp]" Table="[JobHead]" Alias="[JobHead4]" Column="PartDescription" /><ColumnReference Database="[ERPSASS-Live]" Schema="[Erp]" Table="[JobAsmbl]" Column="Description" /><ColumnReference Database="[ERPSASS-Live]" Schema="[Erp]" Table="[JobOper]" Alias="[JobOper4]" Column="OpCode" /><ColumnReference Database="[ERPSASS-Live]" Schema="[Erp]" Table="[JobAsmbl]" Column="Plant" /></GroupBy><RelOp NodeId="191" PhysicalOp="Sort" LogicalOp="Sort" EstimateRows="1" EstimateIO="0.0112613" EstimateCPU="0.000100266" AvgRowSize="266" EstimatedTotalSubtreeCost="2.38594" Parallel="0" EstimateRebinds="0" EstimateRewinds="0" EstimatedExecutionMode="Row"><OutputList><ColumnReference Database="[ERPSASS-Live]" Schema="[Erp]" Table="[JobOper]" Alias="[JobOper4]" Column="OpCode" /><ColumnReference Database="[ERPSASS-Live]" Schema="[Erp]" Table="[JobAsmbl]" Column="Description" /><ColumnReference Database="[ERPSASS-Live]" Schema="[Erp]" Table="[JobAsmbl]" Column="Plant" /><ColumnReference Database="[ERPSASS-Live]" Schema="[Erp]" Table="[JobHead]" Alias="[JobHead4]" Column="PartNum" /><ColumnReference Database="[ERPSASS-Live]" Schema="[Erp]" Table="[JobHead]" Alias="[JobHead4]" Column="PartDescription" /><ColumnReference Column="Expr1247" /></OutputList><MemoryFractions Input="0.00447427" Output="0.0212528" /><Sort Distinct="0"><OrderBy><OrderByColumn Ascending="1"><ColumnReference Database="[ERPSASS-Live]" Schema="[Erp]" Table="[JobHead]" Alias="[JobHead4]" Column="PartNum" /></OrderByColumn><OrderByColumn Ascending="1"><ColumnReference Database="[ERPSASS-Live]" Schema="[Erp]" Table="[JobHead]" Alias="[JobHead4]" Column="PartDescription" /></OrderByColumn><OrderByColumn Ascending="1"><ColumnReference Database="[ERPSASS-Live]" Schema="[Erp]" Table="[JobAsmbl]" Column="Description" /></OrderByColumn><OrderByColumn Ascending="1"><ColumnReference Database="[ERPSASS-Live]" Schema="[Erp]" Table="[JobOper]" Alias="[JobOper4]" Column="OpCode" /></OrderByColumn><OrderByColumn Ascending="1"><ColumnReference Database="[ERPSASS-Live]" Schema="[Erp]" Table="[JobAsmbl]" Column="Plant" /></OrderByColumn></OrderBy><RelOp NodeId="192" PhysicalOp="Nested Loops" LogicalOp="Inner Join" EstimateRows="1" EstimateIO="0" EstimateCPU="4.18e-006" AvgRowSize="266" EstimatedTotalSubtreeCost="2.37458" Parallel="0" EstimateRebinds="0" EstimateRewinds="0" EstimatedExecutionMode="Row"><OutputList><ColumnReference Database="[ERPSASS-Live]" Schema="[Erp]" Table="[JobOper]" Alias="[JobOper4]" Column="OpCode" /><ColumnReference Database="[ERPSASS-Live]" Schema="[Erp]" Table="[JobAsmbl]" Column="Description" /><ColumnReference Database="[ERPSASS-Live]" Schema="[Erp]" Table="[JobAsmbl]" Column="Plant" /><ColumnReference Database="[ERPSASS-Live]" Schema="[Erp]" Table="[JobHead]" Alias="[JobHead4]" Column="PartNum" /><ColumnReference Database="[ERPSASS-Live]" Schema="[Erp]" Table="[JobHead]" Alias="[JobHead4]" Column="PartDescription" /><ColumnReference Column="Expr1247" /></OutputList><NestedLoops Optimized="0"><OuterReferences><ColumnReference Database="[ERPSASS-Live]" Schema="[Erp]" Table="[JobHead]" Alias="[JobHead4]" Column="Company" /></OuterReferences><RelOp NodeId="193" PhysicalOp="Nested Loops" LogicalOp="Inner Join" EstimateRows="1" EstimateIO="0" EstimateCPU="4.18e-006" AvgRowSize="276" EstimatedTotalSubtreeCost="2.37129" Parallel="0" EstimateRebinds="0" EstimateRewinds="0" EstimatedExecutionMode="Row"><OutputList><ColumnReference Database="[ERPSASS-Live]" Schema="[Erp]" Table="[JobOper]" Alias="[JobOper4]" Column="OpCode" /><ColumnReference Database="[ERPSASS-Live]" Schema="[Erp]" Table="[JobAsmbl]" Column="Description" /><ColumnReference Database="[ERPSASS-Live]" Schema="[Erp]" Table="[JobAsmbl]" Column="Plant" /><ColumnReference Database="[ERPSASS-Live]" Schema="[Erp]" Table="[JobHead]" Alias="[JobHead4]" Column="Company" /><ColumnReference Database="[ERPSASS-Live]" Schema="[Erp]" Table="[JobHead]" Alias="[JobHead4]" Column="PartNum" /><ColumnReference Database="[ERPSASS-Live]" Schema="[Erp]" Table="[JobHead]" Alias="[JobHead4]" Column="PartDescription" /><ColumnReference Column="Expr1247" /></OutputList><NestedLoops Optimized="0"><OuterReferences><ColumnReference Database="[ERPSASS-Live]" Schema="[Erp]" Table="[JobAsmbl]" Column="Company" /><ColumnReference Database="[ERPSASS-Live]" Schema="[Erp]" Table="[JobAsmbl]" Column="JobNum" /></OuterReferences><RelOp NodeId="194" PhysicalOp="Nested Loops" LogicalOp="Inner Join" EstimateRows="1" EstimateIO="0" EstimateCPU="6.20905e-006" AvgRowSize="166" EstimatedTotalSubtreeCost="2.36801" Parallel="0" EstimateRebinds="0" EstimateRewinds="0" EstimatedExecutionMode="Row"><OutputList><ColumnReference Database="[ERPSASS-Live]" Schema="[Erp]" Table="[JobOper]" Alias="[JobOper4]" Column="OpCode" /><ColumnReference Database="[ERPSASS-Live]" Schema="[Erp]" Table="[JobAsmbl]" Column="Company" /><ColumnReference Database="[ERPSASS-Live]" Schema="[Erp]" Table="[JobAsmbl]" Column="JobNum" /><ColumnReference Database="[ERPSASS-Live]" Schema="[Erp]" Table="[JobAsmbl]" Column="Description" /><ColumnReference Database="[ERPSASS-Live]" Schema="[Erp]" Table="[JobAsmbl]" Column="Plant" /><ColumnReference Column="Expr1247" /></OutputList><NestedLoops Optimized="0"><OuterReferences><ColumnReference Database="[ERPSASS-Live]" Schema="[Erp]" Table="[LaborDtl]" Column="OprSeq" /><ColumnReference Database="[ERPSASS-Live]" Schema="[Erp]" Table="[JobAsmbl]" Column="Company" /><ColumnReference Database="[ERPSASS-Live]" Schema="[Erp]" Table="[JobAsmbl]" Column="JobNum" /><ColumnReference Database="[ERPSASS-Live]" Schema="[Erp]" Table="[JobAsmbl]" Column="AssemblySeq" /></OuterReferences><RelOp NodeId="195" PhysicalOp="Hash Match" LogicalOp="Inner Join" EstimateRows="1.48542" EstimateIO="0" EstimateCPU="0.0547465" AvgRowSize="160" EstimatedTotalSubtreeCost="2.36464" Parallel="0" EstimateRebinds="0" EstimateRewinds="0" EstimatedExecutionMode="Row"><OutputList><ColumnReference Database="[ERPSASS-Live]" Schema="[Erp]" Table="[LaborDtl]" Column="OprSeq" /><ColumnReference Database="[ERPSASS-Live]" Schema="[Erp]" Table="[JobAsmbl]" Column="Company" /><ColumnReference Database="[ERPSASS-Live]" Schema="[Erp]" Table="[JobAsmbl]" Column="JobNum" /><ColumnReference Database="[ERPSASS-Live]" Schema="[Erp]" Table="[JobAsmbl]" Column="AssemblySeq" /><ColumnReference Database="[ERPSASS-Live]" Schema="[Erp]" Table="[JobAsmbl]" Column="Description" /><ColumnReference Database="[ERPSASS-Live]" Schema="[Erp]" Table="[JobAsmbl]" Column="Plant" /><ColumnReference Column="Expr1247" /></OutputList><MemoryFractions Input="0.0155854" Output="0.0123043" /><Hash><DefinedValues /><HashKeysBuild><ColumnReference Database="[ERPSASS-Live]" Schema="[Erp]" Table="[JobAsmbl]" Column="Company" /><ColumnReference Database="[ERPSASS-Live]" Schema="[Erp]" Table="[JobAsmbl]" Column="JobNum" /><ColumnReference Database="[ERPSASS-Live]" Schema="[Erp]" Table="[JobAsmbl]" Column="AssemblySeq" /></HashKeysBuild><HashKeysProbe><ColumnReference Database="[ERPSASS-Live]" Schema="[Erp]" Table="[LaborDtl]" Column="Company" /><ColumnReference Database="[ERPSASS-Live]" Schema="[Erp]" Table="[LaborDtl]" Column="JobNum" /><ColumnReference Database="[ERPSASS-Live]" Schema="[Erp]" Table="[LaborDtl]" Column="AssemblySeq" /></HashKeysProbe><ProbeResidual><ScalarOperator ScalarString="[ERPSASS-Live].[Erp].[LaborDtl].[Company]=[ERPSASS-Live].[Erp].[JobAsmbl].[Company] AND [ERPSASS-Live].[Erp].[LaborDtl].[JobNum]=[ERPSASS-Live].[Erp].[JobAsmbl].[JobNum] AND [ERPSASS-Live].[Erp].[LaborDtl].[AssemblySeq]=[ERPSASS-Live].[Erp].[JobAsmbl].[AssemblySeq]"><Logical Operation="AND"><ScalarOperator><Compare CompareOp="EQ"><ScalarOperator><Identifier><ColumnReference Database="[ERPSASS-Live]" Schema="[Erp]" Table="[LaborDtl]" Column="Company" /></Identifier></ScalarOperator><ScalarOperator><Identifier><ColumnReference Database="[ERPSASS-Live]" Schema="[Erp]" Table="[JobAsmbl]" Column="Company" /></Identifier></ScalarOperator></Compare></ScalarOperator><ScalarOperator><Compare CompareOp="EQ"><ScalarOperator><Identifier><ColumnReference Database="[ERPSASS-Live]" Schema="[Erp]" Table="[LaborDtl]" Column="JobNum" /></Identifier></ScalarOperator><ScalarOperator><Identifier><ColumnReference Database="[ERPSASS-Live]" Schema="[Erp]" Table="[JobAsmbl]" Column="JobNum" /></Identifier></ScalarOperator></Compare></ScalarOperator><ScalarOperator><Compare CompareOp="EQ"><ScalarOperator><Identifier><ColumnReference Database="[ERPSASS-Live]" Schema="[Erp]" Table="[LaborDtl]" Column="AssemblySeq" /></Identifier></ScalarOperator><ScalarOperator><Identifier><ColumnReference Database="[ERPSASS-Live]" Schema="[Erp]" Table="[JobAsmbl]" Column="AssemblySeq" /></Identifier></ScalarOperator></Compare></ScalarOperator></Logical></ScalarOperator></ProbeResidual><RelOp NodeId="196" PhysicalOp="Nested Loops" LogicalOp="Inner Join" EstimateRows="2.26932" EstimateIO="0" EstimateCPU="9.48574e-006" AvgRowSize="143" EstimatedTotalSubtreeCost="0.169102" Parallel="0" EstimateRebinds="0" EstimateRewinds="0" EstimatedExecutionMode="Row"><OutputList><ColumnReference Database="[ERPSASS-Live]" Schema="[Erp]" Table="[JobAsmbl]" Column="Company" /><ColumnReference Database="[ERPSASS-Live]" Schema="[Erp]" Table="[JobAsmbl]" Column="JobNum" /><ColumnReference Database="[ERPSASS-Live]" Schema="[Erp]" Table="[JobAsmbl]" Column="AssemblySeq" /><ColumnReference Database="[ERPSASS-Live]" Schema="[Erp]" Table="[JobAsmbl]" Column="Description" /><ColumnReference Database="[ERPSASS-Live]" Schema="[Erp]" Table="[JobAsmbl]" Column="Plant" /></OutputList><NestedLoops Optimized="0"><OuterReferences><ColumnReference Database="[ERPSASS-Live]" Schema="[Erp]" Table="[JobAsmbl]" Column="Company" /><ColumnReference Database="[ERPSASS-Live]" Schema="[Erp]" Table="[JobAsmbl]" Column="JobNum" /><ColumnReference Database="[ERPSASS-Live]" Schema="[Erp]" Table="[JobAsmbl]" Column="AssemblySeq" /></OuterReferences><RelOp NodeId="197" PhysicalOp="Index Scan" LogicalOp="Index Scan" EstimateRows="2.26932" EstimateIO="0.152014" EstimateCPU="0.0080726" AvgRowSize="87" EstimatedTotalSubtreeCost="0.160086" TableCardinality="7196" Parallel="0" EstimateRebinds="0" EstimateRewinds="0" EstimatedExecutionMode="Row"><OutputList><ColumnReference Database="[ERPSASS-Live]" Schema="[Erp]" Table="[JobAsmbl]" Column="Company" /><ColumnReference Database="[ERPSASS-Live]" Schema="[Erp]" Table="[JobAsmbl]" Column="JobNum" /><ColumnReference Database="[ERPSASS-Live]" Schema="[Erp]" Table="[JobAsmbl]" Column="AssemblySeq" /></OutputList><IndexScan Ordered="0" ForcedIndex="0" ForceSeek="0" ForceScan="0" NoExpandHint="0" Storage="RowStore"><DefinedValues><DefinedValue><ColumnReference Database="[ERPSASS-Live]" Schema="[Erp]" Table="[JobAsmbl]" Column="Company" /></DefinedValue><DefinedValue><ColumnReference Database="[ERPSASS-Live]" Schema="[Erp]" Table="[JobAsmbl]" Column="JobNum" /></DefinedValue><DefinedValue><ColumnReference Database="[ERPSASS-Live]" Schema="[Erp]" Table="[JobAsmbl]" Column="AssemblySeq" /></DefinedValue></DefinedValues><Object Database="[ERPSASS-Live]" Schema="[Erp]" Table="[JobAsmbl]" Index="[IX_JobAsmbl_CopyLIst]" TableReferenceId="1" IndexKind="NonClustered" Storage="RowStore" /><Predicate><ScalarOperator ScalarString="[ERPSASS-Live].[Erp].[JobAsmbl].[PartNum]=[Recr1031]"><Compare CompareOp="EQ"><ScalarOperator><Identifier><ColumnReference Database="[ERPSASS-Live]" Schema="[Erp]" Table="[JobAsmbl]" Column="PartNum" /></Identifier></ScalarOperator><ScalarOperator><Identifier><ColumnReference Column="Recr1031" /></Identifier></ScalarOperator></Compare></ScalarOperator></Predicate></IndexScan></RelOp><RelOp NodeId="199" PhysicalOp="Clustered Index Seek" LogicalOp="Clustered Index Seek" EstimateRows="1" EstimateIO="0.003125" EstimateCPU="0.0001581" AvgRowSize="4045" EstimatedTotalSubtreeCost="0.00555181" TableCardinality="7196" Parallel="0" EstimateRebinds="1.26932" EstimateRewinds="0" EstimatedExecutionMode="Row"><OutputList><ColumnReference Database="[ERPSASS-Live]" Schema="[Erp]" Table="[JobAsmbl]" Column="Description" /><ColumnReference Database="[ERPSASS-Live]" Schema="[Erp]" Table="[JobAsmbl]" Column="Plant" /></OutputList><IndexScan Lookup="1" Ordered="1" ScanDirection="FORWARD" ForcedIndex="0" ForceSeek="0" ForceScan="0" NoExpandHint="0" Storage="RowStore"><DefinedValues><DefinedValue><ColumnReference Database="[ERPSASS-Live]" Schema="[Erp]" Table="[JobAsmbl]" Column="Description" /></DefinedValue><DefinedValue><ColumnReference Database="[ERPSASS-Live]" Schema="[Erp]" Table="[JobAsmbl]" Column="Plant" /></DefinedValue></DefinedValues><Object Database="[ERPSASS-Live]" Schema="[Erp]" Table="[JobAsmbl]" Index="[IX_JobAsmbl]" TableReferenceId="-1" IndexKind="Clustered" Storage="RowStore" /><SeekPredicates><SeekPredicateNew><SeekKeys><Prefix ScanType="EQ"><RangeColumns><ColumnReference Database="[ERPSASS-Live]" Schema="[Erp]" Table="[JobAsmbl]" Column="Company" /><ColumnReference Database="[ERPSASS-Live]" Schema="[Erp]" Table="[JobAsmbl]" Column="JobNum" /><ColumnReference Database="[ERPSASS-Live]" Schema="[Erp]" Table="[JobAsmbl]" Column="AssemblySeq" /></RangeColumns><RangeExpressions><ScalarOperator ScalarString="[ERPSASS-Live].[Erp].[JobAsmbl].[Company]"><Identifier><ColumnReference Database="[ERPSASS-Live]" Schema="[Erp]" Table="[JobAsmbl]" Column="Company" /></Identifier></ScalarOperator><ScalarOperator ScalarString="[ERPSASS-Live].[Erp].[JobAsmbl].[JobNum]"><Identifier><ColumnReference Database="[ERPSASS-Live]" Schema="[Erp]" Table="[JobAsmbl]" Column="JobNum" /></Identifier></ScalarOperator><ScalarOperator ScalarString="[ERPSASS-Live].[Erp].[JobAsmbl].[AssemblySeq]"><Identifier><ColumnReference Database="[ERPSASS-Live]" Schema="[Erp]" Table="[JobAsmbl]" Column="AssemblySeq" /></Identifier></ScalarOperator></RangeExpressions></Prefix></SeekKeys></SeekPredicateNew></SeekPredicates></IndexScan></RelOp></NestedLoops></RelOp><RelOp NodeId="205" PhysicalOp="Hash Match" LogicalOp="Inner Join" EstimateRows="4710.27" EstimateIO="0" EstimateCPU="0.180057" AvgRowSize="56" EstimatedTotalSubtreeCost="2.14078" Parallel="0" EstimateRebinds="0" EstimateRewinds="0" EstimatedExecutionMode="Row"><OutputList><ColumnReference Database="[ERPSASS-Live]" Schema="[Erp]" Table="[LaborDtl]" Column="Company" /><ColumnReference Database="[ERPSASS-Live]" Schema="[Erp]" Table="[LaborDtl]" Column="JobNum" /><ColumnReference Database="[ERPSASS-Live]" Schema="[Erp]" Table="[LaborDtl]" Column="AssemblySeq" /><ColumnReference Database="[ERPSASS-Live]" Schema="[Erp]" Table="[LaborDtl]" Column="OprSeq" /><ColumnReference Column="Expr1247" /></OutputList><MemoryFractions Input="0.00566741" Output="0.00447427" /><Hash><DefinedValues /><HashKeysBuild><ColumnReference Database="[ERPSASS-Live]" Schema="[Erp]" Table="[LaborHed]" Alias="[LaborHed2]" Column="Company" /><ColumnReference Database="[ERPSASS-Live]" Schema="[Erp]" Table="[LaborHed]" Alias="[LaborHed2]" Column="LaborHedSeq" /></HashKeysBuild><HashKeysProbe><ColumnReference Database="[ERPSASS-Live]" Schema="[Erp]" Table="[LaborDtl]" Column="Company" /><ColumnReference Database="[ERPSASS-Live]" Schema="[Erp]" Table="[LaborDtl]" Column="LaborHedSeq" /></HashKeysProbe><ProbeResidual><ScalarOperator ScalarString="[ERPSASS-Live].[Erp].[LaborHed].[Company] as [LaborHed2].[Company]=[ERPSASS-Live].[Erp].[LaborDtl].[Company] AND [ERPSASS-Live].[Erp].[LaborHed].[LaborHedSeq] as [LaborHed2].[LaborHedSeq]=[ERPSASS-Live].[Erp].[LaborDtl].[LaborHedSeq]"><Logical Operation="AND"><ScalarOperator><Compare CompareOp="EQ"><ScalarOperator><Identifier><ColumnReference Database="[ERPSASS-Live]" Schema="[Erp]" Table="[LaborHed]" Alias="[LaborHed2]" Column="Company" /></Identifier></ScalarOperator><ScalarOperator><Identifier><ColumnReference Database="[ERPSASS-Live]" Schema="[Erp]" Table="[LaborDtl]" Column="Company" /></Identifier></ScalarOperator></Compare></ScalarOperator><ScalarOperator><Compare CompareOp="EQ"><ScalarOperator><Identifier><ColumnReference Database="[ERPSASS-Live]" Schema="[Erp]" Table="[LaborHed]" Alias="[LaborHed2]" Column="LaborHedSeq" /></Identifier></ScalarOperator><ScalarOperator><Identifier><ColumnReference Database="[ERPSASS-Live]" Schema="[Erp]" Table="[LaborDtl]" Column="LaborHedSeq" /></Identifier></ScalarOperator></Compare></ScalarOperator></Logical></ScalarOperator></ProbeResidual><RelOp NodeId="206" PhysicalOp="Index Scan" LogicalOp="Index Scan" EstimateRows="2132.34" EstimateIO="0.0542361" EstimateCPU="0.0086215" AvgRowSize="26" EstimatedTotalSubtreeCost="0.0628576" TableCardinality="7695" Parallel="0" EstimateRebinds="0" EstimateRewinds="0" EstimatedExecutionMode="Row"><OutputList><ColumnReference Database="[ERPSASS-Live]" Schema="[Erp]" Table="[LaborHed]" Alias="[LaborHed2]" Column="Company" /><ColumnReference Database="[ERPSASS-Live]" Schema="[Erp]" Table="[LaborHed]" Alias="[LaborHed2]" Column="LaborHedSeq" /></OutputList><IndexScan Ordered="0" ForcedIndex="0" ForceSeek="0" ForceScan="0" NoExpandHint="0" Storage="RowStore"><DefinedValues><DefinedValue><ColumnReference Database="[ERPSASS-Live]" Schema="[Erp]" Table="[LaborHed]" Alias="[LaborHed2]" Column="Company" /></DefinedValue><DefinedValue><ColumnReference Database="[ERPSASS-Live]" Schema="[Erp]" Table="[LaborHed]" Alias="[LaborHed2]" Column="LaborHedSeq" /></DefinedValue></DefinedValues><Object Database="[ERPSASS-Live]" Schema="[Erp]" Table="[LaborHed]" Index="[IX_LaborHed_PayDate]" Alias="[LaborHed2]" TableReferenceId="1" IndexKind="NonClustered" Storage="RowStore" /><Predicate><ScalarOperator ScalarString="[ERPSASS-Live].[Erp].[LaborHed].[PayrollDate] as [LaborHed2].[PayrollDate]&gt;=[@StartDate] AND [ERPSASS-Live].[Erp].[LaborHed].[PayrollDate] as [LaborHed2].[PayrollDate]&lt;=[@EndDate]"><Logical Operation="AND"><ScalarOperator><Compare CompareOp="GE"><ScalarOperator><Identifier><ColumnReference Database="[ERPSASS-Live]" Schema="[Erp]" Table="[LaborHed]" Alias="[LaborHed2]" Column="PayrollDate" /></Identifier></ScalarOperator><ScalarOperator><Identifier><ColumnReference Column="@StartDate" /></Identifier></ScalarOperator></Compare></ScalarOperator><ScalarOperator><Compare CompareOp="LE"><ScalarOperator><Identifier><ColumnReference Database="[ERPSASS-Live]" Schema="[Erp]" Table="[LaborHed]" Alias="[LaborHed2]" Column="PayrollDate" /></Identifier></ScalarOperator><ScalarOperator><Identifier><ColumnReference Column="@EndDate" /></Identifier></ScalarOperator></Compare></ScalarOperator></Logical></ScalarOperator></Predicate></IndexScan></RelOp><RelOp NodeId="207" PhysicalOp="Compute Scalar" LogicalOp="Compute Scalar" EstimateRows="16998" EstimateIO="0" EstimateCPU="0.0016998" AvgRowSize="60" EstimatedTotalSubtreeCost="1.89109" Parallel="0" EstimateRebinds="0" EstimateRewinds="0" EstimatedExecutionMode="Row"><OutputList><ColumnReference Database="[ERPSASS-Live]" Schema="[Erp]" Table="[LaborDtl]" Column="Company" /><ColumnReference Database="[ERPSASS-Live]" Schema="[Erp]" Table="[LaborDtl]" Column="LaborHedSeq" /><ColumnReference Database="[ERPSASS-Live]" Schema="[Erp]" Table="[LaborDtl]" Column="JobNum" /><ColumnReference Database="[ERPSASS-Live]" Schema="[Erp]" Table="[LaborDtl]" Column="AssemblySeq" /><ColumnReference Database="[ERPSASS-Live]" Schema="[Erp]" Table="[LaborDtl]" Column="OprSeq" /><ColumnReference Column="Expr1247" /></OutputList><ComputeScalar><DefinedValues><DefinedValue><ColumnReference Column="Expr1247" /><ScalarOperator ScalarString="[ERPSASS-Live].[Erp].[LaborDtl].[LaborQty]+[ERPSASS-Live].[Erp].[LaborDtl].[DiscrepQty]"><Arithmetic Operation="ADD"><ScalarOperator><Identifier><ColumnReference Database="[ERPSASS-Live]" Schema="[Erp]" Table="[LaborDtl]" Column="LaborQty" /></Identifier></ScalarOperator><ScalarOperator><Identifier><ColumnReference Database="[ERPSASS-Live]" Schema="[Erp]" Table="[LaborDtl]" Column="DiscrepQty" /></Identifier></ScalarOperator></Arithmetic></ScalarOperator></DefinedValue></DefinedValues><RelOp NodeId="208" PhysicalOp="Clustered Index Scan" LogicalOp="Clustered Index Scan" EstimateRows="16998" EstimateIO="1.87053" EstimateCPU="0.0188548" AvgRowSize="73" EstimatedTotalSubtreeCost="1.88939" TableCardinality="16998" Parallel="0" EstimateRebinds="0" EstimateRewinds="0" EstimatedExecutionMode="Row"><OutputList><ColumnReference Database="[ERPSASS-Live]" Schema="[Erp]" Table="[LaborDtl]" Column="Company" /><ColumnReference Database="[ERPSASS-Live]" Schema="[Erp]" Table="[LaborDtl]" Column="LaborHedSeq" /><ColumnReference Database="[ERPSASS-Live]" Schema="[Erp]" Table="[LaborDtl]" Column="JobNum" /><ColumnReference Database="[ERPSASS-Live]" Schema="[Erp]" Table="[LaborDtl]" Column="AssemblySeq" /><ColumnReference Database="[ERPSASS-Live]" Schema="[Erp]" Table="[LaborDtl]" Column="OprSeq" /><ColumnReference Database="[ERPSASS-Live]" Schema="[Erp]" Table="[LaborDtl]" Column="LaborQty" /><ColumnReference Database="[ERPSASS-Live]" Schema="[Erp]" Table="[LaborDtl]" Column="DiscrepQty" /></OutputList><IndexScan Ordered="0" ForcedIndex="0" ForceScan="0" NoExpandHint="0" Storage="RowStore"><DefinedValues><DefinedValue><ColumnReference Database="[ERPSASS-Live]" Schema="[Erp]" Table="[LaborDtl]" Column="Company" /></DefinedValue><DefinedValue><ColumnReference Database="[ERPSASS-Live]" Schema="[Erp]" Table="[LaborDtl]" Column="LaborHedSeq" /></DefinedValue><DefinedValue><ColumnReference Database="[ERPSASS-Live]" Schema="[Erp]" Table="[LaborDtl]" Column="JobNum" /></DefinedValue><DefinedValue><ColumnReference Database="[ERPSASS-Live]" Schema="[Erp]" Table="[LaborDtl]" Column="AssemblySeq" /></DefinedValue><DefinedValue><ColumnReference Database="[ERPSASS-Live]" Schema="[Erp]" Table="[LaborDtl]" Column="OprSeq" /></DefinedValue><DefinedValue><ColumnReference Database="[ERPSASS-Live]" Schema="[Erp]" Table="[LaborDtl]" Column="LaborQty" /></DefinedValue><DefinedValue><ColumnReference Database="[ERPSASS-Live]" Schema="[Erp]" Table="[LaborDtl]" Column="DiscrepQty" /></DefinedValue></DefinedValues><Object Database="[ERPSASS-Live]" Schema="[Erp]" Table="[LaborDtl]" Index="[PK_LaborDtl]" TableReferenceId="1" IndexKind="Clustered" Storage="RowStore" /></IndexScan></RelOp></ComputeScalar></RelOp></Hash></RelOp></Hash></RelOp><RelOp NodeId="214" PhysicalOp="Clustered Index Seek" LogicalOp="Clustered Index Seek" EstimateRows="1" EstimateIO="0.003125" EstimateCPU="0.0001581" AvgRowSize="23" EstimatedTotalSubtreeCost="0.00336151" TableCardinality="6926" Parallel="0" EstimateRebinds="0.0130816" EstimateRewinds="0.472338" EstimatedExecutionMode="Row"><OutputList><ColumnReference Database="[ERPSASS-Live]" Schema="[Erp]" Table="[JobOper]" Alias="[JobOper4]" Column="OpCode" /></OutputList><IndexScan Ordered="1" ScanDirection="FORWARD" ForcedIndex="0" ForceSeek="0" ForceScan="0" NoExpandHint="0" Storage="RowStore"><DefinedValues><DefinedValue><ColumnReference Database="[ERPSASS-Live]" Schema="[Erp]" Table="[JobOper]" Alias="[JobOper4]" Column="OpCode" /></DefinedValue></DefinedValues><Object Database="[ERPSASS-Live]" Schema="[Erp]" Table="[JobOper]" Index="[IX_JobOper]" Alias="[JobOper4]" TableReferenceId="1" IndexKind="Clustered" Storage="RowStore" /><SeekPredicates><SeekPredicateNew><SeekKeys><Prefix ScanType="EQ"><RangeColumns><ColumnReference Database="[ERPSASS-Live]" Schema="[Erp]" Table="[JobOper]" Alias="[JobOper4]" Column="Company" /><ColumnReference Database="[ERPSASS-Live]" Schema="[Erp]" Table="[JobOper]" Alias="[JobOper4]" Column="JobNum" /><ColumnReference Database="[ERPSASS-Live]" Schema="[Erp]" Table="[JobOper]" Alias="[JobOper4]" Column="AssemblySeq" /><ColumnReference Database="[ERPSASS-Live]" Schema="[Erp]" Table="[JobOper]" Alias="[JobOper4]" Column="OprSeq" /></RangeColumns><RangeExpressions><ScalarOperator ScalarString="[ERPSASS-Live].[Erp].[JobAsmbl].[Company]"><Identifier><ColumnReference Database="[ERPSASS-Live]" Schema="[Erp]" Table="[JobAsmbl]" Column="Company" /></Identifier></ScalarOperator><ScalarOperator ScalarString="[ERPSASS-Live].[Erp].[JobAsmbl].[JobNum]"><Identifier><ColumnReference Database="[ERPSASS-Live]" Schema="[Erp]" Table="[JobAsmbl]" Column="JobNum" /></Identifier></ScalarOperator><ScalarOperator ScalarString="[ERPSASS-Live].[Erp].[JobAsmbl].[AssemblySeq]"><Identifier><ColumnReference Database="[ERPSASS-Live]" Schema="[Erp]" Table="[JobAsmbl]" Column="AssemblySeq" /></Identifier></ScalarOperator><ScalarOperator ScalarString="[ERPSASS-Live].[Erp].[LaborDtl].[OprSeq]"><Identifier><ColumnReference Database="[ERPSASS-Live]" Schema="[Erp]" Table="[LaborDtl]" Column="OprSeq" /></Identifier></ScalarOperator></RangeExpressions></Prefix></SeekKeys></SeekPredicateNew></SeekPredicates></IndexScan></RelOp></NestedLoops></RelOp><RelOp NodeId="215" PhysicalOp="Clustered Index Seek" LogicalOp="Clustered Index Seek" EstimateRows="1" EstimateIO="0.003125" EstimateCPU="0.0001581" AvgRowSize="145" EstimatedTotalSubtreeCost="0.0032831" TableCardinality="3496" Parallel="0" EstimateRebinds="0" EstimateRewinds="0" EstimatedExecutionMode="Row"><OutputList><ColumnReference Database="[ERPSASS-Live]" Schema="[Erp]" Table="[JobHead]" Alias="[JobHead4]" Column="Company" /><ColumnReference Database="[ERPSASS-Live]" Schema="[Erp]" Table="[JobHead]" Alias="[JobHead4]" Column="PartNum" /><ColumnReference Database="[ERPSASS-Live]" Schema="[Erp]" Table="[JobHead]" Alias="[JobHead4]" Column="PartDescription" /></OutputList><IndexScan Ordered="1" ScanDirection="FORWARD" ForcedIndex="0" ForceSeek="0" ForceScan="0" NoExpandHint="0" Storage="RowStore"><DefinedValues><DefinedValue><ColumnReference Database="[ERPSASS-Live]" Schema="[Erp]" Table="[JobHead]" Alias="[JobHead4]" Column="Company" /></DefinedValue><DefinedValue><ColumnReference Database="[ERPSASS-Live]" Schema="[Erp]" Table="[JobHead]" Alias="[JobHead4]" Column="PartNum" /></DefinedValue><DefinedValue><ColumnReference Database="[ERPSASS-Live]" Schema="[Erp]" Table="[JobHead]" Alias="[JobHead4]" Column="PartDescription" /></DefinedValue></DefinedValues><Object Database="[ERPSASS-Live]" Schema="[Erp]" Table="[JobHead]" Index="[IX_JobHead]" Alias="[JobHead4]" TableReferenceId="1" IndexKind="Clustered" Storage="RowStore" /><SeekPredicates><SeekPredicateNew><SeekKeys><Prefix ScanType="EQ"><RangeColumns><ColumnReference Database="[ERPSASS-Live]" Schema="[Erp]" Table="[JobHead]" Alias="[JobHead4]" Column="Company" /><ColumnReference Database="[ERPSASS-Live]" Schema="[Erp]" Table="[JobHead]" Alias="[JobHead4]" Column="JobNum" /></RangeColumns><RangeExpressions><ScalarOperator ScalarString="[ERPSASS-Live].[Erp].[JobAsmbl].[Company]"><Identifier><ColumnReference Database="[ERPSASS-Live]" Schema="[Erp]" Table="[JobAsmbl]" Column="Company" /></Identifier></ScalarOperator><ScalarOperator ScalarString="[ERPSASS-Live].[Erp].[JobAsmbl].[JobNum]"><Identifier><ColumnReference Database="[ERPSASS-Live]" Schema="[Erp]" Table="[JobAsmbl]" Column="JobNum" /></Identifier></ScalarOperator></RangeExpressions></Prefix></SeekKeys></SeekPredicateNew></SeekPredicates></IndexScan></RelOp></NestedLoops></RelOp><RelOp NodeId="216" PhysicalOp="Clustered Index Seek" LogicalOp="Clustered Index Seek" EstimateRows="1" EstimateIO="0.003125" EstimateCPU="0.0001581" AvgRowSize="9" EstimatedTotalSubtreeCost="0.0032831" TableCardinality="0" Parallel="0" EstimateRebinds="0" EstimateRewinds="0" EstimatedExecutionMode="Row"><OutputList /><IndexScan Ordered="1" ScanDirection="FORWARD" ForcedIndex="0" ForceSeek="0" ForceScan="0" NoExpandHint="0" Storage="RowStore"><DefinedValues /><Object Table="[@AvailCompLst]" Index="[PK__#BF86AAA__DC890D0C675AC72E]" Alias="[AvailCLst_LaborHed2]" TableReferenceId="1" Storage="RowStore" /><SeekPredicates><SeekPredicateNew><SeekKeys><Prefix ScanType="EQ"><RangeColumns><ColumnReference Table="@AvailCompLst" Alias="[AvailCLst_LaborHed2]" Column="Company" /></RangeColumns><RangeExpressions><ScalarOperator ScalarString="[ERPSASS-Live].[Erp].[JobHead].[Company] as [JobHead4].[Company]"><Identifier><ColumnReference Database="[ERPSASS-Live]" Schema="[Erp]" Table="[JobHead]" Alias="[JobHead4]" Column="Company" /></Identifier></ScalarOperator></RangeExpressions></Prefix></SeekKeys></SeekPredicateNew></SeekPredicates></IndexScan></RelOp></NestedLoops></RelOp></Sort></RelOp></StreamAggregate></RelOp></Spool></RelOp></Sort></RelOp></NestedLoops></RelOp></StreamAggregate></RelOp></ComputeScalar></RelOp></NestedLoops></RelOp><RelOp NodeId="225" PhysicalOp="Compute Scalar" LogicalOp="Compute Scalar" EstimateRows="1" EstimateIO="0" EstimateCPU="1e-007" AvgRowSize="41" EstimatedTotalSubtreeCost="9.68305" Parallel="0" EstimateRebinds="0" EstimateRewinds="0" EstimatedExecutionMode="Row"><OutputList><ColumnReference Column="Expr1204" /></OutputList><ComputeScalar><DefinedValues><DefinedValue><ColumnReference Column="Expr1204" /><ScalarOperator ScalarString="[Expr1200]"><Identifier><ColumnReference Column="Expr1200" /></Identifier></ScalarOperator></DefinedValue></DefinedValues><RelOp NodeId="226" PhysicalOp="Stream Aggregate" LogicalOp="Aggregate" EstimateRows="1" EstimateIO="0" EstimateCPU="1e-006" AvgRowSize="24" EstimatedTotalSubtreeCost="9.68305" Parallel="0" EstimateRebinds="0" EstimateRewinds="0" EstimatedExecutionMode="Row"><OutputList><ColumnReference Column="Expr1200" /></OutputList><StreamAggregate><DefinedValues /><GroupBy><ColumnReference Database="[ERPSASS-Live]" Schema="[Erp]" Table="[Part]" Column="PartDescription" /><ColumnReference Column="Recr1169" /><ColumnReference Column="Expr1191" /><ColumnReference Column="Recr1160" /><ColumnReference Database="[ERPSASS-Live]" Schema="[Erp]" Table="[Part]" Alias="[Part2]" Column="PartDescription" /><ColumnReference Database="[ERPSASS-Live]" Schema="[Erp]" Table="[Part]" Alias="[Part1]" Column="PartDescription" /><ColumnReference Column="Recr1173" /><ColumnReference Column="Expr1188" /><ColumnReference Column="Expr1189" /><ColumnReference Database="[ERPSASS-Live]" Schema="[Erp]" Table="[JobAsmbl]" Column="Description" /><ColumnReference Column="Expr1200" /></GroupBy><RelOp NodeId="227" PhysicalOp="Nested Loops" LogicalOp="Inner Join" EstimateRows="1" EstimateIO="0" EstimateCPU="4.18e-006" AvgRowSize="16243" EstimatedTotalSubtreeCost="9.68305" Parallel="0" EstimateRebinds="0" EstimateRewinds="0" EstimatedExecutionMode="Row"><OutputList><ColumnReference Column="Recr1160" /><ColumnReference Column="Recr1169" /><ColumnReference Column="Recr1173" /><ColumnReference Database="[ERPSASS-Live]" Schema="[Erp]" Table="[Part]" Alias="[Part1]" Column="PartDescription" /><ColumnReference Database="[ERPSASS-Live]" Schema="[Erp]" Table="[Part]" Alias="[Part2]" Column="PartDescription" /><ColumnReference Database="[ERPSASS-Live]" Schema="[Erp]" Table="[Part]" Column="PartDescription" /><ColumnReference Column="Expr1188" /><ColumnReference Column="Expr1189" /><ColumnReference Column="Expr1191" /><ColumnReference Database="[ERPSASS-Live]" Schema="[Erp]" Table="[JobAsmbl]" Column="Description" /><ColumnReference Column="Expr1200" /></OutputList><NestedLoops Optimized="0"><Predicate><ScalarOperator ScalarString="[Recr1160]=[ERPSASS-Live].[Erp].[JobAsmbl].[PartNum] AND [Recr1173]=[ERPSASS-Live].[Erp].[JobOper].[OpCode] as [JobOper4].[OpCode] AND [Expr1189]=[ERPSASS-Live].[Erp].[JobAsmbl].[Plant]"><Logical Operation="AND"><ScalarOperator><Compare CompareOp="EQ"><ScalarOperator><Identifier><ColumnReference Column="Recr1160" /></Identifier></ScalarOperator><ScalarOperator><Identifier><ColumnReference Database="[ERPSASS-Live]" Schema="[Erp]" Table="[JobAsmbl]" Column="PartNum" /></Identifier></ScalarOperator></Compare></ScalarOperator><ScalarOperator><Compare CompareOp="EQ"><ScalarOperator><Identifier><ColumnReference Column="Recr1173" /></Identifier></ScalarOperator><ScalarOperator><Identifier><ColumnReference Database="[ERPSASS-Live]" Schema="[Erp]" Table="[JobOper]" Alias="[JobOper4]" Column="OpCode" /></Identifier></ScalarOperator></Compare></ScalarOperator><ScalarOperator><Compare CompareOp="EQ"><ScalarOperator><Identifier><ColumnReference Column="Expr1189" /></Identifier></ScalarOperator><ScalarOperator><Identifier><ColumnReference Database="[ERPSASS-Live]" Schema="[Erp]" Table="[JobAsmbl]" Column="Plant" /></Identifier></ScalarOperator></Compare></ScalarOperator></Logical></ScalarOperator></Predicate><RelOp NodeId="228" PhysicalOp="Stream Aggregate" LogicalOp="Aggregate" EstimateRows="1" EstimateIO="0" EstimateCPU="1e-006" AvgRowSize="12200" EstimatedTotalSubtreeCost="0.306879" Parallel="0" EstimateRebinds="0" EstimateRewinds="0" EstimatedExecutionMode="Row"><OutputList><ColumnReference Column="Recr1160" /><ColumnReference Column="Recr1169" /><ColumnReference Column="Recr1173" /><ColumnReference Database="[ERPSASS-Live]" Schema="[Erp]" Table="[Part]" Alias="[Part1]" Column="PartDescription" /><ColumnReference Database="[ERPSASS-Live]" Schema="[Erp]" Table="[Part]" Alias="[Part2]" Column="PartDescription" /><ColumnReference Database="[ERPSASS-Live]" Schema="[Erp]" Table="[Part]" Column="PartDescription" /><ColumnReference Column="Expr1188" /><ColumnReference Column="Expr1189" /><ColumnReference Column="Expr1191" /></OutputList><StreamAggregate><DefinedValues /><GroupBy><ColumnReference Database="[ERPSASS-Live]" Schema="[Erp]" Table="[Part]" Column="PartDescription" /><ColumnReference Column="Recr1169" /><ColumnReference Column="Expr1191" /><ColumnReference Column="Recr1160" /><ColumnReference Database="[ERPSASS-Live]" Schema="[Erp]" Table="[Part]" Alias="[Part2]" Column="PartDescription" /><ColumnReference Database="[ERPSASS-Live]" Schema="[Erp]" Table="[Part]" Alias="[Part1]" Column="PartDescription" /><ColumnReference Column="Recr1173" /><ColumnReference Column="Expr1188" /><ColumnReference Column="Expr1189" /></GroupBy><RelOp NodeId="229" PhysicalOp="Compute Scalar" LogicalOp="Compute Scalar" EstimateRows="1" EstimateIO="0" EstimateCPU="1e-007" AvgRowSize="12200" EstimatedTotalSubtreeCost="0.306878" Parallel="0" EstimateRebinds="0" EstimateRewinds="0" EstimatedExecutionMode="Row"><OutputList><ColumnReference Column="Recr1160" /><ColumnReference Column="Recr1169" /><ColumnReference Column="Recr1173" /><ColumnReference Database="[ERPSASS-Live]" Schema="[Erp]" Table="[Part]" Alias="[Part1]" Column="PartDescription" /><ColumnReference Database="[ERPSASS-Live]" Schema="[Erp]" Table="[Part]" Alias="[Part2]" Column="PartDescription" /><ColumnReference Database="[ERPSASS-Live]" Schema="[Erp]" Table="[Part]" Column="PartDescription" /><ColumnReference Column="Expr1188" /><ColumnReference Column="Expr1189" /><ColumnReference Column="Expr1191" /></OutputList><ComputeScalar><DefinedValues><DefinedValue><ColumnReference Column="Expr1191" /><ScalarOperator ScalarString="[Recr1169]-(1)"><Arithmetic Operation="SUB"><ScalarOperator><Identifier><ColumnReference Column="Recr1169" /></Identifier></ScalarOperator><ScalarOperator><Const ConstValue="(1)" /></ScalarOperator></Arithmetic></ScalarOperator></DefinedValue></DefinedValues><RelOp NodeId="230" PhysicalOp="Sort" LogicalOp="Distinct Sort" EstimateRows="1" EstimateIO="0.0112613" EstimateCPU="0.000149634" AvgRowSize="12195" EstimatedTotalSubtreeCost="0.306878" Parallel="0" EstimateRebinds="0" EstimateRewinds="0" EstimatedExecutionMode="Row"><OutputList><ColumnReference Column="Recr1160" /><ColumnReference Column="Recr1169" /><ColumnReference Column="Recr1173" /><ColumnReference Database="[ERPSASS-Live]" Schema="[Erp]" Table="[Part]" Alias="[Part1]" Column="PartDescription" /><ColumnReference Database="[ERPSASS-Live]" Schema="[Erp]" Table="[Part]" Alias="[Part2]" Column="PartDescription" /><ColumnReference Database="[ERPSASS-Live]" Schema="[Erp]" Table="[Part]" Column="PartDescription" /><ColumnReference Column="Expr1188" /><ColumnReference Column="Expr1189" /></OutputList><MemoryFractions Input="0.0697987" Output="0.0697987" /><Sort Distinct="1"><OrderBy><OrderByColumn Ascending="1"><ColumnReference Database="[ERPSASS-Live]" Schema="[Erp]" Table="[Part]" Column="PartDescription" /></OrderByColumn><OrderByColumn Ascending="1"><ColumnReference Column="Recr1169" /></OrderByColumn><OrderByColumn Ascending="1"><ColumnReference Column="Recr1160" /></OrderByColumn><OrderByColumn Ascending="1"><ColumnReference Database="[ERPSASS-Live]" Schema="[Erp]" Table="[Part]" Alias="[Part2]" Column="PartDescription" /></OrderByColumn><OrderByColumn Ascending="1"><ColumnReference Database="[ERPSASS-Live]" Schema="[Erp]" Table="[Part]" Alias="[Part1]" Column="PartDescription" /></OrderByColumn><OrderByColumn Ascending="1"><ColumnReference Column="Recr1173" /></OrderByColumn><OrderByColumn Ascending="1"><ColumnReference Column="Expr1188" /></OrderByColumn><OrderByColumn Ascending="1"><ColumnReference Column="Expr1189" /></OrderByColumn><OrderByColumn Ascending="1"><ColumnReference Column="Recr1166" /></OrderByColumn><OrderByColumn Ascending="1"><ColumnReference Column="Recr1168" /></OrderByColumn></OrderBy><RelOp NodeId="231" PhysicalOp="Nested Loops" LogicalOp="Left Outer Join" EstimateRows="7.99952" EstimateIO="0" EstimateCPU="1.67193e-005" AvgRowSize="12239" EstimatedTotalSubtreeCost="0.295467" Parallel="0" EstimateRebinds="0" EstimateRewinds="0" EstimatedExecutionMode="Row"><OutputList><ColumnReference Column="Recr1160" /><ColumnReference Column="Recr1166" /><ColumnReference Column="Recr1168" /><ColumnReference Column="Recr1169" /><ColumnReference Column="Recr1173" /><ColumnReference Database="[ERPSASS-Live]" Schema="[Erp]" Table="[Part]" Alias="[Part1]" Column="PartDescription" /><ColumnReference Database="[ERPSASS-Live]" Schema="[Erp]" Table="[Part]" Alias="[Part2]" Column="PartDescription" /><ColumnReference Database="[ERPSASS-Live]" Schema="[Erp]" Table="[Part]" Column="PartDescription" /><ColumnReference Column="Expr1188" /><ColumnReference Column="Expr1189" /></OutputList><NestedLoops Optimized="0"><OuterReferences><ColumnReference Column="Recr1159" /><ColumnReference Column="Recr1171" /></OuterReferences><RelOp NodeId="232" PhysicalOp="Nested Loops" LogicalOp="Left Outer Join" EstimateRows="3.99984" EstimateIO="0" EstimateCPU="8.35983e-006" AvgRowSize="8275" EstimatedTotalSubtreeCost="0.287919" Parallel="0" EstimateRebinds="0" EstimateRewinds="0" EstimatedExecutionMode="Row"><OutputList><ColumnReference Column="Recr1159" /><ColumnReference Column="Recr1160" /><ColumnReference Column="Recr1166" /><ColumnReference Column="Recr1168" /><ColumnReference Column="Recr1169" /><ColumnReference Column="Recr1171" /><ColumnReference Column="Recr1173" /><ColumnReference Database="[ERPSASS-Live]" Schema="[Erp]" Table="[Part]" Alias="[Part1]" Column="PartDescription" /><ColumnReference Database="[ERPSASS-Live]" Schema="[Erp]" Table="[Part]" Alias="[Part2]" Column="PartDescription" /><ColumnReference Column="Expr1188" /><ColumnReference Column="Expr1189" /></OutputList><NestedLoops Optimized="0"><OuterReferences><ColumnReference Column="Recr1159" /><ColumnReference Column="Recr1160" /></OuterReferences><RelOp NodeId="233" PhysicalOp="Nested Loops" LogicalOp="Left Outer Join" EstimateRows="1.99996" EstimateIO="0" EstimateCPU="4.18e-006" AvgRowSize="4249" EstimatedTotalSubtreeCost="0.28102" Parallel="0" EstimateRebinds="0" EstimateRewinds="0" EstimatedExecutionMode="Row"><OutputList><ColumnReference Column="Recr1159" /><ColumnReference Column="Recr1160" /><ColumnReference Column="Recr1166" /><ColumnReference Column="Recr1168" /><ColumnReference Column="Recr1169" /><ColumnReference Column="Recr1171" /><ColumnReference Column="Recr1173" /><ColumnReference Database="[ERPSASS-Live]" Schema="[Erp]" Table="[Part]" Alias="[Part1]" Column="PartDescription" /><ColumnReference Column="Expr1188" /><ColumnReference Column="Expr1189" /></OutputList><NestedLoops Optimized="0"><OuterReferences><ColumnReference Column="Recr1159" /><ColumnReference Column="Recr1163" /></OuterReferences><RelOp NodeId="234" PhysicalOp="Compute Scalar" LogicalOp="Compute Scalar" EstimateRows="1" EstimateIO="0" EstimateCPU="1e-007" AvgRowSize="275" EstimatedTotalSubtreeCost="0.274445" Parallel="0" EstimateRebinds="0" EstimateRewinds="0" EstimatedExecutionMode="Row"><OutputList><ColumnReference Column="Recr1159" /><ColumnReference Column="Recr1160" /><ColumnReference Column="Recr1163" /><ColumnReference Column="Recr1166" /><ColumnReference Column="Recr1168" /><ColumnReference Column="Recr1169" /><ColumnReference Column="Recr1171" /><ColumnReference Column="Recr1173" /><ColumnReference Column="Expr1188" /><ColumnReference Column="Expr1189" /></OutputList><ComputeScalar><DefinedValues><DefinedValue><ColumnReference Column="Expr1188" /><ScalarOperator ScalarString="[ERPSASS-Live].[Erp].[OpMaster].[OpDesc]"><Identifier><ColumnReference Database="[ERPSASS-Live]" Schema="[Erp]" Table="[OpMaster]" Column="OpDesc" /></Identifier></ScalarOperator></DefinedValue><DefinedValue><ColumnReference Column="Expr1189" /><ScalarOperator ScalarString="[ERPSASS-Live].[Erp].[OpMasDtl].[Plant]"><Identifier><ColumnReference Database="[ERPSASS-Live]" Schema="[Erp]" Table="[OpMasDtl]" Column="Plant" /></Identifier></ScalarOperator></DefinedValue></DefinedValues><RelOp NodeId="235" PhysicalOp="Sort" LogicalOp="Distinct Sort" EstimateRows="1" EstimateIO="0.0112613" EstimateCPU="0.000107816" AvgRowSize="233" EstimatedTotalSubtreeCost="0.274445" Parallel="0" EstimateRebinds="0" EstimateRewinds="0" EstimatedExecutionMode="Row"><OutputList><ColumnReference Column="Recr1159" /><ColumnReference Column="Recr1160" /><ColumnReference Column="Recr1163" /><ColumnReference Column="Recr1166" /><ColumnReference Column="Recr1168" /><ColumnReference Column="Recr1169" /><ColumnReference Column="Recr1171" /><ColumnReference Column="Recr1173" /><ColumnReference Database="[ERPSASS-Live]" Schema="[Erp]" Table="[OpMaster]" Column="OpDesc" /><ColumnReference Database="[ERPSASS-Live]" Schema="[Erp]" Table="[OpMasDtl]" Column="Plant" /></OutputList><MemoryFractions Input="0.00447427" Output="0.0107383" /><Sort Distinct="1"><OrderBy><OrderByColumn Ascending="1"><ColumnReference Column="Recr1159" /></OrderByColumn><OrderByColumn Ascending="1"><ColumnReference Column="Recr1160" /></OrderByColumn><OrderByColumn Ascending="1"><ColumnReference Column="Recr1161" /></OrderByColumn><OrderByColumn Ascending="1"><ColumnReference Column="Recr1162" /></OrderByColumn><OrderByColumn Ascending="1"><ColumnReference Column="Recr1164" /></OrderByColumn><OrderByColumn Ascending="1"><ColumnReference Column="Recr1165" /></OrderByColumn><OrderByColumn Ascending="1"><ColumnReference Column="Recr1166" /></OrderByColumn><OrderByColumn Ascending="1"><ColumnReference Column="Recr1168" /></OrderByColumn><OrderByColumn Ascending="1"><ColumnReference Column="Recr1169" /></OrderByColumn><OrderByColumn Ascending="1"><ColumnReference Column="Recr1170" /></OrderByColumn><OrderByColumn Ascending="1"><ColumnReference Column="Recr1172" /></OrderByColumn><OrderByColumn Ascending="1"><ColumnReference Column="Recr1173" /></OrderByColumn><OrderByColumn Ascending="1"><ColumnReference Database="[ERPSASS-Live]" Schema="[Erp]" Table="[OpMasDtl]" Column="Plant" /></OrderByColumn></OrderBy><RelOp NodeId="236" PhysicalOp="Hash Match" LogicalOp="Inner Join" EstimateRows="3.01571" EstimateIO="0" EstimateCPU="0.0313147" AvgRowSize="324" EstimatedTotalSubtreeCost="0.263076" Parallel="0" EstimateRebinds="0" EstimateRewinds="0" EstimatedExecutionMode="Row"><OutputList><ColumnReference Column="Recr1159" /><ColumnReference Column="Recr1160" /><ColumnReference Column="Recr1161" /><ColumnReference Column="Recr1162" /><ColumnReference Column="Recr1163" /><ColumnReference Column="Recr1164" /><ColumnReference Column="Recr1165" /><ColumnReference Column="Recr1166" /><ColumnReference Column="Recr1168" /><ColumnReference Column="Recr1169" /><ColumnReference Column="Recr1170" /><ColumnReference Column="Recr1171" /><ColumnReference Column="Recr1172" /><ColumnReference Column="Recr1173" /><ColumnReference Database="[ERPSASS-Live]" Schema="[Erp]" Table="[OpMaster]" Column="OpDesc" /><ColumnReference Database="[ERPSASS-Live]" Schema="[Erp]" Table="[OpMasDtl]" Column="Plant" /></OutputList><MemoryFractions Input="0.00947493" Output="0.00894855" /><Hash><DefinedValues /><HashKeysBuild><ColumnReference Column="Recr1159" /><ColumnReference Column="Recr1173" /></HashKeysBuild><HashKeysProbe><ColumnReference Database="[ERPSASS-Live]" Schema="[Erp]" Table="[OpMaster]" Column="Company" /><ColumnReference Database="[ERPSASS-Live]" Schema="[Erp]" Table="[OpMaster]" Column="OpCode" /></HashKeysProbe><ProbeResidual><ScalarOperator ScalarString="[ERPSASS-Live].[Erp].[OpMaster].[Company]=[Recr1159] AND [ERPSASS-Live].[Erp].[OpMaster].[OpCode]=[Recr1173]"><Logical Operation="AND"><ScalarOperator><Compare CompareOp="EQ"><ScalarOperator><Identifier><ColumnReference Database="[ERPSASS-Live]" Schema="[Erp]" Table="[OpMaster]" Column="Company" /></Identifier></ScalarOperator><ScalarOperator><Identifier><ColumnReference Column="Recr1159" /></Identifier></ScalarOperator></Compare></ScalarOperator><ScalarOperator><Compare CompareOp="EQ"><ScalarOperator><Identifier><ColumnReference Database="[ERPSASS-Live]" Schema="[Erp]" Table="[OpMaster]" Column="OpCode" /></Identifier></ScalarOperator><ScalarOperator><Identifier><ColumnReference Column="Recr1173" /></Identifier></ScalarOperator></Compare></ScalarOperator></Logical></ScalarOperator></ProbeResidual><RelOp NodeId="237" PhysicalOp="Sort" LogicalOp="Distinct Sort" EstimateRows="1.23202" EstimateIO="0.0112613" EstimateCPU="0.000100861" AvgRowSize="282" EstimatedTotalSubtreeCost="0.0593196" Parallel="0" EstimateRebinds="0" EstimateRewinds="0" EstimatedExecutionMode="Row"><OutputList><ColumnReference Column="Recr1159" /><ColumnReference Column="Recr1160" /><ColumnReference Column="Recr1161" /><ColumnReference Column="Recr1162" /><ColumnReference Column="Recr1163" /><ColumnReference Column="Recr1164" /><ColumnReference Column="Recr1165" /><ColumnReference Column="Recr1166" /><ColumnReference Column="Recr1168" /><ColumnReference Column="Recr1169" /><ColumnReference Column="Recr1170" /><ColumnReference Column="Recr1171" /><ColumnReference Column="Recr1172" /><ColumnReference Column="Recr1173" /></OutputList><MemoryFractions Input="0.0805369" Output="0.071062" /><Sort Distinct="1"><OrderBy><OrderByColumn Ascending="1"><ColumnReference Column="Recr1159" /></OrderByColumn><OrderByColumn Ascending="1"><ColumnReference Column="Recr1160" /></OrderByColumn><OrderByColumn Ascending="1"><ColumnReference Column="Recr1161" /></OrderByColumn><OrderByColumn Ascending="1"><ColumnReference Column="Recr1162" /></OrderByColumn><OrderByColumn Ascending="1"><ColumnReference Column="Recr1164" /></OrderByColumn><OrderByColumn Ascending="1"><ColumnReference Column="Recr1165" /></OrderByColumn><OrderByColumn Ascending="1"><ColumnReference Column="Recr1166" /></OrderByColumn><OrderByColumn Ascending="1"><ColumnReference Column="Recr1168" /></OrderByColumn><OrderByColumn Ascending="1"><ColumnReference Column="Recr1169" /></OrderByColumn><OrderByColumn Ascending="1"><ColumnReference Column="Recr1170" /></OrderByColumn><OrderByColumn Ascending="1"><ColumnReference Column="Recr1172" /></OrderByColumn><OrderByColumn Ascending="1"><ColumnReference Column="Recr1173" /></OrderByColumn></OrderBy><RelOp NodeId="238" PhysicalOp="Filter" LogicalOp="Filter" EstimateRows="1.23208" EstimateIO="0" EstimateCPU="7.32823e-006" AvgRowSize="282" EstimatedTotalSubtreeCost="0.0479575" Parallel="0" EstimateRebinds="0" EstimateRewinds="0" EstimatedExecutionMode="Row"><OutputList><ColumnReference Column="Recr1159" /><ColumnReference Column="Recr1160" /><ColumnReference Column="Recr1161" /><ColumnReference Column="Recr1162" /><ColumnReference Column="Recr1163" /><ColumnReference Column="Recr1164" /><ColumnReference Column="Recr1165" /><ColumnReference Column="Recr1166" /><ColumnReference Column="Recr1168" /><ColumnReference Column="Recr1169" /><ColumnReference Column="Recr1170" /><ColumnReference Column="Recr1171" /><ColumnReference Column="Recr1172" /><ColumnReference Column="Recr1173" /></OutputList><Filter StartupExpression="0"><RelOp NodeId="239" PhysicalOp="Index Spool" LogicalOp="Lazy Spool" EstimateRows="5.31031" EstimateIO="0" EstimateCPU="1.32758e-008" AvgRowSize="282" EstimatedTotalSubtreeCost="0.0479502" Parallel="0" EstimateRebinds="0" EstimateRewinds="0" EstimatedExecutionMode="Row"><OutputList><ColumnReference Column="Expr1271" /><ColumnReference Column="Recr1159" /><ColumnReference Column="Recr1160" /><ColumnReference Column="Recr1161" /><ColumnReference Column="Recr1162" /><ColumnReference Column="Recr1163" /><ColumnReference Column="Recr1164" /><ColumnReference Column="Recr1165" /><ColumnReference Column="Recr1166" /><ColumnReference Column="Recr1167" /><ColumnReference Column="Recr1168" /><ColumnReference Column="Recr1169" /><ColumnReference Column="Recr1170" /><ColumnReference Column="Recr1171" /><ColumnReference Column="Recr1172" /><ColumnReference Column="Recr1173" /></OutputList><Spool Stack="1"><RelOp NodeId="240" PhysicalOp="Concatenation" LogicalOp="Concatenation" EstimateRows="5.31031" EstimateIO="0" EstimateCPU="2.65515e-009" AvgRowSize="282" EstimatedTotalSubtreeCost="0.0426444" Parallel="0" EstimateRebinds="0" EstimateRewinds="0" EstimatedExecutionMode="Row"><OutputList><ColumnReference Column="Expr1271" /><ColumnReference Column="Recr1159" /><ColumnReference Column="Recr1160" /><ColumnReference Column="Recr1161" /><ColumnReference Column="Recr1162" /><ColumnReference Column="Recr1163" /><ColumnReference Column="Recr1164" /><ColumnReference Column="Recr1165" /><ColumnReference Column="Recr1166" /><ColumnReference Column="Recr1167" /><ColumnReference Column="Recr1168" /><ColumnReference Column="Recr1169" /><ColumnReference Column="Recr1170" /><ColumnReference Column="Recr1171" /><ColumnReference Column="Recr1172" /><ColumnReference Column="Recr1173" /></OutputList><Concat><DefinedValues><DefinedValue><ColumnReference Column="Expr1271" /><ColumnReference Column="Expr1268" /><ColumnReference Column="Expr1270" /></DefinedValue><DefinedValue><ColumnReference Column="Recr1159" /><ColumnReference Database="[ERPSASS-Live]" Schema="[Erp]" Table="[PartMtl]" Column="Company" /><ColumnReference Database="[ERPSASS-Live]" Schema="[Erp]" Table="[PartMtl]" Alias="[PartMtl1]" Column="Company" /></DefinedValue><DefinedValue><ColumnReference Column="Recr1160" /><ColumnReference Database="[ERPSASS-Live]" Schema="[Erp]" Table="[PartMtl]" Column="PartNum" /><ColumnReference Database="[ERPSASS-Live]" Schema="[Erp]" Table="[PartMtl]" Alias="[PartMtl1]" Column="PartNum" /></DefinedValue><DefinedValue><ColumnReference Column="Recr1161" /><ColumnReference Database="[ERPSASS-Live]" Schema="[Erp]" Table="[PartMtl]" Column="RevisionNum" /><ColumnReference Database="[ERPSASS-Live]" Schema="[Erp]" Table="[PartMtl]" Alias="[PartMtl1]" Column="RevisionNum" /></DefinedValue><DefinedValue><ColumnReference Column="Recr1162" /><ColumnReference Database="[ERPSASS-Live]" Schema="[Erp]" Table="[PartMtl]" Column="MtlSeq" /><ColumnReference Database="[ERPSASS-Live]" Schema="[Erp]" Table="[PartMtl]" Alias="[PartMtl1]" Column="MtlSeq" /></DefinedValue><DefinedValue><ColumnReference Column="Recr1163" /><ColumnReference Database="[ERPSASS-Live]" Schema="[Erp]" Table="[PartMtl]" Column="MtlPartNum" /><ColumnReference Database="[ERPSASS-Live]" Schema="[Erp]" Table="[PartMtl]" Alias="[PartMtl1]" Column="MtlPartNum" /></DefinedValue><DefinedValue><ColumnReference Column="Recr1164" /><ColumnReference Database="[ERPSASS-Live]" Schema="[Erp]" Table="[PartMtl]" Column="QtyPer" /><ColumnReference Database="[ERPSASS-Live]" Schema="[Erp]" Table="[PartMtl]" Alias="[PartMtl1]" Column="QtyPer" /></DefinedValue><DefinedValue><ColumnReference Column="Recr1165" /><ColumnReference Database="[ERPSASS-Live]" Schema="[Erp]" Table="[PartMtl]" Column="RelatedOperation" /><ColumnReference Database="[ERPSASS-Live]" Schema="[Erp]" Table="[PartMtl]" Alias="[PartMtl1]" Column="RelatedOperation" /></DefinedValue><DefinedValue><ColumnReference Column="Recr1166" /><ColumnReference Database="[ERPSASS-Live]" Schema="[Erp]" Table="[PartMtl]" Column="PullAsAsm" /><ColumnReference Database="[ERPSASS-Live]" Schema="[Erp]" Table="[PartMtl]" Alias="[PartMtl1]" Column="PullAsAsm" /></DefinedValue><DefinedValue><ColumnReference Column="Recr1167" /><ColumnReference Database="[ERPSASS-Live]" Schema="[Erp]" Table="[PartMtl]" Column="ViewAsAsm" /><ColumnReference Database="[ERPSASS-Live]" Schema="[Erp]" Table="[PartMtl]" Alias="[PartMtl1]" Column="ViewAsAsm" /></DefinedValue><DefinedValue><ColumnReference Column="Recr1168" /><ColumnReference Database="[ERPSASS-Live]" Schema="[Erp]" Table="[PartMtl]" Column="PlanAsAsm" /><ColumnReference Database="[ERPSASS-Live]" Schema="[Erp]" Table="[PartMtl]" Alias="[PartMtl1]" Column="PlanAsAsm" /></DefinedValue><DefinedValue><ColumnReference Column="Recr1169" /><ColumnReference Column="Expr1137" /><ColumnReference Column="Expr1157" /></DefinedValue><DefinedValue><ColumnReference Column="Recr1170" /><ColumnReference Column="Expr1138" /><ColumnReference Column="Expr1158" /></DefinedValue><DefinedValue><ColumnReference Column="Recr1171" /><ColumnReference Database="[ERPSASS-Live]" Schema="[Erp]" Table="[PartMtl]" Column="PartNum" /><ColumnReference Column="Recr1153" /></DefinedValue><DefinedValue><ColumnReference Column="Recr1172" /><ColumnReference Database="[ERPSASS-Live]" Schema="[Erp]" Table="[PartMtl]" Column="UOMCode" /><ColumnReference Database="[ERPSASS-Live]" Schema="[Erp]" Table="[PartMtl]" Alias="[PartMtl1]" Column="UOMCode" /></DefinedValue><DefinedValue><ColumnReference Column="Recr1173" /><ColumnReference Database="[ERPSASS-Live]" Schema="[Erp]" Table="[PartOpr]" Column="OpCode" /><ColumnReference Database="[ERPSASS-Live]" Schema="[Erp]" Table="[PartOpr]" Alias="[PartOpr1]" Column="OpCode" /></DefinedValue></DefinedValues><RelOp NodeId="241" PhysicalOp="Compute Scalar" LogicalOp="Compute Scalar" EstimateRows="1" EstimateIO="0" EstimateCPU="2.65515e-008" AvgRowSize="282" EstimatedTotalSubtreeCost="2.65515e-008" Parallel="0" EstimateRebinds="5.31031" EstimateRewinds="0" EstimatedExecutionMode="Row"><OutputList><ColumnReference Column="Expr1268" /><ColumnReference Database="[ERPSASS-Live]" Schema="[Erp]" Table="[PartMtl]" Column="Company" /><ColumnReference Database="[ERPSASS-Live]" Schema="[Erp]" Table="[PartMtl]" Column="PartNum" /><ColumnReference Database="[ERPSASS-Live]" Schema="[Erp]" Table="[PartMtl]" Column="RevisionNum" /><ColumnReference Database="[ERPSASS-Live]" Schema="[Erp]" Table="[PartMtl]" Column="MtlSeq" /><ColumnReference Database="[ERPSASS-Live]" Schema="[Erp]" Table="[PartMtl]" Column="MtlPartNum" /><ColumnReference Database="[ERPSASS-Live]" Schema="[Erp]" Table="[PartMtl]" Column="QtyPer" /><ColumnReference Database="[ERPSASS-Live]" Schema="[Erp]" Table="[PartMtl]" Column="RelatedOperation" /><ColumnReference Database="[ERPSASS-Live]" Schema="[Erp]" Table="[PartMtl]" Column="PullAsAsm" /><ColumnReference Database="[ERPSASS-Live]" Schema="[Erp]" Table="[PartMtl]" Column="ViewAsAsm" /><ColumnReference Database="[ERPSASS-Live]" Schema="[Erp]" Table="[PartMtl]" Column="PlanAsAsm" /><ColumnReference Column="Expr1137" /><ColumnReference Column="Expr1138" /><ColumnReference Database="[ERPSASS-Live]" Schema="[Erp]" Table="[PartMtl]" Column="PartNum" /><ColumnReference Database="[ERPSASS-Live]" Schema="[Erp]" Table="[PartMtl]" Column="UOMCode" /><ColumnReference Database="[ERPSASS-Live]" Schema="[Erp]" Table="[PartOpr]" Column="OpCode" /></OutputList><ComputeScalar><DefinedValues><DefinedValue><ColumnReference Column="Expr1268" /><ScalarOperator ScalarString="(0)"><Const ConstValue="(0)" /></ScalarOperator></DefinedValue></DefinedValues><RelOp NodeId="242" PhysicalOp="Compute Scalar" LogicalOp="Compute Scalar" EstimateRows="1.32758" EstimateIO="0" EstimateCPU="1.32758e-007" AvgRowSize="230" EstimatedTotalSubtreeCost="0.00988693" Parallel="0" EstimateRebinds="0" EstimateRewinds="0" EstimatedExecutionMode="Row"><OutputList><ColumnReference Database="[ERPSASS-Live]" Schema="[Erp]" Table="[PartMtl]" Column="Company" /><ColumnReference Database="[ERPSASS-Live]" Schema="[Erp]" Table="[PartMtl]" Column="PartNum" /><ColumnReference Database="[ERPSASS-Live]" Schema="[Erp]" Table="[PartMtl]" Column="RevisionNum" /><ColumnReference Database="[ERPSASS-Live]" Schema="[Erp]" Table="[PartMtl]" Column="MtlSeq" /><ColumnReference Database="[ERPSASS-Live]" Schema="[Erp]" Table="[PartMtl]" Column="MtlPartNum" /><ColumnReference Database="[ERPSASS-Live]" Schema="[Erp]" Table="[PartMtl]" Column="QtyPer" /><ColumnReference Database="[ERPSASS-Live]" Schema="[Erp]" Table="[PartMtl]" Column="RelatedOperation" /><ColumnReference Database="[ERPSASS-Live]" Schema="[Erp]" Table="[PartMtl]" Column="PullAsAsm" /><ColumnReference Database="[ERPSASS-Live]" Schema="[Erp]" Table="[PartMtl]" Column="ViewAsAsm" /><ColumnReference Database="[ERPSASS-Live]" Schema="[Erp]" Table="[PartMtl]" Column="UOMCode" /><ColumnReference Database="[ERPSASS-Live]" Schema="[Erp]" Table="[PartMtl]" Column="PlanAsAsm" /><ColumnReference Database="[ERPSASS-Live]" Schema="[Erp]" Table="[PartOpr]" Column="OpCode" /><ColumnReference Column="Expr1137" /><ColumnReference Column="Expr1138" /></OutputList><ComputeScalar><DefinedValues><DefinedValue><ColumnReference Column="Expr1137" /><ScalarOperator ScalarString="(1)"><Const ConstValue="(1)" /></ScalarOperator></DefinedValue></DefinedValues><RelOp NodeId="243" PhysicalOp="Compute Scalar" LogicalOp="Compute Scalar" EstimateRows="1.32758" EstimateIO="0" EstimateCPU="1.32758e-007" AvgRowSize="226" EstimatedTotalSubtreeCost="0.0098868" Parallel="0" EstimateRebinds="0" EstimateRewinds="0" EstimatedExecutionMode="Row"><OutputList><ColumnReference Database="[ERPSASS-Live]" Schema="[Erp]" Table="[PartMtl]" Column="Company" /><ColumnReference Database="[ERPSASS-Live]" Schema="[Erp]" Table="[PartMtl]" Column="PartNum" /><ColumnReference Database="[ERPSASS-Live]" Schema="[Erp]" Table="[PartMtl]" Column="RevisionNum" /><ColumnReference Database="[ERPSASS-Live]" Schema="[Erp]" Table="[PartMtl]" Column="MtlSeq" /><ColumnReference Database="[ERPSASS-Live]" Schema="[Erp]" Table="[PartMtl]" Column="MtlPartNum" /><ColumnReference Database="[ERPSASS-Live]" Schema="[Erp]" Table="[PartMtl]" Column="QtyPer" /><ColumnReference Database="[ERPSASS-Live]" Schema="[Erp]" Table="[PartMtl]" Column="RelatedOperation" /><ColumnReference Database="[ERPSASS-Live]" Schema="[Erp]" Table="[PartMtl]" Column="PullAsAsm" /><ColumnReference Database="[ERPSASS-Live]" Schema="[Erp]" Table="[PartMtl]" Column="ViewAsAsm" /><ColumnReference Database="[ERPSASS-Live]" Schema="[Erp]" Table="[PartMtl]" Column="UOMCode" /><ColumnReference Database="[ERPSASS-Live]" Schema="[Erp]" Table="[PartMtl]" Column="PlanAsAsm" /><ColumnReference Database="[ERPSASS-Live]" Schema="[Erp]" Table="[PartOpr]" Column="OpCode" /><ColumnReference Column="Expr1138" /></OutputList><ComputeScalar><DefinedValues><DefinedValue><ColumnReference Column="Expr1138" /><ScalarOperator ScalarString="CONVERT(nvarchar(50),N'..'+[ERPSASS-Live].[Erp].[PartMtl].[MtlPartNum],0)"><Convert DataType="nvarchar" Length="100" Style="0" Implicit="0"><ScalarOperator><Arithmetic Operation="ADD"><ScalarOperator><Const ConstValue="N'..'" /></ScalarOperator><ScalarOperator><Identifier><ColumnReference Database="[ERPSASS-Live]" Schema="[Erp]" Table="[PartMtl]" Column="MtlPartNum" /></Identifier></ScalarOperator></Arithmetic></ScalarOperator></Convert></ScalarOperator></DefinedValue></DefinedValues><RelOp NodeId="244" PhysicalOp="Nested Loops" LogicalOp="Inner Join" EstimateRows="1.32758" EstimateIO="0" EstimateCPU="5.54927e-006" AvgRowSize="174" EstimatedTotalSubtreeCost="0.00988666" Parallel="0" EstimateRebinds="0" EstimateRewinds="0" EstimatedExecutionMode="Row"><OutputList><ColumnReference Database="[ERPSASS-Live]" Schema="[Erp]" Table="[PartMtl]" Column="Company" /><ColumnReference Database="[ERPSASS-Live]" Schema="[Erp]" Table="[PartMtl]" Column="PartNum" /><ColumnReference Database="[ERPSASS-Live]" Schema="[Erp]" Table="[PartMtl]" Column="RevisionNum" /><ColumnReference Database="[ERPSASS-Live]" Schema="[Erp]" Table="[PartMtl]" Column="MtlSeq" /><ColumnReference Database="[ERPSASS-Live]" Schema="[Erp]" Table="[PartMtl]" Column="MtlPartNum" /><ColumnReference Database="[ERPSASS-Live]" Schema="[Erp]" Table="[PartMtl]" Column="QtyPer" /><ColumnReference Database="[ERPSASS-Live]" Schema="[Erp]" Table="[PartMtl]" Column="RelatedOperation" /><ColumnReference Database="[ERPSASS-Live]" Schema="[Erp]" Table="[PartMtl]" Column="PullAsAsm" /><ColumnReference Database="[ERPSASS-Live]" Schema="[Erp]" Table="[PartMtl]" Column="ViewAsAsm" /><ColumnReference Database="[ERPSASS-Live]" Schema="[Erp]" Table="[PartMtl]" Column="UOMCode" /><ColumnReference Database="[ERPSASS-Live]" Schema="[Erp]" Table="[PartMtl]" Column="PlanAsAsm" /><ColumnReference Database="[ERPSASS-Live]" Schema="[Erp]" Table="[PartOpr]" Column="OpCode" /></OutputList><NestedLoops Optimized="0"><OuterReferences><ColumnReference Database="[ERPSASS-Live]" Schema="[Erp]" Table="[PartOpr]" Column="Company" /><ColumnReference Database="[ERPSASS-Live]" Schema="[Erp]" Table="[PartOpr]" Column="RevisionNum" /><ColumnReference Database="[ERPSASS-Live]" Schema="[Erp]" Table="[PartOpr]" Column="AltMethod" /></OuterReferences><RelOp NodeId="245" PhysicalOp="Nested Loops" LogicalOp="Inner Join" EstimateRows="1.16806" EstimateIO="0" EstimateCPU="4.8825e-006" AvgRowSize="57" EstimatedTotalSubtreeCost="0.00657127" Parallel="0" EstimateRebinds="0" EstimateRewinds="0" EstimatedExecutionMode="Row"><OutputList><ColumnReference Database="[ERPSASS-Live]" Schema="[Erp]" Table="[PartOpr]" Column="Company" /><ColumnReference Database="[ERPSASS-Live]" Schema="[Erp]" Table="[PartOpr]" Column="RevisionNum" /><ColumnReference Database="[ERPSASS-Live]" Schema="[Erp]" Table="[PartOpr]" Column="OpCode" /><ColumnReference Database="[ERPSASS-Live]" Schema="[Erp]" Table="[PartOpr]" Column="AltMethod" /></OutputList><NestedLoops Optimized="0"><OuterReferences><ColumnReference Table="@AvailCompLst" Alias="[AvailCLst_PartMtl]" Column="Company" /></OuterReferences><RelOp NodeId="246" PhysicalOp="Clustered Index Scan" LogicalOp="Clustered Index Scan" EstimateRows="1" EstimateIO="0.003125" EstimateCPU="0.0001581" AvgRowSize="23" EstimatedTotalSubtreeCost="0.0032831" TableCardinality="0" Parallel="0" EstimateRebinds="0" EstimateRewinds="0" EstimatedExecutionMode="Row"><OutputList><ColumnReference Table="@AvailCompLst" Alias="[AvailCLst_PartMtl]" Column="Company" /></OutputList><IndexScan Ordered="0" ForcedIndex="0" ForceScan="0" NoExpandHint="0" Storage="RowStore"><DefinedValues><DefinedValue><ColumnReference Table="@AvailCompLst" Alias="[AvailCLst_PartMtl]" Column="Company" /></DefinedValue></DefinedValues><Object Table="[@AvailCompLst]" Index="[PK__#BF86AAA__DC890D0C675AC72E]" Alias="[AvailCLst_PartMtl]" TableReferenceId="3" Storage="RowStore" /></IndexScan></RelOp><RelOp NodeId="247" PhysicalOp="Clustered Index Seek" LogicalOp="Clustered Index Seek" EstimateRows="1.16806" EstimateIO="0.003125" EstimateCPU="0.000158285" AvgRowSize="57" EstimatedTotalSubtreeCost="0.00328328" TableCardinality="8090" Parallel="0" EstimateRebinds="0" EstimateRewinds="0" EstimatedExecutionMode="Row"><OutputList><ColumnReference Database="[ERPSASS-Live]" Schema="[Erp]" Table="[PartOpr]" Column="Company" /><ColumnReference Database="[ERPSASS-Live]" Schema="[Erp]" Table="[PartOpr]" Column="RevisionNum" /><ColumnReference Database="[ERPSASS-Live]" Schema="[Erp]" Table="[PartOpr]" Column="OpCode" /><ColumnReference Database="[ERPSASS-Live]" Schema="[Erp]" Table="[PartOpr]" Column="AltMethod" /></OutputList><IndexScan Ordered="1" ScanDirection="FORWARD" ForcedIndex="0" ForceSeek="0" ForceScan="0" NoExpandHint="0" Storage="RowStore"><DefinedValues><DefinedValue><ColumnReference Database="[ERPSASS-Live]" Schema="[Erp]" Table="[PartOpr]" Column="Company" /></DefinedValue><DefinedValue><ColumnReference Database="[ERPSASS-Live]" Schema="[Erp]" Table="[PartOpr]" Column="RevisionNum" /></DefinedValue><DefinedValue><ColumnReference Database="[ERPSASS-Live]" Schema="[Erp]" Table="[PartOpr]" Column="OpCode" /></DefinedValue><DefinedValue><ColumnReference Database="[ERPSASS-Live]" Schema="[Erp]" Table="[PartOpr]" Column="AltMethod" /></DefinedValue></DefinedValues><Object Database="[ERPSASS-Live]" Schema="[Erp]" Table="[PartOpr]" Index="[PK_PartOpr]" TableReferenceId="3" IndexKind="Clustered" Storage="RowStore" /><SeekPredicates><SeekPredicateNew><SeekKeys><Prefix ScanType="EQ"><RangeColumns><ColumnReference Database="[ERPSASS-Live]" Schema="[Erp]" Table="[PartOpr]" Column="Company" /><ColumnReference Database="[ERPSASS-Live]" Schema="[Erp]" Table="[PartOpr]" Column="PartNum" /></RangeColumns><RangeExpressions><ScalarOperator ScalarString="@AvailCompLst.[Company] as [AvailCLst_PartMtl].[Company]"><Identifier><ColumnReference Table="@AvailCompLst" Alias="[AvailCLst_PartMtl]" Column="Company" /></Identifier></ScalarOperator><ScalarOperator ScalarString="[Recr1039]"><Identifier><ColumnReference Column="Recr1039" /></Identifier></ScalarOperator></RangeExpressions></Prefix></SeekKeys></SeekPredicateNew></SeekPredicates></IndexScan></RelOp></NestedLoops></RelOp><RelOp NodeId="248" PhysicalOp="Clustered Index Seek" LogicalOp="Clustered Index Seek" EstimateRows="1.13656" EstimateIO="0.003125" EstimateCPU="0.00015825" AvgRowSize="164" EstimatedTotalSubtreeCost="0.00330985" TableCardinality="18060" Parallel="0" EstimateRebinds="0" EstimateRewinds="0.168062" EstimatedExecutionMode="Row"><OutputList><ColumnReference Database="[ERPSASS-Live]" Schema="[Erp]" Table="[PartMtl]" Column="Company" /><ColumnReference Database="[ERPSASS-Live]" Schema="[Erp]" Table="[PartMtl]" Column="PartNum" /><ColumnReference Database="[ERPSASS-Live]" Schema="[Erp]" Table="[PartMtl]" Column="RevisionNum" /><ColumnReference Database="[ERPSASS-Live]" Schema="[Erp]" Table="[PartMtl]" Column="MtlSeq" /><ColumnReference Database="[ERPSASS-Live]" Schema="[Erp]" Table="[PartMtl]" Column="MtlPartNum" /><ColumnReference Database="[ERPSASS-Live]" Schema="[Erp]" Table="[PartMtl]" Column="QtyPer" /><ColumnReference Database="[ERPSASS-Live]" Schema="[Erp]" Table="[PartMtl]" Column="RelatedOperation" /><ColumnReference Database="[ERPSASS-Live]" Schema="[Erp]" Table="[PartMtl]" Column="PullAsAsm" /><ColumnReference Database="[ERPSASS-Live]" Schema="[Erp]" Table="[PartMtl]" Column="ViewAsAsm" /><ColumnReference Database="[ERPSASS-Live]" Schema="[Erp]" Table="[PartMtl]" Column="UOMCode" /><ColumnReference Database="[ERPSASS-Live]" Schema="[Erp]" Table="[PartMtl]" Column="PlanAsAsm" /></OutputList><IndexScan Ordered="1" ScanDirection="FORWARD" ForcedIndex="0" ForceSeek="0" ForceScan="0" NoExpandHint="0" Storage="RowStore"><DefinedValues><DefinedValue><ColumnReference Database="[ERPSASS-Live]" Schema="[Erp]" Table="[PartMtl]" Column="Company" /></DefinedValue><DefinedValue><ColumnReference Database="[ERPSASS-Live]" Schema="[Erp]" Table="[PartMtl]" Column="PartNum" /></DefinedValue><DefinedValue><ColumnReference Database="[ERPSASS-Live]" Schema="[Erp]" Table="[PartMtl]" Column="RevisionNum" /></DefinedValue><DefinedValue><ColumnReference Database="[ERPSASS-Live]" Schema="[Erp]" Table="[PartMtl]" Column="MtlSeq" /></DefinedValue><DefinedValue><ColumnReference Database="[ERPSASS-Live]" Schema="[Erp]" Table="[PartMtl]" Column="MtlPartNum" /></DefinedValue><DefinedValue><ColumnReference Database="[ERPSASS-Live]" Schema="[Erp]" Table="[PartMtl]" Column="QtyPer" /></DefinedValue><DefinedValue><ColumnReference Database="[ERPSASS-Live]" Schema="[Erp]" Table="[PartMtl]" Column="RelatedOperation" /></DefinedValue><DefinedValue><ColumnReference Database="[ERPSASS-Live]" Schema="[Erp]" Table="[PartMtl]" Column="PullAsAsm" /></DefinedValue><DefinedValue><ColumnReference Database="[ERPSASS-Live]" Schema="[Erp]" Table="[PartMtl]" Column="ViewAsAsm" /></DefinedValue><DefinedValue><ColumnReference Database="[ERPSASS-Live]" Schema="[Erp]" Table="[PartMtl]" Column="UOMCode" /></DefinedValue><DefinedValue><ColumnReference Database="[ERPSASS-Live]" Schema="[Erp]" Table="[PartMtl]" Column="PlanAsAsm" /></DefinedValue></DefinedValues><Object Database="[ERPSASS-Live]" Schema="[Erp]" Table="[PartMtl]" Index="[IX_PartMtl]" TableReferenceId="3" IndexKind="Clustered" Storage="RowStore" /><SeekPredicates><SeekPredicateNew><SeekKeys><Prefix ScanType="EQ"><RangeColumns><ColumnReference Database="[ERPSASS-Live]" Schema="[Erp]" Table="[PartMtl]" Column="Company" /><ColumnReference Database="[ERPSASS-Live]" Schema="[Erp]" Table="[PartMtl]" Column="PartNum" /><ColumnReference Database="[ERPSASS-Live]" Schema="[Erp]" Table="[PartMtl]" Column="RevisionNum" /><ColumnReference Database="[ERPSASS-Live]" Schema="[Erp]" Table="[PartMtl]" Column="AltMethod" /></RangeColumns><RangeExpressions><ScalarOperator ScalarString="[ERPSASS-Live].[Erp].[PartOpr].[Company]"><Identifier><ColumnReference Database="[ERPSASS-Live]" Schema="[Erp]" Table="[PartOpr]" Column="Company" /></Identifier></ScalarOperator><ScalarOperator ScalarString="[Recr1039]"><Identifier><ColumnReference Column="Recr1039" /></Identifier></ScalarOperator><ScalarOperator ScalarString="[ERPSASS-Live].[Erp].[PartOpr].[RevisionNum]"><Identifier><ColumnReference Database="[ERPSASS-Live]" Schema="[Erp]" Table="[PartOpr]" Column="RevisionNum" /></Identifier></ScalarOperator><ScalarOperator ScalarString="[ERPSASS-Live].[Erp].[PartOpr].[AltMethod]"><Identifier><ColumnReference Database="[ERPSASS-Live]" Schema="[Erp]" Table="[PartOpr]" Column="AltMethod" /></Identifier></ScalarOperator></RangeExpressions></Prefix></SeekKeys></SeekPredicateNew></SeekPredicates></IndexScan></RelOp></NestedLoops></RelOp></ComputeScalar></RelOp></ComputeScalar></RelOp></ComputeScalar></RelOp><RelOp NodeId="258" PhysicalOp="Assert" LogicalOp="Assert" EstimateRows="4" EstimateIO="0" EstimateCPU="2.23033e-007" AvgRowSize="282" EstimatedTotalSubtreeCost="0.0327574" Parallel="0" EstimateRebinds="5.31031" EstimateRewinds="0" EstimatedExecutionMode="Row"><OutputList><ColumnReference Column="Expr1270" /><ColumnReference Database="[ERPSASS-Live]" Schema="[Erp]" Table="[PartMtl]" Alias="[PartMtl1]" Column="Company" /><ColumnReference Database="[ERPSASS-Live]" Schema="[Erp]" Table="[PartMtl]" Alias="[PartMtl1]" Column="PartNum" /><ColumnReference Database="[ERPSASS-Live]" Schema="[Erp]" Table="[PartMtl]" Alias="[PartMtl1]" Column="RevisionNum" /><ColumnReference Database="[ERPSASS-Live]" Schema="[Erp]" Table="[PartMtl]" Alias="[PartMtl1]" Column="MtlSeq" /><ColumnReference Database="[ERPSASS-Live]" Schema="[Erp]" Table="[PartMtl]" Alias="[PartMtl1]" Column="MtlPartNum" /><ColumnReference Database="[ERPSASS-Live]" Schema="[Erp]" Table="[PartMtl]" Alias="[PartMtl1]" Column="QtyPer" /><ColumnReference Database="[ERPSASS-Live]" Schema="[Erp]" Table="[PartMtl]" Alias="[PartMtl1]" Column="RelatedOperation" /><ColumnReference Database="[ERPSASS-Live]" Schema="[Erp]" Table="[PartMtl]" Alias="[PartMtl1]" Column="PullAsAsm" /><ColumnReference Database="[ERPSASS-Live]" Schema="[Erp]" Table="[PartMtl]" Alias="[PartMtl1]" Column="ViewAsAsm" /><ColumnReference Database="[ERPSASS-Live]" Schema="[Erp]" Table="[PartMtl]" Alias="[PartMtl1]" Column="PlanAsAsm" /><ColumnReference Column="Expr1157" /><ColumnReference Column="Expr1158" /><ColumnReference Column="Recr1153" /><ColumnReference Database="[ERPSASS-Live]" Schema="[Erp]" Table="[PartMtl]" Alias="[PartMtl1]" Column="UOMCode" /><ColumnReference Database="[ERPSASS-Live]" Schema="[Erp]" Table="[PartOpr]" Alias="[PartOpr1]" Column="OpCode" /></OutputList><Assert StartupExpression="0"><RelOp NodeId="259" PhysicalOp="Nested Loops" LogicalOp="Inner Join" EstimateRows="4" EstimateIO="0" EstimateCPU="2.23033e-007" AvgRowSize="282" EstimatedTotalSubtreeCost="0.0327574" Parallel="0" EstimateRebinds="5.31031" EstimateRewinds="0" EstimatedExecutionMode="Row"><OutputList><ColumnReference Column="Expr1270" /><ColumnReference Database="[ERPSASS-Live]" Schema="[Erp]" Table="[PartMtl]" Alias="[PartMtl1]" Column="Company" /><ColumnReference Database="[ERPSASS-Live]" Schema="[Erp]" Table="[PartMtl]" Alias="[PartMtl1]" Column="PartNum" /><ColumnReference Database="[ERPSASS-Live]" Schema="[Erp]" Table="[PartMtl]" Alias="[PartMtl1]" Column="RevisionNum" /><ColumnReference Database="[ERPSASS-Live]" Schema="[Erp]" Table="[PartMtl]" Alias="[PartMtl1]" Column="MtlSeq" /><ColumnReference Database="[ERPSASS-Live]" Schema="[Erp]" Table="[PartMtl]" Alias="[PartMtl1]" Column="MtlPartNum" /><ColumnReference Database="[ERPSASS-Live]" Schema="[Erp]" Table="[PartMtl]" Alias="[PartMtl1]" Column="QtyPer" /><ColumnReference Database="[ERPSASS-Live]" Schema="[Erp]" Table="[PartMtl]" Alias="[PartMtl1]" Column="RelatedOperation" /><ColumnReference Database="[ERPSASS-Live]" Schema="[Erp]" Table="[PartMtl]" Alias="[PartMtl1]" Column="PullAsAsm" /><ColumnReference Database="[ERPSASS-Live]" Schema="[Erp]" Table="[PartMtl]" Alias="[PartMtl1]" Column="ViewAsAsm" /><ColumnReference Database="[ERPSASS-Live]" Schema="[Erp]" Table="[PartMtl]" Alias="[PartMtl1]" Column="PlanAsAsm" /><ColumnReference Column="Expr1157" /><ColumnReference Column="Expr1158" /><ColumnReference Column="Recr1153" /><ColumnReference Database="[ERPSASS-Live]" Schema="[Erp]" Table="[PartMtl]" Alias="[PartMtl1]" Column="UOMCode" /><ColumnReference Database="[ERPSASS-Live]" Schema="[Erp]" Table="[PartOpr]" Alias="[PartOpr1]" Column="OpCode" /></OutputList><NestedLoops Optimized="0"><OuterReferences><ColumnReference Column="Expr1270" /><ColumnReference Column="Recr1141" /><ColumnReference Column="Recr1142" /><ColumnReference Column="Recr1143" /><ColumnReference Column="Recr1144" /><ColumnReference Column="Recr1145" /><ColumnReference Column="Recr1146" /><ColumnReference Column="Recr1147" /><ColumnReference Column="Recr1148" /><ColumnReference Column="Recr1149" /><ColumnReference Column="Recr1150" /><ColumnReference Column="Recr1151" /><ColumnReference Column="Recr1152" /><ColumnReference Column="Recr1153" /><ColumnReference Column="Recr1154" /><ColumnReference Column="Recr1155" /></OuterReferences><RelOp NodeId="260" PhysicalOp="Compute Scalar" LogicalOp="Compute Scalar" EstimateRows="1" EstimateIO="0" EstimateCPU="2.65515e-008" AvgRowSize="282" EstimatedTotalSubtreeCost="2.65515e-008" Parallel="0" EstimateRebinds="5.31031" EstimateRewinds="0" EstimatedExecutionMode="Row"><OutputList><ColumnReference Column="Expr1270" /><ColumnReference Column="Recr1141" /><ColumnReference Column="Recr1142" /><ColumnReference Column="Recr1143" /><ColumnReference Column="Recr1144" /><ColumnReference Column="Recr1145" /><ColumnReference Column="Recr1146" /><ColumnReference Column="Recr1147" /><ColumnReference Column="Recr1148" /><ColumnReference Column="Recr1149" /><ColumnReference Column="Recr1150" /><ColumnReference Column="Recr1151" /><ColumnReference Column="Recr1152" /><ColumnReference Column="Recr1153" /><ColumnReference Column="Recr1154" /><ColumnReference Column="Recr1155" /></OutputList><ComputeScalar><DefinedValues><DefinedValue><ColumnReference Column="Expr1270" /><ScalarOperator ScalarString="[Expr1269]+(1)"><Arithmetic Operation="ADD"><ScalarOperator><Identifier><ColumnReference Column="Expr1269" /></Identifier></ScalarOperator><ScalarOperator><Const ConstValue="(1)" /></ScalarOperator></Arithmetic></ScalarOperator></DefinedValue></DefinedValues><RelOp NodeId="261" PhysicalOp="Table Spool" LogicalOp="Lazy Spool" EstimateRows="1" EstimateIO="0" EstimateCPU="2.65515e-008" AvgRowSize="282" EstimatedTotalSubtreeCost="2.65515e-008" Parallel="0" EstimateRebinds="5.31031" EstimateRewinds="0" EstimatedExecutionMode="Row"><OutputList><ColumnReference Column="Expr1269" /><ColumnReference Column="Recr1141" /><ColumnReference Column="Recr1142" /><ColumnReference Column="Recr1143" /><ColumnReference Column="Recr1144" /><ColumnReference Column="Recr1145" /><ColumnReference Column="Recr1146" /><ColumnReference Column="Recr1147" /><ColumnReference Column="Recr1148" /><ColumnReference Column="Recr1149" /><ColumnReference Column="Recr1150" /><ColumnReference Column="Recr1151" /><ColumnReference Column="Recr1152" /><ColumnReference Column="Recr1153" /><ColumnReference Column="Recr1154" /><ColumnReference Column="Recr1155" /></OutputList><Spool PrimaryNodeId="239" Stack="1" /></RelOp></ComputeScalar></RelOp><RelOp NodeId="265" PhysicalOp="Compute Scalar" LogicalOp="Compute Scalar" EstimateRows="1.32758" EstimateIO="0" EstimateCPU="1.32758e-007" AvgRowSize="230" EstimatedTotalSubtreeCost="0.0327572" Parallel="0" EstimateRebinds="4.31031" EstimateRewinds="0" EstimatedExecutionMode="Row"><OutputList><ColumnReference Database="[ERPSASS-Live]" Schema="[Erp]" Table="[PartMtl]" Alias="[PartMtl1]" Column="Company" /><ColumnReference Database="[ERPSASS-Live]" Schema="[Erp]" Table="[PartMtl]" Alias="[PartMtl1]" Column="PartNum" /><ColumnReference Database="[ERPSASS-Live]" Schema="[Erp]" Table="[PartMtl]" Alias="[PartMtl1]" Column="RevisionNum" /><ColumnReference Database="[ERPSASS-Live]" Schema="[Erp]" Table="[PartMtl]" Alias="[PartMtl1]" Column="MtlSeq" /><ColumnReference Database="[ERPSASS-Live]" Schema="[Erp]" Table="[PartMtl]" Alias="[PartMtl1]" Column="MtlPartNum" /><ColumnReference Database="[ERPSASS-Live]" Schema="[Erp]" Table="[PartMtl]" Alias="[PartMtl1]" Column="QtyPer" /><ColumnReference Database="[ERPSASS-Live]" Schema="[Erp]" Table="[PartMtl]" Alias="[PartMtl1]" Column="RelatedOperation" /><ColumnReference Database="[ERPSASS-Live]" Schema="[Erp]" Table="[PartMtl]" Alias="[PartMtl1]" Column="PullAsAsm" /><ColumnReference Database="[ERPSASS-Live]" Schema="[Erp]" Table="[PartMtl]" Alias="[PartMtl1]" Column="ViewAsAsm" /><ColumnReference Database="[ERPSASS-Live]" Schema="[Erp]" Table="[PartMtl]" Alias="[PartMtl1]" Column="UOMCode" /><ColumnReference Database="[ERPSASS-Live]" Schema="[Erp]" Table="[PartMtl]" Alias="[PartMtl1]" Column="PlanAsAsm" /><ColumnReference Database="[ERPSASS-Live]" Schema="[Erp]" Table="[PartOpr]" Alias="[PartOpr1]" Column="OpCode" /><ColumnReference Column="Expr1157" /><ColumnReference Column="Expr1158" /></OutputList><ComputeScalar><DefinedValues><DefinedValue><ColumnReference Column="Expr1157" /><ScalarOperator ScalarString="[Recr1151]+(1)"><Arithmetic Operation="ADD"><ScalarOperator><Identifier><ColumnReference Column="Recr1151" /></Identifier></ScalarOperator><ScalarOperator><Const ConstValue="(1)" /></ScalarOperator></Arithmetic></ScalarOperator></DefinedValue><DefinedValue><ColumnReference Column="Expr1158" /><ScalarOperator ScalarString="CONVERT(nvarchar(50),substring(N'........',(1),[Recr1151]+(1)+(1))+[ERPSASS-Live].[Erp].[PartMtl].[MtlPartNum] as [PartMtl1].[MtlPartNum],0)"><Convert DataType="nvarchar" Length="100" Style="0" Implicit="0"><ScalarOperator><Arithmetic Operation="ADD"><ScalarOperator><Intrinsic FunctionName="substring"><ScalarOperator><Const ConstValue="N'........'" /></ScalarOperator><ScalarOperator><Const ConstValue="(1)" /></ScalarOperator><ScalarOperator><Arithmetic Operation="ADD"><ScalarOperator><Arithmetic Operation="ADD"><ScalarOperator><Identifier><ColumnReference Column="Recr1151" /></Identifier></ScalarOperator><ScalarOperator><Const ConstValue="(1)" /></ScalarOperator></Arithmetic></ScalarOperator><ScalarOperator><Const ConstValue="(1)" /></ScalarOperator></Arithmetic></ScalarOperator></Intrinsic></ScalarOperator><ScalarOperator><Identifier><ColumnReference Database="[ERPSASS-Live]" Schema="[Erp]" Table="[PartMtl]" Alias="[PartMtl1]" Column="MtlPartNum" /></Identifier></ScalarOperator></Arithmetic></ScalarOperator></Convert></ScalarOperator></DefinedValue></DefinedValues><RelOp NodeId="266" PhysicalOp="Nested Loops" LogicalOp="Inner Join" EstimateRows="1.32758" EstimateIO="0" EstimateCPU="5.54927e-006" AvgRowSize="174" EstimatedTotalSubtreeCost="0.0327565" Parallel="0" EstimateRebinds="4.31031" EstimateRewinds="0" EstimatedExecutionMode="Row"><OutputList><ColumnReference Database="[ERPSASS-Live]" Schema="[Erp]" Table="[PartMtl]" Alias="[PartMtl1]" Column="Company" /><ColumnReference Database="[ERPSASS-Live]" Schema="[Erp]" Table="[PartMtl]" Alias="[PartMtl1]" Column="PartNum" /><ColumnReference Database="[ERPSASS-Live]" Schema="[Erp]" Table="[PartMtl]" Alias="[PartMtl1]" Column="RevisionNum" /><ColumnReference Database="[ERPSASS-Live]" Schema="[Erp]" Table="[PartMtl]" Alias="[PartMtl1]" Column="MtlSeq" /><ColumnReference Database="[ERPSASS-Live]" Schema="[Erp]" Table="[PartMtl]" Alias="[PartMtl1]" Column="MtlPartNum" /><ColumnReference Database="[ERPSASS-Live]" Schema="[Erp]" Table="[PartMtl]" Alias="[PartMtl1]" Column="QtyPer" /><ColumnReference Database="[ERPSASS-Live]" Schema="[Erp]" Table="[PartMtl]" Alias="[PartMtl1]" Column="RelatedOperation" /><ColumnReference Database="[ERPSASS-Live]" Schema="[Erp]" Table="[PartMtl]" Alias="[PartMtl1]" Column="PullAsAsm" /><ColumnReference Database="[ERPSASS-Live]" Schema="[Erp]" Table="[PartMtl]" Alias="[PartMtl1]" Column="ViewAsAsm" /><ColumnReference Database="[ERPSASS-Live]" Schema="[Erp]" Table="[PartMtl]" Alias="[PartMtl1]" Column="UOMCode" /><ColumnReference Database="[ERPSASS-Live]" Schema="[Erp]" Table="[PartMtl]" Alias="[PartMtl1]" Column="PlanAsAsm" /><ColumnReference Database="[ERPSASS-Live]" Schema="[Erp]" Table="[PartOpr]" Alias="[PartOpr1]" Column="OpCode" /></OutputList><NestedLoops Optimized="0"><RelOp NodeId="267" PhysicalOp="Clustered Index Seek" LogicalOp="Clustered Index Seek" EstimateRows="1" EstimateIO="0.003125" EstimateCPU="0.0001581" AvgRowSize="9" EstimatedTotalSubtreeCost="0.00396456" TableCardinality="0" Parallel="0" EstimateRebinds="4.31031" EstimateRewinds="0" EstimatedExecutionMode="Row"><OutputList /><IndexScan Ordered="1" ScanDirection="FORWARD" ForcedIndex="0" ForceSeek="0" ForceScan="0" NoExpandHint="0" Storage="RowStore"><DefinedValues /><Object Table="[@AvailCompLst]" Index="[PK__#BF86AAA__DC890D0C675AC72E]" Alias="[AvailCLst_PartMtl1]" TableReferenceId="3" Storage="RowStore" /><SeekPredicates><SeekPredicateNew><SeekKeys><Prefix ScanType="EQ"><RangeColumns><ColumnReference Table="@AvailCompLst" Alias="[AvailCLst_PartMtl1]" Column="Company" /></RangeColumns><RangeExpressions><ScalarOperator ScalarString="[Recr1141]"><Identifier><ColumnReference Column="Recr1141" /></Identifier></ScalarOperator></RangeExpressions></Prefix></SeekKeys></SeekPredicateNew></SeekPredicates></IndexScan></RelOp><RelOp NodeId="268" PhysicalOp="Nested Loops" LogicalOp="Inner Join" EstimateRows="1.32758" EstimateIO="0" EstimateCPU="5.54927e-006" AvgRowSize="174" EstimatedTotalSubtreeCost="0.0287624" Parallel="0" EstimateRebinds="4.31031" EstimateRewinds="0" EstimatedExecutionMode="Row"><OutputList><ColumnReference Database="[ERPSASS-Live]" Schema="[Erp]" Table="[PartMtl]" Alias="[PartMtl1]" Column="Company" /><ColumnReference Database="[ERPSASS-Live]" Schema="[Erp]" Table="[PartMtl]" Alias="[PartMtl1]" Column="PartNum" /><ColumnReference Database="[ERPSASS-Live]" Schema="[Erp]" Table="[PartMtl]" Alias="[PartMtl1]" Column="RevisionNum" /><ColumnReference Database="[ERPSASS-Live]" Schema="[Erp]" Table="[PartMtl]" Alias="[PartMtl1]" Column="MtlSeq" /><ColumnReference Database="[ERPSASS-Live]" Schema="[Erp]" Table="[PartMtl]" Alias="[PartMtl1]" Column="MtlPartNum" /><ColumnReference Database="[ERPSASS-Live]" Schema="[Erp]" Table="[PartMtl]" Alias="[PartMtl1]" Column="QtyPer" /><ColumnReference Database="[ERPSASS-Live]" Schema="[Erp]" Table="[PartMtl]" Alias="[PartMtl1]" Column="RelatedOperation" /><ColumnReference Database="[ERPSASS-Live]" Schema="[Erp]" Table="[PartMtl]" Alias="[PartMtl1]" Column="PullAsAsm" /><ColumnReference Database="[ERPSASS-Live]" Schema="[Erp]" Table="[PartMtl]" Alias="[PartMtl1]" Column="ViewAsAsm" /><ColumnReference Database="[ERPSASS-Live]" Schema="[Erp]" Table="[PartMtl]" Alias="[PartMtl1]" Column="UOMCode" /><ColumnReference Database="[ERPSASS-Live]" Schema="[Erp]" Table="[PartMtl]" Alias="[PartMtl1]" Column="PlanAsAsm" /><ColumnReference Database="[ERPSASS-Live]" Schema="[Erp]" Table="[PartOpr]" Alias="[PartOpr1]" Column="OpCode" /></OutputList><NestedLoops Optimized="0"><OuterReferences><ColumnReference Database="[ERPSASS-Live]" Schema="[Erp]" Table="[PartOpr]" Alias="[PartOpr1]" Column="RevisionNum" /><ColumnReference Database="[ERPSASS-Live]" Schema="[Erp]" Table="[PartOpr]" Alias="[PartOpr1]" Column="AltMethod" /></OuterReferences><RelOp NodeId="269" PhysicalOp="Clustered Index Seek" LogicalOp="Clustered Index Seek" EstimateRows="1.16806" EstimateIO="0.003125" EstimateCPU="0.000158285" AvgRowSize="47" EstimatedTotalSubtreeCost="0.0142955" TableCardinality="8090" Parallel="0" EstimateRebinds="4.31031" EstimateRewinds="0" EstimatedExecutionMode="Row"><OutputList><ColumnReference Database="[ERPSASS-Live]" Schema="[Erp]" Table="[PartOpr]" Alias="[PartOpr1]" Column="RevisionNum" /><ColumnReference Database="[ERPSASS-Live]" Schema="[Erp]" Table="[PartOpr]" Alias="[PartOpr1]" Column="OpCode" /><ColumnReference Database="[ERPSASS-Live]" Schema="[Erp]" Table="[PartOpr]" Alias="[PartOpr1]" Column="AltMethod" /></OutputList><IndexScan Ordered="1" ScanDirection="FORWARD" ForcedIndex="0" ForceSeek="0" ForceScan="0" NoExpandHint="0" Storage="RowStore"><DefinedValues><DefinedValue><ColumnReference Database="[ERPSASS-Live]" Schema="[Erp]" Table="[PartOpr]" Alias="[PartOpr1]" Column="RevisionNum" /></DefinedValue><DefinedValue><ColumnReference Database="[ERPSASS-Live]" Schema="[Erp]" Table="[PartOpr]" Alias="[PartOpr1]" Column="OpCode" /></DefinedValue><DefinedValue><ColumnReference Database="[ERPSASS-Live]" Schema="[Erp]" Table="[PartOpr]" Alias="[PartOpr1]" Column="AltMethod" /></DefinedValue></DefinedValues><Object Database="[ERPSASS-Live]" Schema="[Erp]" Table="[PartOpr]" Index="[PK_PartOpr]" Alias="[PartOpr1]" TableReferenceId="3" IndexKind="Clustered" Storage="RowStore" /><SeekPredicates><SeekPredicateNew><SeekKeys><Prefix ScanType="EQ"><RangeColumns><ColumnReference Database="[ERPSASS-Live]" Schema="[Erp]" Table="[PartOpr]" Alias="[PartOpr1]" Column="Company" /><ColumnReference Database="[ERPSASS-Live]" Schema="[Erp]" Table="[PartOpr]" Alias="[PartOpr1]" Column="PartNum" /></RangeColumns><RangeExpressions><ScalarOperator ScalarString="[Recr1141]"><Identifier><ColumnReference Column="Recr1141" /></Identifier></ScalarOperator><ScalarOperator ScalarString="[Recr1145]"><Identifier><ColumnReference Column="Recr1145" /></Identifier></ScalarOperator></RangeExpressions></Prefix></SeekKeys></SeekPredicateNew></SeekPredicates></IndexScan></RelOp><RelOp NodeId="270" PhysicalOp="Clustered Index Seek" LogicalOp="Clustered Index Seek" EstimateRows="1.13656" EstimateIO="0.003125" EstimateCPU="0.00015825" AvgRowSize="164" EstimatedTotalSubtreeCost="0.0144375" TableCardinality="18060" Parallel="0" EstimateRebinds="4.31047" EstimateRewinds="0.892298" EstimatedExecutionMode="Row"><OutputList><ColumnReference Database="[ERPSASS-Live]" Schema="[Erp]" Table="[PartMtl]" Alias="[PartMtl1]" Column="Company" /><ColumnReference Database="[ERPSASS-Live]" Schema="[Erp]" Table="[PartMtl]" Alias="[PartMtl1]" Column="PartNum" /><ColumnReference Database="[ERPSASS-Live]" Schema="[Erp]" Table="[PartMtl]" Alias="[PartMtl1]" Column="RevisionNum" /><ColumnReference Database="[ERPSASS-Live]" Schema="[Erp]" Table="[PartMtl]" Alias="[PartMtl1]" Column="MtlSeq" /><ColumnReference Database="[ERPSASS-Live]" Schema="[Erp]" Table="[PartMtl]" Alias="[PartMtl1]" Column="MtlPartNum" /><ColumnReference Database="[ERPSASS-Live]" Schema="[Erp]" Table="[PartMtl]" Alias="[PartMtl1]" Column="QtyPer" /><ColumnReference Database="[ERPSASS-Live]" Schema="[Erp]" Table="[PartMtl]" Alias="[PartMtl1]" Column="RelatedOperation" /><ColumnReference Database="[ERPSASS-Live]" Schema="[Erp]" Table="[PartMtl]" Alias="[PartMtl1]" Column="PullAsAsm" /><ColumnReference Database="[ERPSASS-Live]" Schema="[Erp]" Table="[PartMtl]" Alias="[PartMtl1]" Column="ViewAsAsm" /><ColumnReference Database="[ERPSASS-Live]" Schema="[Erp]" Table="[PartMtl]" Alias="[PartMtl1]" Column="UOMCode" /><ColumnReference Database="[ERPSASS-Live]" Schema="[Erp]" Table="[PartMtl]" Alias="[PartMtl1]" Column="PlanAsAsm" /></OutputList><IndexScan Ordered="1" ScanDirection="FORWARD" ForcedIndex="0" ForceSeek="0" ForceScan="0" NoExpandHint="0" Storage="RowStore"><DefinedValues><DefinedValue><ColumnReference Database="[ERPSASS-Live]" Schema="[Erp]" Table="[PartMtl]" Alias="[PartMtl1]" Column="Company" /></DefinedValue><DefinedValue><ColumnReference Database="[ERPSASS-Live]" Schema="[Erp]" Table="[PartMtl]" Alias="[PartMtl1]" Column="PartNum" /></DefinedValue><DefinedValue><ColumnReference Database="[ERPSASS-Live]" Schema="[Erp]" Table="[PartMtl]" Alias="[PartMtl1]" Column="RevisionNum" /></DefinedValue><DefinedValue><ColumnReference Database="[ERPSASS-Live]" Schema="[Erp]" Table="[PartMtl]" Alias="[PartMtl1]" Column="MtlSeq" /></DefinedValue><DefinedValue><ColumnReference Database="[ERPSASS-Live]" Schema="[Erp]" Table="[PartMtl]" Alias="[PartMtl1]" Column="MtlPartNum" /></DefinedValue><DefinedValue><ColumnReference Database="[ERPSASS-Live]" Schema="[Erp]" Table="[PartMtl]" Alias="[PartMtl1]" Column="QtyPer" /></DefinedValue><DefinedValue><ColumnReference Database="[ERPSASS-Live]" Schema="[Erp]" Table="[PartMtl]" Alias="[PartMtl1]" Column="RelatedOperation" /></DefinedValue><DefinedValue><ColumnReference Database="[ERPSASS-Live]" Schema="[Erp]" Table="[PartMtl]" Alias="[PartMtl1]" Column="PullAsAsm" /></DefinedValue><DefinedValue><ColumnReference Database="[ERPSASS-Live]" Schema="[Erp]" Table="[PartMtl]" Alias="[PartMtl1]" Column="ViewAsAsm" /></DefinedValue><DefinedValue><ColumnReference Database="[ERPSASS-Live]" Schema="[Erp]" Table="[PartMtl]" Alias="[PartMtl1]" Column="UOMCode" /></DefinedValue><DefinedValue><ColumnReference Database="[ERPSASS-Live]" Schema="[Erp]" Table="[PartMtl]" Alias="[PartMtl1]" Column="PlanAsAsm" /></DefinedValue></DefinedValues><Object Database="[ERPSASS-Live]" Schema="[Erp]" Table="[PartMtl]" Index="[IX_PartMtl]" Alias="[PartMtl1]" TableReferenceId="3" IndexKind="Clustered" Storage="RowStore" /><SeekPredicates><SeekPredicateNew><SeekKeys><Prefix ScanType="EQ"><RangeColumns><ColumnReference Database="[ERPSASS-Live]" Schema="[Erp]" Table="[PartMtl]" Alias="[PartMtl1]" Column="Company" /><ColumnReference Database="[ERPSASS-Live]" Schema="[Erp]" Table="[PartMtl]" Alias="[PartMtl1]" Column="PartNum" /><ColumnReference Database="[ERPSASS-Live]" Schema="[Erp]" Table="[PartMtl]" Alias="[PartMtl1]" Column="RevisionNum" /><ColumnReference Database="[ERPSASS-Live]" Schema="[Erp]" Table="[PartMtl]" Alias="[PartMtl1]" Column="AltMethod" /></RangeColumns><RangeExpressions><ScalarOperator ScalarString="[Recr1141]"><Identifier><ColumnReference Column="Recr1141" /></Identifier></ScalarOperator><ScalarOperator ScalarString="[Recr1145]"><Identifier><ColumnReference Column="Recr1145" /></Identifier></ScalarOperator><ScalarOperator ScalarString="[ERPSASS-Live].[Erp].[PartOpr].[RevisionNum] as [PartOpr1].[RevisionNum]"><Identifier><ColumnReference Database="[ERPSASS-Live]" Schema="[Erp]" Table="[PartOpr]" Alias="[PartOpr1]" Column="RevisionNum" /></Identifier></ScalarOperator><ScalarOperator ScalarString="[ERPSASS-Live].[Erp].[PartOpr].[AltMethod] as [PartOpr1].[AltMethod]"><Identifier><ColumnReference Database="[ERPSASS-Live]" Schema="[Erp]" Table="[PartOpr]" Alias="[PartOpr1]" Column="AltMethod" /></Identifier></ScalarOperator></RangeExpressions></Prefix></SeekKeys></SeekPredicateNew></SeekPredicates></IndexScan></RelOp></NestedLoops></RelOp></NestedLoops></RelOp></ComputeScalar></RelOp></NestedLoops></RelOp><Predicate><ScalarOperator ScalarString="CASE WHEN [Expr1270]&gt;(100) THEN (0) ELSE NULL END"><IF><Condition><ScalarOperator><Compare CompareOp="GT"><ScalarOperator><Identifier><ColumnReference Column="Expr1270" /></Identifier></ScalarOperator><ScalarOperator><Const ConstValue="(100)" /></ScalarOperator></Compare></ScalarOperator></Condition><Then><ScalarOperator><Const ConstValue="(0)" /></ScalarOperator></Then><Else><ScalarOperator><Const ConstValue="NULL" /></ScalarOperator></Else></IF></ScalarOperator></Predicate></Assert></RelOp></Concat></RelOp></Spool></RelOp><Predicate><ScalarOperator ScalarString="[Recr1037]=([Recr1169]+(1)) AND [Recr1028]=[Recr1163] AND [Recr1167]=(1)"><Logical Operation="AND"><ScalarOperator><Compare CompareOp="EQ"><ScalarOperator><Identifier><ColumnReference Column="Recr1037" /></Identifier></ScalarOperator><ScalarOperator><Arithmetic Operation="ADD"><ScalarOperator><Identifier><ColumnReference Column="Recr1169" /></Identifier></ScalarOperator><ScalarOperator><Const ConstValue="(1)" /></ScalarOperator></Arithmetic></ScalarOperator></Compare></ScalarOperator><ScalarOperator><Compare CompareOp="EQ"><ScalarOperator><Identifier><ColumnReference Column="Recr1028" /></Identifier></ScalarOperator><ScalarOperator><Identifier><ColumnReference Column="Recr1163" /></Identifier></ScalarOperator></Compare></ScalarOperator><ScalarOperator><Compare CompareOp="EQ"><ScalarOperator><Identifier><ColumnReference Column="Recr1167" /></Identifier></ScalarOperator><ScalarOperator><Const ConstValue="(1)" /></ScalarOperator></Compare></ScalarOperator></Logical></ScalarOperator></Predicate></Filter></RelOp></Sort></RelOp><RelOp NodeId="278" PhysicalOp="Hash Match" LogicalOp="Inner Join" EstimateRows="2039" EstimateIO="0" EstimateCPU="0.080384" AvgRowSize="71" EstimatedTotalSubtreeCost="0.172435" Parallel="0" EstimateRebinds="0" EstimateRewinds="0" EstimatedExecutionMode="Row"><OutputList><ColumnReference Database="[ERPSASS-Live]" Schema="[Erp]" Table="[OpMaster]" Column="Company" /><ColumnReference Database="[ERPSASS-Live]" Schema="[Erp]" Table="[OpMaster]" Column="OpCode" /><ColumnReference Database="[ERPSASS-Live]" Schema="[Erp]" Table="[OpMaster]" Column="OpDesc" /><ColumnReference Database="[ERPSASS-Live]" Schema="[Erp]" Table="[OpMasDtl]" Column="Plant" /></OutputList><MemoryFractions Input="0.071062" Output="0.0671141" /><Hash><DefinedValues /><HashKeysBuild><ColumnReference Table="@AvailCompLst" Alias="[AvailCLst_OpMaster]" Column="Company" /><ColumnReference Database="[ERPSASS-Live]" Schema="[Erp]" Table="[OpMaster]" Column="OpCode" /></HashKeysBuild><HashKeysProbe><ColumnReference Database="[ERPSASS-Live]" Schema="[Erp]" Table="[OpMasDtl]" Column="Company" /><ColumnReference Database="[ERPSASS-Live]" Schema="[Erp]" Table="[OpMasDtl]" Column="OpCode" /></HashKeysProbe><ProbeResidual><ScalarOperator ScalarString="[ERPSASS-Live].[Erp].[OpMasDtl].[Company]=@AvailCompLst.[Company] as [AvailCLst_OpMaster].[Company] AND [ERPSASS-Live].[Erp].[OpMaster].[OpCode]=[ERPSASS-Live].[Erp].[OpMasDtl].[OpCode]"><Logical Operation="AND"><ScalarOperator><Compare CompareOp="EQ"><ScalarOperator><Identifier><ColumnReference Database="[ERPSASS-Live]" Schema="[Erp]" Table="[OpMasDtl]" Column="Company" /></Identifier></ScalarOperator><ScalarOperator><Identifier><ColumnReference Table="@AvailCompLst" Alias="[AvailCLst_OpMaster]" Column="Company" /></Identifier></ScalarOperator></Compare></ScalarOperator><ScalarOperator><Compare CompareOp="EQ"><ScalarOperator><Identifier><ColumnReference Database="[ERPSASS-Live]" Schema="[Erp]" Table="[OpMaster]" Column="OpCode" /></Identifier></ScalarOperator><ScalarOperator><Identifier><ColumnReference Database="[ERPSASS-Live]" Schema="[Erp]" Table="[OpMasDtl]" Column="OpCode" /></Identifier></ScalarOperator></Compare></ScalarOperator></Logical></ScalarOperator></ProbeResidual><RelOp NodeId="279" PhysicalOp="Nested Loops" LogicalOp="Inner Join" EstimateRows="833" EstimateIO="0" EstimateCPU="0.00348194" AvgRowSize="77" EstimatedTotalSubtreeCost="0.020593" Parallel="0" EstimateRebinds="0" EstimateRewinds="0" EstimatedExecutionMode="Row"><OutputList><ColumnReference Database="[ERPSASS-Live]" Schema="[Erp]" Table="[OpMaster]" Column="Company" /><ColumnReference Database="[ERPSASS-Live]" Schema="[Erp]" Table="[OpMaster]" Column="OpCode" /><ColumnReference Database="[ERPSASS-Live]" Schema="[Erp]" Table="[OpMaster]" Column="OpDesc" /><ColumnReference Table="@AvailCompLst" Alias="[AvailCLst_OpMaster]" Column="Company" /></OutputList><NestedLoops Optimized="0"><OuterReferences><ColumnReference Table="@AvailCompLst" Alias="[AvailCLst_OpMaster]" Column="Company" /></OuterReferences><RelOp NodeId="280" PhysicalOp="Clustered Index Scan" LogicalOp="Clustered Index Scan" EstimateRows="1" EstimateIO="0.003125" EstimateCPU="0.0001581" AvgRowSize="23" EstimatedTotalSubtreeCost="0.0032831" TableCardinality="0" Parallel="0" EstimateRebinds="0" EstimateRewinds="0" EstimatedExecutionMode="Row"><OutputList><ColumnReference Table="@AvailCompLst" Alias="[AvailCLst_OpMaster]" Column="Company" /></OutputList><IndexScan Ordered="0" ForcedIndex="0" ForceScan="0" NoExpandHint="0" Storage="RowStore"><DefinedValues><DefinedValue><ColumnReference Table="@AvailCompLst" Alias="[AvailCLst_OpMaster]" Column="Company" /></DefinedValue></DefinedValues><Object Table="[@AvailCompLst]" Index="[PK__#BF86AAA__DC890D0C675AC72E]" Alias="[AvailCLst_OpMaster]" TableReferenceId="3" Storage="RowStore" /></IndexScan></RelOp><RelOp NodeId="281" PhysicalOp="Index Seek" LogicalOp="Index Seek" EstimateRows="833" EstimateIO="0.0127546" EstimateCPU="0.0010733" AvgRowSize="61" EstimatedTotalSubtreeCost="0.0138279" TableCardinality="833" Parallel="0" EstimateRebinds="0" EstimateRewinds="0" EstimatedExecutionMode="Row"><OutputList><ColumnReference Database="[ERPSASS-Live]" Schema="[Erp]" Table="[OpMaster]" Column="Company" /><ColumnReference Database="[ERPSASS-Live]" Schema="[Erp]" Table="[OpMaster]" Column="OpCode" /><ColumnReference Database="[ERPSASS-Live]" Schema="[Erp]" Table="[OpMaster]" Column="OpDesc" /></OutputList><IndexScan Ordered="1" ScanDirection="FORWARD" ForcedIndex="0" ForceSeek="0" ForceScan="0" NoExpandHint="0" Storage="RowStore"><DefinedValues><DefinedValue><ColumnReference Database="[ERPSASS-Live]" Schema="[Erp]" Table="[OpMaster]" Column="Company" /></DefinedValue><DefinedValue><ColumnReference Database="[ERPSASS-Live]" Schema="[Erp]" Table="[OpMaster]" Column="OpCode" /></DefinedValue><DefinedValue><ColumnReference Database="[ERPSASS-Live]" Schema="[Erp]" Table="[OpMaster]" Column="OpDesc" /></DefinedValue></DefinedValues><Object Database="[ERPSASS-Live]" Schema="[Erp]" Table="[OpMaster]" Index="[IX_OpMaster_OpDesc]" TableReferenceId="3" IndexKind="NonClustered" Storage="RowStore" /><SeekPredicates><SeekPredicateNew><SeekKeys><Prefix ScanType="EQ"><RangeColumns><ColumnReference Database="[ERPSASS-Live]" Schema="[Erp]" Table="[OpMaster]" Column="Company" /></RangeColumns><RangeExpressions><ScalarOperator ScalarString="@AvailCompLst.[Company] as [AvailCLst_OpMaster].[Company]"><Identifier><ColumnReference Table="@AvailCompLst" Alias="[AvailCLst_OpMaster]" Column="Company" /></Identifier></ScalarOperator></RangeExpressions></Prefix></SeekKeys></SeekPredicateNew></SeekPredicates></IndexScan></RelOp></NestedLoops></RelOp><RelOp NodeId="282" PhysicalOp="Clustered Index Scan" LogicalOp="Clustered Index Scan" EstimateRows="2039" EstimateIO="0.0690509" EstimateCPU="0.0023999" AvgRowSize="39" EstimatedTotalSubtreeCost="0.0714508" TableCardinality="2039" Parallel="0" EstimateRebinds="0" EstimateRewinds="0" EstimatedExecutionMode="Row"><OutputList><ColumnReference Database="[ERPSASS-Live]" Schema="[Erp]" Table="[OpMasDtl]" Column="Company" /><ColumnReference Database="[ERPSASS-Live]" Schema="[Erp]" Table="[OpMasDtl]" Column="OpCode" /><ColumnReference Database="[ERPSASS-Live]" Schema="[Erp]" Table="[OpMasDtl]" Column="Plant" /></OutputList><IndexScan Ordered="0" ForcedIndex="0" ForceScan="0" NoExpandHint="0" Storage="RowStore"><DefinedValues><DefinedValue><ColumnReference Database="[ERPSASS-Live]" Schema="[Erp]" Table="[OpMasDtl]" Column="Company" /></DefinedValue><DefinedValue><ColumnReference Database="[ERPSASS-Live]" Schema="[Erp]" Table="[OpMasDtl]" Column="OpCode" /></DefinedValue><DefinedValue><ColumnReference Database="[ERPSASS-Live]" Schema="[Erp]" Table="[OpMasDtl]" Column="Plant" /></DefinedValue></DefinedValues><Object Database="[ERPSASS-Live]" Schema="[Erp]" Table="[OpMasDtl]" Index="[PK_OpMasDtl]" TableReferenceId="3" IndexKind="Clustered" Storage="RowStore" /></IndexScan></RelOp></Hash></RelOp></Hash></RelOp></Sort></RelOp></ComputeScalar></RelOp><RelOp NodeId="290" PhysicalOp="Nested Loops" LogicalOp="Inner Join" EstimateRows="1" EstimateIO="0" EstimateCPU="4.18e-006" AvgRowSize="4035" EstimatedTotalSubtreeCost="0.00657038" Parallel="0" EstimateRebinds="0" EstimateRewinds="0" EstimatedExecutionMode="Row"><OutputList><ColumnReference Database="[ERPSASS-Live]" Schema="[Erp]" Table="[Part]" Alias="[Part1]" Column="PartDescription" /></OutputList><NestedLoops Optimized="0"><RelOp NodeId="291" PhysicalOp="Clustered Index Seek" LogicalOp="Clustered Index Seek" EstimateRows="1" EstimateIO="0.003125" EstimateCPU="0.0001581" AvgRowSize="9" EstimatedTotalSubtreeCost="0.0032831" TableCardinality="0" Parallel="0" EstimateRebinds="0" EstimateRewinds="0" EstimatedExecutionMode="Row"><OutputList /><IndexScan Ordered="1" ScanDirection="FORWARD" ForcedIndex="0" ForceSeek="0" ForceScan="0" NoExpandHint="0" Storage="RowStore"><DefinedValues /><Object Table="[@AvailCompLst]" Index="[PK__#BF86AAA__DC890D0C675AC72E]" Alias="[AvailCLst_Part1]" TableReferenceId="3" Storage="RowStore" /><SeekPredicates><SeekPredicateNew><SeekKeys><Prefix ScanType="EQ"><RangeColumns><ColumnReference Table="@AvailCompLst" Alias="[AvailCLst_Part1]" Column="Company" /></RangeColumns><RangeExpressions><ScalarOperator ScalarString="[Recr1159]"><Identifier><ColumnReference Column="Recr1159" /></Identifier></ScalarOperator></RangeExpressions></Prefix></SeekKeys></SeekPredicateNew></SeekPredicates></IndexScan></RelOp><RelOp NodeId="292" PhysicalOp="Clustered Index Seek" LogicalOp="Clustered Index Seek" EstimateRows="1" EstimateIO="0.003125" EstimateCPU="0.0001581" AvgRowSize="4035" EstimatedTotalSubtreeCost="0.0032831" TableCardinality="24814" Parallel="0" EstimateRebinds="0" EstimateRewinds="0" EstimatedExecutionMode="Row"><OutputList><ColumnReference Database="[ERPSASS-Live]" Schema="[Erp]" Table="[Part]" Alias="[Part1]" Column="PartDescription" /></OutputList><IndexScan Ordered="1" ScanDirection="FORWARD" ForcedIndex="0" ForceSeek="0" ForceScan="0" NoExpandHint="0" Storage="RowStore"><DefinedValues><DefinedValue><ColumnReference Database="[ERPSASS-Live]" Schema="[Erp]" Table="[Part]" Alias="[Part1]" Column="PartDescription" /></DefinedValue></DefinedValues><Object Database="[ERPSASS-Live]" Schema="[Erp]" Table="[Part]" Index="[PK_Part]" Alias="[Part1]" TableReferenceId="3" IndexKind="Clustered" Storage="RowStore" /><SeekPredicates><SeekPredicateNew><SeekKeys><Prefix ScanType="EQ"><RangeColumns><ColumnReference Database="[ERPSASS-Live]" Schema="[Erp]" Table="[Part]" Alias="[Part1]" Column="Company" /><ColumnReference Database="[ERPSASS-Live]" Schema="[Erp]" Table="[Part]" Alias="[Part1]" Column="PartNum" /></RangeColumns><RangeExpressions><ScalarOperator ScalarString="[Recr1159]"><Identifier><ColumnReference Column="Recr1159" /></Identifier></ScalarOperator><ScalarOperator ScalarString="[Recr1163]"><Identifier><ColumnReference Column="Recr1163" /></Identifier></ScalarOperator></RangeExpressions></Prefix></SeekKeys></SeekPredicateNew></SeekPredicates></IndexScan></RelOp></NestedLoops></RelOp></NestedLoops></RelOp><RelOp NodeId="293" PhysicalOp="Nested Loops" LogicalOp="Inner Join" EstimateRows="1" EstimateIO="0" EstimateCPU="4.18e-006" AvgRowSize="4035" EstimatedTotalSubtreeCost="0.00689075" Parallel="0" EstimateRebinds="0" EstimateRewinds="0.99996" EstimatedExecutionMode="Row"><OutputList><ColumnReference Database="[ERPSASS-Live]" Schema="[Erp]" Table="[Part]" Alias="[Part2]" Column="PartDescription" /></OutputList><NestedLoops Optimized="0"><RelOp NodeId="294" PhysicalOp="Clustered Index Seek" LogicalOp="Clustered Index Seek" EstimateRows="1" EstimateIO="0.003125" EstimateCPU="0.0001581" AvgRowSize="9" EstimatedTotalSubtreeCost="0.00344119" TableCardinality="0" Parallel="0" EstimateRebinds="0" EstimateRewinds="0.99996" EstimatedExecutionMode="Row"><OutputList /><IndexScan Ordered="1" ScanDirection="FORWARD" ForcedIndex="0" ForceSeek="0" ForceScan="0" NoExpandHint="0" Storage="RowStore"><DefinedValues /><Object Table="[@AvailCompLst]" Index="[PK__#BF86AAA__DC890D0C675AC72E]" Alias="[AvailCLst_Part2]" TableReferenceId="3" Storage="RowStore" /><SeekPredicates><SeekPredicateNew><SeekKeys><Prefix ScanType="EQ"><RangeColumns><ColumnReference Table="@AvailCompLst" Alias="[AvailCLst_Part2]" Column="Company" /></RangeColumns><RangeExpressions><ScalarOperator ScalarString="[Recr1159]"><Identifier><ColumnReference Column="Recr1159" /></Identifier></ScalarOperator></RangeExpressions></Prefix></SeekKeys></SeekPredicateNew></SeekPredicates></IndexScan></RelOp><RelOp NodeId="295" PhysicalOp="Clustered Index Seek" LogicalOp="Clustered Index Seek" EstimateRows="1" EstimateIO="0.003125" EstimateCPU="0.0001581" AvgRowSize="4035" EstimatedTotalSubtreeCost="0.00344119" TableCardinality="24814" Parallel="0" EstimateRebinds="0" EstimateRewinds="0.99996" EstimatedExecutionMode="Row"><OutputList><ColumnReference Database="[ERPSASS-Live]" Schema="[Erp]" Table="[Part]" Alias="[Part2]" Column="PartDescription" /></OutputList><IndexScan Ordered="1" ScanDirection="FORWARD" ForcedIndex="0" ForceSeek="0" ForceScan="0" NoExpandHint="0" Storage="RowStore"><DefinedValues><DefinedValue><ColumnReference Database="[ERPSASS-Live]" Schema="[Erp]" Table="[Part]" Alias="[Part2]" Column="PartDescription" /></DefinedValue></DefinedValues><Object Database="[ERPSASS-Live]" Schema="[Erp]" Table="[Part]" Index="[PK_Part]" Alias="[Part2]" TableReferenceId="3" IndexKind="Clustered" Storage="RowStore" /><SeekPredicates><SeekPredicateNew><SeekKeys><Prefix ScanType="EQ"><RangeColumns><ColumnReference Database="[ERPSASS-Live]" Schema="[Erp]" Table="[Part]" Alias="[Part2]" Column="Company" /><ColumnReference Database="[ERPSASS-Live]" Schema="[Erp]" Table="[Part]" Alias="[Part2]" Column="PartNum" /></RangeColumns><RangeExpressions><ScalarOperator ScalarString="[Recr1159]"><Identifier><ColumnReference Column="Recr1159" /></Identifier></ScalarOperator><ScalarOperator ScalarString="[Recr1160]"><Identifier><ColumnReference Column="Recr1160" /></Identifier></ScalarOperator></RangeExpressions></Prefix></SeekKeys></SeekPredicateNew></SeekPredicates></IndexScan></RelOp></NestedLoops></RelOp></NestedLoops></RelOp><RelOp NodeId="296" PhysicalOp="Nested Loops" LogicalOp="Inner Join" EstimateRows="1" EstimateIO="0" EstimateCPU="4.18e-006" AvgRowSize="4035" EstimatedTotalSubtreeCost="0.00753147" Parallel="0" EstimateRebinds="0" EstimateRewinds="2.99984" EstimatedExecutionMode="Row"><OutputList><ColumnReference Database="[ERPSASS-Live]" Schema="[Erp]" Table="[Part]" Column="PartDescription" /></OutputList><NestedLoops Optimized="0"><RelOp NodeId="297" PhysicalOp="Clustered Index Seek" LogicalOp="Clustered Index Seek" EstimateRows="1" EstimateIO="0.003125" EstimateCPU="0.0001581" AvgRowSize="9" EstimatedTotalSubtreeCost="0.00375737" TableCardinality="0" Parallel="0" EstimateRebinds="0" EstimateRewinds="2.99984" EstimatedExecutionMode="Row"><OutputList /><IndexScan Ordered="1" ScanDirection="FORWARD" ForcedIndex="0" ForceSeek="0" ForceScan="0" NoExpandHint="0" Storage="RowStore"><DefinedValues /><Object Table="[@AvailCompLst]" Index="[PK__#BF86AAA__DC890D0C675AC72E]" Alias="[AvailCLst_Part]" TableReferenceId="3" Storage="RowStore" /><SeekPredicates><SeekPredicateNew><SeekKeys><Prefix ScanType="EQ"><RangeColumns><ColumnReference Table="@AvailCompLst" Alias="[AvailCLst_Part]" Column="Company" /></RangeColumns><RangeExpressions><ScalarOperator ScalarString="[Recr1159]"><Identifier><ColumnReference Column="Recr1159" /></Identifier></ScalarOperator></RangeExpressions></Prefix></SeekKeys></SeekPredicateNew></SeekPredicates></IndexScan></RelOp><RelOp NodeId="298" PhysicalOp="Clustered Index Seek" LogicalOp="Clustered Index Seek" EstimateRows="1" EstimateIO="0.003125" EstimateCPU="0.0001581" AvgRowSize="4035" EstimatedTotalSubtreeCost="0.00375737" TableCardinality="24814" Parallel="0" EstimateRebinds="0" EstimateRewinds="2.99984" EstimatedExecutionMode="Row"><OutputList><ColumnReference Database="[ERPSASS-Live]" Schema="[Erp]" Table="[Part]" Column="PartDescription" /></OutputList><IndexScan Ordered="1" ScanDirection="FORWARD" ForcedIndex="0" ForceSeek="0" ForceScan="0" NoExpandHint="0" Storage="RowStore"><DefinedValues><DefinedValue><ColumnReference Database="[ERPSASS-Live]" Schema="[Erp]" Table="[Part]" Column="PartDescription" /></DefinedValue></DefinedValues><Object Database="[ERPSASS-Live]" Schema="[Erp]" Table="[Part]" Index="[PK_Part]" TableReferenceId="3" IndexKind="Clustered" Storage="RowStore" /><SeekPredicates><SeekPredicateNew><SeekKeys><Prefix ScanType="EQ"><RangeColumns><ColumnReference Database="[ERPSASS-Live]" Schema="[Erp]" Table="[Part]" Column="Company" /><ColumnReference Database="[ERPSASS-Live]" Schema="[Erp]" Table="[Part]" Column="PartNum" /></RangeColumns><RangeExpressions><ScalarOperator ScalarString="[Recr1159]"><Identifier><ColumnReference Column="Recr1159" /></Identifier></ScalarOperator><ScalarOperator ScalarString="[Recr1171]"><Identifier><ColumnReference Column="Recr1171" /></Identifier></ScalarOperator></RangeExpressions></Prefix></SeekKeys></SeekPredicateNew></SeekPredicates></IndexScan></RelOp></NestedLoops></RelOp></NestedLoops></RelOp></Sort></RelOp></ComputeScalar></RelOp></StreamAggregate></RelOp><RelOp NodeId="303" PhysicalOp="Sort" LogicalOp="Sort" EstimateRows="1" EstimateIO="0.0112613" EstimateCPU="0.000104124" AvgRowSize="4124" EstimatedTotalSubtreeCost="9.37617" Parallel="0" EstimateRebinds="0" EstimateRewinds="0" EstimatedExecutionMode="Row"><OutputList><ColumnReference Database="[ERPSASS-Live]" Schema="[Erp]" Table="[JobOper]" Alias="[JobOper4]" Column="OpCode" /><ColumnReference Database="[ERPSASS-Live]" Schema="[Erp]" Table="[JobAsmbl]" Column="PartNum" /><ColumnReference Database="[ERPSASS-Live]" Schema="[Erp]" Table="[JobAsmbl]" Column="Description" /><ColumnReference Database="[ERPSASS-Live]" Schema="[Erp]" Table="[JobAsmbl]" Column="Plant" /><ColumnReference Column="Expr1200" /></OutputList><MemoryFractions Input="0.0107383" Output="0.0107383" /><Sort Distinct="0"><OrderBy><OrderByColumn Ascending="1"><ColumnReference Database="[ERPSASS-Live]" Schema="[Erp]" Table="[JobAsmbl]" Column="Description" /></OrderByColumn><OrderByColumn Ascending="1"><ColumnReference Column="Expr1200" /></OrderByColumn></OrderBy><RelOp NodeId="304" PhysicalOp="Table Spool" LogicalOp="Lazy Spool" EstimateRows="1" EstimateIO="0.01" EstimateCPU="0.00010068" AvgRowSize="4124" EstimatedTotalSubtreeCost="9.3648" Parallel="0" EstimateRebinds="0" EstimateRewinds="0" EstimatedExecutionMode="Row"><OutputList><ColumnReference Database="[ERPSASS-Live]" Schema="[Erp]" Table="[JobOper]" Alias="[JobOper4]" Column="OpCode" /><ColumnReference Database="[ERPSASS-Live]" Schema="[Erp]" Table="[JobAsmbl]" Column="PartNum" /><ColumnReference Database="[ERPSASS-Live]" Schema="[Erp]" Table="[JobAsmbl]" Column="Description" /><ColumnReference Database="[ERPSASS-Live]" Schema="[Erp]" Table="[JobAsmbl]" Column="Plant" /><ColumnReference Column="Expr1200" /></OutputList><Spool><RelOp NodeId="305" PhysicalOp="Hash Match" LogicalOp="Aggregate" EstimateRows="1" EstimateIO="0" EstimateCPU="0.0363387" AvgRowSize="4124" EstimatedTotalSubtreeCost="9.3547" Parallel="0" EstimateRebinds="0" EstimateRewinds="0" EstimatedExecutionMode="Row"><OutputList><ColumnReference Database="[ERPSASS-Live]" Schema="[Erp]" Table="[JobOper]" Alias="[JobOper4]" Column="OpCode" /><ColumnReference Database="[ERPSASS-Live]" Schema="[Erp]" Table="[JobAsmbl]" Column="PartNum" /><ColumnReference Database="[ERPSASS-Live]" Schema="[Erp]" Table="[JobAsmbl]" Column="Description" /><ColumnReference Database="[ERPSASS-Live]" Schema="[Erp]" Table="[JobAsmbl]" Column="Plant" /><ColumnReference Column="Expr1200" /></OutputList><MemoryFractions Input="0.00223714" Output="0.786353" /><Hash><DefinedValues><DefinedValue><ColumnReference Column="Expr1200" /><ScalarOperator ScalarString="SUM([Expr1248])"><Aggregate Distinct="0" AggType="SUM"><ScalarOperator><Identifier><ColumnReference Column="Expr1248" /></Identifier></ScalarOperator></Aggregate></ScalarOperator></DefinedValue></DefinedValues><HashKeysBuild><ColumnReference Database="[ERPSASS-Live]" Schema="[Erp]" Table="[JobHead]" Alias="[JobHead4]" Column="PartNum" /><ColumnReference Database="[ERPSASS-Live]" Schema="[Erp]" Table="[JobHead]" Alias="[JobHead4]" Column="PartDescription" /><ColumnReference Database="[ERPSASS-Live]" Schema="[Erp]" Table="[JobAsmbl]" Column="PartNum" /><ColumnReference Database="[ERPSASS-Live]" Schema="[Erp]" Table="[JobAsmbl]" Column="Description" /><ColumnReference Database="[ERPSASS-Live]" Schema="[Erp]" Table="[JobOper]" Alias="[JobOper4]" Column="OpCode" /><ColumnReference Database="[ERPSASS-Live]" Schema="[Erp]" Table="[JobAsmbl]" Column="Plant" /></HashKeysBuild><BuildResidual><ScalarOperator ScalarString="[ERPSASS-Live].[Erp].[JobHead].[PartNum] as [JobHead4].[PartNum] = [ERPSASS-Live].[Erp].[JobHead].[PartNum] as [JobHead4].[PartNum] AND [ERPSASS-Live].[Erp].[JobHead].[PartDescription] as [JobHead4].[PartDescription] = [ERPSASS-Live].[Erp].[JobHead].[PartDescription] as [JobHead4].[PartDescription] AND [ERPSASS-Live].[Erp].[JobAsmbl].[PartNum] = [ERPSASS-Live].[Erp].[JobAsmbl].[PartNum] AND [ERPSASS-Live].[Erp].[JobAsmbl].[Description] = [ERPSASS-Live].[Erp].[JobAsmbl].[Description] AND [ERPSASS-Live].[Erp].[JobOper].[OpCode] as [JobOper4].[OpCode] = [ERPSASS-Live].[Erp].[JobOper].[OpCode] as [JobOper4].[OpCode] AND [ERPSASS-Live].[Erp].[JobAsmbl].[Plant] = [ERPSASS-Live].[Erp].[JobAsmbl].[Plant]"><Logical Operation="AND"><ScalarOperator><Logical Operation="AND"><ScalarOperator><Logical Operation="AND"><ScalarOperator><Logical Operation="AND"><ScalarOperator><Logical Operation="AND"><ScalarOperator><Compare CompareOp="IS"><ScalarOperator><Identifier><ColumnReference Database="[ERPSASS-Live]" Schema="[Erp]" Table="[JobHead]" Alias="[JobHead4]" Column="PartNum" /></Identifier></ScalarOperator><ScalarOperator><Identifier><ColumnReference Database="[ERPSASS-Live]" Schema="[Erp]" Table="[JobHead]" Alias="[JobHead4]" Column="PartNum" /></Identifier></ScalarOperator></Compare></ScalarOperator><ScalarOperator><Compare CompareOp="IS"><ScalarOperator><Identifier><ColumnReference Database="[ERPSASS-Live]" Schema="[Erp]" Table="[JobHead]" Alias="[JobHead4]" Column="PartDescription" /></Identifier></ScalarOperator><ScalarOperator><Identifier><ColumnReference Database="[ERPSASS-Live]" Schema="[Erp]" Table="[JobHead]" Alias="[JobHead4]" Column="PartDescription" /></Identifier></ScalarOperator></Compare></ScalarOperator></Logical></ScalarOperator><ScalarOperator><Compare CompareOp="IS"><ScalarOperator><Identifier><ColumnReference Database="[ERPSASS-Live]" Schema="[Erp]" Table="[JobAsmbl]" Column="PartNum" /></Identifier></ScalarOperator><ScalarOperator><Identifier><ColumnReference Database="[ERPSASS-Live]" Schema="[Erp]" Table="[JobAsmbl]" Column="PartNum" /></Identifier></ScalarOperator></Compare></ScalarOperator></Logical></ScalarOperator><ScalarOperator><Compare CompareOp="IS"><ScalarOperator><Identifier><ColumnReference Database="[ERPSASS-Live]" Schema="[Erp]" Table="[JobAsmbl]" Column="Description" /></Identifier></ScalarOperator><ScalarOperator><Identifier><ColumnReference Database="[ERPSASS-Live]" Schema="[Erp]" Table="[JobAsmbl]" Column="Description" /></Identifier></ScalarOperator></Compare></ScalarOperator></Logical></ScalarOperator><ScalarOperator><Compare CompareOp="IS"><ScalarOperator><Identifier><ColumnReference Database="[ERPSASS-Live]" Schema="[Erp]" Table="[JobOper]" Alias="[JobOper4]" Column="OpCode" /></Identifier></ScalarOperator><ScalarOperator><Identifier><ColumnReference Database="[ERPSASS-Live]" Schema="[Erp]" Table="[JobOper]" Alias="[JobOper4]" Column="OpCode" /></Identifier></ScalarOperator></Compare></ScalarOperator></Logical></ScalarOperator><ScalarOperator><Compare CompareOp="IS"><ScalarOperator><Identifier><ColumnReference Database="[ERPSASS-Live]" Schema="[Erp]" Table="[JobAsmbl]" Column="Plant" /></Identifier></ScalarOperator><ScalarOperator><Identifier><ColumnReference Database="[ERPSASS-Live]" Schema="[Erp]" Table="[JobAsmbl]" Column="Plant" /></Identifier></ScalarOperator></Compare></ScalarOperator></Logical></ScalarOperator></BuildResidual><RelOp NodeId="306" PhysicalOp="Hash Match" LogicalOp="Inner Join" EstimateRows="1959.41" EstimateIO="0" EstimateCPU="0.0327223" AvgRowSize="8198" EstimatedTotalSubtreeCost="9.31836" Parallel="0" EstimateRebinds="0" EstimateRewinds="0" EstimatedExecutionMode="Row"><OutputList><ColumnReference Database="[ERPSASS-Live]" Schema="[Erp]" Table="[JobOper]" Alias="[JobOper4]" Column="OpCode" /><ColumnReference Database="[ERPSASS-Live]" Schema="[Erp]" Table="[JobAsmbl]" Column="PartNum" /><ColumnReference Database="[ERPSASS-Live]" Schema="[Erp]" Table="[JobAsmbl]" Column="Description" /><ColumnReference Database="[ERPSASS-Live]" Schema="[Erp]" Table="[JobAsmbl]" Column="Plant" /><ColumnReference Database="[ERPSASS-Live]" Schema="[Erp]" Table="[JobHead]" Alias="[JobHead4]" Column="PartNum" /><ColumnReference Database="[ERPSASS-Live]" Schema="[Erp]" Table="[JobHead]" Alias="[JobHead4]" Column="PartDescription" /><ColumnReference Column="Expr1248" /></OutputList><MemoryFractions Input="0.033557" Output="0.0336531" /><Hash><DefinedValues /><HashKeysBuild><ColumnReference Table="@AvailCompLst" Alias="[AvailCLst_LaborHed2]" Column="Company" /></HashKeysBuild><HashKeysProbe><ColumnReference Database="[ERPSASS-Live]" Schema="[Erp]" Table="[JobHead]" Alias="[JobHead4]" Column="Company" /></HashKeysProbe><ProbeResidual><ScalarOperator ScalarString="@AvailCompLst.[Company] as [AvailCLst_LaborHed2].[Company]=[ERPSASS-Live].[Erp].[JobHead].[Company] as [JobHead4].[Company]"><Compare CompareOp="EQ"><ScalarOperator><Identifier><ColumnReference Table="@AvailCompLst" Alias="[AvailCLst_LaborHed2]" Column="Company" /></Identifier></ScalarOperator><ScalarOperator><Identifier><ColumnReference Database="[ERPSASS-Live]" Schema="[Erp]" Table="[JobHead]" Alias="[JobHead4]" Column="Company" /></Identifier></ScalarOperator></Compare></ScalarOperator></ProbeResidual><RelOp NodeId="307" PhysicalOp="Clustered Index Scan" LogicalOp="Clustered Index Scan" EstimateRows="1" EstimateIO="0.003125" EstimateCPU="0.0001581" AvgRowSize="23" EstimatedTotalSubtreeCost="0.0032831" TableCardinality="0" Parallel="0" EstimateRebinds="0" EstimateRewinds="0" EstimatedExecutionMode="Row"><OutputList><ColumnReference Table="@AvailCompLst" Alias="[AvailCLst_LaborHed2]" Column="Company" /></OutputList><IndexScan Ordered="0" ForcedIndex="0" ForceScan="0" NoExpandHint="0" Storage="RowStore"><DefinedValues><DefinedValue><ColumnReference Table="@AvailCompLst" Alias="[AvailCLst_LaborHed2]" Column="Company" /></DefinedValue></DefinedValues><Object Table="[@AvailCompLst]" Index="[PK__#BF86AAA__DC890D0C675AC72E]" Alias="[AvailCLst_LaborHed2]" TableReferenceId="2" Storage="RowStore" /></IndexScan></RelOp><RelOp NodeId="308" PhysicalOp="Nested Loops" LogicalOp="Inner Join" EstimateRows="1959.41" EstimateIO="0" EstimateCPU="0.00819033" AvgRowSize="8208" EstimatedTotalSubtreeCost="9.28236" Parallel="0" EstimateRebinds="0" EstimateRewinds="0" EstimatedExecutionMode="Row"><OutputList><ColumnReference Database="[ERPSASS-Live]" Schema="[Erp]" Table="[JobOper]" Alias="[JobOper4]" Column="OpCode" /><ColumnReference Database="[ERPSASS-Live]" Schema="[Erp]" Table="[JobAsmbl]" Column="PartNum" /><ColumnReference Database="[ERPSASS-Live]" Schema="[Erp]" Table="[JobAsmbl]" Column="Description" /><ColumnReference Database="[ERPSASS-Live]" Schema="[Erp]" Table="[JobAsmbl]" Column="Plant" /><ColumnReference Database="[ERPSASS-Live]" Schema="[Erp]" Table="[JobHead]" Alias="[JobHead4]" Column="Company" /><ColumnReference Database="[ERPSASS-Live]" Schema="[Erp]" Table="[JobHead]" Alias="[JobHead4]" Column="PartNum" /><ColumnReference Database="[ERPSASS-Live]" Schema="[Erp]" Table="[JobHead]" Alias="[JobHead4]" Column="PartDescription" /><ColumnReference Column="Expr1248" /></OutputList><NestedLoops Optimized="0" WithUnorderedPrefetch="1"><OuterReferences><ColumnReference Database="[ERPSASS-Live]" Schema="[Erp]" Table="[JobAsmbl]" Column="Company" /><ColumnReference Database="[ERPSASS-Live]" Schema="[Erp]" Table="[JobAsmbl]" Column="JobNum" /><ColumnReference Column="Expr1273" /></OuterReferences><RelOp NodeId="310" PhysicalOp="Nested Loops" LogicalOp="Inner Join" EstimateRows="1959.41" EstimateIO="0" EstimateCPU="0.0196889" AvgRowSize="4146" EstimatedTotalSubtreeCost="7.75354" Parallel="0" EstimateRebinds="0" EstimateRewinds="0" EstimatedExecutionMode="Row"><OutputList><ColumnReference Database="[ERPSASS-Live]" Schema="[Erp]" Table="[JobOper]" Alias="[JobOper4]" Column="OpCode" /><ColumnReference Database="[ERPSASS-Live]" Schema="[Erp]" Table="[JobAsmbl]" Column="Company" /><ColumnReference Database="[ERPSASS-Live]" Schema="[Erp]" Table="[JobAsmbl]" Column="JobNum" /><ColumnReference Database="[ERPSASS-Live]" Schema="[Erp]" Table="[JobAsmbl]" Column="PartNum" /><ColumnReference Database="[ERPSASS-Live]" Schema="[Erp]" Table="[JobAsmbl]" Column="Description" /><ColumnReference Database="[ERPSASS-Live]" Schema="[Erp]" Table="[JobAsmbl]" Column="Plant" /><ColumnReference Column="Expr1248" /></OutputList><NestedLoops Optimized="0" WithUnorderedPrefetch="1"><OuterReferences><ColumnReference Database="[ERPSASS-Live]" Schema="[Erp]" Table="[LaborDtl]" Column="OprSeq" /><ColumnReference Database="[ERPSASS-Live]" Schema="[Erp]" Table="[JobAsmbl]" Column="Company" /><ColumnReference Database="[ERPSASS-Live]" Schema="[Erp]" Table="[JobAsmbl]" Column="JobNum" /><ColumnReference Database="[ERPSASS-Live]" Schema="[Erp]" Table="[JobAsmbl]" Column="AssemblySeq" /><ColumnReference Column="Expr1272" /></OuterReferences><RelOp NodeId="312" PhysicalOp="Hash Match" LogicalOp="Inner Join" EstimateRows="4710.27" EstimateIO="0" EstimateCPU="0.283714" AvgRowSize="4144" EstimatedTotalSubtreeCost="3.43792" Parallel="0" EstimateRebinds="0" EstimateRewinds="0" EstimatedExecutionMode="Row"><OutputList><ColumnReference Database="[ERPSASS-Live]" Schema="[Erp]" Table="[LaborDtl]" Column="OprSeq" /><ColumnReference Database="[ERPSASS-Live]" Schema="[Erp]" Table="[JobAsmbl]" Column="Company" /><ColumnReference Database="[ERPSASS-Live]" Schema="[Erp]" Table="[JobAsmbl]" Column="JobNum" /><ColumnReference Database="[ERPSASS-Live]" Schema="[Erp]" Table="[JobAsmbl]" Column="AssemblySeq" /><ColumnReference Database="[ERPSASS-Live]" Schema="[Erp]" Table="[JobAsmbl]" Column="PartNum" /><ColumnReference Database="[ERPSASS-Live]" Schema="[Erp]" Table="[JobAsmbl]" Column="Description" /><ColumnReference Database="[ERPSASS-Live]" Schema="[Erp]" Table="[JobAsmbl]" Column="Plant" /><ColumnReference Column="Expr1248" /></OutputList><MemoryFractions Input="0.748322" Output="0.750463" /><Hash><DefinedValues /><HashKeysBuild><ColumnReference Database="[ERPSASS-Live]" Schema="[Erp]" Table="[LaborDtl]" Column="Company" /><ColumnReference Database="[ERPSASS-Live]" Schema="[Erp]" Table="[LaborDtl]" Column="JobNum" /><ColumnReference Database="[ERPSASS-Live]" Schema="[Erp]" Table="[LaborDtl]" Column="AssemblySeq" /></HashKeysBuild><HashKeysProbe><ColumnReference Database="[ERPSASS-Live]" Schema="[Erp]" Table="[JobAsmbl]" Column="Company" /><ColumnReference Database="[ERPSASS-Live]" Schema="[Erp]" Table="[JobAsmbl]" Column="JobNum" /><ColumnReference Database="[ERPSASS-Live]" Schema="[Erp]" Table="[JobAsmbl]" Column="AssemblySeq" /></HashKeysProbe><ProbeResidual><ScalarOperator ScalarString="[ERPSASS-Live].[Erp].[LaborDtl].[Company]=[ERPSASS-Live].[Erp].[JobAsmbl].[Company] AND [ERPSASS-Live].[Erp].[LaborDtl].[JobNum]=[ERPSASS-Live].[Erp].[JobAsmbl].[JobNum] AND [ERPSASS-Live].[Erp].[LaborDtl].[AssemblySeq]=[ERPSASS-Live].[Erp].[JobAsmbl].[AssemblySeq]"><Logical Operation="AND"><ScalarOperator><Compare CompareOp="EQ"><ScalarOperator><Identifier><ColumnReference Database="[ERPSASS-Live]" Schema="[Erp]" Table="[LaborDtl]" Column="Company" /></Identifier></ScalarOperator><ScalarOperator><Identifier><ColumnReference Database="[ERPSASS-Live]" Schema="[Erp]" Table="[JobAsmbl]" Column="Company" /></Identifier></ScalarOperator></Compare></ScalarOperator><ScalarOperator><Compare CompareOp="EQ"><ScalarOperator><Identifier><ColumnReference Database="[ERPSASS-Live]" Schema="[Erp]" Table="[LaborDtl]" Column="JobNum" /></Identifier></ScalarOperator><ScalarOperator><Identifier><ColumnReference Database="[ERPSASS-Live]" Schema="[Erp]" Table="[JobAsmbl]" Column="JobNum" /></Identifier></ScalarOperator></Compare></ScalarOperator><ScalarOperator><Compare CompareOp="EQ"><ScalarOperator><Identifier><ColumnReference Database="[ERPSASS-Live]" Schema="[Erp]" Table="[LaborDtl]" Column="AssemblySeq" /></Identifier></ScalarOperator><ScalarOperator><Identifier><ColumnReference Database="[ERPSASS-Live]" Schema="[Erp]" Table="[JobAsmbl]" Column="AssemblySeq" /></Identifier></ScalarOperator></Compare></ScalarOperator></Logical></ScalarOperator></ProbeResidual><RelOp NodeId="313" PhysicalOp="Hash Match" LogicalOp="Inner Join" EstimateRows="4710.27" EstimateIO="0" EstimateCPU="0.180057" AvgRowSize="56" EstimatedTotalSubtreeCost="2.14078" Parallel="0" EstimateRebinds="0" EstimateRewinds="0" EstimatedExecutionMode="Row"><OutputList><ColumnReference Database="[ERPSASS-Live]" Schema="[Erp]" Table="[LaborDtl]" Column="Company" /><ColumnReference Database="[ERPSASS-Live]" Schema="[Erp]" Table="[LaborDtl]" Column="JobNum" /><ColumnReference Database="[ERPSASS-Live]" Schema="[Erp]" Table="[LaborDtl]" Column="AssemblySeq" /><ColumnReference Database="[ERPSASS-Live]" Schema="[Erp]" Table="[LaborDtl]" Column="OprSeq" /><ColumnReference Column="Expr1248" /></OutputList><MemoryFractions Input="0.752796" Output="0.00447427" /><Hash><DefinedValues /><HashKeysBuild><ColumnReference Database="[ERPSASS-Live]" Schema="[Erp]" Table="[LaborHed]" Alias="[LaborHed2]" Column="Company" /><ColumnReference Database="[ERPSASS-Live]" Schema="[Erp]" Table="[LaborHed]" Alias="[LaborHed2]" Column="LaborHedSeq" /></HashKeysBuild><HashKeysProbe><ColumnReference Database="[ERPSASS-Live]" Schema="[Erp]" Table="[LaborDtl]" Column="Company" /><ColumnReference Database="[ERPSASS-Live]" Schema="[Erp]" Table="[LaborDtl]" Column="LaborHedSeq" /></HashKeysProbe><ProbeResidual><ScalarOperator ScalarString="[ERPSASS-Live].[Erp].[LaborHed].[Company] as [LaborHed2].[Company]=[ERPSASS-Live].[Erp].[LaborDtl].[Company] AND [ERPSASS-Live].[Erp].[LaborHed].[LaborHedSeq] as [LaborHed2].[LaborHedSeq]=[ERPSASS-Live].[Erp].[LaborDtl].[LaborHedSeq]"><Logical Operation="AND"><ScalarOperator><Compare CompareOp="EQ"><ScalarOperator><Identifier><ColumnReference Database="[ERPSASS-Live]" Schema="[Erp]" Table="[LaborHed]" Alias="[LaborHed2]" Column="Company" /></Identifier></ScalarOperator><ScalarOperator><Identifier><ColumnReference Database="[ERPSASS-Live]" Schema="[Erp]" Table="[LaborDtl]" Column="Company" /></Identifier></ScalarOperator></Compare></ScalarOperator><ScalarOperator><Compare CompareOp="EQ"><ScalarOperator><Identifier><ColumnReference Database="[ERPSASS-Live]" Schema="[Erp]" Table="[LaborHed]" Alias="[LaborHed2]" Column="LaborHedSeq" /></Identifier></ScalarOperator><ScalarOperator><Identifier><ColumnReference Database="[ERPSASS-Live]" Schema="[Erp]" Table="[LaborDtl]" Column="LaborHedSeq" /></Identifier></ScalarOperator></Compare></ScalarOperator></Logical></ScalarOperator></ProbeResidual><RelOp NodeId="314" PhysicalOp="Index Scan" LogicalOp="Index Scan" EstimateRows="2132.34" EstimateIO="0.0542361" EstimateCPU="0.0086215" AvgRowSize="26" EstimatedTotalSubtreeCost="0.0628576" TableCardinality="7695" Parallel="0" EstimateRebinds="0" EstimateRewinds="0" EstimatedExecutionMode="Row"><OutputList><ColumnReference Database="[ERPSASS-Live]" Schema="[Erp]" Table="[LaborHed]" Alias="[LaborHed2]" Column="Company" /><ColumnReference Database="[ERPSASS-Live]" Schema="[Erp]" Table="[LaborHed]" Alias="[LaborHed2]" Column="LaborHedSeq" /></OutputList><IndexScan Ordered="0" ForcedIndex="0" ForceSeek="0" ForceScan="0" NoExpandHint="0" Storage="RowStore"><DefinedValues><DefinedValue><ColumnReference Database="[ERPSASS-Live]" Schema="[Erp]" Table="[LaborHed]" Alias="[LaborHed2]" Column="Company" /></DefinedValue><DefinedValue><ColumnReference Database="[ERPSASS-Live]" Schema="[Erp]" Table="[LaborHed]" Alias="[LaborHed2]" Column="LaborHedSeq" /></DefinedValue></DefinedValues><Object Database="[ERPSASS-Live]" Schema="[Erp]" Table="[LaborHed]" Index="[IX_LaborHed_PayDate]" Alias="[LaborHed2]" TableReferenceId="2" IndexKind="NonClustered" Storage="RowStore" /><Predicate><ScalarOperator ScalarString="[ERPSASS-Live].[Erp].[LaborHed].[PayrollDate] as [LaborHed2].[PayrollDate]&gt;=[@StartDate] AND [ERPSASS-Live].[Erp].[LaborHed].[PayrollDate] as [LaborHed2].[PayrollDate]&lt;=[@EndDate]"><Logical Operation="AND"><ScalarOperator><Compare CompareOp="GE"><ScalarOperator><Identifier><ColumnReference Database="[ERPSASS-Live]" Schema="[Erp]" Table="[LaborHed]" Alias="[LaborHed2]" Column="PayrollDate" /></Identifier></ScalarOperator><ScalarOperator><Identifier><ColumnReference Column="@StartDate" /></Identifier></ScalarOperator></Compare></ScalarOperator><ScalarOperator><Compare CompareOp="LE"><ScalarOperator><Identifier><ColumnReference Database="[ERPSASS-Live]" Schema="[Erp]" Table="[LaborHed]" Alias="[LaborHed2]" Column="PayrollDate" /></Identifier></ScalarOperator><ScalarOperator><Identifier><ColumnReference Column="@EndDate" /></Identifier></ScalarOperator></Compare></ScalarOperator></Logical></ScalarOperator></Predicate></IndexScan></RelOp><RelOp NodeId="315" PhysicalOp="Compute Scalar" LogicalOp="Compute Scalar" EstimateRows="16998" EstimateIO="0" EstimateCPU="0.0016998" AvgRowSize="60" EstimatedTotalSubtreeCost="1.89109" Parallel="0" EstimateRebinds="0" EstimateRewinds="0" EstimatedExecutionMode="Row"><OutputList><ColumnReference Database="[ERPSASS-Live]" Schema="[Erp]" Table="[LaborDtl]" Column="Company" /><ColumnReference Database="[ERPSASS-Live]" Schema="[Erp]" Table="[LaborDtl]" Column="LaborHedSeq" /><ColumnReference Database="[ERPSASS-Live]" Schema="[Erp]" Table="[LaborDtl]" Column="JobNum" /><ColumnReference Database="[ERPSASS-Live]" Schema="[Erp]" Table="[LaborDtl]" Column="AssemblySeq" /><ColumnReference Database="[ERPSASS-Live]" Schema="[Erp]" Table="[LaborDtl]" Column="OprSeq" /><ColumnReference Column="Expr1248" /></OutputList><ComputeScalar><DefinedValues><DefinedValue><ColumnReference Column="Expr1248" /><ScalarOperator ScalarString="[ERPSASS-Live].[Erp].[LaborDtl].[LaborQty]+[ERPSASS-Live].[Erp].[LaborDtl].[DiscrepQty]"><Arithmetic Operation="ADD"><ScalarOperator><Identifier><ColumnReference Database="[ERPSASS-Live]" Schema="[Erp]" Table="[LaborDtl]" Column="LaborQty" /></Identifier></ScalarOperator><ScalarOperator><Identifier><ColumnReference Database="[ERPSASS-Live]" Schema="[Erp]" Table="[LaborDtl]" Column="DiscrepQty" /></Identifier></ScalarOperator></Arithmetic></ScalarOperator></DefinedValue></DefinedValues><RelOp NodeId="316" PhysicalOp="Clustered Index Scan" LogicalOp="Clustered Index Scan" EstimateRows="16998" EstimateIO="1.87053" EstimateCPU="0.0188548" AvgRowSize="73" EstimatedTotalSubtreeCost="1.88939" TableCardinality="16998" Parallel="0" EstimateRebinds="0" EstimateRewinds="0" EstimatedExecutionMode="Row"><OutputList><ColumnReference Database="[ERPSASS-Live]" Schema="[Erp]" Table="[LaborDtl]" Column="Company" /><ColumnReference Database="[ERPSASS-Live]" Schema="[Erp]" Table="[LaborDtl]" Column="LaborHedSeq" /><ColumnReference Database="[ERPSASS-Live]" Schema="[Erp]" Table="[LaborDtl]" Column="JobNum" /><ColumnReference Database="[ERPSASS-Live]" Schema="[Erp]" Table="[LaborDtl]" Column="AssemblySeq" /><ColumnReference Database="[ERPSASS-Live]" Schema="[Erp]" Table="[LaborDtl]" Column="OprSeq" /><ColumnReference Database="[ERPSASS-Live]" Schema="[Erp]" Table="[LaborDtl]" Column="LaborQty" /><ColumnReference Database="[ERPSASS-Live]" Schema="[Erp]" Table="[LaborDtl]" Column="DiscrepQty" /></OutputList><IndexScan Ordered="0" ForcedIndex="0" ForceScan="0" NoExpandHint="0" Storage="RowStore"><DefinedValues><DefinedValue><ColumnReference Database="[ERPSASS-Live]" Schema="[Erp]" Table="[LaborDtl]" Column="Company" /></DefinedValue><DefinedValue><ColumnReference Database="[ERPSASS-Live]" Schema="[Erp]" Table="[LaborDtl]" Column="LaborHedSeq" /></DefinedValue><DefinedValue><ColumnReference Database="[ERPSASS-Live]" Schema="[Erp]" Table="[LaborDtl]" Column="JobNum" /></DefinedValue><DefinedValue><ColumnReference Database="[ERPSASS-Live]" Schema="[Erp]" Table="[LaborDtl]" Column="AssemblySeq" /></DefinedValue><DefinedValue><ColumnReference Database="[ERPSASS-Live]" Schema="[Erp]" Table="[LaborDtl]" Column="OprSeq" /></DefinedValue><DefinedValue><ColumnReference Database="[ERPSASS-Live]" Schema="[Erp]" Table="[LaborDtl]" Column="LaborQty" /></DefinedValue><DefinedValue><ColumnReference Database="[ERPSASS-Live]" Schema="[Erp]" Table="[LaborDtl]" Column="DiscrepQty" /></DefinedValue></DefinedValues><Object Database="[ERPSASS-Live]" Schema="[Erp]" Table="[LaborDtl]" Index="[PK_LaborDtl]" TableReferenceId="2" IndexKind="Clustered" Storage="RowStore" /></IndexScan></RelOp></ComputeScalar></RelOp></Hash></RelOp><RelOp NodeId="321" PhysicalOp="Clustered Index Scan" LogicalOp="Clustered Index Scan" EstimateRows="7196" EstimateIO="1.00535" EstimateCPU="0.0080726" AvgRowSize="4127" EstimatedTotalSubtreeCost="1.01342" TableCardinality="7196" Parallel="0" EstimateRebinds="0" EstimateRewinds="0" EstimatedExecutionMode="Row"><OutputList><ColumnReference Database="[ERPSASS-Live]" Schema="[Erp]" Table="[JobAsmbl]" Column="Company" /><ColumnReference Database="[ERPSASS-Live]" Schema="[Erp]" Table="[JobAsmbl]" Column="JobNum" /><ColumnReference Database="[ERPSASS-Live]" Schema="[Erp]" Table="[JobAsmbl]" Column="AssemblySeq" /><ColumnReference Database="[ERPSASS-Live]" Schema="[Erp]" Table="[JobAsmbl]" Column="PartNum" /><ColumnReference Database="[ERPSASS-Live]" Schema="[Erp]" Table="[JobAsmbl]" Column="Description" /><ColumnReference Database="[ERPSASS-Live]" Schema="[Erp]" Table="[JobAsmbl]" Column="Plant" /></OutputList><IndexScan Ordered="0" ForcedIndex="0" ForceScan="0" NoExpandHint="0" Storage="RowStore"><DefinedValues><DefinedValue><ColumnReference Database="[ERPSASS-Live]" Schema="[Erp]" Table="[JobAsmbl]" Column="Company" /></DefinedValue><DefinedValue><ColumnReference Database="[ERPSASS-Live]" Schema="[Erp]" Table="[JobAsmbl]" Column="JobNum" /></DefinedValue><DefinedValue><ColumnReference Database="[ERPSASS-Live]" Schema="[Erp]" Table="[JobAsmbl]" Column="AssemblySeq" /></DefinedValue><DefinedValue><ColumnReference Database="[ERPSASS-Live]" Schema="[Erp]" Table="[JobAsmbl]" Column="PartNum" /></DefinedValue><DefinedValue><ColumnReference Database="[ERPSASS-Live]" Schema="[Erp]" Table="[JobAsmbl]" Column="Description" /></DefinedValue><DefinedValue><ColumnReference Database="[ERPSASS-Live]" Schema="[Erp]" Table="[JobAsmbl]" Column="Plant" /></DefinedValue></DefinedValues><Object Database="[ERPSASS-Live]" Schema="[Erp]" Table="[JobAsmbl]" Index="[IX_JobAsmbl]" TableReferenceId="2" IndexKind="Clustered" Storage="RowStore" /></IndexScan></RelOp></Hash></RelOp><RelOp NodeId="323" PhysicalOp="Clustered Index Seek" LogicalOp="Clustered Index Seek" EstimateRows="1" EstimateIO="0.003125" EstimateCPU="0.0001581" AvgRowSize="19" EstimatedTotalSubtreeCost="4.29592" TableCardinality="6926" Parallel="0" EstimateRebinds="4709.25" EstimateRewinds="0.0111378" EstimatedExecutionMode="Row"><OutputList><ColumnReference Database="[ERPSASS-Live]" Schema="[Erp]" Table="[JobOper]" Alias="[JobOper4]" Column="OpCode" /></OutputList><IndexScan Ordered="1" ScanDirection="FORWARD" ForcedIndex="0" ForceSeek="0" ForceScan="0" NoExpandHint="0" Storage="RowStore"><DefinedValues><DefinedValue><ColumnReference Database="[ERPSASS-Live]" Schema="[Erp]" Table="[JobOper]" Alias="[JobOper4]" Column="OpCode" /></DefinedValue></DefinedValues><Object Database="[ERPSASS-Live]" Schema="[Erp]" Table="[JobOper]" Index="[IX_JobOper]" Alias="[JobOper4]" TableReferenceId="2" IndexKind="Clustered" Storage="RowStore" /><SeekPredicates><SeekPredicateNew><SeekKeys><Prefix ScanType="EQ"><RangeColumns><ColumnReference Database="[ERPSASS-Live]" Schema="[Erp]" Table="[JobOper]" Alias="[JobOper4]" Column="Company" /><ColumnReference Database="[ERPSASS-Live]" Schema="[Erp]" Table="[JobOper]" Alias="[JobOper4]" Column="JobNum" /><ColumnReference Database="[ERPSASS-Live]" Schema="[Erp]" Table="[JobOper]" Alias="[JobOper4]" Column="AssemblySeq" /><ColumnReference Database="[ERPSASS-Live]" Schema="[Erp]" Table="[JobOper]" Alias="[JobOper4]" Column="OprSeq" /></RangeColumns><RangeExpressions><ScalarOperator ScalarString="[ERPSASS-Live].[Erp].[JobAsmbl].[Company]"><Identifier><ColumnReference Database="[ERPSASS-Live]" Schema="[Erp]" Table="[JobAsmbl]" Column="Company" /></Identifier></ScalarOperator><ScalarOperator ScalarString="[ERPSASS-Live].[Erp].[JobAsmbl].[JobNum]"><Identifier><ColumnReference Database="[ERPSASS-Live]" Schema="[Erp]" Table="[JobAsmbl]" Column="JobNum" /></Identifier></ScalarOperator><ScalarOperator ScalarString="[ERPSASS-Live].[Erp].[JobAsmbl].[AssemblySeq]"><Identifier><ColumnReference Database="[ERPSASS-Live]" Schema="[Erp]" Table="[JobAsmbl]" Column="AssemblySeq" /></Identifier></ScalarOperator><ScalarOperator ScalarString="[ERPSASS-Live].[Erp].[LaborDtl].[OprSeq]"><Identifier><ColumnReference Database="[ERPSASS-Live]" Schema="[Erp]" Table="[LaborDtl]" Column="OprSeq" /></Identifier></ScalarOperator></RangeExpressions></Prefix></SeekKeys></SeekPredicateNew></SeekPredicates></IndexScan></RelOp></NestedLoops></RelOp><RelOp NodeId="324" PhysicalOp="Clustered Index Seek" LogicalOp="Clustered Index Seek" EstimateRows="1" EstimateIO="0.003125" EstimateCPU="0.0001581" AvgRowSize="4097" EstimatedTotalSubtreeCost="1.52063" TableCardinality="3496" Parallel="0" EstimateRebinds="1957.78" EstimateRewinds="0.629114" EstimatedExecutionMode="Row"><OutputList><ColumnReference Database="[ERPSASS-Live]" Schema="[Erp]" Table="[JobHead]" Alias="[JobHead4]" Column="Company" /><ColumnReference Database="[ERPSASS-Live]" Schema="[Erp]" Table="[JobHead]" Alias="[JobHead4]" Column="PartNum" /><ColumnReference Database="[ERPSASS-Live]" Schema="[Erp]" Table="[JobHead]" Alias="[JobHead4]" Column="PartDescription" /></OutputList><IndexScan Ordered="1" ScanDirection="FORWARD" ForcedIndex="0" ForceSeek="0" ForceScan="0" NoExpandHint="0" Storage="RowStore"><DefinedValues><DefinedValue><ColumnReference Database="[ERPSASS-Live]" Schema="[Erp]" Table="[JobHead]" Alias="[JobHead4]" Column="Company" /></DefinedValue><DefinedValue><ColumnReference Database="[ERPSASS-Live]" Schema="[Erp]" Table="[JobHead]" Alias="[JobHead4]" Column="PartNum" /></DefinedValue><DefinedValue><ColumnReference Database="[ERPSASS-Live]" Schema="[Erp]" Table="[JobHead]" Alias="[JobHead4]" Column="PartDescription" /></DefinedValue></DefinedValues><Object Database="[ERPSASS-Live]" Schema="[Erp]" Table="[JobHead]" Index="[IX_JobHead]" Alias="[JobHead4]" TableReferenceId="2" IndexKind="Clustered" Storage="RowStore" /><SeekPredicates><SeekPredicateNew><SeekKeys><Prefix ScanType="EQ"><RangeColumns><ColumnReference Database="[ERPSASS-Live]" Schema="[Erp]" Table="[JobHead]" Alias="[JobHead4]" Column="Company" /><ColumnReference Database="[ERPSASS-Live]" Schema="[Erp]" Table="[JobHead]" Alias="[JobHead4]" Column="JobNum" /></RangeColumns><RangeExpressions><ScalarOperator ScalarString="[ERPSASS-Live].[Erp].[JobAsmbl].[Company]"><Identifier><ColumnReference Database="[ERPSASS-Live]" Schema="[Erp]" Table="[JobAsmbl]" Column="Company" /></Identifier></ScalarOperator><ScalarOperator ScalarString="[ERPSASS-Live].[Erp].[JobAsmbl].[JobNum]"><Identifier><ColumnReference Database="[ERPSASS-Live]" Schema="[Erp]" Table="[JobAsmbl]" Column="JobNum" /></Identifier></ScalarOperator></RangeExpressions></Prefix></SeekKeys></SeekPredicateNew></SeekPredicates></IndexScan></RelOp></NestedLoops></RelOp></Hash></RelOp></Hash></RelOp></Spool></RelOp></Sort></RelOp></NestedLoops></RelOp></StreamAggregate></RelOp></ComputeScalar></RelOp></NestedLoops></RelOp><RelOp NodeId="334" PhysicalOp="Sort" LogicalOp="Distinct Sort" EstimateRows="1" EstimateIO="0.0112613" EstimateCPU="0.00010002" AvgRowSize="20" EstimatedTotalSubtreeCost="0.051137" Parallel="0" EstimateRebinds="0" EstimateRewinds="0" EstimatedExecutionMode="Row"><OutputList><ColumnReference Column="Expr1211" /></OutputList><MemoryFractions Input="0.00447427" Output="0.00447427" /><Sort Distinct="1"><OrderBy><OrderByColumn Ascending="1"><ColumnReference Column="Expr1211" /></OrderByColumn></OrderBy><RelOp NodeId="335" PhysicalOp="Compute Scalar" LogicalOp="Compute Scalar" EstimateRows="1" EstimateIO="0" EstimateCPU="1e-007" AvgRowSize="33" EstimatedTotalSubtreeCost="0.0397757" Parallel="0" EstimateRebinds="0" EstimateRewinds="0" EstimatedExecutionMode="Row"><OutputList><ColumnReference Column="Expr1211" /></OutputList><ComputeScalar><DefinedValues><DefinedValue><ColumnReference Column="Expr1211" /><ScalarOperator ScalarString="[ERPSASS-Live].[Ice].[UD02].[Number01]"><Identifier><ColumnReference Database="[ERPSASS-Live]" Schema="[Ice]" Table="[UD02]" Column="Number01" /></Identifier></ScalarOperator></DefinedValue></DefinedValues><RelOp NodeId="336" PhysicalOp="Nested Loops" LogicalOp="Inner Join" EstimateRows="1" EstimateIO="0" EstimateCPU="4.18e-006" AvgRowSize="20" EstimatedTotalSubtreeCost="0.0397756" Parallel="0" EstimateRebinds="0" EstimateRewinds="0" EstimatedExecutionMode="Row"><OutputList><ColumnReference Database="[ERPSASS-Live]" Schema="[Ice]" Table="[UD02]" Column="Number01" /></OutputList><NestedLoops Optimized="0"><OuterReferences><ColumnReference Table="@AvailCompLst" Alias="[AvailCLst_UD02]" Column="Company" /></OuterReferences><RelOp NodeId="337" PhysicalOp="Clustered Index Scan" LogicalOp="Clustered Index Scan" EstimateRows="1" EstimateIO="0.003125" EstimateCPU="0.0001581" AvgRowSize="23" EstimatedTotalSubtreeCost="0.0032831" TableCardinality="0" Parallel="0" EstimateRebinds="0" EstimateRewinds="0" EstimatedExecutionMode="Row"><OutputList><ColumnReference Table="@AvailCompLst" Alias="[AvailCLst_UD02]" Column="Company" /></OutputList><IndexScan Ordered="0" ForcedIndex="0" ForceScan="0" NoExpandHint="0" Storage="RowStore"><DefinedValues><DefinedValue><ColumnReference Table="@AvailCompLst" Alias="[AvailCLst_UD02]" Column="Company" /></DefinedValue></DefinedValues><Object Table="[@AvailCompLst]" Index="[PK__#BF86AAA__DC890D0C675AC72E]" Alias="[AvailCLst_UD02]" Storage="RowStore" /></IndexScan></RelOp><RelOp NodeId="338" PhysicalOp="Filter" LogicalOp="Filter" EstimateRows="1" EstimateIO="0" EstimateCPU="0.000777" AvgRowSize="20" EstimatedTotalSubtreeCost="0.0364884" Parallel="0" EstimateRebinds="0" EstimateRewinds="0" EstimatedExecutionMode="Row"><OutputList><ColumnReference Database="[ERPSASS-Live]" Schema="[Ice]" Table="[UD02]" Column="Number01" /></OutputList><Filter StartupExpression="0"><RelOp NodeId="339" PhysicalOp="Clustered Index Seek" LogicalOp="Clustered Index Seek" EstimateRows="1" EstimateIO="0.0349769" EstimateCPU="0.0007345" AvgRowSize="121" EstimatedTotalSubtreeCost="0.0357114" TableCardinality="525" Parallel="0" EstimateRebinds="0" EstimateRewinds="0" EstimatedExecutionMode="Row"><OutputList><ColumnReference Database="[ERPSASS-Live]" Schema="[Ice]" Table="[UD02]" Column="Number01" /><ColumnReference Database="[ERPSASS-Live]" Schema="[Ice]" Table="[UD02]" Column="ShortChar05" /></OutputList><IndexScan Ordered="1" ScanDirection="FORWARD" ForcedIndex="0" ForceSeek="0" ForceScan="0" NoExpandHint="0" Storage="RowStore"><DefinedValues><DefinedValue><ColumnReference Database="[ERPSASS-Live]" Schema="[Ice]" Table="[UD02]" Column="Number01" /></DefinedValue><DefinedValue><ColumnReference Database="[ERPSASS-Live]" Schema="[Ice]" Table="[UD02]" Column="ShortChar05" /></DefinedValue></DefinedValues><Object Database="[ERPSASS-Live]" Schema="[Ice]" Table="[UD02]" Index="[PK_UD02]" IndexKind="Clustered" Storage="RowStore" /><SeekPredicates><SeekPredicateNew><SeekKeys><Prefix ScanType="EQ"><RangeColumns><ColumnReference Database="[ERPSASS-Live]" Schema="[Ice]" Table="[UD02]" Column="Company" /></RangeColumns><RangeExpressions><ScalarOperator ScalarString="@AvailCompLst.[Company] as [AvailCLst_UD02].[Company]"><Identifier><ColumnReference Table="@AvailCompLst" Alias="[AvailCLst_UD02]" Column="Company" /></Identifier></ScalarOperator></RangeExpressions></Prefix></SeekKeys></SeekPredicateNew></SeekPredicates><Predicate><ScalarOperator ScalarString="[Recr1041]=[ERPSASS-Live].[Ice].[UD02].[ShortChar02] AND [Recr1028]=[ERPSASS-Live].[Ice].[UD02].[ShortChar01] AND [ERPSASS-Live].[Ice].[UD02].[ShortChar04]=CONVERT_IMPLICIT(nvarchar(6),CONVERT(varchar(6),dateadd(month,(-1),[@StartDate]),112),0)"><Logical Operation="AND"><ScalarOperator><Compare CompareOp="EQ"><ScalarOperator><Identifier><ColumnReference Column="Recr1041" /></Identifier></ScalarOperator><ScalarOperator><Identifier><ColumnReference Database="[ERPSASS-Live]" Schema="[Ice]" Table="[UD02]" Column="ShortChar02" /></Identifier></ScalarOperator></Compare></ScalarOperator><ScalarOperator><Compare CompareOp="EQ"><ScalarOperator><Identifier><ColumnReference Column="Recr1028" /></Identifier></ScalarOperator><ScalarOperator><Identifier><ColumnReference Database="[ERPSASS-Live]" Schema="[Ice]" Table="[UD02]" Column="ShortChar01" /></Identifier></ScalarOperator></Compare></ScalarOperator><ScalarOperator><Compare CompareOp="EQ"><ScalarOperator><Identifier><ColumnReference Database="[ERPSASS-Live]" Schema="[Ice]" Table="[UD02]" Column="ShortChar04" /></Identifier></ScalarOperator><ScalarOperator><Identifier><ColumnReference Column="ConstExpr1246"><ScalarOperator><Convert DataType="nvarchar" Length="12" Style="0" Implicit="1"><ScalarOperator><Convert DataType="varchar" Length="6" Style="112" Implicit="0"><ScalarOperator><Intrinsic FunctionName="dateadd"><ScalarOperator><Const ConstValue="(2)" /></ScalarOperator><ScalarOperator><Const ConstValue="(-1)" /></ScalarOperator><ScalarOperator><Identifier><ColumnReference Column="@StartDate" /></Identifier></ScalarOperator></Intrinsic></ScalarOperator></Convert></ScalarOperator></Convert></ScalarOperator></ColumnReference></Identifier></ScalarOperator></Compare></ScalarOperator></Logical></ScalarOperator></Predicate></IndexScan></RelOp><Predicate><ScalarOperator ScalarString="[ERPSASS-Live].[Ice].[UD02].[ShortChar05]=[@Plant]"><Compare CompareOp="EQ"><ScalarOperator><Identifier><ColumnReference Database="[ERPSASS-Live]" Schema="[Ice]" Table="[UD02]" Column="ShortChar05" /></Identifier></ScalarOperator><ScalarOperator><Identifier><ColumnReference Column="@Plant" /></Identifier></ScalarOperator></Compare></ScalarOperator></Predicate></Filter></RelOp></NestedLoops></RelOp></ComputeScalar></RelOp></Sort></RelOp></NestedLoops></RelOp><RelOp NodeId="344" PhysicalOp="Compute Scalar" LogicalOp="Compute Scalar" EstimateRows="1" EstimateIO="0" EstimateCPU="1e-007" AvgRowSize="41" EstimatedTotalSubtreeCost="0.0428007" Parallel="0" EstimateRebinds="0" EstimateRewinds="0" EstimatedExecutionMode="Row"><OutputList><ColumnReference Column="Expr1227" /></OutputList><ComputeScalar><DefinedValues><DefinedValue><ColumnReference Column="Expr1227" /><ScalarOperator ScalarString="[Expr1223]"><Identifier><ColumnReference Column="Expr1223" /></Identifier></ScalarOperator></DefinedValue></DefinedValues><RelOp NodeId="345" PhysicalOp="Stream Aggregate" LogicalOp="Aggregate" EstimateRows="1" EstimateIO="0" EstimateCPU="1.1e-006" AvgRowSize="24" EstimatedTotalSubtreeCost="0.0428006" Parallel="0" EstimateRebinds="0" EstimateRewinds="0" EstimatedExecutionMode="Row"><OutputList><ColumnReference Column="Expr1223" /></OutputList><StreamAggregate><DefinedValues><DefinedValue><ColumnReference Column="Expr1223" /><ScalarOperator ScalarString="SUM([ERPSASS-Live].[Erp].[NonConf].[FailedQty])"><Aggregate Distinct="0" AggType="SUM"><ScalarOperator><Identifier><ColumnReference Database="[ERPSASS-Live]" Schema="[Erp]" Table="[NonConf]" Column="FailedQty" /></Identifier></ScalarOperator></Aggregate></ScalarOperator></DefinedValue></DefinedValues><RelOp NodeId="346" PhysicalOp="Nested Loops" LogicalOp="Inner Join" EstimateRows="1" EstimateIO="0" EstimateCPU="4.18e-006" AvgRowSize="20" EstimatedTotalSubtreeCost="0.0427995" Parallel="0" EstimateRebinds="0" EstimateRewinds="0" EstimatedExecutionMode="Row"><OutputList><ColumnReference Database="[ERPSASS-Live]" Schema="[Erp]" Table="[NonConf]" Column="FailedQty" /></OutputList><NestedLoops Optimized="0"><OuterReferences><ColumnReference Database="[ERPSASS-Live]" Schema="[Erp]" Table="[LaborDtl]" Alias="[LaborDtl2]" Column="OprSeq" /><ColumnReference Database="[ERPSASS-Live]" Schema="[Erp]" Table="[JobAsmbl]" Alias="[JobAsmbl2]" Column="AssemblySeq" /><ColumnReference Database="[ERPSASS-Live]" Schema="[Erp]" Table="[JobHead]" Column="Company" /><ColumnReference Database="[ERPSASS-Live]" Schema="[Erp]" Table="[JobHead]" Column="JobNum" /></OuterReferences><RelOp NodeId="347" PhysicalOp="Nested Loops" LogicalOp="Inner Join" EstimateRows="1" EstimateIO="0" EstimateCPU="4.18e-006" AvgRowSize="56" EstimatedTotalSubtreeCost="0.0395122" Parallel="0" EstimateRebinds="0" EstimateRewinds="0" EstimatedExecutionMode="Row"><OutputList><ColumnReference Database="[ERPSASS-Live]" Schema="[Erp]" Table="[LaborDtl]" Alias="[LaborDtl2]" Column="OprSeq" /><ColumnReference Database="[ERPSASS-Live]" Schema="[Erp]" Table="[NonConf]" Column="FailedQty" /><ColumnReference Database="[ERPSASS-Live]" Schema="[Erp]" Table="[JobAsmbl]" Alias="[JobAsmbl2]" Column="AssemblySeq" /><ColumnReference Database="[ERPSASS-Live]" Schema="[Erp]" Table="[JobHead]" Column="Company" /><ColumnReference Database="[ERPSASS-Live]" Schema="[Erp]" Table="[JobHead]" Column="JobNum" /></OutputList><NestedLoops Optimized="0"><OuterReferences><ColumnReference Database="[ERPSASS-Live]" Schema="[Erp]" Table="[NonConf]" Column="Company" /><ColumnReference Database="[ERPSASS-Live]" Schema="[Erp]" Table="[NonConf]" Column="TranID" /></OuterReferences><RelOp NodeId="348" PhysicalOp="Nested Loops" LogicalOp="Inner Join" EstimateRows="1" EstimateIO="0" EstimateCPU="4.18e-006" AvgRowSize="57" EstimatedTotalSubtreeCost="0.0362249" Parallel="0" EstimateRebinds="0" EstimateRewinds="0" EstimatedExecutionMode="Row"><OutputList><ColumnReference Database="[ERPSASS-Live]" Schema="[Erp]" Table="[LaborDtl]" Alias="[LaborDtl2]" Column="OprSeq" /><ColumnReference Database="[ERPSASS-Live]" Schema="[Erp]" Table="[NonConf]" Column="Company" /><ColumnReference Database="[ERPSASS-Live]" Schema="[Erp]" Table="[NonConf]" Column="TranID" /><ColumnReference Database="[ERPSASS-Live]" Schema="[Erp]" Table="[JobAsmbl]" Alias="[JobAsmbl2]" Column="AssemblySeq" /><ColumnReference Database="[ERPSASS-Live]" Schema="[Erp]" Table="[JobHead]" Column="Company" /><ColumnReference Database="[ERPSASS-Live]" Schema="[Erp]" Table="[JobHead]" Column="JobNum" /></OutputList><NestedLoops Optimized="0"><OuterReferences><ColumnReference Database="[ERPSASS-Live]" Schema="[Erp]" Table="[LaborDtl]" Alias="[LaborDtl2]" Column="LaborDtlSeq" /><ColumnReference Database="[ERPSASS-Live]" Schema="[Erp]" Table="[LaborHed]" Alias="[LaborHed1]" Column="LaborHedSeq" /><ColumnReference Database="[ERPSASS-Live]" Schema="[Erp]" Table="[JobHead]" Column="Company" /></OuterReferences><RelOp NodeId="349" PhysicalOp="Nested Loops" LogicalOp="Inner Join" EstimateRows="1" EstimateIO="0" EstimateCPU="4.18e-006" AvgRowSize="51" EstimatedTotalSubtreeCost="0.0329376" Parallel="0" EstimateRebinds="0" EstimateRewinds="0" EstimatedExecutionMode="Row"><OutputList><ColumnReference Database="[ERPSASS-Live]" Schema="[Erp]" Table="[LaborDtl]" Alias="[LaborDtl2]" Column="LaborDtlSeq" /><ColumnReference Database="[ERPSASS-Live]" Schema="[Erp]" Table="[LaborDtl]" Alias="[LaborDtl2]" Column="OprSeq" /><ColumnReference Database="[ERPSASS-Live]" Schema="[Erp]" Table="[LaborHed]" Alias="[LaborHed1]" Column="LaborHedSeq" /><ColumnReference Database="[ERPSASS-Live]" Schema="[Erp]" Table="[JobAsmbl]" Alias="[JobAsmbl2]" Column="AssemblySeq" /><ColumnReference Database="[ERPSASS-Live]" Schema="[Erp]" Table="[JobHead]" Column="Company" /><ColumnReference Database="[ERPSASS-Live]" Schema="[Erp]" Table="[JobHead]" Column="JobNum" /></OutputList><NestedLoops Optimized="0"><OuterReferences><ColumnReference Database="[ERPSASS-Live]" Schema="[Erp]" Table="[JobAsmbl]" Alias="[JobAsmbl2]" Column="Company" /><ColumnReference Database="[ERPSASS-Live]" Schema="[Erp]" Table="[JobAsmbl]" Alias="[JobAsmbl2]" Column="JobNum" /></OuterReferences><RelOp NodeId="350" PhysicalOp="Nested Loops" LogicalOp="Inner Join" EstimateRows="1" EstimateIO="0" EstimateCPU="4.18e-006" AvgRowSize="51" EstimatedTotalSubtreeCost="0.0296499" Parallel="0" EstimateRebinds="0" EstimateRewinds="0" EstimatedExecutionMode="Row"><OutputList><ColumnReference Database="[ERPSASS-Live]" Schema="[Erp]" Table="[LaborDtl]" Alias="[LaborDtl2]" Column="LaborDtlSeq" /><ColumnReference Database="[ERPSASS-Live]" Schema="[Erp]" Table="[LaborDtl]" Alias="[LaborDtl2]" Column="OprSeq" /><ColumnReference Database="[ERPSASS-Live]" Schema="[Erp]" Table="[LaborHed]" Alias="[LaborHed1]" Column="LaborHedSeq" /><ColumnReference Database="[ERPSASS-Live]" Schema="[Erp]" Table="[JobAsmbl]" Alias="[JobAsmbl2]" Column="Company" /><ColumnReference Database="[ERPSASS-Live]" Schema="[Erp]" Table="[JobAsmbl]" Alias="[JobAsmbl2]" Column="JobNum" /><ColumnReference Database="[ERPSASS-Live]" Schema="[Erp]" Table="[JobAsmbl]" Alias="[JobAsmbl2]" Column="AssemblySeq" /></OutputList><NestedLoops Optimized="0"><OuterReferences><ColumnReference Database="[ERPSASS-Live]" Schema="[Erp]" Table="[LaborDtl]" Alias="[LaborDtl2]" Column="LaborHedSeq" /><ColumnReference Database="[ERPSASS-Live]" Schema="[Erp]" Table="[JobAsmbl]" Alias="[JobAsmbl2]" Column="Company" /></OuterReferences><RelOp NodeId="351" PhysicalOp="Nested Loops" LogicalOp="Inner Join" EstimateRows="2.36215" EstimateIO="0" EstimateCPU="9.87377e-006" AvgRowSize="65" EstimatedTotalSubtreeCost="0.0263606" Parallel="0" EstimateRebinds="0" EstimateRewinds="0" EstimatedExecutionMode="Row"><OutputList><ColumnReference Database="[ERPSASS-Live]" Schema="[Erp]" Table="[LaborDtl]" Alias="[LaborDtl2]" Column="LaborHedSeq" /><ColumnReference Database="[ERPSASS-Live]" Schema="[Erp]" Table="[LaborDtl]" Alias="[LaborDtl2]" Column="LaborDtlSeq" /><ColumnReference Database="[ERPSASS-Live]" Schema="[Erp]" Table="[LaborDtl]" Alias="[LaborDtl2]" Column="OprSeq" /><ColumnReference Database="[ERPSASS-Live]" Schema="[Erp]" Table="[JobAsmbl]" Alias="[JobAsmbl2]" Column="Company" /><ColumnReference Database="[ERPSASS-Live]" Schema="[Erp]" Table="[JobAsmbl]" Alias="[JobAsmbl2]" Column="JobNum" /><ColumnReference Database="[ERPSASS-Live]" Schema="[Erp]" Table="[JobAsmbl]" Alias="[JobAsmbl2]" Column="AssemblySeq" /></OutputList><NestedLoops Optimized="0"><OuterReferences><ColumnReference Database="[ERPSASS-Live]" Schema="[Erp]" Table="[LaborDtl]" Alias="[LaborDtl2]" Column="Company" /><ColumnReference Database="[ERPSASS-Live]" Schema="[Erp]" Table="[LaborDtl]" Alias="[LaborDtl2]" Column="LaborHedSeq" /><ColumnReference Database="[ERPSASS-Live]" Schema="[Erp]" Table="[LaborDtl]" Alias="[LaborDtl2]" Column="LaborDtlSeq" /></OuterReferences><RelOp NodeId="352" PhysicalOp="Nested Loops" LogicalOp="Inner Join" EstimateRows="2.36215" EstimateIO="0" EstimateCPU="9.87377e-006" AvgRowSize="61" EstimatedTotalSubtreeCost="0.0209963" Parallel="0" EstimateRebinds="0" EstimateRewinds="0" EstimatedExecutionMode="Row"><OutputList><ColumnReference Database="[ERPSASS-Live]" Schema="[Erp]" Table="[LaborDtl]" Alias="[LaborDtl2]" Column="Company" /><ColumnReference Database="[ERPSASS-Live]" Schema="[Erp]" Table="[LaborDtl]" Alias="[LaborDtl2]" Column="LaborHedSeq" /><ColumnReference Database="[ERPSASS-Live]" Schema="[Erp]" Table="[LaborDtl]" Alias="[LaborDtl2]" Column="LaborDtlSeq" /><ColumnReference Database="[ERPSASS-Live]" Schema="[Erp]" Table="[LaborDtl]" Alias="[LaborDtl2]" Column="OprSeq" /><ColumnReference Database="[ERPSASS-Live]" Schema="[Erp]" Table="[JobAsmbl]" Alias="[JobAsmbl2]" Column="Company" /><ColumnReference Database="[ERPSASS-Live]" Schema="[Erp]" Table="[JobAsmbl]" Alias="[JobAsmbl2]" Column="JobNum" /><ColumnReference Database="[ERPSASS-Live]" Schema="[Erp]" Table="[JobAsmbl]" Alias="[JobAsmbl2]" Column="AssemblySeq" /></OutputList><NestedLoops Optimized="0"><OuterReferences><ColumnReference Database="[ERPSASS-Live]" Schema="[Erp]" Table="[JobAsmbl]" Alias="[JobAsmbl2]" Column="Company" /><ColumnReference Database="[ERPSASS-Live]" Schema="[Erp]" Table="[JobAsmbl]" Alias="[JobAsmbl2]" Column="JobNum" /><ColumnReference Database="[ERPSASS-Live]" Schema="[Erp]" Table="[JobAsmbl]" Alias="[JobAsmbl2]" Column="AssemblySeq" /></OuterReferences><RelOp NodeId="353" PhysicalOp="Nested Loops" LogicalOp="Inner Join" EstimateRows="1" EstimateIO="0" EstimateCPU="4.18e-006" AvgRowSize="39" EstimatedTotalSubtreeCost="0.0177018" Parallel="0" EstimateRebinds="0" EstimateRewinds="0" EstimatedExecutionMode="Row"><OutputList><ColumnReference Database="[ERPSASS-Live]" Schema="[Erp]" Table="[JobAsmbl]" Alias="[JobAsmbl2]" Column="Company" /><ColumnReference Database="[ERPSASS-Live]" Schema="[Erp]" Table="[JobAsmbl]" Alias="[JobAsmbl2]" Column="JobNum" /><ColumnReference Database="[ERPSASS-Live]" Schema="[Erp]" Table="[JobAsmbl]" Alias="[JobAsmbl2]" Column="AssemblySeq" /></OutputList><NestedLoops Optimized="0"><OuterReferences><ColumnReference Database="[ERPSASS-Live]" Schema="[Erp]" Table="[JobAsmbl]" Alias="[JobAsmbl2]" Column="Company" /></OuterReferences><RelOp NodeId="354" PhysicalOp="Nested Loops" LogicalOp="Inner Join" EstimateRows="28.0351" EstimateIO="0" EstimateCPU="0.000117187" AvgRowSize="91" EstimatedTotalSubtreeCost="0.0144011" Parallel="0" EstimateRebinds="0" EstimateRewinds="0" EstimatedExecutionMode="Row"><OutputList><ColumnReference Database="[ERPSASS-Live]" Schema="[Erp]" Table="[JobAsmbl]" Alias="[JobAsmbl2]" Column="Company" /><ColumnReference Database="[ERPSASS-Live]" Schema="[Erp]" Table="[JobAsmbl]" Alias="[JobAsmbl2]" Column="JobNum" /><ColumnReference Database="[ERPSASS-Live]" Schema="[Erp]" Table="[JobAsmbl]" Alias="[JobAsmbl2]" Column="AssemblySeq" /></OutputList><NestedLoops Optimized="0" WithUnorderedPrefetch="1"><OuterReferences><ColumnReference Database="[ERPSASS-Live]" Schema="[Erp]" Table="[JobAsmbl]" Alias="[JobAsmbl2]" Column="Company" /><ColumnReference Database="[ERPSASS-Live]" Schema="[Erp]" Table="[JobAsmbl]" Alias="[JobAsmbl2]" Column="JobNum" /><ColumnReference Database="[ERPSASS-Live]" Schema="[Erp]" Table="[JobAsmbl]" Alias="[JobAsmbl2]" Column="AssemblySeq" /><ColumnReference Column="Expr1277" /></OuterReferences><RelOp NodeId="356" PhysicalOp="Nested Loops" LogicalOp="Inner Join" EstimateRows="28.0351" EstimateIO="0" EstimateCPU="0.000117187" AvgRowSize="39" EstimatedTotalSubtreeCost="0.00672658" Parallel="0" EstimateRebinds="0" EstimateRewinds="0" EstimatedExecutionMode="Row"><OutputList><ColumnReference Database="[ERPSASS-Live]" Schema="[Erp]" Table="[JobAsmbl]" Alias="[JobAsmbl2]" Column="Company" /><ColumnReference Database="[ERPSASS-Live]" Schema="[Erp]" Table="[JobAsmbl]" Alias="[JobAsmbl2]" Column="JobNum" /><ColumnReference Database="[ERPSASS-Live]" Schema="[Erp]" Table="[JobAsmbl]" Alias="[JobAsmbl2]" Column="AssemblySeq" /></OutputList><NestedLoops Optimized="0"><OuterReferences><ColumnReference Table="@AvailCompLst" Alias="[AvailCLst_LaborDtl2]" Column="Company" /></OuterReferences><RelOp NodeId="357" PhysicalOp="Clustered Index Scan" LogicalOp="Clustered Index Scan" EstimateRows="1" EstimateIO="0.003125" EstimateCPU="0.0001581" AvgRowSize="23" EstimatedTotalSubtreeCost="0.0032831" TableCardinality="0" Parallel="0" EstimateRebinds="0" EstimateRewinds="0" EstimatedExecutionMode="Row"><OutputList><ColumnReference Table="@AvailCompLst" Alias="[AvailCLst_LaborDtl2]" Column="Company" /></OutputList><IndexScan Ordered="0" ForcedIndex="0" ForceScan="0" NoExpandHint="0" Storage="RowStore"><DefinedValues><DefinedValue><ColumnReference Table="@AvailCompLst" Alias="[AvailCLst_LaborDtl2]" Column="Company" /></DefinedValue></DefinedValues><Object Table="[@AvailCompLst]" Index="[PK__#BF86AAA__DC890D0C675AC72E]" Alias="[AvailCLst_LaborDtl2]" Storage="RowStore" /></IndexScan></RelOp><RelOp NodeId="358" PhysicalOp="Filter" LogicalOp="Filter" EstimateRows="28.0351" EstimateIO="0" EstimateCPU="1.34568e-005" AvgRowSize="39" EstimatedTotalSubtreeCost="0.0033263" Parallel="0" EstimateRebinds="0" EstimateRewinds="0" EstimatedExecutionMode="Row"><OutputList><ColumnReference Database="[ERPSASS-Live]" Schema="[Erp]" Table="[JobAsmbl]" Alias="[JobAsmbl2]" Column="Company" /><ColumnReference Database="[ERPSASS-Live]" Schema="[Erp]" Table="[JobAsmbl]" Alias="[JobAsmbl2]" Column="JobNum" /><ColumnReference Database="[ERPSASS-Live]" Schema="[Erp]" Table="[JobAsmbl]" Alias="[JobAsmbl2]" Column="AssemblySeq" /></OutputList><Filter StartupExpression="0"><RelOp NodeId="359" PhysicalOp="Nested Loops" LogicalOp="Inner Join" EstimateRows="28.0351" EstimateIO="0.003125" EstimateCPU="0.000187839" AvgRowSize="49" EstimatedTotalSubtreeCost="0.00331284" TableCardinality="7196" Parallel="0" EstimateRebinds="0" EstimateRewinds="0" EstimatedExecutionMode="Row"><OutputList><ColumnReference Database="[ERPSASS-Live]" Schema="[Erp]" Table="[JobAsmbl]" Alias="[JobAsmbl2]" Column="Company" /><ColumnReference Database="[ERPSASS-Live]" Schema="[Erp]" Table="[JobAsmbl]" Alias="[JobAsmbl2]" Column="JobNum" /><ColumnReference Database="[ERPSASS-Live]" Schema="[Erp]" Table="[JobAsmbl]" Alias="[JobAsmbl2]" Column="AssemblySeq" /><ColumnReference Database="[ERPSASS-Live]" Schema="[Erp]" Table="[JobAsmbl]" Alias="[JobAsmbl2]" Column="Plant" /></OutputList><NestedLoops Optimized="0"><OuterReferences><ColumnReference Column="Expr1275" /><ColumnReference Column="Expr1276" /><ColumnReference Column="Expr1274" /></OuterReferences><RelOp NodeId="360" PhysicalOp="Compute Scalar" LogicalOp="Compute Scalar" EstimateRows="1" EstimateIO="0" EstimateCPU="0" AvgRowSize="33" EstimatedTotalSubtreeCost="0" Parallel="0" EstimateRebinds="0" EstimateRewinds="0" EstimatedExecutionMode="Row"><OutputList><ColumnReference Column="Expr1275" /><ColumnReference Column="Expr1276" /><ColumnReference Column="Expr1274" /></OutputList><ComputeScalar><DefinedValues><DefinedValue><ValueVector><ColumnReference Column="Expr1275" /><ColumnReference Column="Expr1276" /><ColumnReference Column="Expr1274" /></ValueVector><ScalarOperator ScalarString="GetRangeWithMismatchedTypes([@Plant],[@Plant],(62))"><Intrinsic FunctionName="GetRangeWithMismatchedTypes"><ScalarOperator><Identifier><ColumnReference Column="@Plant" /></Identifier></ScalarOperator><ScalarOperator><Identifier><ColumnReference Column="@Plant" /></Identifier></ScalarOperator><ScalarOperator><Const ConstValue="(62)" /></ScalarOperator></Intrinsic></ScalarOperator></DefinedValue></DefinedValues><RelOp NodeId="361" PhysicalOp="Constant Scan" LogicalOp="Constant Scan" EstimateRows="1" EstimateIO="0" EstimateCPU="0" AvgRowSize="0" EstimatedTotalSubtreeCost="0" Parallel="0" EstimateRebinds="0" EstimateRewinds="0" EstimatedExecutionMode="Row"><OutputList /><ConstantScan /></RelOp></ComputeScalar></RelOp><RelOp NodeId="365" PhysicalOp="Index Seek" LogicalOp="Index Seek" EstimateRows="28.0351" EstimateIO="0.003125" EstimateCPU="0.000187839" AvgRowSize="49" EstimatedTotalSubtreeCost="0.00331284" TableCardinality="7196" Parallel="0" EstimateRebinds="0" EstimateRewinds="0" EstimatedExecutionMode="Row"><OutputList><ColumnReference Database="[ERPSASS-Live]" Schema="[Erp]" Table="[JobAsmbl]" Alias="[JobAsmbl2]" Column="Company" /><ColumnReference Database="[ERPSASS-Live]" Schema="[Erp]" Table="[JobAsmbl]" Alias="[JobAsmbl2]" Column="JobNum" /><ColumnReference Database="[ERPSASS-Live]" Schema="[Erp]" Table="[JobAsmbl]" Alias="[JobAsmbl2]" Column="AssemblySeq" /><ColumnReference Database="[ERPSASS-Live]" Schema="[Erp]" Table="[JobAsmbl]" Alias="[JobAsmbl2]" Column="Plant" /></OutputList><IndexScan Ordered="1" ScanDirection="FORWARD" ForcedIndex="0" ForceSeek="0" ForceScan="0" NoExpandHint="0" Storage="RowStore"><DefinedValues><DefinedValue><ColumnReference Database="[ERPSASS-Live]" Schema="[Erp]" Table="[JobAsmbl]" Alias="[JobAsmbl2]" Column="Company" /></DefinedValue><DefinedValue><ColumnReference Database="[ERPSASS-Live]" Schema="[Erp]" Table="[JobAsmbl]" Alias="[JobAsmbl2]" Column="JobNum" /></DefinedValue><DefinedValue><ColumnReference Database="[ERPSASS-Live]" Schema="[Erp]" Table="[JobAsmbl]" Alias="[JobAsmbl2]" Column="AssemblySeq" /></DefinedValue><DefinedValue><ColumnReference Database="[ERPSASS-Live]" Schema="[Erp]" Table="[JobAsmbl]" Alias="[JobAsmbl2]" Column="Plant" /></DefinedValue></DefinedValues><Object Database="[ERPSASS-Live]" Schema="[Erp]" Table="[JobAsmbl]" Index="[IX_JobAsmbl_JobDue]" Alias="[JobAsmbl2]" IndexKind="NonClustered" Storage="RowStore" /><SeekPredicates><SeekPredicateNew><SeekKeys><Prefix ScanType="EQ"><RangeColumns><ColumnReference Database="[ERPSASS-Live]" Schema="[Erp]" Table="[JobAsmbl]" Alias="[JobAsmbl2]" Column="Company" /></RangeColumns><RangeExpressions><ScalarOperator ScalarString="@AvailCompLst.[Company] as [AvailCLst_LaborDtl2].[Company]"><Identifier><ColumnReference Table="@AvailCompLst" Alias="[AvailCLst_LaborDtl2]" Column="Company" /></Identifier></ScalarOperator></RangeExpressions></Prefix><StartRange ScanType="GT"><RangeColumns><ColumnReference Database="[ERPSASS-Live]" Schema="[Erp]" Table="[JobAsmbl]" Alias="[JobAsmbl2]" Column="Plant" /></RangeColumns><RangeExpressions><ScalarOperator ScalarString="[Expr1275]"><Identifier><ColumnReference Column="Expr1275" /></Identifier></ScalarOperator></RangeExpressions></StartRange><EndRange ScanType="LT"><RangeColumns><ColumnReference Database="[ERPSASS-Live]" Schema="[Erp]" Table="[JobAsmbl]" Alias="[JobAsmbl2]" Column="Plant" /></RangeColumns><RangeExpressions><ScalarOperator ScalarString="[Expr1276]"><Identifier><ColumnReference Column="Expr1276" /></Identifier></ScalarOperator></RangeExpressions></EndRange></SeekKeys></SeekPredicateNew></SeekPredicates></IndexScan></RelOp></NestedLoops></RelOp><Predicate><ScalarOperator ScalarString="[ERPSASS-Live].[Erp].[JobAsmbl].[Plant] as [JobAsmbl2].[Plant]=[@Plant]"><Compare CompareOp="EQ"><ScalarOperator><Identifier><ColumnReference Database="[ERPSASS-Live]" Schema="[Erp]" Table="[JobAsmbl]" Alias="[JobAsmbl2]" Column="Plant" /></Identifier></ScalarOperator><ScalarOperator><Identifier><ColumnReference Column="@Plant" /></Identifier></ScalarOperator></Compare></ScalarOperator></Predicate></Filter></RelOp></NestedLoops></RelOp><RelOp NodeId="368" PhysicalOp="Clustered Index Seek" LogicalOp="Clustered Index Seek" EstimateRows="1" EstimateIO="0.003125" EstimateCPU="0.0001581" AvgRowSize="61" EstimatedTotalSubtreeCost="0.00755734" TableCardinality="7196" Parallel="0" EstimateRebinds="7.10543e-015" EstimateRewinds="27.0351" EstimatedExecutionMode="Row"><OutputList /><IndexScan Lookup="1" Ordered="1" ScanDirection="FORWARD" ForcedIndex="0" ForceSeek="0" ForceScan="0" NoExpandHint="0" Storage="RowStore"><DefinedValues /><Object Database="[ERPSASS-Live]" Schema="[Erp]" Table="[JobAsmbl]" Index="[IX_JobAsmbl]" Alias="[JobAsmbl2]" TableReferenceId="-1" IndexKind="Clustered" Storage="RowStore" /><SeekPredicates><SeekPredicateNew><SeekKeys><Prefix ScanType="EQ"><RangeColumns><ColumnReference Database="[ERPSASS-Live]" Schema="[Erp]" Table="[JobAsmbl]" Alias="[JobAsmbl2]" Column="Company" /><ColumnReference Database="[ERPSASS-Live]" Schema="[Erp]" Table="[JobAsmbl]" Alias="[JobAsmbl2]" Column="JobNum" /><ColumnReference Database="[ERPSASS-Live]" Schema="[Erp]" Table="[JobAsmbl]" Alias="[JobAsmbl2]" Column="AssemblySeq" /></RangeColumns><RangeExpressions><ScalarOperator ScalarString="[ERPSASS-Live].[Erp].[JobAsmbl].[Company] as [JobAsmbl2].[Company]"><Identifier><ColumnReference Database="[ERPSASS-Live]" Schema="[Erp]" Table="[JobAsmbl]" Alias="[JobAsmbl2]" Column="Company" /></Identifier></ScalarOperator><ScalarOperator ScalarString="[ERPSASS-Live].[Erp].[JobAsmbl].[JobNum] as [JobAsmbl2].[JobNum]"><Identifier><ColumnReference Database="[ERPSASS-Live]" Schema="[Erp]" Table="[JobAsmbl]" Alias="[JobAsmbl2]" Column="JobNum" /></Identifier></ScalarOperator><ScalarOperator ScalarString="[ERPSASS-Live].[Erp].[JobAsmbl].[AssemblySeq] as [JobAsmbl2].[AssemblySeq]"><Identifier><ColumnReference Database="[ERPSASS-Live]" Schema="[Erp]" Table="[JobAsmbl]" Alias="[JobAsmbl2]" Column="AssemblySeq" /></Identifier></ScalarOperator></RangeExpressions></Prefix></SeekKeys></SeekPredicateNew></SeekPredicates><Predicate><ScalarOperator ScalarString="[Recr1028]=[ERPSASS-Live].[Erp].[JobAsmbl].[PartNum] as [JobAsmbl2].[PartNum]"><Compare CompareOp="EQ"><ScalarOperator><Identifier><ColumnReference Column="Recr1028" /></Identifier></ScalarOperator><ScalarOperator><Identifier><ColumnReference Database="[ERPSASS-Live]" Schema="[Erp]" Table="[JobAsmbl]" Alias="[JobAsmbl2]" Column="PartNum" /></Identifier></ScalarOperator></Compare></ScalarOperator></Predicate></IndexScan></RelOp></NestedLoops></RelOp><RelOp NodeId="370" PhysicalOp="Clustered Index Seek" LogicalOp="Clustered Index Seek" EstimateRows="1" EstimateIO="0.003125" EstimateCPU="0.0001581" AvgRowSize="9" EstimatedTotalSubtreeCost="0.0032831" TableCardinality="0" Parallel="0" EstimateRebinds="0" EstimateRewinds="0" EstimatedExecutionMode="Row"><OutputList /><IndexScan Ordered="1" ScanDirection="FORWARD" ForcedIndex="0" ForceSeek="0" ForceScan="0" NoExpandHint="0" Storage="RowStore"><DefinedValues /><Object Table="[@AvailCompLst]" Index="[PK__#BF86AAA__DC890D0C675AC72E]" Alias="[AvailCLst_LaborHed1]" Storage="RowStore" /><SeekPredicates><SeekPredicateNew><SeekKeys><Prefix ScanType="EQ"><RangeColumns><ColumnReference Table="@AvailCompLst" Alias="[AvailCLst_LaborHed1]" Column="Company" /></RangeColumns><RangeExpressions><ScalarOperator ScalarString="[ERPSASS-Live].[Erp].[JobAsmbl].[Company] as [JobAsmbl2].[Company]"><Identifier><ColumnReference Database="[ERPSASS-Live]" Schema="[Erp]" Table="[JobAsmbl]" Alias="[JobAsmbl2]" Column="Company" /></Identifier></ScalarOperator></RangeExpressions></Prefix></SeekKeys></SeekPredicateNew></SeekPredicates></IndexScan></RelOp></NestedLoops></RelOp><RelOp NodeId="371" PhysicalOp="Index Seek" LogicalOp="Index Seek" EstimateRows="2.36215" EstimateIO="0.003125" EstimateCPU="0.000159598" AvgRowSize="31" EstimatedTotalSubtreeCost="0.0032846" TableCardinality="16998" Parallel="0" EstimateRebinds="0" EstimateRewinds="0" EstimatedExecutionMode="Row"><OutputList><ColumnReference Database="[ERPSASS-Live]" Schema="[Erp]" Table="[LaborDtl]" Alias="[LaborDtl2]" Column="Company" /><ColumnReference Database="[ERPSASS-Live]" Schema="[Erp]" Table="[LaborDtl]" Alias="[LaborDtl2]" Column="LaborHedSeq" /><ColumnReference Database="[ERPSASS-Live]" Schema="[Erp]" Table="[LaborDtl]" Alias="[LaborDtl2]" Column="LaborDtlSeq" /><ColumnReference Database="[ERPSASS-Live]" Schema="[Erp]" Table="[LaborDtl]" Alias="[LaborDtl2]" Column="OprSeq" /></OutputList><IndexScan Ordered="1" ScanDirection="FORWARD" ForcedIndex="0" ForceSeek="0" ForceScan="0" NoExpandHint="0" Storage="RowStore"><DefinedValues><DefinedValue><ColumnReference Database="[ERPSASS-Live]" Schema="[Erp]" Table="[LaborDtl]" Alias="[LaborDtl2]" Column="Company" /></DefinedValue><DefinedValue><ColumnReference Database="[ERPSASS-Live]" Schema="[Erp]" Table="[LaborDtl]" Alias="[LaborDtl2]" Column="LaborHedSeq" /></DefinedValue><DefinedValue><ColumnReference Database="[ERPSASS-Live]" Schema="[Erp]" Table="[LaborDtl]" Alias="[LaborDtl2]" Column="LaborDtlSeq" /></DefinedValue><DefinedValue><ColumnReference Database="[ERPSASS-Live]" Schema="[Erp]" Table="[LaborDtl]" Alias="[LaborDtl2]" Column="OprSeq" /></DefinedValue></DefinedValues><Object Database="[ERPSASS-Live]" Schema="[Erp]" Table="[LaborDtl]" Index="[IX_LaborDtl_JobCurLoc]" Alias="[LaborDtl2]" IndexKind="NonClustered" Storage="RowStore" /><SeekPredicates><SeekPredicateNew><SeekKeys><Prefix ScanType="EQ"><RangeColumns><ColumnReference Database="[ERPSASS-Live]" Schema="[Erp]" Table="[LaborDtl]" Alias="[LaborDtl2]" Column="Company" /><ColumnReference Database="[ERPSASS-Live]" Schema="[Erp]" Table="[LaborDtl]" Alias="[LaborDtl2]" Column="JobNum" /><ColumnReference Database="[ERPSASS-Live]" Schema="[Erp]" Table="[LaborDtl]" Alias="[LaborDtl2]" Column="AssemblySeq" /></RangeColumns><RangeExpressions><ScalarOperator ScalarString="[ERPSASS-Live].[Erp].[JobAsmbl].[Company] as [JobAsmbl2].[Company]"><Identifier><ColumnReference Database="[ERPSASS-Live]" Schema="[Erp]" Table="[JobAsmbl]" Alias="[JobAsmbl2]" Column="Company" /></Identifier></ScalarOperator><ScalarOperator ScalarString="[ERPSASS-Live].[Erp].[JobAsmbl].[JobNum] as [JobAsmbl2].[JobNum]"><Identifier><ColumnReference Database="[ERPSASS-Live]" Schema="[Erp]" Table="[JobAsmbl]" Alias="[JobAsmbl2]" Column="JobNum" /></Identifier></ScalarOperator><ScalarOperator ScalarString="[ERPSASS-Live].[Erp].[JobAsmbl].[AssemblySeq] as [JobAsmbl2].[AssemblySeq]"><Identifier><ColumnReference Database="[ERPSASS-Live]" Schema="[Erp]" Table="[JobAsmbl]" Alias="[JobAsmbl2]" Column="AssemblySeq" /></Identifier></ScalarOperator></RangeExpressions></Prefix></SeekKeys></SeekPredicateNew></SeekPredicates></IndexScan></RelOp></NestedLoops></RelOp><RelOp NodeId="373" PhysicalOp="Clustered Index Seek" LogicalOp="Clustered Index Seek" EstimateRows="1" EstimateIO="0.003125" EstimateCPU="0.0001581" AvgRowSize="19" EstimatedTotalSubtreeCost="0.00535437" TableCardinality="16998" Parallel="0" EstimateRebinds="1.36215" EstimateRewinds="0" EstimatedExecutionMode="Row"><OutputList /><IndexScan Lookup="1" Ordered="1" ScanDirection="FORWARD" ForcedIndex="0" ForceSeek="0" ForceScan="0" NoExpandHint="0" Storage="RowStore"><DefinedValues /><Object Database="[ERPSASS-Live]" Schema="[Erp]" Table="[LaborDtl]" Index="[PK_LaborDtl]" Alias="[LaborDtl2]" TableReferenceId="-1" IndexKind="Clustered" Storage="RowStore" /><SeekPredicates><SeekPredicateNew><SeekKeys><Prefix ScanType="EQ"><RangeColumns><ColumnReference Database="[ERPSASS-Live]" Schema="[Erp]" Table="[LaborDtl]" Alias="[LaborDtl2]" Column="Company" /><ColumnReference Database="[ERPSASS-Live]" Schema="[Erp]" Table="[LaborDtl]" Alias="[LaborDtl2]" Column="LaborHedSeq" /><ColumnReference Database="[ERPSASS-Live]" Schema="[Erp]" Table="[LaborDtl]" Alias="[LaborDtl2]" Column="LaborDtlSeq" /></RangeColumns><RangeExpressions><ScalarOperator ScalarString="[ERPSASS-Live].[Erp].[LaborDtl].[Company] as [LaborDtl2].[Company]"><Identifier><ColumnReference Database="[ERPSASS-Live]" Schema="[Erp]" Table="[LaborDtl]" Alias="[LaborDtl2]" Column="Company" /></Identifier></ScalarOperator><ScalarOperator ScalarString="[ERPSASS-Live].[Erp].[LaborDtl].[LaborHedSeq] as [LaborDtl2].[LaborHedSeq]"><Identifier><ColumnReference Database="[ERPSASS-Live]" Schema="[Erp]" Table="[LaborDtl]" Alias="[LaborDtl2]" Column="LaborHedSeq" /></Identifier></ScalarOperator><ScalarOperator ScalarString="[ERPSASS-Live].[Erp].[LaborDtl].[LaborDtlSeq] as [LaborDtl2].[LaborDtlSeq]"><Identifier><ColumnReference Database="[ERPSASS-Live]" Schema="[Erp]" Table="[LaborDtl]" Alias="[LaborDtl2]" Column="LaborDtlSeq" /></Identifier></ScalarOperator></RangeExpressions></Prefix></SeekKeys></SeekPredicateNew></SeekPredicates><Predicate><ScalarOperator ScalarString="[Recr1041]=[ERPSASS-Live].[Erp].[LaborDtl].[OpCode] as [LaborDtl2].[OpCode]"><Compare CompareOp="EQ"><ScalarOperator><Identifier><ColumnReference Column="Recr1041" /></Identifier></ScalarOperator><ScalarOperator><Identifier><ColumnReference Database="[ERPSASS-Live]" Schema="[Erp]" Table="[LaborDtl]" Alias="[LaborDtl2]" Column="OpCode" /></Identifier></ScalarOperator></Compare></ScalarOperator></Predicate></IndexScan></RelOp></NestedLoops></RelOp><RelOp NodeId="375" PhysicalOp="Clustered Index Seek" LogicalOp="Clustered Index Seek" EstimateRows="1" EstimateIO="0.003125" EstimateCPU="0.0001581" AvgRowSize="14" EstimatedTotalSubtreeCost="0.0032831" TableCardinality="7695" Parallel="0" EstimateRebinds="0" EstimateRewinds="0" EstimatedExecutionMode="Row"><OutputList><ColumnReference Database="[ERPSASS-Live]" Schema="[Erp]" Table="[LaborHed]" Alias="[LaborHed1]" Column="LaborHedSeq" /></OutputList><IndexScan Ordered="1" ScanDirection="FORWARD" ForcedIndex="0" ForceSeek="0" ForceScan="0" NoExpandHint="0" Storage="RowStore"><DefinedValues><DefinedValue><ColumnReference Database="[ERPSASS-Live]" Schema="[Erp]" Table="[LaborHed]" Alias="[LaborHed1]" Column="LaborHedSeq" /></DefinedValue></DefinedValues><Object Database="[ERPSASS-Live]" Schema="[Erp]" Table="[LaborHed]" Index="[PK_LaborHed]" Alias="[LaborHed1]" IndexKind="Clustered" Storage="RowStore" /><SeekPredicates><SeekPredicateNew><SeekKeys><Prefix ScanType="EQ"><RangeColumns><ColumnReference Database="[ERPSASS-Live]" Schema="[Erp]" Table="[LaborHed]" Alias="[LaborHed1]" Column="Company" /><ColumnReference Database="[ERPSASS-Live]" Schema="[Erp]" Table="[LaborHed]" Alias="[LaborHed1]" Column="LaborHedSeq" /></RangeColumns><RangeExpressions><ScalarOperator ScalarString="[ERPSASS-Live].[Erp].[JobAsmbl].[Company] as [JobAsmbl2].[Company]"><Identifier><ColumnReference Database="[ERPSASS-Live]" Schema="[Erp]" Table="[JobAsmbl]" Alias="[JobAsmbl2]" Column="Company" /></Identifier></ScalarOperator><ScalarOperator ScalarString="[ERPSASS-Live].[Erp].[LaborDtl].[LaborHedSeq] as [LaborDtl2].[LaborHedSeq]"><Identifier><ColumnReference Database="[ERPSASS-Live]" Schema="[Erp]" Table="[LaborDtl]" Alias="[LaborDtl2]" Column="LaborHedSeq" /></Identifier></ScalarOperator></RangeExpressions></Prefix></SeekKeys></SeekPredicateNew></SeekPredicates><Predicate><ScalarOperator ScalarString="[ERPSASS-Live].[Erp].[LaborHed].[PayrollDate] as [LaborHed1].[PayrollDate]&gt;=[@StartDate] AND [ERPSASS-Live].[Erp].[LaborHed].[PayrollDate] as [LaborHed1].[PayrollDate]&lt;=[@EndDate]"><Logical Operation="AND"><ScalarOperator><Compare CompareOp="GE"><ScalarOperator><Identifier><ColumnReference Database="[ERPSASS-Live]" Schema="[Erp]" Table="[LaborHed]" Alias="[LaborHed1]" Column="PayrollDate" /></Identifier></ScalarOperator><ScalarOperator><Identifier><ColumnReference Column="@StartDate" /></Identifier></ScalarOperator></Compare></ScalarOperator><ScalarOperator><Compare CompareOp="LE"><ScalarOperator><Identifier><ColumnReference Database="[ERPSASS-Live]" Schema="[Erp]" Table="[LaborHed]" Alias="[LaborHed1]" Column="PayrollDate" /></Identifier></ScalarOperator><ScalarOperator><Identifier><ColumnReference Column="@EndDate" /></Identifier></ScalarOperator></Compare></ScalarOperator></Logical></ScalarOperator></Predicate></IndexScan></RelOp></NestedLoops></RelOp><RelOp NodeId="376" PhysicalOp="Clustered Index Seek" LogicalOp="Clustered Index Seek" EstimateRows="1" EstimateIO="0.003125" EstimateCPU="0.0001581" AvgRowSize="43" EstimatedTotalSubtreeCost="0.0032831" TableCardinality="3496" Parallel="0" EstimateRebinds="0" EstimateRewinds="0" EstimatedExecutionMode="Row"><OutputList><ColumnReference Database="[ERPSASS-Live]" Schema="[Erp]" Table="[JobHead]" Column="Company" /><ColumnReference Database="[ERPSASS-Live]" Schema="[Erp]" Table="[JobHead]" Column="JobNum" /></OutputList><IndexScan Ordered="1" ScanDirection="FORWARD" ForcedIndex="0" ForceSeek="0" ForceScan="0" NoExpandHint="0" Storage="RowStore"><DefinedValues><DefinedValue><ColumnReference Database="[ERPSASS-Live]" Schema="[Erp]" Table="[JobHead]" Column="Company" /></DefinedValue><DefinedValue><ColumnReference Database="[ERPSASS-Live]" Schema="[Erp]" Table="[JobHead]" Column="JobNum" /></DefinedValue></DefinedValues><Object Database="[ERPSASS-Live]" Schema="[Erp]" Table="[JobHead]" Index="[IX_JobHead]" IndexKind="Clustered" Storage="RowStore" /><SeekPredicates><SeekPredicateNew><SeekKeys><Prefix ScanType="EQ"><RangeColumns><ColumnReference Database="[ERPSASS-Live]" Schema="[Erp]" Table="[JobHead]" Column="Company" /><ColumnReference Database="[ERPSASS-Live]" Schema="[Erp]" Table="[JobHead]" Column="JobNum" /></RangeColumns><RangeExpressions><ScalarOperator ScalarString="[ERPSASS-Live].[Erp].[JobAsmbl].[Company] as [JobAsmbl2].[Company]"><Identifier><ColumnReference Database="[ERPSASS-Live]" Schema="[Erp]" Table="[JobAsmbl]" Alias="[JobAsmbl2]" Column="Company" /></Identifier></ScalarOperator><ScalarOperator ScalarString="[ERPSASS-Live].[Erp].[JobAsmbl].[JobNum] as [JobAsmbl2].[JobNum]"><Identifier><ColumnReference Database="[ERPSASS-Live]" Schema="[Erp]" Table="[JobAsmbl]" Alias="[JobAsmbl2]" Column="JobNum" /></Identifier></ScalarOperator></RangeExpressions></Prefix></SeekKeys></SeekPredicateNew></SeekPredicates><Predicate><ScalarOperator ScalarString="[ERPSASS-Live].[Erp].[JobHead].[JobType]=N'MFG'"><Compare CompareOp="EQ"><ScalarOperator><Identifier><ColumnReference Database="[ERPSASS-Live]" Schema="[Erp]" Table="[JobHead]" Column="JobType" /></Identifier></ScalarOperator><ScalarOperator><Const ConstValue="N'MFG'" /></ScalarOperator></Compare></ScalarOperator></Predicate></IndexScan></RelOp></NestedLoops></RelOp><RelOp NodeId="377" PhysicalOp="Index Seek" LogicalOp="Index Seek" EstimateRows="1" EstimateIO="0.003125" EstimateCPU="0.0001581" AvgRowSize="23" EstimatedTotalSubtreeCost="0.0032831" TableCardinality="3824" Parallel="0" EstimateRebinds="0" EstimateRewinds="0" EstimatedExecutionMode="Row"><OutputList><ColumnReference Database="[ERPSASS-Live]" Schema="[Erp]" Table="[NonConf]" Column="Company" /><ColumnReference Database="[ERPSASS-Live]" Schema="[Erp]" Table="[NonConf]" Column="TranID" /></OutputList><IndexScan Ordered="1" ScanDirection="FORWARD" ForcedIndex="0" ForceSeek="0" ForceScan="0" NoExpandHint="0" Storage="RowStore"><DefinedValues><DefinedValue><ColumnReference Database="[ERPSASS-Live]" Schema="[Erp]" Table="[NonConf]" Column="Company" /></DefinedValue><DefinedValue><ColumnReference Database="[ERPSASS-Live]" Schema="[Erp]" Table="[NonConf]" Column="TranID" /></DefinedValue></DefinedValues><Object Database="[ERPSASS-Live]" Schema="[Erp]" Table="[NonConf]" Index="[IX_NonConf_LaborHed]" IndexKind="NonClustered" Storage="RowStore" /><SeekPredicates><SeekPredicateNew><SeekKeys><Prefix ScanType="EQ"><RangeColumns><ColumnReference Database="[ERPSASS-Live]" Schema="[Erp]" Table="[NonConf]" Column="Company" /><ColumnReference Database="[ERPSASS-Live]" Schema="[Erp]" Table="[NonConf]" Column="LaborHedSeq" /><ColumnReference Database="[ERPSASS-Live]" Schema="[Erp]" Table="[NonConf]" Column="LaborDtlSeq" /></RangeColumns><RangeExpressions><ScalarOperator ScalarString="[ERPSASS-Live].[Erp].[JobHead].[Company]"><Identifier><ColumnReference Database="[ERPSASS-Live]" Schema="[Erp]" Table="[JobHead]" Column="Company" /></Identifier></ScalarOperator><ScalarOperator ScalarString="[ERPSASS-Live].[Erp].[LaborHed].[LaborHedSeq] as [LaborHed1].[LaborHedSeq]"><Identifier><ColumnReference Database="[ERPSASS-Live]" Schema="[Erp]" Table="[LaborHed]" Alias="[LaborHed1]" Column="LaborHedSeq" /></Identifier></ScalarOperator><ScalarOperator ScalarString="[ERPSASS-Live].[Erp].[LaborDtl].[LaborDtlSeq] as [LaborDtl2].[LaborDtlSeq]"><Identifier><ColumnReference Database="[ERPSASS-Live]" Schema="[Erp]" Table="[LaborDtl]" Alias="[LaborDtl2]" Column="LaborDtlSeq" /></Identifier></ScalarOperator></RangeExpressions></Prefix></SeekKeys></SeekPredicateNew></SeekPredicates></IndexScan></RelOp></NestedLoops></RelOp><RelOp NodeId="379" PhysicalOp="Clustered Index Seek" LogicalOp="Clustered Index Seek" EstimateRows="1" EstimateIO="0.003125" EstimateCPU="0.0001581" AvgRowSize="20" EstimatedTotalSubtreeCost="0.0032831" TableCardinality="3824" Parallel="0" EstimateRebinds="0" EstimateRewinds="0" EstimatedExecutionMode="Row"><OutputList><ColumnReference Database="[ERPSASS-Live]" Schema="[Erp]" Table="[NonConf]" Column="FailedQty" /></OutputList><IndexScan Lookup="1" Ordered="1" ScanDirection="FORWARD" ForcedIndex="0" ForceSeek="0" ForceScan="0" NoExpandHint="0" Storage="RowStore"><DefinedValues><DefinedValue><ColumnReference Database="[ERPSASS-Live]" Schema="[Erp]" Table="[NonConf]" Column="FailedQty" /></DefinedValue></DefinedValues><Object Database="[ERPSASS-Live]" Schema="[Erp]" Table="[NonConf]" Index="[PK_NonConf]" TableReferenceId="-1" IndexKind="Clustered" Storage="RowStore" /><SeekPredicates><SeekPredicateNew><SeekKeys><Prefix ScanType="EQ"><RangeColumns><ColumnReference Database="[ERPSASS-Live]" Schema="[Erp]" Table="[NonConf]" Column="Company" /><ColumnReference Database="[ERPSASS-Live]" Schema="[Erp]" Table="[NonConf]" Column="TranID" /></RangeColumns><RangeExpressions><ScalarOperator ScalarString="[ERPSASS-Live].[Erp].[NonConf].[Company]"><Identifier><ColumnReference Database="[ERPSASS-Live]" Schema="[Erp]" Table="[NonConf]" Column="Company" /></Identifier></ScalarOperator><ScalarOperator ScalarString="[ERPSASS-Live].[Erp].[NonConf].[TranID]"><Identifier><ColumnReference Database="[ERPSASS-Live]" Schema="[Erp]" Table="[NonConf]" Column="TranID" /></Identifier></ScalarOperator></RangeExpressions></Prefix></SeekKeys></SeekPredicateNew></SeekPredicates></IndexScan></RelOp></NestedLoops></RelOp><RelOp NodeId="383" PhysicalOp="Clustered Index Seek" LogicalOp="Clustered Index Seek" EstimateRows="1" EstimateIO="0.003125" EstimateCPU="0.0001581" AvgRowSize="9" EstimatedTotalSubtreeCost="0.0032831" TableCardinality="6926" Parallel="0" EstimateRebinds="0" EstimateRewinds="0" EstimatedExecutionMode="Row"><OutputList /><IndexScan Ordered="1" ScanDirection="FORWARD" ForcedIndex="0" ForceSeek="0" ForceScan="0" NoExpandHint="0" Storage="RowStore"><DefinedValues /><Object Database="[ERPSASS-Live]" Schema="[Erp]" Table="[JobOper]" Index="[IX_JobOper]" Alias="[JobOper2]" IndexKind="Clustered" Storage="RowStore" /><SeekPredicates><SeekPredicateNew><SeekKeys><Prefix ScanType="EQ"><RangeColumns><ColumnReference Database="[ERPSASS-Live]" Schema="[Erp]" Table="[JobOper]" Alias="[JobOper2]" Column="Company" /><ColumnReference Database="[ERPSASS-Live]" Schema="[Erp]" Table="[JobOper]" Alias="[JobOper2]" Column="JobNum" /><ColumnReference Database="[ERPSASS-Live]" Schema="[Erp]" Table="[JobOper]" Alias="[JobOper2]" Column="AssemblySeq" /><ColumnReference Database="[ERPSASS-Live]" Schema="[Erp]" Table="[JobOper]" Alias="[JobOper2]" Column="OprSeq" /></RangeColumns><RangeExpressions><ScalarOperator ScalarString="[ERPSASS-Live].[Erp].[JobHead].[Company]"><Identifier><ColumnReference Database="[ERPSASS-Live]" Schema="[Erp]" Table="[JobHead]" Column="Company" /></Identifier></ScalarOperator><ScalarOperator ScalarString="[ERPSASS-Live].[Erp].[JobHead].[JobNum]"><Identifier><ColumnReference Database="[ERPSASS-Live]" Schema="[Erp]" Table="[JobHead]" Column="JobNum" /></Identifier></ScalarOperator><ScalarOperator ScalarString="[ERPSASS-Live].[Erp].[JobAsmbl].[AssemblySeq] as [JobAsmbl2].[AssemblySeq]"><Identifier><ColumnReference Database="[ERPSASS-Live]" Schema="[Erp]" Table="[JobAsmbl]" Alias="[JobAsmbl2]" Column="AssemblySeq" /></Identifier></ScalarOperator><ScalarOperator ScalarString="[ERPSASS-Live].[Erp].[LaborDtl].[OprSeq] as [LaborDtl2].[OprSeq]"><Identifier><ColumnReference Database="[ERPSASS-Live]" Schema="[Erp]" Table="[LaborDtl]" Alias="[LaborDtl2]" Column="OprSeq" /></Identifier></ScalarOperator></RangeExpressions></Prefix></SeekKeys></SeekPredicateNew></SeekPredicates></IndexScan></RelOp></NestedLoops></RelOp></StreamAggregate></RelOp></ComputeScalar></RelOp></NestedLoops></RelOp><RelOp NodeId="390" PhysicalOp="Compute Scalar" LogicalOp="Compute Scalar" EstimateRows="1" EstimateIO="0" EstimateCPU="1e-007" AvgRowSize="41" EstimatedTotalSubtreeCost="0.274101" Parallel="0" EstimateRebinds="0" EstimateRewinds="0" EstimatedExecutionMode="Row"><OutputList><ColumnReference Column="Expr1238" /></OutputList><ComputeScalar><DefinedValues><DefinedValue><ColumnReference Column="Expr1238" /><ScalarOperator ScalarString="[Expr1234]"><Identifier><ColumnReference Column="Expr1234" /></Identifier></ScalarOperator></DefinedValue></DefinedValues><RelOp NodeId="391" PhysicalOp="Stream Aggregate" LogicalOp="Aggregate" EstimateRows="1" EstimateIO="0" EstimateCPU="1.1e-006" AvgRowSize="24" EstimatedTotalSubtreeCost="0.274101" Parallel="0" EstimateRebinds="0" EstimateRewinds="0" EstimatedExecutionMode="Row"><OutputList><ColumnReference Column="Expr1234" /></OutputList><StreamAggregate><DefinedValues><DefinedValue><ColumnReference Column="Expr1234" /><ScalarOperator ScalarString="SUM([ERPSASS-Live].[Erp].[LaborDtl].[LaborQty] as [LaborDtl3].[LaborQty])"><Aggregate Distinct="0" AggType="SUM"><ScalarOperator><Identifier><ColumnReference Database="[ERPSASS-Live]" Schema="[Erp]" Table="[LaborDtl]" Alias="[LaborDtl3]" Column="LaborQty" /></Identifier></ScalarOperator></Aggregate></ScalarOperator></DefinedValue></DefinedValues><RelOp NodeId="392" PhysicalOp="Nested Loops" LogicalOp="Inner Join" EstimateRows="1" EstimateIO="0" EstimateCPU="4.18e-006" AvgRowSize="20" EstimatedTotalSubtreeCost="0.2741" Parallel="0" EstimateRebinds="0" EstimateRewinds="0" EstimatedExecutionMode="Row"><OutputList><ColumnReference Database="[ERPSASS-Live]" Schema="[Erp]" Table="[LaborDtl]" Alias="[LaborDtl3]" Column="LaborQty" /></OutputList><NestedLoops Optimized="0"><OuterReferences><ColumnReference Database="[ERPSASS-Live]" Schema="[Erp]" Table="[JobHead]" Alias="[JobHead1]" Column="Company" /></OuterReferences><RelOp NodeId="393" PhysicalOp="Nested Loops" LogicalOp="Inner Join" EstimateRows="1" EstimateIO="0" EstimateCPU="4.18e-006" AvgRowSize="32" EstimatedTotalSubtreeCost="0.270813" Parallel="0" EstimateRebinds="0" EstimateRewinds="0" EstimatedExecutionMode="Row"><OutputList><ColumnReference Database="[ERPSASS-Live]" Schema="[Erp]" Table="[LaborDtl]" Alias="[LaborDtl3]" Column="LaborQty" /><ColumnReference Database="[ERPSASS-Live]" Schema="[Erp]" Table="[JobHead]" Alias="[JobHead1]" Column="Company" /></OutputList><NestedLoops Optimized="0"><OuterReferences><ColumnReference Database="[ERPSASS-Live]" Schema="[Erp]" Table="[LaborDtl]" Alias="[LaborDtl3]" Column="OprSeq" /><ColumnReference Database="[ERPSASS-Live]" Schema="[Erp]" Table="[JobAsmbl]" Alias="[JobAsmbl3]" Column="AssemblySeq" /><ColumnReference Database="[ERPSASS-Live]" Schema="[Erp]" Table="[JobHead]" Alias="[JobHead1]" Column="Company" /><ColumnReference Database="[ERPSASS-Live]" Schema="[Erp]" Table="[JobHead]" Alias="[JobHead1]" Column="JobNum" /></OuterReferences><RelOp NodeId="394" PhysicalOp="Nested Loops" LogicalOp="Inner Join" EstimateRows="1" EstimateIO="0" EstimateCPU="4.18e-006" AvgRowSize="61" EstimatedTotalSubtreeCost="0.267525" Parallel="0" EstimateRebinds="0" EstimateRewinds="0" EstimatedExecutionMode="Row"><OutputList><ColumnReference Database="[ERPSASS-Live]" Schema="[Erp]" Table="[LaborDtl]" Alias="[LaborDtl3]" Column="OprSeq" /><ColumnReference Database="[ERPSASS-Live]" Schema="[Erp]" Table="[LaborDtl]" Alias="[LaborDtl3]" Column="LaborQty" /><ColumnReference Database="[ERPSASS-Live]" Schema="[Erp]" Table="[JobAsmbl]" Alias="[JobAsmbl3]" Column="AssemblySeq" /><ColumnReference Database="[ERPSASS-Live]" Schema="[Erp]" Table="[JobHead]" Alias="[JobHead1]" Column="Company" /><ColumnReference Database="[ERPSASS-Live]" Schema="[Erp]" Table="[JobHead]" Alias="[JobHead1]" Column="JobNum" /></OutputList><NestedLoops Optimized="0"><OuterReferences><ColumnReference Database="[ERPSASS-Live]" Schema="[Erp]" Table="[LaborDtl]" Alias="[LaborDtl3]" Column="AssemblySeq" /><ColumnReference Database="[ERPSASS-Live]" Schema="[Erp]" Table="[JobHead]" Alias="[JobHead1]" Column="Company" /><ColumnReference Database="[ERPSASS-Live]" Schema="[Erp]" Table="[JobHead]" Alias="[JobHead1]" Column="JobNum" /></OuterReferences><RelOp NodeId="395" PhysicalOp="Filter" LogicalOp="Filter" EstimateRows="1" EstimateIO="0" EstimateCPU="8.21881e-005" AvgRowSize="61" EstimatedTotalSubtreeCost="0.264238" Parallel="0" EstimateRebinds="0" EstimateRewinds="0" EstimatedExecutionMode="Row"><OutputList><ColumnReference Database="[ERPSASS-Live]" Schema="[Erp]" Table="[LaborDtl]" Alias="[LaborDtl3]" Column="AssemblySeq" /><ColumnReference Database="[ERPSASS-Live]" Schema="[Erp]" Table="[LaborDtl]" Alias="[LaborDtl3]" Column="OprSeq" /><ColumnReference Database="[ERPSASS-Live]" Schema="[Erp]" Table="[LaborDtl]" Alias="[LaborDtl3]" Column="LaborQty" /><ColumnReference Database="[ERPSASS-Live]" Schema="[Erp]" Table="[JobHead]" Alias="[JobHead1]" Column="Company" /><ColumnReference Database="[ERPSASS-Live]" Schema="[Erp]" Table="[JobHead]" Alias="[JobHead1]" Column="JobNum" /></OutputList><Filter StartupExpression="0"><RelOp NodeId="396" PhysicalOp="Nested Loops" LogicalOp="Inner Join" EstimateRows="55.5325" EstimateIO="0" EstimateCPU="0.000232126" AvgRowSize="144" EstimatedTotalSubtreeCost="0.264156" Parallel="0" EstimateRebinds="0" EstimateRewinds="0" EstimatedExecutionMode="Row"><OutputList><ColumnReference Database="[ERPSASS-Live]" Schema="[Erp]" Table="[LaborDtl]" Alias="[LaborDtl3]" Column="AssemblySeq" /><ColumnReference Database="[ERPSASS-Live]" Schema="[Erp]" Table="[LaborDtl]" Alias="[LaborDtl3]" Column="OprSeq" /><ColumnReference Database="[ERPSASS-Live]" Schema="[Erp]" Table="[LaborDtl]" Alias="[LaborDtl3]" Column="LaborQty" /><ColumnReference Database="[ERPSASS-Live]" Schema="[Erp]" Table="[LaborDtl]" Alias="[LaborDtl3]" Column="LaborNote" /><ColumnReference Database="[ERPSASS-Live]" Schema="[Erp]" Table="[JobHead]" Alias="[JobHead1]" Column="Company" /><ColumnReference Database="[ERPSASS-Live]" Schema="[Erp]" Table="[JobHead]" Alias="[JobHead1]" Column="JobNum" /></OutputList><NestedLoops Optimized="0" WithUnorderedPrefetch="1"><OuterReferences><ColumnReference Database="[ERPSASS-Live]" Schema="[Erp]" Table="[LaborDtl]" Alias="[LaborDtl3]" Column="Company" /><ColumnReference Database="[ERPSASS-Live]" Schema="[Erp]" Table="[LaborDtl]" Alias="[LaborDtl3]" Column="LaborHedSeq" /><ColumnReference Database="[ERPSASS-Live]" Schema="[Erp]" Table="[LaborDtl]" Alias="[LaborDtl3]" Column="LaborDtlSeq" /><ColumnReference Column="Expr1278" /></OuterReferences><RelOp NodeId="398" PhysicalOp="Nested Loops" LogicalOp="Inner Join" EstimateRows="55.5325" EstimateIO="0" EstimateCPU="0.000232126" AvgRowSize="61" EstimatedTotalSubtreeCost="0.0865257" Parallel="0" EstimateRebinds="0" EstimateRewinds="0" EstimatedExecutionMode="Row"><OutputList><ColumnReference Database="[ERPSASS-Live]" Schema="[Erp]" Table="[LaborDtl]" Alias="[LaborDtl3]" Column="Company" /><ColumnReference Database="[ERPSASS-Live]" Schema="[Erp]" Table="[LaborDtl]" Alias="[LaborDtl3]" Column="LaborHedSeq" /><ColumnReference Database="[ERPSASS-Live]" Schema="[Erp]" Table="[LaborDtl]" Alias="[LaborDtl3]" Column="LaborDtlSeq" /><ColumnReference Database="[ERPSASS-Live]" Schema="[Erp]" Table="[LaborDtl]" Alias="[LaborDtl3]" Column="AssemblySeq" /><ColumnReference Database="[ERPSASS-Live]" Schema="[Erp]" Table="[LaborDtl]" Alias="[LaborDtl3]" Column="OprSeq" /><ColumnReference Database="[ERPSASS-Live]" Schema="[Erp]" Table="[JobHead]" Alias="[JobHead1]" Column="Company" /><ColumnReference Database="[ERPSASS-Live]" Schema="[Erp]" Table="[JobHead]" Alias="[JobHead1]" Column="JobNum" /></OutputList><NestedLoops Optimized="0"><OuterReferences><ColumnReference Database="[ERPSASS-Live]" Schema="[Erp]" Table="[JobHead]" Alias="[JobHead1]" Column="Company" /><ColumnReference Database="[ERPSASS-Live]" Schema="[Erp]" Table="[JobHead]" Alias="[JobHead1]" Column="JobNum" /></OuterReferences><RelOp NodeId="399" PhysicalOp="Filter" LogicalOp="Filter" EstimateRows="11.4214" EstimateIO="0" EstimateCPU="0.00167808" AvgRowSize="35" EstimatedTotalSubtreeCost="0.0525094" Parallel="0" EstimateRebinds="0" EstimateRewinds="0" EstimatedExecutionMode="Row"><OutputList><ColumnReference Database="[ERPSASS-Live]" Schema="[Erp]" Table="[JobHead]" Alias="[JobHead1]" Column="Company" /><ColumnReference Database="[ERPSASS-Live]" Schema="[Erp]" Table="[JobHead]" Alias="[JobHead1]" Column="JobNum" /></OutputList><Filter StartupExpression="0"><RelOp NodeId="400" PhysicalOp="Index Scan" LogicalOp="Index Scan" EstimateRows="3496" EstimateIO="0.0468287" EstimateCPU="0.0040026" AvgRowSize="46" EstimatedTotalSubtreeCost="0.0508313" TableCardinality="3496" Parallel="0" EstimateRebinds="0" EstimateRewinds="0" EstimatedExecutionMode="Row"><OutputList><ColumnReference Database="[ERPSASS-Live]" Schema="[Erp]" Table="[JobHead]" Alias="[JobHead1]" Column="Company" /><ColumnReference Database="[ERPSASS-Live]" Schema="[Erp]" Table="[JobHead]" Alias="[JobHead1]" Column="JobNum" /><ColumnReference Database="[ERPSASS-Live]" Schema="[Erp]" Table="[JobHead]" Alias="[JobHead1]" Column="Plant" /></OutputList><IndexScan Ordered="0" ForcedIndex="0" ForceSeek="0" ForceScan="0" NoExpandHint="0" Storage="RowStore"><DefinedValues><DefinedValue><ColumnReference Database="[ERPSASS-Live]" Schema="[Erp]" Table="[JobHead]" Alias="[JobHead1]" Column="Company" /></DefinedValue><DefinedValue><ColumnReference Database="[ERPSASS-Live]" Schema="[Erp]" Table="[JobHead]" Alias="[JobHead1]" Column="JobNum" /></DefinedValue><DefinedValue><ColumnReference Database="[ERPSASS-Live]" Schema="[Erp]" Table="[JobHead]" Alias="[JobHead1]" Column="Plant" /></DefinedValue></DefinedValues><Object Database="[ERPSASS-Live]" Schema="[Erp]" Table="[JobHead]" Index="[IX_JobHead_PlantJobNum]" Alias="[JobHead1]" IndexKind="NonClustered" Storage="RowStore" /></IndexScan></RelOp><Predicate><ScalarOperator ScalarString="[ERPSASS-Live].[Erp].[JobHead].[Plant] as [JobHead1].[Plant]=[@Plant]"><Compare CompareOp="EQ"><ScalarOperator><Identifier><ColumnReference Database="[ERPSASS-Live]" Schema="[Erp]" Table="[JobHead]" Alias="[JobHead1]" Column="Plant" /></Identifier></ScalarOperator><ScalarOperator><Identifier><ColumnReference Column="@Plant" /></Identifier></ScalarOperator></Compare></ScalarOperator></Predicate></Filter></RelOp><RelOp NodeId="402" PhysicalOp="Index Seek" LogicalOp="Index Seek" EstimateRows="4.86213" EstimateIO="0.003125" EstimateCPU="0.000162348" AvgRowSize="35" EstimatedTotalSubtreeCost="0.0337842" TableCardinality="16998" Parallel="0" EstimateRebinds="10.4214" EstimateRewinds="0" EstimatedExecutionMode="Row"><OutputList><ColumnReference Database="[ERPSASS-Live]" Schema="[Erp]" Table="[LaborDtl]" Alias="[LaborDtl3]" Column="Company" /><ColumnReference Database="[ERPSASS-Live]" Schema="[Erp]" Table="[LaborDtl]" Alias="[LaborDtl3]" Column="LaborHedSeq" /><ColumnReference Database="[ERPSASS-Live]" Schema="[Erp]" Table="[LaborDtl]" Alias="[LaborDtl3]" Column="LaborDtlSeq" /><ColumnReference Database="[ERPSASS-Live]" Schema="[Erp]" Table="[LaborDtl]" Alias="[LaborDtl3]" Column="AssemblySeq" /><ColumnReference Database="[ERPSASS-Live]" Schema="[Erp]" Table="[LaborDtl]" Alias="[LaborDtl3]" Column="OprSeq" /></OutputList><IndexScan Ordered="1" ScanDirection="FORWARD" ForcedIndex="0" ForceSeek="0" ForceScan="0" NoExpandHint="0" Storage="RowStore"><DefinedValues><DefinedValue><ColumnReference Database="[ERPSASS-Live]" Schema="[Erp]" Table="[LaborDtl]" Alias="[LaborDtl3]" Column="Company" /></DefinedValue><DefinedValue><ColumnReference Database="[ERPSASS-Live]" Schema="[Erp]" Table="[LaborDtl]" Alias="[LaborDtl3]" Column="LaborHedSeq" /></DefinedValue><DefinedValue><ColumnReference Database="[ERPSASS-Live]" Schema="[Erp]" Table="[LaborDtl]" Alias="[LaborDtl3]" Column="LaborDtlSeq" /></DefinedValue><DefinedValue><ColumnReference Database="[ERPSASS-Live]" Schema="[Erp]" Table="[LaborDtl]" Alias="[LaborDtl3]" Column="AssemblySeq" /></DefinedValue><DefinedValue><ColumnReference Database="[ERPSASS-Live]" Schema="[Erp]" Table="[LaborDtl]" Alias="[LaborDtl3]" Column="OprSeq" /></DefinedValue></DefinedValues><Object Database="[ERPSASS-Live]" Schema="[Erp]" Table="[LaborDtl]" Index="[IX_LaborDtl_JobCurLoc]" Alias="[LaborDtl3]" IndexKind="NonClustered" Storage="RowStore" /><SeekPredicates><SeekPredicateNew><SeekKeys><Prefix ScanType="EQ"><RangeColumns><ColumnReference Database="[ERPSASS-Live]" Schema="[Erp]" Table="[LaborDtl]" Alias="[LaborDtl3]" Column="Company" /><ColumnReference Database="[ERPSASS-Live]" Schema="[Erp]" Table="[LaborDtl]" Alias="[LaborDtl3]" Column="JobNum" /></RangeColumns><RangeExpressions><ScalarOperator ScalarString="[ERPSASS-Live].[Erp].[JobHead].[Company] as [JobHead1].[Company]"><Identifier><ColumnReference Database="[ERPSASS-Live]" Schema="[Erp]" Table="[JobHead]" Alias="[JobHead1]" Column="Company" /></Identifier></ScalarOperator><ScalarOperator ScalarString="[ERPSASS-Live].[Erp].[JobHead].[JobNum] as [JobHead1].[JobNum]"><Identifier><ColumnReference Database="[ERPSASS-Live]" Schema="[Erp]" Table="[JobHead]" Alias="[JobHead1]" Column="JobNum" /></Identifier></ScalarOperator></RangeExpressions></Prefix></SeekKeys></SeekPredicateNew></SeekPredicates></IndexScan></RelOp></NestedLoops></RelOp><RelOp NodeId="404" PhysicalOp="Clustered Index Seek" LogicalOp="Clustered Index Seek" EstimateRows="1" EstimateIO="0.003125" EstimateCPU="0.0001581" AvgRowSize="4061" EstimatedTotalSubtreeCost="0.177398" TableCardinality="16998" Parallel="0" EstimateRebinds="54.5325" EstimateRewinds="0" EstimatedExecutionMode="Row"><OutputList><ColumnReference Database="[ERPSASS-Live]" Schema="[Erp]" Table="[LaborDtl]" Alias="[LaborDtl3]" Column="LaborQty" /><ColumnReference Database="[ERPSASS-Live]" Schema="[Erp]" Table="[LaborDtl]" Alias="[LaborDtl3]" Column="LaborNote" /></OutputList><IndexScan Lookup="1" Ordered="1" ScanDirection="FORWARD" ForcedIndex="0" ForceSeek="0" ForceScan="0" NoExpandHint="0" Storage="RowStore"><DefinedValues><DefinedValue><ColumnReference Database="[ERPSASS-Live]" Schema="[Erp]" Table="[LaborDtl]" Alias="[LaborDtl3]" Column="LaborQty" /></DefinedValue><DefinedValue><ColumnReference Database="[ERPSASS-Live]" Schema="[Erp]" Table="[LaborDtl]" Alias="[LaborDtl3]" Column="LaborNote" /></DefinedValue></DefinedValues><Object Database="[ERPSASS-Live]" Schema="[Erp]" Table="[LaborDtl]" Index="[PK_LaborDtl]" Alias="[LaborDtl3]" TableReferenceId="-1" IndexKind="Clustered" Storage="RowStore" /><SeekPredicates><SeekPredicateNew><SeekKeys><Prefix ScanType="EQ"><RangeColumns><ColumnReference Database="[ERPSASS-Live]" Schema="[Erp]" Table="[LaborDtl]" Alias="[LaborDtl3]" Column="Company" /><ColumnReference Database="[ERPSASS-Live]" Schema="[Erp]" Table="[LaborDtl]" Alias="[LaborDtl3]" Column="LaborHedSeq" /><ColumnReference Database="[ERPSASS-Live]" Schema="[Erp]" Table="[LaborDtl]" Alias="[LaborDtl3]" Column="LaborDtlSeq" /></RangeColumns><RangeExpressions><ScalarOperator ScalarString="[ERPSASS-Live].[Erp].[LaborDtl].[Company] as [LaborDtl3].[Company]"><Identifier><ColumnReference Database="[ERPSASS-Live]" Schema="[Erp]" Table="[LaborDtl]" Alias="[LaborDtl3]" Column="Company" /></Identifier></ScalarOperator><ScalarOperator ScalarString="[ERPSASS-Live].[Erp].[LaborDtl].[LaborHedSeq] as [LaborDtl3].[LaborHedSeq]"><Identifier><ColumnReference Database="[ERPSASS-Live]" Schema="[Erp]" Table="[LaborDtl]" Alias="[LaborDtl3]" Column="LaborHedSeq" /></Identifier></ScalarOperator><ScalarOperator ScalarString="[ERPSASS-Live].[Erp].[LaborDtl].[LaborDtlSeq] as [LaborDtl3].[LaborDtlSeq]"><Identifier><ColumnReference Database="[ERPSASS-Live]" Schema="[Erp]" Table="[LaborDtl]" Alias="[LaborDtl3]" Column="LaborDtlSeq" /></Identifier></ScalarOperator></RangeExpressions></Prefix></SeekKeys></SeekPredicateNew></SeekPredicates><Predicate><ScalarOperator ScalarString="[ERPSASS-Live].[Erp].[LaborDtl].[PayrollDate] as [LaborDtl3].[PayrollDate]&gt;=[@StartDate] AND [ERPSASS-Live].[Erp].[LaborDtl].[PayrollDate] as [LaborDtl3].[PayrollDate]&lt;=[@EndDate] AND [Recr1041]=[ERPSASS-Live].[Erp].[LaborDtl].[OpCode] as [LaborDtl3].[OpCode]"><Logical Operation="AND"><ScalarOperator><Compare CompareOp="GE"><ScalarOperator><Identifier><ColumnReference Database="[ERPSASS-Live]" Schema="[Erp]" Table="[LaborDtl]" Alias="[LaborDtl3]" Column="PayrollDate" /></Identifier></ScalarOperator><ScalarOperator><Identifier><ColumnReference Column="@StartDate" /></Identifier></ScalarOperator></Compare></ScalarOperator><ScalarOperator><Compare CompareOp="LE"><ScalarOperator><Identifier><ColumnReference Database="[ERPSASS-Live]" Schema="[Erp]" Table="[LaborDtl]" Alias="[LaborDtl3]" Column="PayrollDate" /></Identifier></ScalarOperator><ScalarOperator><Identifier><ColumnReference Column="@EndDate" /></Identifier></ScalarOperator></Compare></ScalarOperator><ScalarOperator><Compare CompareOp="EQ"><ScalarOperator><Identifier><ColumnReference Column="Recr1041" /></Identifier></ScalarOperator><ScalarOperator><Identifier><ColumnReference Database="[ERPSASS-Live]" Schema="[Erp]" Table="[LaborDtl]" Alias="[LaborDtl3]" Column="OpCode" /></Identifier></ScalarOperator></Compare></ScalarOperator></Logical></ScalarOperator></Predicate></IndexScan></RelOp></NestedLoops></RelOp><Predicate><ScalarOperator ScalarString="[ERPSASS-Live].[Erp].[LaborDtl].[LaborNote] as [LaborDtl3].[LaborNote]=N'Adjusment'"><Compare CompareOp="EQ"><ScalarOperator><Identifier><ColumnReference Database="[ERPSASS-Live]" Schema="[Erp]" Table="[LaborDtl]" Alias="[LaborDtl3]" Column="LaborNote" /></Identifier></ScalarOperator><ScalarOperator><Const ConstValue="N'Adjusment'" /></ScalarOperator></Compare></ScalarOperator></Predicate></Filter></RelOp><RelOp NodeId="411" PhysicalOp="Clustered Index Seek" LogicalOp="Clustered Index Seek" EstimateRows="1" EstimateIO="0.003125" EstimateCPU="0.0001581" AvgRowSize="65" EstimatedTotalSubtreeCost="0.0032831" TableCardinality="7196" Parallel="0" EstimateRebinds="0" EstimateRewinds="0" EstimatedExecutionMode="Row"><OutputList><ColumnReference Database="[ERPSASS-Live]" Schema="[Erp]" Table="[JobAsmbl]" Alias="[JobAsmbl3]" Column="AssemblySeq" /></OutputList><IndexScan Ordered="1" ScanDirection="FORWARD" ForcedIndex="0" ForceSeek="0" ForceScan="0" NoExpandHint="0" Storage="RowStore"><DefinedValues><DefinedValue><ColumnReference Database="[ERPSASS-Live]" Schema="[Erp]" Table="[JobAsmbl]" Alias="[JobAsmbl3]" Column="AssemblySeq" /></DefinedValue></DefinedValues><Object Database="[ERPSASS-Live]" Schema="[Erp]" Table="[JobAsmbl]" Index="[IX_JobAsmbl]" Alias="[JobAsmbl3]" IndexKind="Clustered" Storage="RowStore" /><SeekPredicates><SeekPredicateNew><SeekKeys><Prefix ScanType="EQ"><RangeColumns><ColumnReference Database="[ERPSASS-Live]" Schema="[Erp]" Table="[JobAsmbl]" Alias="[JobAsmbl3]" Column="Company" /><ColumnReference Database="[ERPSASS-Live]" Schema="[Erp]" Table="[JobAsmbl]" Alias="[JobAsmbl3]" Column="JobNum" /><ColumnReference Database="[ERPSASS-Live]" Schema="[Erp]" Table="[JobAsmbl]" Alias="[JobAsmbl3]" Column="AssemblySeq" /></RangeColumns><RangeExpressions><ScalarOperator ScalarString="[ERPSASS-Live].[Erp].[JobHead].[Company] as [JobHead1].[Company]"><Identifier><ColumnReference Database="[ERPSASS-Live]" Schema="[Erp]" Table="[JobHead]" Alias="[JobHead1]" Column="Company" /></Identifier></ScalarOperator><ScalarOperator ScalarString="[ERPSASS-Live].[Erp].[JobHead].[JobNum] as [JobHead1].[JobNum]"><Identifier><ColumnReference Database="[ERPSASS-Live]" Schema="[Erp]" Table="[JobHead]" Alias="[JobHead1]" Column="JobNum" /></Identifier></ScalarOperator><ScalarOperator ScalarString="[ERPSASS-Live].[Erp].[LaborDtl].[AssemblySeq] as [LaborDtl3].[AssemblySeq]"><Identifier><ColumnReference Database="[ERPSASS-Live]" Schema="[Erp]" Table="[LaborDtl]" Alias="[LaborDtl3]" Column="AssemblySeq" /></Identifier></ScalarOperator></RangeExpressions></Prefix></SeekKeys></SeekPredicateNew></SeekPredicates><Predicate><ScalarOperator ScalarString="[Recr1028]=[ERPSASS-Live].[Erp].[JobAsmbl].[PartNum] as [JobAsmbl3].[PartNum]"><Compare CompareOp="EQ"><ScalarOperator><Identifier><ColumnReference Column="Recr1028" /></Identifier></ScalarOperator><ScalarOperator><Identifier><ColumnReference Database="[ERPSASS-Live]" Schema="[Erp]" Table="[JobAsmbl]" Alias="[JobAsmbl3]" Column="PartNum" /></Identifier></ScalarOperator></Compare></ScalarOperator></Predicate></IndexScan></RelOp></NestedLoops></RelOp><RelOp NodeId="412" PhysicalOp="Clustered Index Seek" LogicalOp="Clustered Index Seek" EstimateRows="1" EstimateIO="0.003125" EstimateCPU="0.0001581" AvgRowSize="9" EstimatedTotalSubtreeCost="0.0032831" TableCardinality="6926" Parallel="0" EstimateRebinds="0" EstimateRewinds="0" EstimatedExecutionMode="Row"><OutputList /><IndexScan Ordered="1" ScanDirection="FORWARD" ForcedIndex="0" ForceSeek="0" ForceScan="0" NoExpandHint="0" Storage="RowStore"><DefinedValues /><Object Database="[ERPSASS-Live]" Schema="[Erp]" Table="[JobOper]" Index="[IX_JobOper]" Alias="[JobOper3]" IndexKind="Clustered" Storage="RowStore" /><SeekPredicates><SeekPredicateNew><SeekKeys><Prefix ScanType="EQ"><RangeColumns><ColumnReference Database="[ERPSASS-Live]" Schema="[Erp]" Table="[JobOper]" Alias="[JobOper3]" Column="Company" /><ColumnReference Database="[ERPSASS-Live]" Schema="[Erp]" Table="[JobOper]" Alias="[JobOper3]" Column="JobNum" /><ColumnReference Database="[ERPSASS-Live]" Schema="[Erp]" Table="[JobOper]" Alias="[JobOper3]" Column="AssemblySeq" /><ColumnReference Database="[ERPSASS-Live]" Schema="[Erp]" Table="[JobOper]" Alias="[JobOper3]" Column="OprSeq" /></RangeColumns><RangeExpressions><ScalarOperator ScalarString="[ERPSASS-Live].[Erp].[JobHead].[Company] as [JobHead1].[Company]"><Identifier><ColumnReference Database="[ERPSASS-Live]" Schema="[Erp]" Table="[JobHead]" Alias="[JobHead1]" Column="Company" /></Identifier></ScalarOperator><ScalarOperator ScalarString="[ERPSASS-Live].[Erp].[JobHead].[JobNum] as [JobHead1].[JobNum]"><Identifier><ColumnReference Database="[ERPSASS-Live]" Schema="[Erp]" Table="[JobHead]" Alias="[JobHead1]" Column="JobNum" /></Identifier></ScalarOperator><ScalarOperator ScalarString="[ERPSASS-Live].[Erp].[JobAsmbl].[AssemblySeq] as [JobAsmbl3].[AssemblySeq]"><Identifier><ColumnReference Database="[ERPSASS-Live]" Schema="[Erp]" Table="[JobAsmbl]" Alias="[JobAsmbl3]" Column="AssemblySeq" /></Identifier></ScalarOperator><ScalarOperator ScalarString="[ERPSASS-Live].[Erp].[LaborDtl].[OprSeq] as [LaborDtl3].[OprSeq]"><Identifier><ColumnReference Database="[ERPSASS-Live]" Schema="[Erp]" Table="[LaborDtl]" Alias="[LaborDtl3]" Column="OprSeq" /></Identifier></ScalarOperator></RangeExpressions></Prefix></SeekKeys></SeekPredicateNew></SeekPredicates></IndexScan></RelOp></NestedLoops></RelOp><RelOp NodeId="413" PhysicalOp="Clustered Index Seek" LogicalOp="Clustered Index Seek" EstimateRows="1" EstimateIO="0.003125" EstimateCPU="0.0001581" AvgRowSize="9" EstimatedTotalSubtreeCost="0.0032831" TableCardinality="0" Parallel="0" EstimateRebinds="0" EstimateRewinds="0" EstimatedExecutionMode="Row"><OutputList /><IndexScan Ordered="1" ScanDirection="FORWARD" ForcedIndex="0" ForceSeek="0" ForceScan="0" NoExpandHint="0" Storage="RowStore"><DefinedValues /><Object Table="[@AvailCompLst]" Index="[PK__#BF86AAA__DC890D0C675AC72E]" Alias="[AvailCLst_LaborDtl3]" Storage="RowStore" /><SeekPredicates><SeekPredicateNew><SeekKeys><Prefix ScanType="EQ"><RangeColumns><ColumnReference Table="@AvailCompLst" Alias="[AvailCLst_LaborDtl3]" Column="Company" /></RangeColumns><RangeExpressions><ScalarOperator ScalarString="[ERPSASS-Live].[Erp].[JobHead].[Company] as [JobHead1].[Company]"><Identifier><ColumnReference Database="[ERPSASS-Live]" Schema="[Erp]" Table="[JobHead]" Alias="[JobHead1]" Column="Company" /></Identifier></ScalarOperator></RangeExpressions></Prefix></SeekKeys></SeekPredicateNew></SeekPredicates></IndexScan></RelOp></NestedLoops></RelOp></StreamAggregate></RelOp></ComputeScalar></RelOp></NestedLoops></RelOp></Sort></RelOp></StreamAggregate></RelOp></ComputeScalar></RelOp></ComputeScalar></RelOp><ParameterList><ColumnReference Column="@Plant" ParameterCompiledValue="N'CNC1'" /><ColumnReference Column="@EndDate" ParameterCompiledValue="'2022-03-29'" /><ColumnReference Column="@StartDate" ParameterCompiledValue="'2022-03-01'" /></ParameterList></QueryPlan></StmtSimple></Statements></Batch></BatchSequence></ShowPlanXML>